[0.137s] Invoking command in '/home/luuk/linetracking/build/line_tracking': CMAKE_PREFIX_PATH=${CMAKE_PREFIX_PATH}:/opt/ros/humble /usr/bin/cmake --build /home/luuk/linetracking/build/line_tracking -- -j8 -l8
[0.839s] -- Found ament_cmake: 1.3.5 (/opt/ros/humble/share/ament_cmake/cmake)
[1.517s] -- Found rclcpp: 16.0.5 (/opt/ros/humble/share/rclcpp/cmake)
[1.778s] -- Found rosidl_generator_c: 3.1.5 (/opt/ros/humble/share/rosidl_generator_c/cmake)
[1.786s] -- Found rosidl_adapter: 3.1.5 (/opt/ros/humble/share/rosidl_adapter/cmake)
[1.816s] -- Found rosidl_generator_cpp: 3.1.5 (/opt/ros/humble/share/rosidl_generator_cpp/cmake)
[1.865s] -- Using all available rosidl_typesupport_c: rosidl_typesupport_fastrtps_c;rosidl_typesupport_introspection_c
[1.948s] -- Using all available rosidl_typesupport_cpp: rosidl_typesupport_fastrtps_cpp;rosidl_typesupport_introspection_cpp
[2.167s] -- Found rmw_implementation_cmake: 6.1.1 (/opt/ros/humble/share/rmw_implementation_cmake/cmake)
[2.180s] -- Found rmw_fastrtps_cpp: 6.2.3 (/opt/ros/humble/share/rmw_fastrtps_cpp/cmake)
[2.599s] -- Using RMW implementation 'rmw_fastrtps_cpp' as default
[3.202s] -- Found sensor_msgs: 4.2.3 (/opt/ros/humble/share/sensor_msgs/cmake)
[3.659s] -- Found cv_bridge: 3.2.1 (/opt/ros/humble/share/cv_bridge/cmake)
[3.949s] -- Configuring done
[4.172s] -- Generating done
[4.189s] -- Build files have been written to: /home/luuk/linetracking/build/line_tracking
[4.391s] [ 25%] [32mBuilding CXX object CMakeFiles/compressed_viewer.dir/src/compress_viewer/compressed_viewer.cpp.o[0m
[4.398s] [ 50%] [32mBuilding CXX object CMakeFiles/line_detection.dir/src/line_detection/line_detection.cpp.o[0m
[5.860s] In file included from [01m[K/home/luuk/linetracking/src/line_detection/line_detection.cpp:8[m[K:
[5.862s] [01m[K/home/luuk/linetracking/src/line_detection/param_parser.hpp:7:10:[m[K [01;31m[Kfatal error: [m[Kboolean: No such file or directory
[5.863s]     7 | #include [01;31m[K<boolean>[m[K
[5.863s]       |          [01;31m[K^~~~~~~~~[m[K
[5.864s] compilation terminated.
[5.868s] gmake[2]: *** [CMakeFiles/line_detection.dir/build.make:76: CMakeFiles/line_detection.dir/src/line_detection/line_detection.cpp.o] Error 1
[5.869s] gmake[1]: *** [CMakeFiles/Makefile2:165: CMakeFiles/line_detection.dir/all] Error 2
[5.871s] gmake[1]: *** Waiting for unfinished jobs....
[14.857s] gmake[2]: *** [CMakeFiles/compressed_viewer.dir/build.make:76: CMakeFiles/compressed_viewer.dir/src/compress_viewer/compressed_viewer.cpp.o] Interrupt
[14.857s] gmake[1]: *** [CMakeFiles/Makefile2:139: CMakeFiles/compressed_viewer.dir/all] Interrupt
[14.858s] gmake: *** [Makefile:146: all] Interrupt
[14.910s] Invoked command in '/home/luuk/linetracking/build/line_tracking' returned '-2': CMAKE_PREFIX_PATH=${CMAKE_PREFIX_PATH}:/opt/ros/humble /usr/bin/cmake --build /home/luuk/linetracking/build/line_tracking -- -j8 -l8
