[0.062s] Invoking command in '/home/luuk/linetracking/build/line_tracking': CMAKE_PREFIX_PATH=${CMAKE_PREFIX_PATH}:/opt/ros/humble /usr/bin/cmake --build /home/luuk/linetracking/build/line_tracking -- -j8 -l8
[0.383s] [  2%] Built target line_tracking__cpp
[0.391s] [ 10%] Built target line_tracking__rosidl_generator_c
[0.406s] [ 14%] Built target compressed_viewer
[0.436s] [ 14%] Built target ament_cmake_python_copy_line_tracking
[0.608s] [ 22%] Built target line_tracking__rosidl_typesupport_cpp
[0.608s] [ 31%] Built target line_tracking__rosidl_typesupport_fastrtps_c
[0.674s] [ 39%] Built target line_tracking__rosidl_typesupport_fastrtps_cpp
[0.675s] [ 47%] Built target line_tracking__rosidl_typesupport_introspection_c
[0.722s] [ 56%] Built target line_tracking__rosidl_typesupport_c
[0.723s] [ 64%] Built target line_tracking__rosidl_typesupport_introspection_cpp
[0.861s] [35m[1mConsolidate compiler generated dependencies of target lane_follower[0m
[0.878s] [ 72%] Built target line_detection
[0.929s] [ 72%] Built target line_tracking
[0.954s] [ 75%] [32mBuilding CXX object CMakeFiles/lane_follower.dir/src/lane_follower/lane_follower.cpp.o[0m
[1.030s] [ 77%] Built target line_tracking__py
[1.158s] [ 83%] Built target line_tracking__rosidl_generator_py
[1.422s] [ 87%] Built target line_tracking__rosidl_typesupport_fastrtps_c__pyext
[1.486s] [ 91%] Built target line_tracking__rosidl_typesupport_introspection_c__pyext
[1.511s] [ 95%] Built target line_tracking__rosidl_typesupport_c__pyext
[1.815s] running egg_info
[1.816s] writing line_tracking.egg-info/PKG-INFO
[1.819s] writing dependency_links to line_tracking.egg-info/dependency_links.txt
[1.820s] writing top-level names to line_tracking.egg-info/top_level.txt
[1.820s] reading manifest file 'line_tracking.egg-info/SOURCES.txt'
[1.823s] writing manifest file 'line_tracking.egg-info/SOURCES.txt'
[1.902s] [ 95%] Built target ament_cmake_python_build_line_tracking_egg
[23.901s] [ 97%] [32m[1mLinking CXX executable lane_follower[0m
[25.179s] [100%] Built target lane_follower
[25.227s] Invoked command in '/home/luuk/linetracking/build/line_tracking' returned '0': CMAKE_PREFIX_PATH=${CMAKE_PREFIX_PATH}:/opt/ros/humble /usr/bin/cmake --build /home/luuk/linetracking/build/line_tracking -- -j8 -l8
[26.120s] Invoking command in '/home/luuk/linetracking/build/line_tracking': CMAKE_PREFIX_PATH=${CMAKE_PREFIX_PATH}:/opt/ros/humble /usr/bin/cmake --install /home/luuk/linetracking/build/line_tracking
[26.160s] -- Install configuration: ""
[26.160s] -- Up-to-date: /home/luuk/linetracking/install/line_tracking/share/ament_index/resource_index/rosidl_interfaces/line_tracking
[26.160s] -- Up-to-date: /home/luuk/linetracking/install/line_tracking/include/line_tracking/line_tracking
[26.161s] -- Up-to-date: /home/luuk/linetracking/install/line_tracking/include/line_tracking/line_tracking/msg
[26.161s] -- Up-to-date: /home/luuk/linetracking/install/line_tracking/include/line_tracking/line_tracking/msg/detail
[26.161s] -- Up-to-date: /home/luuk/linetracking/install/line_tracking/include/line_tracking/line_tracking/msg/detail/point_blob__type_support.h
[26.161s] -- Up-to-date: /home/luuk/linetracking/install/line_tracking/include/line_tracking/line_tracking/msg/detail/point_blob__struct.h
[26.161s] -- Up-to-date: /home/luuk/linetracking/install/line_tracking/include/line_tracking/line_tracking/msg/detail/point_blob__functions.c
[26.162s] -- Up-to-date: /home/luuk/linetracking/install/line_tracking/include/line_tracking/line_tracking/msg/detail/point_array__struct.h
[26.163s] -- Up-to-date: /home/luuk/linetracking/install/line_tracking/include/line_tracking/line_tracking/msg/detail/point_array__functions.c
[26.163s] -- Up-to-date: /home/luuk/linetracking/install/line_tracking/include/line_tracking/line_tracking/msg/detail/point_blob__functions.h
[26.163s] -- Up-to-date: /home/luuk/linetracking/install/line_tracking/include/line_tracking/line_tracking/msg/detail/point_array__type_support.h
[26.163s] -- Up-to-date: /home/luuk/linetracking/install/line_tracking/include/line_tracking/line_tracking/msg/detail/point_array__functions.h
[26.164s] -- Up-to-date: /home/luuk/linetracking/install/line_tracking/include/line_tracking/line_tracking/msg/rosidl_generator_c__visibility_control.h
[26.164s] -- Up-to-date: /home/luuk/linetracking/install/line_tracking/include/line_tracking/line_tracking/msg/point_blob.h
[26.164s] -- Up-to-date: /home/luuk/linetracking/install/line_tracking/include/line_tracking/line_tracking/msg/point_array.h
[26.164s] -- Up-to-date: /home/luuk/linetracking/install/line_tracking/share/line_tracking/environment/library_path.sh
[26.164s] -- Up-to-date: /home/luuk/linetracking/install/line_tracking/share/line_tracking/environment/library_path.dsv
[26.165s] -- Up-to-date: /home/luuk/linetracking/install/line_tracking/lib/libline_tracking__rosidl_generator_c.so
[26.165s] -- Up-to-date: /home/luuk/linetracking/install/line_tracking/include/line_tracking/line_tracking
[26.165s] -- Up-to-date: /home/luuk/linetracking/install/line_tracking/include/line_tracking/line_tracking/msg
[26.165s] -- Up-to-date: /home/luuk/linetracking/install/line_tracking/include/line_tracking/line_tracking/msg/detail
[26.166s] -- Up-to-date: /home/luuk/linetracking/install/line_tracking/include/line_tracking/line_tracking/msg/detail/point_blob__rosidl_typesupport_fastrtps_c.h
[26.166s] -- Up-to-date: /home/luuk/linetracking/install/line_tracking/include/line_tracking/line_tracking/msg/detail/point_array__rosidl_typesupport_fastrtps_c.h
[26.166s] -- Up-to-date: /home/luuk/linetracking/install/line_tracking/include/line_tracking/line_tracking/msg/rosidl_typesupport_fastrtps_c__visibility_control.h
[26.167s] -- Up-to-date: /home/luuk/linetracking/install/line_tracking/lib/libline_tracking__rosidl_typesupport_fastrtps_c.so
[26.167s] -- Up-to-date: /home/luuk/linetracking/install/line_tracking/include/line_tracking/line_tracking
[26.168s] -- Up-to-date: /home/luuk/linetracking/install/line_tracking/include/line_tracking/line_tracking/msg
[26.168s] -- Up-to-date: /home/luuk/linetracking/install/line_tracking/include/line_tracking/line_tracking/msg/detail
[26.168s] -- Up-to-date: /home/luuk/linetracking/install/line_tracking/include/line_tracking/line_tracking/msg/detail/point_array__builder.hpp
[26.170s] -- Up-to-date: /home/luuk/linetracking/install/line_tracking/include/line_tracking/line_tracking/msg/detail/point_array__traits.hpp
[26.170s] -- Up-to-date: /home/luuk/linetracking/install/line_tracking/include/line_tracking/line_tracking/msg/detail/point_blob__builder.hpp
[26.170s] -- Up-to-date: /home/luuk/linetracking/install/line_tracking/include/line_tracking/line_tracking/msg/detail/point_blob__struct.hpp
[26.170s] -- Up-to-date: /home/luuk/linetracking/install/line_tracking/include/line_tracking/line_tracking/msg/detail/point_array__struct.hpp
[26.171s] -- Up-to-date: /home/luuk/linetracking/install/line_tracking/include/line_tracking/line_tracking/msg/detail/point_blob__traits.hpp
[26.171s] -- Up-to-date: /home/luuk/linetracking/install/line_tracking/include/line_tracking/line_tracking/msg/point_blob.hpp
[26.171s] -- Up-to-date: /home/luuk/linetracking/install/line_tracking/include/line_tracking/line_tracking/msg/point_array.hpp
[26.171s] -- Up-to-date: /home/luuk/linetracking/install/line_tracking/include/line_tracking/line_tracking
[26.171s] -- Up-to-date: /home/luuk/linetracking/install/line_tracking/include/line_tracking/line_tracking/msg
[26.171s] -- Up-to-date: /home/luuk/linetracking/install/line_tracking/include/line_tracking/line_tracking/msg/detail
[26.171s] -- Up-to-date: /home/luuk/linetracking/install/line_tracking/include/line_tracking/line_tracking/msg/detail/point_array__rosidl_typesupport_fastrtps_cpp.hpp
[26.172s] -- Up-to-date: /home/luuk/linetracking/install/line_tracking/include/line_tracking/line_tracking/msg/detail/point_blob__rosidl_typesupport_fastrtps_cpp.hpp
[26.172s] -- Up-to-date: /home/luuk/linetracking/install/line_tracking/include/line_tracking/line_tracking/msg/detail/dds_fastrtps
[26.172s] -- Up-to-date: /home/luuk/linetracking/install/line_tracking/include/line_tracking/line_tracking/msg/rosidl_typesupport_fastrtps_cpp__visibility_control.h
[26.172s] -- Up-to-date: /home/luuk/linetracking/install/line_tracking/lib/libline_tracking__rosidl_typesupport_fastrtps_cpp.so
[26.172s] -- Up-to-date: /home/luuk/linetracking/install/line_tracking/include/line_tracking/line_tracking
[26.172s] -- Up-to-date: /home/luuk/linetracking/install/line_tracking/include/line_tracking/line_tracking/msg
[26.172s] -- Up-to-date: /home/luuk/linetracking/install/line_tracking/include/line_tracking/line_tracking/msg/detail
[26.173s] -- Up-to-date: /home/luuk/linetracking/install/line_tracking/include/line_tracking/line_tracking/msg/detail/point_blob__rosidl_typesupport_introspection_c.h
[26.173s] -- Up-to-date: /home/luuk/linetracking/install/line_tracking/include/line_tracking/line_tracking/msg/detail/point_array__type_support.c
[26.173s] -- Up-to-date: /home/luuk/linetracking/install/line_tracking/include/line_tracking/line_tracking/msg/detail/point_array__rosidl_typesupport_introspection_c.h
[26.173s] -- Up-to-date: /home/luuk/linetracking/install/line_tracking/include/line_tracking/line_tracking/msg/detail/point_blob__type_support.c
[26.173s] -- Up-to-date: /home/luuk/linetracking/install/line_tracking/include/line_tracking/line_tracking/msg/rosidl_typesupport_introspection_c__visibility_control.h
[26.173s] -- Up-to-date: /home/luuk/linetracking/install/line_tracking/lib/libline_tracking__rosidl_typesupport_introspection_c.so
[26.173s] -- Up-to-date: /home/luuk/linetracking/install/line_tracking/lib/libline_tracking__rosidl_typesupport_c.so
[26.174s] -- Up-to-date: /home/luuk/linetracking/install/line_tracking/include/line_tracking/line_tracking
[26.174s] -- Up-to-date: /home/luuk/linetracking/install/line_tracking/include/line_tracking/line_tracking/msg
[26.174s] -- Up-to-date: /home/luuk/linetracking/install/line_tracking/include/line_tracking/line_tracking/msg/detail
[26.174s] -- Up-to-date: /home/luuk/linetracking/install/line_tracking/include/line_tracking/line_tracking/msg/detail/point_array__rosidl_typesupport_introspection_cpp.hpp
[26.174s] -- Up-to-date: /home/luuk/linetracking/install/line_tracking/include/line_tracking/line_tracking/msg/detail/point_array__type_support.cpp
[26.174s] -- Up-to-date: /home/luuk/linetracking/install/line_tracking/include/line_tracking/line_tracking/msg/detail/point_blob__type_support.cpp
[26.174s] -- Up-to-date: /home/luuk/linetracking/install/line_tracking/include/line_tracking/line_tracking/msg/detail/point_blob__rosidl_typesupport_introspection_cpp.hpp
[26.174s] -- Up-to-date: /home/luuk/linetracking/install/line_tracking/lib/libline_tracking__rosidl_typesupport_introspection_cpp.so
[26.175s] -- Up-to-date: /home/luuk/linetracking/install/line_tracking/lib/libline_tracking__rosidl_typesupport_cpp.so
[26.175s] -- Up-to-date: /home/luuk/linetracking/install/line_tracking/share/line_tracking/environment/pythonpath.sh
[26.175s] -- Up-to-date: /home/luuk/linetracking/install/line_tracking/share/line_tracking/environment/pythonpath.dsv
[26.175s] -- Up-to-date: /home/luuk/linetracking/install/line_tracking/local/lib/python3.10/dist-packages/line_tracking-0.0.0-py3.10.egg-info
[26.175s] -- Installing: /home/luuk/linetracking/install/line_tracking/local/lib/python3.10/dist-packages/line_tracking-0.0.0-py3.10.egg-info/dependency_links.txt
[26.175s] -- Installing: /home/luuk/linetracking/install/line_tracking/local/lib/python3.10/dist-packages/line_tracking-0.0.0-py3.10.egg-info/PKG-INFO
[26.176s] -- Installing: /home/luuk/linetracking/install/line_tracking/local/lib/python3.10/dist-packages/line_tracking-0.0.0-py3.10.egg-info/SOURCES.txt
[26.176s] -- Installing: /home/luuk/linetracking/install/line_tracking/local/lib/python3.10/dist-packages/line_tracking-0.0.0-py3.10.egg-info/top_level.txt
[26.176s] -- Up-to-date: /home/luuk/linetracking/install/line_tracking/local/lib/python3.10/dist-packages/line_tracking
[26.181s] -- Up-to-date: /home/luuk/linetracking/install/line_tracking/local/lib/python3.10/dist-packages/line_tracking/line_tracking_s__rosidl_typesupport_introspection_c.cpython-310-x86_64-linux-gnu.so
[26.181s] -- Up-to-date: /home/luuk/linetracking/install/line_tracking/local/lib/python3.10/dist-packages/line_tracking/line_tracking_s__rosidl_typesupport_fastrtps_c.cpython-310-x86_64-linux-gnu.so
[26.181s] -- Up-to-date: /home/luuk/linetracking/install/line_tracking/local/lib/python3.10/dist-packages/line_tracking/__init__.py
[26.182s] -- Up-to-date: /home/luuk/linetracking/install/line_tracking/local/lib/python3.10/dist-packages/line_tracking/line_tracking_s__rosidl_typesupport_c.cpython-310-x86_64-linux-gnu.so
[26.182s] -- Up-to-date: /home/luuk/linetracking/install/line_tracking/local/lib/python3.10/dist-packages/line_tracking/_line_tracking_s.ep.rosidl_typesupport_fastrtps_c.c
[26.183s] -- Up-to-date: /home/luuk/linetracking/install/line_tracking/local/lib/python3.10/dist-packages/line_tracking/_line_tracking_s.ep.rosidl_typesupport_c.c
[26.183s] -- Up-to-date: /home/luuk/linetracking/install/line_tracking/local/lib/python3.10/dist-packages/line_tracking/libline_tracking__rosidl_generator_py.so
[26.183s] -- Up-to-date: /home/luuk/linetracking/install/line_tracking/local/lib/python3.10/dist-packages/line_tracking/_line_tracking_s.ep.rosidl_typesupport_introspection_c.c
[26.183s] -- Up-to-date: /home/luuk/linetracking/install/line_tracking/local/lib/python3.10/dist-packages/line_tracking/msg
[26.183s] -- Up-to-date: /home/luuk/linetracking/install/line_tracking/local/lib/python3.10/dist-packages/line_tracking/msg/__init__.py
[26.184s] -- Up-to-date: /home/luuk/linetracking/install/line_tracking/local/lib/python3.10/dist-packages/line_tracking/msg/_point_array.py
[26.184s] -- Up-to-date: /home/luuk/linetracking/install/line_tracking/local/lib/python3.10/dist-packages/line_tracking/msg/_point_array_s.c
[26.184s] -- Up-to-date: /home/luuk/linetracking/install/line_tracking/local/lib/python3.10/dist-packages/line_tracking/msg/_point_blob_s.c
[26.184s] -- Up-to-date: /home/luuk/linetracking/install/line_tracking/local/lib/python3.10/dist-packages/line_tracking/msg/_point_blob.py
[26.269s] Listing '/home/luuk/linetracking/install/line_tracking/local/lib/python3.10/dist-packages/line_tracking'...
[26.270s] Listing '/home/luuk/linetracking/install/line_tracking/local/lib/python3.10/dist-packages/line_tracking/msg'...
[26.280s] -- Up-to-date: /home/luuk/linetracking/install/line_tracking/local/lib/python3.10/dist-packages/line_tracking/line_tracking_s__rosidl_typesupport_fastrtps_c.cpython-310-x86_64-linux-gnu.so
[26.282s] -- Up-to-date: /home/luuk/linetracking/install/line_tracking/local/lib/python3.10/dist-packages/line_tracking/line_tracking_s__rosidl_typesupport_introspection_c.cpython-310-x86_64-linux-gnu.so
[26.284s] -- Up-to-date: /home/luuk/linetracking/install/line_tracking/local/lib/python3.10/dist-packages/line_tracking/line_tracking_s__rosidl_typesupport_c.cpython-310-x86_64-linux-gnu.so
[26.285s] -- Up-to-date: /home/luuk/linetracking/install/line_tracking/lib/libline_tracking__rosidl_generator_py.so
[26.286s] -- Up-to-date: /home/luuk/linetracking/install/line_tracking/share/line_tracking/msg/PointBlob.idl
[26.287s] -- Up-to-date: /home/luuk/linetracking/install/line_tracking/share/line_tracking/msg/PointArray.idl
[26.287s] -- Up-to-date: /home/luuk/linetracking/install/line_tracking/share/line_tracking/msg/PointBlob.msg
[26.288s] -- Up-to-date: /home/luuk/linetracking/install/line_tracking/share/line_tracking/msg/PointArray.msg
[26.288s] -- Up-to-date: /home/luuk/linetracking/install/line_tracking/lib/line_tracking/compressed_viewer
[26.291s] -- Up-to-date: /home/luuk/linetracking/install/line_tracking/lib/line_tracking/line_detection
[26.292s] -- Installing: /home/luuk/linetracking/install/line_tracking/lib/line_tracking/lane_follower
[26.326s] -- Set runtime path of "/home/luuk/linetracking/install/line_tracking/lib/line_tracking/lane_follower" to ""
[26.328s] -- Up-to-date: /home/luuk/linetracking/install/line_tracking/share/ament_index/resource_index/package_run_dependencies/line_tracking
[26.334s] -- Up-to-date: /home/luuk/linetracking/install/line_tracking/share/ament_index/resource_index/parent_prefix_path/line_tracking
[26.335s] -- Up-to-date: /home/luuk/linetracking/install/line_tracking/share/line_tracking/environment/ament_prefix_path.sh
[26.335s] -- Up-to-date: /home/luuk/linetracking/install/line_tracking/share/line_tracking/environment/ament_prefix_path.dsv
[26.335s] -- Up-to-date: /home/luuk/linetracking/install/line_tracking/share/line_tracking/environment/path.sh
[26.336s] -- Up-to-date: /home/luuk/linetracking/install/line_tracking/share/line_tracking/environment/path.dsv
[26.336s] -- Up-to-date: /home/luuk/linetracking/install/line_tracking/share/line_tracking/local_setup.bash
[26.336s] -- Up-to-date: /home/luuk/linetracking/install/line_tracking/share/line_tracking/local_setup.sh
[26.336s] -- Up-to-date: /home/luuk/linetracking/install/line_tracking/share/line_tracking/local_setup.zsh
[26.337s] -- Up-to-date: /home/luuk/linetracking/install/line_tracking/share/line_tracking/local_setup.dsv
[26.337s] -- Installing: /home/luuk/linetracking/install/line_tracking/share/line_tracking/package.dsv
[26.337s] -- Up-to-date: /home/luuk/linetracking/install/line_tracking/share/ament_index/resource_index/packages/line_tracking
[26.337s] -- Up-to-date: /home/luuk/linetracking/install/line_tracking/share/line_tracking/cmake/export_line_tracking__rosidl_generator_cExport.cmake
[26.337s] -- Up-to-date: /home/luuk/linetracking/install/line_tracking/share/line_tracking/cmake/export_line_tracking__rosidl_generator_cExport-noconfig.cmake
[26.338s] -- Up-to-date: /home/luuk/linetracking/install/line_tracking/share/line_tracking/cmake/export_line_tracking__rosidl_typesupport_fastrtps_cExport.cmake
[26.338s] -- Up-to-date: /home/luuk/linetracking/install/line_tracking/share/line_tracking/cmake/export_line_tracking__rosidl_typesupport_fastrtps_cExport-noconfig.cmake
[26.338s] -- Up-to-date: /home/luuk/linetracking/install/line_tracking/share/line_tracking/cmake/export_line_tracking__rosidl_generator_cppExport.cmake
[26.346s] -- Up-to-date: /home/luuk/linetracking/install/line_tracking/share/line_tracking/cmake/export_line_tracking__rosidl_typesupport_fastrtps_cppExport.cmake
[26.347s] -- Up-to-date: /home/luuk/linetracking/install/line_tracking/share/line_tracking/cmake/export_line_tracking__rosidl_typesupport_fastrtps_cppExport-noconfig.cmake
[26.347s] -- Up-to-date: /home/luuk/linetracking/install/line_tracking/share/line_tracking/cmake/line_tracking__rosidl_typesupport_introspection_cExport.cmake
[26.347s] -- Up-to-date: /home/luuk/linetracking/install/line_tracking/share/line_tracking/cmake/line_tracking__rosidl_typesupport_introspection_cExport-noconfig.cmake
[26.347s] -- Up-to-date: /home/luuk/linetracking/install/line_tracking/share/line_tracking/cmake/line_tracking__rosidl_typesupport_cExport.cmake
[26.348s] -- Up-to-date: /home/luuk/linetracking/install/line_tracking/share/line_tracking/cmake/line_tracking__rosidl_typesupport_cExport-noconfig.cmake
[26.348s] -- Up-to-date: /home/luuk/linetracking/install/line_tracking/share/line_tracking/cmake/line_tracking__rosidl_typesupport_introspection_cppExport.cmake
[26.348s] -- Up-to-date: /home/luuk/linetracking/install/line_tracking/share/line_tracking/cmake/line_tracking__rosidl_typesupport_introspection_cppExport-noconfig.cmake
[26.348s] -- Up-to-date: /home/luuk/linetracking/install/line_tracking/share/line_tracking/cmake/line_tracking__rosidl_typesupport_cppExport.cmake
[26.349s] -- Up-to-date: /home/luuk/linetracking/install/line_tracking/share/line_tracking/cmake/line_tracking__rosidl_typesupport_cppExport-noconfig.cmake
[26.349s] -- Up-to-date: /home/luuk/linetracking/install/line_tracking/share/line_tracking/cmake/export_line_tracking__rosidl_generator_pyExport.cmake
[26.349s] -- Up-to-date: /home/luuk/linetracking/install/line_tracking/share/line_tracking/cmake/export_line_tracking__rosidl_generator_pyExport-noconfig.cmake
[26.349s] -- Up-to-date: /home/luuk/linetracking/install/line_tracking/share/line_tracking/cmake/rosidl_cmake-extras.cmake
[26.349s] -- Up-to-date: /home/luuk/linetracking/install/line_tracking/share/line_tracking/cmake/ament_cmake_export_dependencies-extras.cmake
[26.350s] -- Up-to-date: /home/luuk/linetracking/install/line_tracking/share/line_tracking/cmake/ament_cmake_export_include_directories-extras.cmake
[26.350s] -- Up-to-date: /home/luuk/linetracking/install/line_tracking/share/line_tracking/cmake/ament_cmake_export_libraries-extras.cmake
[26.350s] -- Up-to-date: /home/luuk/linetracking/install/line_tracking/share/line_tracking/cmake/ament_cmake_export_targets-extras.cmake
[26.350s] -- Up-to-date: /home/luuk/linetracking/install/line_tracking/share/line_tracking/cmake/rosidl_cmake_export_typesupport_targets-extras.cmake
[26.351s] -- Up-to-date: /home/luuk/linetracking/install/line_tracking/share/line_tracking/cmake/rosidl_cmake_export_typesupport_libraries-extras.cmake
[26.351s] -- Up-to-date: /home/luuk/linetracking/install/line_tracking/share/line_tracking/cmake/line_trackingConfig.cmake
[26.351s] -- Up-to-date: /home/luuk/linetracking/install/line_tracking/share/line_tracking/cmake/line_trackingConfig-version.cmake
[26.351s] -- Up-to-date: /home/luuk/linetracking/install/line_tracking/share/line_tracking/package.xml
[26.352s] Invoked command in '/home/luuk/linetracking/build/line_tracking' returned '0': CMAKE_PREFIX_PATH=${CMAKE_PREFIX_PATH}:/opt/ros/humble /usr/bin/cmake --install /home/luuk/linetracking/build/line_tracking
