[0.069s] Invoking command in '/home/luuk/linetracking/build/line_tracking': CMAKE_PREFIX_PATH=${CMAKE_PREFIX_PATH}:/opt/ros/humble /usr/bin/cmake --build /home/luuk/linetracking/build/line_tracking -- -j8 -l8
[0.256s] [35m[1mConsolidate compiler generated dependencies of target line_detection[0m
[0.317s] [ 50%] Built target compressed_viewer
[0.329s] [ 75%] [32mBuilding CXX object CMakeFiles/line_detection.dir/src/line_detection.cpp.o[0m
[12.389s] In file included from [01m[K/usr/include/c++/11/bits/stl_algobase.h:71[m[K,
[12.389s]                  from [01m[K/usr/include/c++/11/memory:63[m[K,
[12.390s]                  from [01m[K/opt/ros/humble/include/rclcpp/rclcpp/rclcpp.hpp:153[m[K,
[12.390s]                  from [01m[K/home/luuk/linetracking/src/line_detection.cpp:1[m[K:
[12.390s] /usr/include/c++/11/bits/predefined_ops.h: In instantiation of ‘[01m[Kconstexpr bool __gnu_cxx::__ops::_Iter_comp_iter<_Compare>::operator()(_Iterator1, _Iterator2) [with _Iterator1 = __gnu_cxx::__normal_iterator<double*, std::vector<double, std::allocator<double> > >; _Iterator2 = __gnu_cxx::__normal_iterator<double*, std::vector<double, std::allocator<double> > >; _Compare = LineDetection::imageCallback(sensor_msgs::msg::CompressedImage_<std::allocator<void> >::SharedPtr)::<lambda(const Point&, const Point&)>][m[K’:
[12.390s] [01m[K/usr/include/c++/11/bits/stl_algo.h:82:17:[m[K   required from ‘[01m[Kvoid std::__move_median_to_first(_Iterator, _Iterator, _Iterator, _Iterator, _Compare) [with _Iterator = __gnu_cxx::__normal_iterator<double*, std::vector<double, std::allocator<double> > >; _Compare = __gnu_cxx::__ops::_Iter_comp_iter<LineDetection::imageCallback(sensor_msgs::msg::CompressedImage_<std::allocator<void> >::SharedPtr)::<lambda(const Point&, const Point&)> >][m[K’
[12.390s] [01m[K/usr/include/c++/11/bits/stl_algo.h:1904:34:[m[K   required from ‘[01m[K_RandomAccessIterator std::__unguarded_partition_pivot(_RandomAccessIterator, _RandomAccessIterator, _Compare) [with _RandomAccessIterator = __gnu_cxx::__normal_iterator<double*, std::vector<double, std::allocator<double> > >; _Compare = __gnu_cxx::__ops::_Iter_comp_iter<LineDetection::imageCallback(sensor_msgs::msg::CompressedImage_<std::allocator<void> >::SharedPtr)::<lambda(const Point&, const Point&)> >][m[K’
[12.391s] [01m[K/usr/include/c++/11/bits/stl_algo.h:1938:38:[m[K   required from ‘[01m[Kvoid std::__introsort_loop(_RandomAccessIterator, _RandomAccessIterator, _Size, _Compare) [with _RandomAccessIterator = __gnu_cxx::__normal_iterator<double*, std::vector<double, std::allocator<double> > >; _Size = long int; _Compare = __gnu_cxx::__ops::_Iter_comp_iter<LineDetection::imageCallback(sensor_msgs::msg::CompressedImage_<std::allocator<void> >::SharedPtr)::<lambda(const Point&, const Point&)> >][m[K’
[12.391s] [01m[K/usr/include/c++/11/bits/stl_algo.h:1954:25:[m[K   required from ‘[01m[Kvoid std::__sort(_RandomAccessIterator, _RandomAccessIterator, _Compare) [with _RandomAccessIterator = __gnu_cxx::__normal_iterator<double*, std::vector<double, std::allocator<double> > >; _Compare = __gnu_cxx::__ops::_Iter_comp_iter<LineDetection::imageCallback(sensor_msgs::msg::CompressedImage_<std::allocator<void> >::SharedPtr)::<lambda(const Point&, const Point&)> >][m[K’
[12.391s] [01m[K/usr/include/c++/11/bits/stl_algo.h:4875:18:[m[K   required from ‘[01m[Kvoid std::sort(_RAIter, _RAIter, _Compare) [with _RAIter = __gnu_cxx::__normal_iterator<double*, std::vector<double, std::allocator<double> > >; _Compare = LineDetection::imageCallback(sensor_msgs::msg::CompressedImage_<std::allocator<void> >::SharedPtr)::<lambda(const Point&, const Point&)>][m[K’
[12.391s] [01m[K/home/luuk/linetracking/src/line_detection.cpp:60:26:[m[K   required from here
[12.391s] [01m[K/usr/include/c++/11/bits/predefined_ops.h:158:30:[m[K [01;31m[Kerror: [m[Kno match for call to ‘[01m[K(LineDetection::imageCallback(sensor_msgs::msg::CompressedImage_<std::allocator<void> >::SharedPtr)::<lambda(const Point&, const Point&)>) (double&, double&)[m[K’
[12.391s]   158 |         { return bool([01;31m[K_M_comp(*__it1, *__it2)[m[K); }
[12.392s]       |                       [01;31m[K~~~~~~~^~~~~~~~~~~~~~~~[m[K
[12.392s] [01m[K/usr/include/c++/11/bits/predefined_ops.h:158:30:[m[K [01;36m[Knote: [m[Kcandidate: ‘[01m[Kbool (*)(const Point&, const Point&)[m[K’ {aka ‘[01m[Kbool (*)(const cv::Point_<int>&, const cv::Point_<int>&)[m[K’} (conversion)
[12.393s] [01m[K/usr/include/c++/11/bits/predefined_ops.h:158:30:[m[K [01;36m[Knote: [m[K  candidate expects 3 arguments, 3 provided
[12.393s] [01m[K/home/luuk/linetracking/src/line_detection.cpp:60:47:[m[K [01;36m[Knote: [m[Kcandidate: ‘[01m[KLineDetection::imageCallback(sensor_msgs::msg::CompressedImage_<std::allocator<void> >::SharedPtr)::<lambda(const Point&, const Point&)>[m[K’
[12.394s]    60 |                 std::sort(x.begin(), x.end(), [01;36m[K[[m[K](const cv::Point& a, const cv::Point& b) {
[12.394s]       |                                               [01;36m[K^[m[K
[12.394s] [01m[K/home/luuk/linetracking/src/line_detection.cpp:60:47:[m[K [01;36m[Knote: [m[K  no known conversion for argument 1 from ‘[01m[Kdouble[m[K’ to ‘[01m[Kconst Point&[m[K’ {aka ‘[01m[Kconst cv::Point_<int>&[m[K’}
[13.830s] In file included from [01m[K/usr/include/c++/11/bits/stl_algobase.h:71[m[K,
[13.831s]                  from [01m[K/usr/include/c++/11/memory:63[m[K,
[13.831s]                  from [01m[K/opt/ros/humble/include/rclcpp/rclcpp/rclcpp.hpp:153[m[K,
[13.831s]                  from [01m[K/home/luuk/linetracking/src/line_detection.cpp:1[m[K:
[13.831s] /usr/include/c++/11/bits/predefined_ops.h: In instantiation of ‘[01m[Kbool __gnu_cxx::__ops::_Val_comp_iter<_Compare>::operator()(_Value&, _Iterator) [with _Value = double; _Iterator = __gnu_cxx::__normal_iterator<double*, std::vector<double, std::allocator<double> > >; _Compare = LineDetection::imageCallback(sensor_msgs::msg::CompressedImage_<std::allocator<void> >::SharedPtr)::<lambda(const Point&, const Point&)>][m[K’:
[13.832s] [01m[K/usr/include/c++/11/bits/stl_algo.h:1806:20:[m[K   required from ‘[01m[Kvoid std::__unguarded_linear_insert(_RandomAccessIterator, _Compare) [with _RandomAccessIterator = __gnu_cxx::__normal_iterator<double*, std::vector<double, std::allocator<double> > >; _Compare = __gnu_cxx::__ops::_Val_comp_iter<LineDetection::imageCallback(sensor_msgs::msg::CompressedImage_<std::allocator<void> >::SharedPtr)::<lambda(const Point&, const Point&)> >][m[K’
[13.832s] [01m[K/usr/include/c++/11/bits/stl_algo.h:1834:36:[m[K   required from ‘[01m[Kvoid std::__insertion_sort(_RandomAccessIterator, _RandomAccessIterator, _Compare) [with _RandomAccessIterator = __gnu_cxx::__normal_iterator<double*, std::vector<double, std::allocator<double> > >; _Compare = __gnu_cxx::__ops::_Iter_comp_iter<LineDetection::imageCallback(sensor_msgs::msg::CompressedImage_<std::allocator<void> >::SharedPtr)::<lambda(const Point&, const Point&)> >][m[K’
[13.832s] [01m[K/usr/include/c++/11/bits/stl_algo.h:1866:25:[m[K   required from ‘[01m[Kvoid std::__final_insertion_sort(_RandomAccessIterator, _RandomAccessIterator, _Compare) [with _RandomAccessIterator = __gnu_cxx::__normal_iterator<double*, std::vector<double, std::allocator<double> > >; _Compare = __gnu_cxx::__ops::_Iter_comp_iter<LineDetection::imageCallback(sensor_msgs::msg::CompressedImage_<std::allocator<void> >::SharedPtr)::<lambda(const Point&, const Point&)> >][m[K’
[13.832s] [01m[K/usr/include/c++/11/bits/stl_algo.h:1957:31:[m[K   required from ‘[01m[Kvoid std::__sort(_RandomAccessIterator, _RandomAccessIterator, _Compare) [with _RandomAccessIterator = __gnu_cxx::__normal_iterator<double*, std::vector<double, std::allocator<double> > >; _Compare = __gnu_cxx::__ops::_Iter_comp_iter<LineDetection::imageCallback(sensor_msgs::msg::CompressedImage_<std::allocator<void> >::SharedPtr)::<lambda(const Point&, const Point&)> >][m[K’
[13.833s] [01m[K/usr/include/c++/11/bits/stl_algo.h:4875:18:[m[K   required from ‘[01m[Kvoid std::sort(_RAIter, _RAIter, _Compare) [with _RAIter = __gnu_cxx::__normal_iterator<double*, std::vector<double, std::allocator<double> > >; _Compare = LineDetection::imageCallback(sensor_msgs::msg::CompressedImage_<std::allocator<void> >::SharedPtr)::<lambda(const Point&, const Point&)>][m[K’
[13.833s] [01m[K/home/luuk/linetracking/src/line_detection.cpp:60:26:[m[K   required from here
[13.833s] [01m[K/usr/include/c++/11/bits/predefined_ops.h:240:30:[m[K [01;31m[Kerror: [m[Kno match for call to ‘[01m[K(LineDetection::imageCallback(sensor_msgs::msg::CompressedImage_<std::allocator<void> >::SharedPtr)::<lambda(const Point&, const Point&)>) (double&, double&)[m[K’
[13.834s]   240 |         { return bool([01;31m[K_M_comp(__val, *__it)[m[K); }
[13.834s]       |                       [01;31m[K~~~~~~~^~~~~~~~~~~~~~[m[K
[13.834s] [01m[K/usr/include/c++/11/bits/predefined_ops.h:240:30:[m[K [01;36m[Knote: [m[Kcandidate: ‘[01m[Kbool (*)(const Point&, const Point&)[m[K’ {aka ‘[01m[Kbool (*)(const cv::Point_<int>&, const cv::Point_<int>&)[m[K’} (conversion)
[13.835s] [01m[K/usr/include/c++/11/bits/predefined_ops.h:240:30:[m[K [01;36m[Knote: [m[K  candidate expects 3 arguments, 3 provided
[13.835s] [01m[K/home/luuk/linetracking/src/line_detection.cpp:60:47:[m[K [01;36m[Knote: [m[Kcandidate: ‘[01m[KLineDetection::imageCallback(sensor_msgs::msg::CompressedImage_<std::allocator<void> >::SharedPtr)::<lambda(const Point&, const Point&)>[m[K’
[13.836s]    60 |                 std::sort(x.begin(), x.end(), [01;36m[K[[m[K](const cv::Point& a, const cv::Point& b) {
[13.836s]       |                                               [01;36m[K^[m[K
[13.836s] [01m[K/home/luuk/linetracking/src/line_detection.cpp:60:47:[m[K [01;36m[Knote: [m[K  no known conversion for argument 1 from ‘[01m[Kdouble[m[K’ to ‘[01m[Kconst Point&[m[K’ {aka ‘[01m[Kconst cv::Point_<int>&[m[K’}
[14.387s] In file included from [01m[K/usr/include/c++/11/bits/stl_algobase.h:71[m[K,
[14.387s]                  from [01m[K/usr/include/c++/11/memory:63[m[K,
[14.388s]                  from [01m[K/opt/ros/humble/include/rclcpp/rclcpp/rclcpp.hpp:153[m[K,
[14.388s]                  from [01m[K/home/luuk/linetracking/src/line_detection.cpp:1[m[K:
[14.389s] /usr/include/c++/11/bits/predefined_ops.h: In instantiation of ‘[01m[Kbool __gnu_cxx::__ops::_Iter_comp_val<_Compare>::operator()(_Iterator, _Value&) [with _Iterator = __gnu_cxx::__normal_iterator<double*, std::vector<double, std::allocator<double> > >; _Value = double; _Compare = LineDetection::imageCallback(sensor_msgs::msg::CompressedImage_<std::allocator<void> >::SharedPtr)::<lambda(const Point&, const Point&)>][m[K’:
[14.389s] [01m[K/usr/include/c++/11/bits/stl_heap.h:139:48:[m[K   required from ‘[01m[Kvoid std::__push_heap(_RandomAccessIterator, _Distance, _Distance, _Tp, _Compare&) [with _RandomAccessIterator = __gnu_cxx::__normal_iterator<double*, std::vector<double, std::allocator<double> > >; _Distance = long int; _Tp = double; _Compare = __gnu_cxx::__ops::_Iter_comp_val<LineDetection::imageCallback(sensor_msgs::msg::CompressedImage_<std::allocator<void> >::SharedPtr)::<lambda(const Point&, const Point&)> >][m[K’
[14.390s] [01m[K/usr/include/c++/11/bits/stl_heap.h:246:23:[m[K   required from ‘[01m[Kvoid std::__adjust_heap(_RandomAccessIterator, _Distance, _Distance, _Tp, _Compare) [with _RandomAccessIterator = __gnu_cxx::__normal_iterator<double*, std::vector<double, std::allocator<double> > >; _Distance = long int; _Tp = double; _Compare = __gnu_cxx::__ops::_Iter_comp_iter<LineDetection::imageCallback(sensor_msgs::msg::CompressedImage_<std::allocator<void> >::SharedPtr)::<lambda(const Point&, const Point&)> >][m[K’
[14.390s] [01m[K/usr/include/c++/11/bits/stl_heap.h:355:22:[m[K   required from ‘[01m[Kvoid std::__make_heap(_RandomAccessIterator, _RandomAccessIterator, _Compare&) [with _RandomAccessIterator = __gnu_cxx::__normal_iterator<double*, std::vector<double, std::allocator<double> > >; _Compare = __gnu_cxx::__ops::_Iter_comp_iter<LineDetection::imageCallback(sensor_msgs::msg::CompressedImage_<std::allocator<void> >::SharedPtr)::<lambda(const Point&, const Point&)> >][m[K’
[14.390s] [01m[K/usr/include/c++/11/bits/stl_algo.h:1646:23:[m[K   required from ‘[01m[Kvoid std::__heap_select(_RandomAccessIterator, _RandomAccessIterator, _RandomAccessIterator, _Compare) [with _RandomAccessIterator = __gnu_cxx::__normal_iterator<double*, std::vector<double, std::allocator<double> > >; _Compare = __gnu_cxx::__ops::_Iter_comp_iter<LineDetection::imageCallback(sensor_msgs::msg::CompressedImage_<std::allocator<void> >::SharedPtr)::<lambda(const Point&, const Point&)> >][m[K’
[14.391s] [01m[K/usr/include/c++/11/bits/stl_algo.h:1917:25:[m[K   required from ‘[01m[Kvoid std::__partial_sort(_RandomAccessIterator, _RandomAccessIterator, _RandomAccessIterator, _Compare) [with _RandomAccessIterator = __gnu_cxx::__normal_iterator<double*, std::vector<double, std::allocator<double> > >; _Compare = __gnu_cxx::__ops::_Iter_comp_iter<LineDetection::imageCallback(sensor_msgs::msg::CompressedImage_<std::allocator<void> >::SharedPtr)::<lambda(const Point&, const Point&)> >][m[K’
[14.391s] [01m[K/usr/include/c++/11/bits/stl_algo.h:1933:27:[m[K   required from ‘[01m[Kvoid std::__introsort_loop(_RandomAccessIterator, _RandomAccessIterator, _Size, _Compare) [with _RandomAccessIterator = __gnu_cxx::__normal_iterator<double*, std::vector<double, std::allocator<double> > >; _Size = long int; _Compare = __gnu_cxx::__ops::_Iter_comp_iter<LineDetection::imageCallback(sensor_msgs::msg::CompressedImage_<std::allocator<void> >::SharedPtr)::<lambda(const Point&, const Point&)> >][m[K’
[14.391s] [01m[K/usr/include/c++/11/bits/stl_algo.h:1954:25:[m[K   required from ‘[01m[Kvoid std::__sort(_RandomAccessIterator, _RandomAccessIterator, _Compare) [with _RandomAccessIterator = __gnu_cxx::__normal_iterator<double*, std::vector<double, std::allocator<double> > >; _Compare = __gnu_cxx::__ops::_Iter_comp_iter<LineDetection::imageCallback(sensor_msgs::msg::CompressedImage_<std::allocator<void> >::SharedPtr)::<lambda(const Point&, const Point&)> >][m[K’
[14.392s] [01m[K/usr/include/c++/11/bits/stl_algo.h:4875:18:[m[K   required from ‘[01m[Kvoid std::sort(_RAIter, _RAIter, _Compare) [with _RAIter = __gnu_cxx::__normal_iterator<double*, std::vector<double, std::allocator<double> > >; _Compare = LineDetection::imageCallback(sensor_msgs::msg::CompressedImage_<std::allocator<void> >::SharedPtr)::<lambda(const Point&, const Point&)>][m[K’
[14.392s] [01m[K/home/luuk/linetracking/src/line_detection.cpp:60:26:[m[K   required from here
[14.393s] [01m[K/usr/include/c++/11/bits/predefined_ops.h:196:30:[m[K [01;31m[Kerror: [m[Kno match for call to ‘[01m[K(LineDetection::imageCallback(sensor_msgs::msg::CompressedImage_<std::allocator<void> >::SharedPtr)::<lambda(const Point&, const Point&)>) (double&, double&)[m[K’
[14.393s]   196 |         { return bool([01;31m[K_M_comp(*__it, __val)[m[K); }
[14.393s]       |                       [01;31m[K~~~~~~~^~~~~~~~~~~~~~[m[K
[14.394s] [01m[K/usr/include/c++/11/bits/predefined_ops.h:196:30:[m[K [01;36m[Knote: [m[Kcandidate: ‘[01m[Kbool (*)(const Point&, const Point&)[m[K’ {aka ‘[01m[Kbool (*)(const cv::Point_<int>&, const cv::Point_<int>&)[m[K’} (conversion)
[14.394s] [01m[K/usr/include/c++/11/bits/predefined_ops.h:196:30:[m[K [01;36m[Knote: [m[K  candidate expects 3 arguments, 3 provided
[14.394s] [01m[K/home/luuk/linetracking/src/line_detection.cpp:60:47:[m[K [01;36m[Knote: [m[Kcandidate: ‘[01m[KLineDetection::imageCallback(sensor_msgs::msg::CompressedImage_<std::allocator<void> >::SharedPtr)::<lambda(const Point&, const Point&)>[m[K’
[14.394s]    60 |                 std::sort(x.begin(), x.end(), [01;36m[K[[m[K](const cv::Point& a, const cv::Point& b) {
[14.395s]       |                                               [01;36m[K^[m[K
[14.395s] [01m[K/home/luuk/linetracking/src/line_detection.cpp:60:47:[m[K [01;36m[Knote: [m[K  no known conversion for argument 1 from ‘[01m[Kdouble[m[K’ to ‘[01m[Kconst Point&[m[K’ {aka ‘[01m[Kconst cv::Point_<int>&[m[K’}
[19.184s] gmake[2]: *** [CMakeFiles/line_detection.dir/build.make:76: CMakeFiles/line_detection.dir/src/line_detection.cpp.o] Error 1
[19.184s] gmake[1]: *** [CMakeFiles/Makefile2:165: CMakeFiles/line_detection.dir/all] Error 2
[19.185s] gmake: *** [Makefile:146: all] Error 2
[19.196s] Invoked command in '/home/luuk/linetracking/build/line_tracking' returned '2': CMAKE_PREFIX_PATH=${CMAKE_PREFIX_PATH}:/opt/ros/humble /usr/bin/cmake --build /home/luuk/linetracking/build/line_tracking -- -j8 -l8
