[0.060s] Invoking command in '/home/luuk/linetracking/build/line_tracking': CMAKE_PREFIX_PATH=${CMAKE_PREFIX_PATH}:/opt/ros/humble /usr/bin/cmake --build /home/luuk/linetracking/build/line_tracking -- -j8 -l8
[0.157s] -- Found ament_cmake: 1.3.5 (/opt/ros/humble/share/ament_cmake/cmake)
[0.605s] -- Found rclcpp: 16.0.5 (/opt/ros/humble/share/rclcpp/cmake)
[0.691s] -- Found rosidl_generator_c: 3.1.5 (/opt/ros/humble/share/rosidl_generator_c/cmake)
[0.697s] -- Found rosidl_adapter: 3.1.5 (/opt/ros/humble/share/rosidl_adapter/cmake)
[0.716s] -- Found rosidl_generator_cpp: 3.1.5 (/opt/ros/humble/share/rosidl_generator_cpp/cmake)
[0.759s] -- Using all available rosidl_typesupport_c: rosidl_typesupport_fastrtps_c;rosidl_typesupport_introspection_c
[0.804s] -- Using all available rosidl_typesupport_cpp: rosidl_typesupport_fastrtps_cpp;rosidl_typesupport_introspection_cpp
[0.970s] -- Found rmw_implementation_cmake: 6.1.1 (/opt/ros/humble/share/rmw_implementation_cmake/cmake)
[0.976s] -- Found rmw_fastrtps_cpp: 6.2.3 (/opt/ros/humble/share/rmw_fastrtps_cpp/cmake)
[1.296s] -- Using RMW implementation 'rmw_fastrtps_cpp' as default
[1.743s] -- Found sensor_msgs: 4.2.3 (/opt/ros/humble/share/sensor_msgs/cmake)
[2.154s] -- Found cv_bridge: 3.2.1 (/opt/ros/humble/share/cv_bridge/cmake)
[2.410s] -- Configuring done
[2.462s] -- Generating done
[2.467s] -- Build files have been written to: /home/luuk/linetracking/build/line_tracking
[2.564s] [35m[1mConsolidate compiler generated dependencies of target compressed_viewer[0m
[2.570s] [35m[1mConsolidate compiler generated dependencies of target line_detection[0m
[2.687s] [ 33%] Built target compressed_viewer
[2.712s] [ 50%] [32m[1mLinking CXX executable line_detection[0m
[3.174s] gmake[2]: *** Deleting file 'line_detection'
[3.175s] gmake[2]: *** [CMakeFiles/line_detection.dir/build.make:211: line_detection] Interrupt
[3.178s] gmake[1]: *** [CMakeFiles/Makefile2:165: CMakeFiles/line_detection.dir/all] Interrupt
[3.178s] gmake: *** [Makefile:146: all] Interrupt
[3.182s] Invoked command in '/home/luuk/linetracking/build/line_tracking' returned '-2': CMAKE_PREFIX_PATH=${CMAKE_PREFIX_PATH}:/opt/ros/humble /usr/bin/cmake --build /home/luuk/linetracking/build/line_tracking -- -j8 -l8
