[0.834s] DEBUG:colcon:Command line arguments: ['/usr/bin/colcon', 'build']
[0.834s] DEBUG:colcon:Parsed command line arguments: Namespace(log_base=None, log_level=None, verb_name='build', build_base='build', install_base='install', merge_install=False, symlink_install=False, test_result_base=None, continue_on_error=False, executor='parallel', parallel_workers=8, event_handlers=None, ignore_user_meta=False, metas=['./colcon.meta'], base_paths=['.'], packages_ignore=None, packages_ignore_regex=None, paths=None, packages_up_to=None, packages_up_to_regex=None, packages_above=None, packages_above_and_dependencies=None, packages_above_depth=None, packages_select_by_dep=None, packages_skip_by_dep=None, packages_skip_up_to=None, packages_select_build_failed=False, packages_skip_build_finished=False, packages_select_test_failures=False, packages_skip_test_passed=False, packages_select=None, packages_skip=None, packages_select_regex=None, packages_skip_regex=None, packages_start=None, packages_end=None, allow_overriding=[], cmake_args=None, cmake_target=None, cmake_target_skip_unavailable=False, cmake_clean_cache=False, cmake_clean_first=False, cmake_force_configure=False, ament_cmake_args=None, catkin_cmake_args=None, catkin_skip_building_tests=False, verb_parser=<colcon_defaults.argument_parser.defaults.DefaultArgumentsDecorator object at 0x7f0597acf190>, verb_extension=<colcon_core.verb.build.BuildVerb object at 0x7f05982b56f0>, main=<bound method BuildVerb.main of <colcon_core.verb.build.BuildVerb object at 0x7f05982b56f0>>)
[0.918s] Level 1:colcon.colcon_core.package_discovery:discover_packages(colcon_meta) check parameters
[0.918s] Level 1:colcon.colcon_core.package_discovery:discover_packages(recursive) check parameters
[0.918s] Level 1:colcon.colcon_core.package_discovery:discover_packages(ignore) check parameters
[0.918s] Level 1:colcon.colcon_core.package_discovery:discover_packages(path) check parameters
[0.918s] Level 1:colcon.colcon_core.package_discovery:discover_packages(colcon_meta) discover
[0.918s] Level 1:colcon.colcon_core.package_discovery:discover_packages(recursive) discover
[0.918s] INFO:colcon.colcon_core.package_discovery:Crawling recursively for packages in '/home/luuk/turtle3_control'
[0.919s] Level 1:colcon.colcon_core.package_identification:_identify(.) by extensions ['ignore', 'ignore_ament_install']
[0.919s] Level 1:colcon.colcon_core.package_identification:_identify(.) by extension 'ignore'
[0.919s] Level 1:colcon.colcon_core.package_identification:_identify(.) by extension 'ignore_ament_install'
[0.919s] Level 1:colcon.colcon_core.package_identification:_identify(.) by extensions ['colcon_pkg']
[0.920s] Level 1:colcon.colcon_core.package_identification:_identify(.) by extension 'colcon_pkg'
[0.920s] Level 1:colcon.colcon_core.package_identification:_identify(.) by extensions ['colcon_meta']
[0.920s] Level 1:colcon.colcon_core.package_identification:_identify(.) by extension 'colcon_meta'
[0.920s] Level 1:colcon.colcon_core.package_identification:_identify(.) by extensions ['ros']
[0.920s] Level 1:colcon.colcon_core.package_identification:_identify(.) by extension 'ros'
[0.955s] DEBUG:colcon.colcon_core.package_identification:Package '.' with type 'ros.ament_cmake' and name 'turtle3_control'
[0.955s] Level 1:colcon.colcon_core.package_discovery:discover_packages(recursive) using defaults
[0.956s] Level 1:colcon.colcon_core.package_discovery:discover_packages(ignore) discover
[0.956s] Level 1:colcon.colcon_core.package_discovery:discover_packages(ignore) using defaults
[0.956s] Level 1:colcon.colcon_core.package_discovery:discover_packages(path) discover
[0.956s] Level 1:colcon.colcon_core.package_discovery:discover_packages(path) using defaults
[1.017s] Level 1:colcon.colcon_core.package_discovery:discover_packages(prefix_path) check parameters
[1.018s] Level 1:colcon.colcon_core.package_discovery:discover_packages(prefix_path) discover
[1.028s] DEBUG:colcon.colcon_installed_package_information.package_discovery:Found 399 installed packages in /opt/ros/humble
[1.034s] Level 1:colcon.colcon_core.package_discovery:discover_packages(prefix_path) using defaults
[1.232s] Level 5:colcon.colcon_core.verb:set package 'turtle3_control' build argument 'cmake_args' from command line to 'None'
[1.232s] Level 5:colcon.colcon_core.verb:set package 'turtle3_control' build argument 'cmake_target' from command line to 'None'
[1.233s] Level 5:colcon.colcon_core.verb:set package 'turtle3_control' build argument 'cmake_target_skip_unavailable' from command line to 'False'
[1.233s] Level 5:colcon.colcon_core.verb:set package 'turtle3_control' build argument 'cmake_clean_cache' from command line to 'False'
[1.233s] Level 5:colcon.colcon_core.verb:set package 'turtle3_control' build argument 'cmake_clean_first' from command line to 'False'
[1.233s] Level 5:colcon.colcon_core.verb:set package 'turtle3_control' build argument 'cmake_force_configure' from command line to 'False'
[1.233s] Level 5:colcon.colcon_core.verb:set package 'turtle3_control' build argument 'ament_cmake_args' from command line to 'None'
[1.233s] Level 5:colcon.colcon_core.verb:set package 'turtle3_control' build argument 'catkin_cmake_args' from command line to 'None'
[1.233s] Level 5:colcon.colcon_core.verb:set package 'turtle3_control' build argument 'catkin_skip_building_tests' from command line to 'False'
[1.233s] DEBUG:colcon.colcon_core.verb:Building package 'turtle3_control' with the following arguments: {'ament_cmake_args': None, 'build_base': '/home/luuk/turtle3_control/build/turtle3_control', 'catkin_cmake_args': None, 'catkin_skip_building_tests': False, 'cmake_args': None, 'cmake_clean_cache': False, 'cmake_clean_first': False, 'cmake_force_configure': False, 'cmake_target': None, 'cmake_target_skip_unavailable': False, 'install_base': '/home/luuk/turtle3_control/install/turtle3_control', 'merge_install': False, 'path': '/home/luuk/turtle3_control', 'symlink_install': False, 'test_result_base': None}
[1.235s] INFO:colcon.colcon_core.executor:Executing jobs using 'parallel' executor
[1.243s] DEBUG:colcon.colcon_parallel_executor.executor.parallel:run_until_complete
[1.244s] INFO:colcon.colcon_ros.task.ament_cmake.build:Building ROS package in '/home/luuk/turtle3_control' with build type 'ament_cmake'
[1.244s] INFO:colcon.colcon_cmake.task.cmake.build:Building CMake package in '/home/luuk/turtle3_control'
[1.255s] INFO:colcon.colcon_core.plugin_system:Skipping extension 'colcon_core.shell.bat': Not used on non-Windows systems
[1.256s] INFO:colcon.colcon_core.shell:Skip shell extension 'powershell' for command environment: Not usable outside of PowerShell
[1.257s] DEBUG:colcon.colcon_core.shell:Skip shell extension 'dsv' for command environment
[1.297s] DEBUG:colcon.colcon_core.event_handler.log_command:Invoking command in '/home/luuk/turtle3_control/build/turtle3_control': CMAKE_PREFIX_PATH=/opt/ros/humble /usr/bin/cmake --build /home/luuk/turtle3_control/build/turtle3_control -- -j8 -l8
[4.648s] DEBUG:colcon.colcon_core.event_handler.log_command:Invoked command in '/home/luuk/turtle3_control/build/turtle3_control' returned '2': CMAKE_PREFIX_PATH=/opt/ros/humble /usr/bin/cmake --build /home/luuk/turtle3_control/build/turtle3_control -- -j8 -l8
[4.745s] Level 1:colcon.colcon_core.environment:create_environment_scripts_only(turtle3_control)
[4.756s] Level 1:colcon.colcon_core.environment:checking '/home/luuk/turtle3_control/install/turtle3_control' for CMake module files
[4.758s] Level 1:colcon.colcon_core.environment:checking '/home/luuk/turtle3_control/install/turtle3_control' for CMake config files
[4.758s] Level 1:colcon.colcon_core.shell:create_environment_hook('turtle3_control', 'cmake_prefix_path')
[4.761s] INFO:colcon.colcon_core.shell:Creating environment hook '/home/luuk/turtle3_control/install/turtle3_control/share/turtle3_control/hook/cmake_prefix_path.ps1'
[4.763s] INFO:colcon.colcon_core.shell:Creating environment descriptor '/home/luuk/turtle3_control/install/turtle3_control/share/turtle3_control/hook/cmake_prefix_path.dsv'
[4.764s] INFO:colcon.colcon_core.shell:Creating environment hook '/home/luuk/turtle3_control/install/turtle3_control/share/turtle3_control/hook/cmake_prefix_path.sh'
[4.766s] Level 1:colcon.colcon_core.environment:checking '/home/luuk/turtle3_control/install/turtle3_control/lib'
[4.766s] Level 1:colcon.colcon_core.environment:checking '/home/luuk/turtle3_control/install/turtle3_control/bin'
[4.766s] Level 1:colcon.colcon_core.environment:checking '/home/luuk/turtle3_control/install/turtle3_control/lib/pkgconfig/turtle3_control.pc'
[4.767s] Level 1:colcon.colcon_core.environment:checking '/home/luuk/turtle3_control/install/turtle3_control/lib/python3.10/site-packages'
[4.767s] Level 1:colcon.colcon_core.environment:checking '/home/luuk/turtle3_control/install/turtle3_control/bin'
[4.769s] INFO:colcon.colcon_core.shell:Creating package script '/home/luuk/turtle3_control/install/turtle3_control/share/turtle3_control/package.ps1'
[4.772s] INFO:colcon.colcon_core.shell:Creating package descriptor '/home/luuk/turtle3_control/install/turtle3_control/share/turtle3_control/package.dsv'
[4.774s] INFO:colcon.colcon_core.shell:Creating package script '/home/luuk/turtle3_control/install/turtle3_control/share/turtle3_control/package.sh'
[4.775s] INFO:colcon.colcon_core.shell:Creating package script '/home/luuk/turtle3_control/install/turtle3_control/share/turtle3_control/package.bash'
[4.777s] INFO:colcon.colcon_core.shell:Creating package script '/home/luuk/turtle3_control/install/turtle3_control/share/turtle3_control/package.zsh'
[4.778s] Level 1:colcon.colcon_core.environment:create_file_with_runtime_dependencies(/home/luuk/turtle3_control/install/turtle3_control/share/colcon-core/packages/turtle3_control)
[4.780s] DEBUG:colcon.colcon_parallel_executor.executor.parallel:closing loop
[4.781s] DEBUG:colcon.colcon_parallel_executor.executor.parallel:loop closed
[4.781s] DEBUG:colcon.colcon_parallel_executor.executor.parallel:run_until_complete finished with '2'
[4.782s] DEBUG:colcon.colcon_core.event_reactor:joining thread
[4.795s] INFO:colcon.colcon_core.plugin_system:Skipping extension 'colcon_notification.desktop_notification.terminal_notifier': Not used on non-Darwin systems
[4.795s] INFO:colcon.colcon_core.plugin_system:Skipping extension 'colcon_notification.desktop_notification.win32': Not used on non-Windows systems
[4.795s] INFO:colcon.colcon_notification.desktop_notification:Sending desktop notification using 'notify2'
[4.826s] DEBUG:colcon.colcon_core.event_reactor:joined thread
[4.829s] INFO:colcon.colcon_core.shell:Creating prefix script '/home/luuk/turtle3_control/install/local_setup.ps1'
[4.831s] INFO:colcon.colcon_core.shell:Creating prefix util module '/home/luuk/turtle3_control/install/_local_setup_util_ps1.py'
[4.834s] INFO:colcon.colcon_core.shell:Creating prefix chain script '/home/luuk/turtle3_control/install/setup.ps1'
[4.838s] INFO:colcon.colcon_core.shell:Creating prefix script '/home/luuk/turtle3_control/install/local_setup.sh'
[4.839s] INFO:colcon.colcon_core.shell:Creating prefix util module '/home/luuk/turtle3_control/install/_local_setup_util_sh.py'
[4.841s] INFO:colcon.colcon_core.shell:Creating prefix chain script '/home/luuk/turtle3_control/install/setup.sh'
[4.849s] INFO:colcon.colcon_core.shell:Creating prefix script '/home/luuk/turtle3_control/install/local_setup.bash'
[4.851s] INFO:colcon.colcon_core.shell:Creating prefix chain script '/home/luuk/turtle3_control/install/setup.bash'
[4.854s] INFO:colcon.colcon_core.shell:Creating prefix script '/home/luuk/turtle3_control/install/local_setup.zsh'
[4.856s] INFO:colcon.colcon_core.shell:Creating prefix chain script '/home/luuk/turtle3_control/install/setup.zsh'
