[0.799s] DEBUG:colcon:Command line arguments: ['/usr/bin/colcon', 'build']
[0.799s] DEBUG:colcon:Parsed command line arguments: Namespace(log_base=None, log_level=None, verb_name='build', build_base='build', install_base='install', merge_install=False, symlink_install=False, test_result_base=None, continue_on_error=False, executor='parallel', parallel_workers=8, event_handlers=None, ignore_user_meta=False, metas=['./colcon.meta'], base_paths=['.'], packages_ignore=None, packages_ignore_regex=None, paths=None, packages_up_to=None, packages_up_to_regex=None, packages_above=None, packages_above_and_dependencies=None, packages_above_depth=None, packages_select_by_dep=None, packages_skip_by_dep=None, packages_skip_up_to=None, packages_select_build_failed=False, packages_skip_build_finished=False, packages_select_test_failures=False, packages_skip_test_passed=False, packages_select=None, packages_skip=None, packages_select_regex=None, packages_skip_regex=None, packages_start=None, packages_end=None, allow_overriding=[], cmake_args=None, cmake_target=None, cmake_target_skip_unavailable=False, cmake_clean_cache=False, cmake_clean_first=False, cmake_force_configure=False, ament_cmake_args=None, catkin_cmake_args=None, catkin_skip_building_tests=False, verb_parser=<colcon_defaults.argument_parser.defaults.DefaultArgumentsDecorator object at 0x7febe81d7130>, verb_extension=<colcon_core.verb.build.BuildVerb object at 0x7febe89ed6c0>, main=<bound method BuildVerb.main of <colcon_core.verb.build.BuildVerb object at 0x7febe89ed6c0>>)
[0.883s] Level 1:colcon.colcon_core.package_discovery:discover_packages(colcon_meta) check parameters
[0.883s] Level 1:colcon.colcon_core.package_discovery:discover_packages(recursive) check parameters
[0.884s] Level 1:colcon.colcon_core.package_discovery:discover_packages(ignore) check parameters
[0.884s] Level 1:colcon.colcon_core.package_discovery:discover_packages(path) check parameters
[0.884s] Level 1:colcon.colcon_core.package_discovery:discover_packages(colcon_meta) discover
[0.884s] Level 1:colcon.colcon_core.package_discovery:discover_packages(recursive) discover
[0.884s] INFO:colcon.colcon_core.package_discovery:Crawling recursively for packages in '/home/luuk/turtle3_control'
[0.885s] Level 1:colcon.colcon_core.package_identification:_identify(.) by extensions ['ignore', 'ignore_ament_install']
[0.887s] Level 1:colcon.colcon_core.package_identification:_identify(.) by extension 'ignore'
[0.887s] Level 1:colcon.colcon_core.package_identification:_identify(.) by extension 'ignore_ament_install'
[0.887s] Level 1:colcon.colcon_core.package_identification:_identify(.) by extensions ['colcon_pkg']
[0.887s] Level 1:colcon.colcon_core.package_identification:_identify(.) by extension 'colcon_pkg'
[0.888s] Level 1:colcon.colcon_core.package_identification:_identify(.) by extensions ['colcon_meta']
[0.888s] Level 1:colcon.colcon_core.package_identification:_identify(.) by extension 'colcon_meta'
[0.888s] Level 1:colcon.colcon_core.package_identification:_identify(.) by extensions ['ros']
[0.888s] Level 1:colcon.colcon_core.package_identification:_identify(.) by extension 'ros'
[0.924s] DEBUG:colcon.colcon_core.package_identification:Package '.' with type 'ros.ament_cmake' and name 'turtle3_control'
[0.924s] Level 1:colcon.colcon_core.package_discovery:discover_packages(recursive) using defaults
[0.924s] Level 1:colcon.colcon_core.package_discovery:discover_packages(ignore) discover
[0.924s] Level 1:colcon.colcon_core.package_discovery:discover_packages(ignore) using defaults
[0.924s] Level 1:colcon.colcon_core.package_discovery:discover_packages(path) discover
[0.924s] Level 1:colcon.colcon_core.package_discovery:discover_packages(path) using defaults
[0.981s] Level 1:colcon.colcon_core.package_discovery:discover_packages(prefix_path) check parameters
[0.981s] Level 1:colcon.colcon_core.package_discovery:discover_packages(prefix_path) discover
[0.987s] DEBUG:colcon.colcon_installed_package_information.package_discovery:Found 1 installed packages in /home/luuk/turtle3_control/install
[0.995s] DEBUG:colcon.colcon_installed_package_information.package_discovery:Found 399 installed packages in /opt/ros/humble
[1.000s] Level 1:colcon.colcon_core.package_discovery:discover_packages(prefix_path) using defaults
[1.206s] Level 5:colcon.colcon_core.verb:set package 'turtle3_control' build argument 'cmake_args' from command line to 'None'
[1.206s] Level 5:colcon.colcon_core.verb:set package 'turtle3_control' build argument 'cmake_target' from command line to 'None'
[1.206s] Level 5:colcon.colcon_core.verb:set package 'turtle3_control' build argument 'cmake_target_skip_unavailable' from command line to 'False'
[1.207s] Level 5:colcon.colcon_core.verb:set package 'turtle3_control' build argument 'cmake_clean_cache' from command line to 'False'
[1.207s] Level 5:colcon.colcon_core.verb:set package 'turtle3_control' build argument 'cmake_clean_first' from command line to 'False'
[1.207s] Level 5:colcon.colcon_core.verb:set package 'turtle3_control' build argument 'cmake_force_configure' from command line to 'False'
[1.207s] Level 5:colcon.colcon_core.verb:set package 'turtle3_control' build argument 'ament_cmake_args' from command line to 'None'
[1.207s] Level 5:colcon.colcon_core.verb:set package 'turtle3_control' build argument 'catkin_cmake_args' from command line to 'None'
[1.207s] Level 5:colcon.colcon_core.verb:set package 'turtle3_control' build argument 'catkin_skip_building_tests' from command line to 'False'
[1.207s] DEBUG:colcon.colcon_core.verb:Building package 'turtle3_control' with the following arguments: {'ament_cmake_args': None, 'build_base': '/home/luuk/turtle3_control/build/turtle3_control', 'catkin_cmake_args': None, 'catkin_skip_building_tests': False, 'cmake_args': None, 'cmake_clean_cache': False, 'cmake_clean_first': False, 'cmake_force_configure': False, 'cmake_target': None, 'cmake_target_skip_unavailable': False, 'install_base': '/home/luuk/turtle3_control/install/turtle3_control', 'merge_install': False, 'path': '/home/luuk/turtle3_control', 'symlink_install': False, 'test_result_base': None}
[1.209s] INFO:colcon.colcon_core.executor:Executing jobs using 'parallel' executor
[1.217s] DEBUG:colcon.colcon_parallel_executor.executor.parallel:run_until_complete
[1.218s] INFO:colcon.colcon_ros.task.ament_cmake.build:Building ROS package in '/home/luuk/turtle3_control' with build type 'ament_cmake'
[1.219s] INFO:colcon.colcon_cmake.task.cmake.build:Building CMake package in '/home/luuk/turtle3_control'
[1.231s] INFO:colcon.colcon_core.plugin_system:Skipping extension 'colcon_core.shell.bat': Not used on non-Windows systems
[1.231s] INFO:colcon.colcon_core.shell:Skip shell extension 'powershell' for command environment: Not usable outside of PowerShell
[1.231s] DEBUG:colcon.colcon_core.shell:Skip shell extension 'dsv' for command environment
[1.282s] DEBUG:colcon.colcon_core.event_handler.log_command:Invoking command in '/home/luuk/turtle3_control/build/turtle3_control': CMAKE_PREFIX_PATH=${CMAKE_PREFIX_PATH}:/opt/ros/humble /usr/bin/cmake --build /home/luuk/turtle3_control/build/turtle3_control -- -j8 -l8
[31.593s] DEBUG:colcon.colcon_core.event_handler.log_command:Invoked command in '/home/luuk/turtle3_control/build/turtle3_control' returned '0': CMAKE_PREFIX_PATH=${CMAKE_PREFIX_PATH}:/opt/ros/humble /usr/bin/cmake --build /home/luuk/turtle3_control/build/turtle3_control -- -j8 -l8
[31.779s] DEBUG:colcon.colcon_core.event_handler.log_command:Invoking command in '/home/luuk/turtle3_control/build/turtle3_control': CMAKE_PREFIX_PATH=${CMAKE_PREFIX_PATH}:/opt/ros/humble /usr/bin/cmake --install /home/luuk/turtle3_control/build/turtle3_control
[31.824s] Level 1:colcon.colcon_core.environment:create_environment_scripts_only(turtle3_control)
[31.832s] DEBUG:colcon.colcon_core.event_handler.log_command:Invoked command in '/home/luuk/turtle3_control/build/turtle3_control' returned '0': CMAKE_PREFIX_PATH=${CMAKE_PREFIX_PATH}:/opt/ros/humble /usr/bin/cmake --install /home/luuk/turtle3_control/build/turtle3_control
[31.839s] Level 1:colcon.colcon_core.environment:checking '/home/luuk/turtle3_control/install/turtle3_control' for CMake module files
[31.844s] Level 1:colcon.colcon_core.environment:checking '/home/luuk/turtle3_control/install/turtle3_control' for CMake config files
[31.845s] Level 1:colcon.colcon_core.shell:create_environment_hook('turtle3_control', 'cmake_prefix_path')
[31.848s] INFO:colcon.colcon_core.shell:Creating environment hook '/home/luuk/turtle3_control/install/turtle3_control/share/turtle3_control/hook/cmake_prefix_path.ps1'
[31.849s] INFO:colcon.colcon_core.shell:Creating environment descriptor '/home/luuk/turtle3_control/install/turtle3_control/share/turtle3_control/hook/cmake_prefix_path.dsv'
[31.850s] INFO:colcon.colcon_core.shell:Creating environment hook '/home/luuk/turtle3_control/install/turtle3_control/share/turtle3_control/hook/cmake_prefix_path.sh'
[31.852s] Level 1:colcon.colcon_core.environment:checking '/home/luuk/turtle3_control/install/turtle3_control/lib'
[31.853s] Level 1:colcon.colcon_core.environment:checking '/home/luuk/turtle3_control/install/turtle3_control/bin'
[31.853s] Level 1:colcon.colcon_core.environment:checking '/home/luuk/turtle3_control/install/turtle3_control/lib/pkgconfig/turtle3_control.pc'
[31.854s] Level 1:colcon.colcon_core.environment:checking '/home/luuk/turtle3_control/install/turtle3_control/lib/python3.10/site-packages'
[31.854s] Level 1:colcon.colcon_core.environment:checking '/home/luuk/turtle3_control/install/turtle3_control/bin'
[31.857s] INFO:colcon.colcon_core.shell:Creating package script '/home/luuk/turtle3_control/install/turtle3_control/share/turtle3_control/package.ps1'
[31.859s] INFO:colcon.colcon_core.shell:Creating package descriptor '/home/luuk/turtle3_control/install/turtle3_control/share/turtle3_control/package.dsv'
[31.861s] INFO:colcon.colcon_core.shell:Creating package script '/home/luuk/turtle3_control/install/turtle3_control/share/turtle3_control/package.sh'
[31.863s] INFO:colcon.colcon_core.shell:Creating package script '/home/luuk/turtle3_control/install/turtle3_control/share/turtle3_control/package.bash'
[31.866s] INFO:colcon.colcon_core.shell:Creating package script '/home/luuk/turtle3_control/install/turtle3_control/share/turtle3_control/package.zsh'
[31.868s] Level 1:colcon.colcon_core.environment:create_file_with_runtime_dependencies(/home/luuk/turtle3_control/install/turtle3_control/share/colcon-core/packages/turtle3_control)
[31.977s] Level 1:colcon.colcon_core.environment:create_environment_scripts_only(turtle3_control)
[31.980s] Level 1:colcon.colcon_core.environment:checking '/home/luuk/turtle3_control/install/turtle3_control' for CMake module files
[31.982s] Level 1:colcon.colcon_core.environment:checking '/home/luuk/turtle3_control/install/turtle3_control' for CMake config files
[31.983s] Level 1:colcon.colcon_core.shell:create_environment_hook('turtle3_control', 'cmake_prefix_path')
[31.985s] INFO:colcon.colcon_core.shell:Creating environment hook '/home/luuk/turtle3_control/install/turtle3_control/share/turtle3_control/hook/cmake_prefix_path.ps1'
[31.986s] INFO:colcon.colcon_core.shell:Creating environment descriptor '/home/luuk/turtle3_control/install/turtle3_control/share/turtle3_control/hook/cmake_prefix_path.dsv'
[31.987s] INFO:colcon.colcon_core.shell:Creating environment hook '/home/luuk/turtle3_control/install/turtle3_control/share/turtle3_control/hook/cmake_prefix_path.sh'
[31.990s] Level 1:colcon.colcon_core.environment:checking '/home/luuk/turtle3_control/install/turtle3_control/lib'
[31.991s] Level 1:colcon.colcon_core.environment:checking '/home/luuk/turtle3_control/install/turtle3_control/bin'
[31.991s] Level 1:colcon.colcon_core.environment:checking '/home/luuk/turtle3_control/install/turtle3_control/lib/pkgconfig/turtle3_control.pc'
[31.991s] Level 1:colcon.colcon_core.environment:checking '/home/luuk/turtle3_control/install/turtle3_control/lib/python3.10/site-packages'
[31.992s] Level 1:colcon.colcon_core.environment:checking '/home/luuk/turtle3_control/install/turtle3_control/bin'
[31.995s] INFO:colcon.colcon_core.shell:Creating package script '/home/luuk/turtle3_control/install/turtle3_control/share/turtle3_control/package.ps1'
[31.997s] INFO:colcon.colcon_core.shell:Creating package descriptor '/home/luuk/turtle3_control/install/turtle3_control/share/turtle3_control/package.dsv'
[31.998s] INFO:colcon.colcon_core.shell:Creating package script '/home/luuk/turtle3_control/install/turtle3_control/share/turtle3_control/package.sh'
[31.999s] INFO:colcon.colcon_core.shell:Creating package script '/home/luuk/turtle3_control/install/turtle3_control/share/turtle3_control/package.bash'
[32.001s] INFO:colcon.colcon_core.shell:Creating package script '/home/luuk/turtle3_control/install/turtle3_control/share/turtle3_control/package.zsh'
[32.002s] Level 1:colcon.colcon_core.environment:create_file_with_runtime_dependencies(/home/luuk/turtle3_control/install/turtle3_control/share/colcon-core/packages/turtle3_control)
[32.003s] DEBUG:colcon.colcon_parallel_executor.executor.parallel:closing loop
[32.004s] DEBUG:colcon.colcon_parallel_executor.executor.parallel:loop closed
[32.004s] DEBUG:colcon.colcon_parallel_executor.executor.parallel:run_until_complete finished with '0'
[32.004s] DEBUG:colcon.colcon_core.event_reactor:joining thread
[32.019s] INFO:colcon.colcon_core.plugin_system:Skipping extension 'colcon_notification.desktop_notification.terminal_notifier': Not used on non-Darwin systems
[32.020s] INFO:colcon.colcon_core.plugin_system:Skipping extension 'colcon_notification.desktop_notification.win32': Not used on non-Windows systems
[32.020s] INFO:colcon.colcon_notification.desktop_notification:Sending desktop notification using 'notify2'
[32.073s] DEBUG:colcon.colcon_core.event_reactor:joined thread
[32.076s] INFO:colcon.colcon_core.shell:Creating prefix script '/home/luuk/turtle3_control/install/local_setup.ps1'
[32.080s] INFO:colcon.colcon_core.shell:Creating prefix util module '/home/luuk/turtle3_control/install/_local_setup_util_ps1.py'
[32.161s] INFO:colcon.colcon_core.shell:Creating prefix chain script '/home/luuk/turtle3_control/install/setup.ps1'
[32.167s] INFO:colcon.colcon_core.shell:Creating prefix script '/home/luuk/turtle3_control/install/local_setup.sh'
[32.177s] INFO:colcon.colcon_core.shell:Creating prefix util module '/home/luuk/turtle3_control/install/_local_setup_util_sh.py'
[32.179s] INFO:colcon.colcon_core.shell:Creating prefix chain script '/home/luuk/turtle3_control/install/setup.sh'
[32.189s] INFO:colcon.colcon_core.shell:Creating prefix script '/home/luuk/turtle3_control/install/local_setup.bash'
[32.198s] INFO:colcon.colcon_core.shell:Creating prefix chain script '/home/luuk/turtle3_control/install/setup.bash'
[32.203s] INFO:colcon.colcon_core.shell:Creating prefix script '/home/luuk/turtle3_control/install/local_setup.zsh'
[32.204s] INFO:colcon.colcon_core.shell:Creating prefix chain script '/home/luuk/turtle3_control/install/setup.zsh'
