[0.065s] Invoking command in '/home/luuk/linetracking/build/line_tracking': CMAKE_PREFIX_PATH=${CMAKE_PREFIX_PATH}:/opt/ros/humble /usr/bin/cmake --build /home/luuk/linetracking/build/line_tracking -- -j8 -l8
[0.304s] [ 16%] [32m[1mLinking CXX executable line_detection[0m
[0.318s] [ 50%] Built target compressed_viewer
[1.815s] /usr/bin/ld: CMakeFiles/line_detection.dir/src/line_detection/param_parser.cpp.o: warning: relocation against `_ZTVN4YAML11InvalidNodeE' in read-only section `.text._ZN4YAML11InvalidNodeC2ERKNSt7__cxx1112basic_stringIcSt11char_traitsIcESaIcEEE[_ZN4YAML11InvalidNodeC5ERKNSt7__cxx1112basic_stringIcSt11char_traitsIcESaIcEEE]'
[1.961s] /usr/bin/ld: CMakeFiles/line_detection.dir/src/line_detection/line_detection.cpp.o: in function `LineDetection::LineDetection()':
[1.962s] line_detection.cpp:(.text._ZN13LineDetectionC2Ev[_ZN13LineDetectionC5Ev]+0x784): undefined reference to `VisionProcess::VisionProcess(NodeConfig*)'
[2.123s] /usr/bin/ld: CMakeFiles/line_detection.dir/src/line_detection/param_parser.cpp.o: in function `ParamParser::Parse()':
[2.123s] param_parser.cpp:(.text+0x59): undefined reference to `YAML::LoadFile(std::__cxx11::basic_string<char, std::char_traits<char>, std::allocator<char> > const&)'
[2.123s] /usr/bin/ld: CMakeFiles/line_detection.dir/src/line_detection/param_parser.cpp.o: in function `YAML::Exception::Exception(YAML::Mark const&, std::__cxx11::basic_string<char, std::char_traits<char>, std::allocator<char> > const&)':
[2.124s] param_parser.cpp:(.text._ZN4YAML9ExceptionC2ERKNS_4MarkERKNSt7__cxx1112basic_stringIcSt11char_traitsIcESaIcEEE[_ZN4YAML9ExceptionC5ERKNS_4MarkERKNSt7__cxx1112basic_stringIcSt11char_traitsIcESaIcEEE]+0x61): undefined reference to `vtable for YAML::Exception'
[2.126s] /usr/bin/ld: CMakeFiles/line_detection.dir/src/line_detection/param_parser.cpp.o: in function `YAML::RepresentationException::RepresentationException(YAML::Mark const&, std::__cxx11::basic_string<char, std::char_traits<char>, std::allocator<char> > const&)':
[2.126s] param_parser.cpp:(.text._ZN4YAML23RepresentationExceptionC2ERKNS_4MarkERKNSt7__cxx1112basic_stringIcSt11char_traitsIcESaIcEEE[_ZN4YAML23RepresentationExceptionC5ERKNS_4MarkERKNSt7__cxx1112basic_stringIcSt11char_traitsIcESaIcEEE]+0x32): undefined reference to `vtable for YAML::RepresentationException'
[2.127s] /usr/bin/ld: CMakeFiles/line_detection.dir/src/line_detection/param_parser.cpp.o: in function `YAML::InvalidNode::InvalidNode(std::__cxx11::basic_string<char, std::char_traits<char>, std::allocator<char> > const&)':
[2.127s] param_parser.cpp:(.text._ZN4YAML11InvalidNodeC2ERKNSt7__cxx1112basic_stringIcSt11char_traitsIcESaIcEEE[_ZN4YAML11InvalidNodeC5ERKNSt7__cxx1112basic_stringIcSt11char_traitsIcESaIcEEE]+0x71): undefined reference to `vtable for YAML::InvalidNode'
[2.128s] /usr/bin/ld: CMakeFiles/line_detection.dir/src/line_detection/param_parser.cpp.o: in function `YAML::BadConversion::BadConversion(YAML::Mark const&)':
[2.128s] param_parser.cpp:(.text._ZN4YAML13BadConversionC2ERKNS_4MarkE[_ZN4YAML13BadConversionC5ERKNS_4MarkE]+0x7c): undefined reference to `vtable for YAML::BadConversion'
[2.129s] /usr/bin/ld: CMakeFiles/line_detection.dir/src/line_detection/param_parser.cpp.o: in function `YAML::detail::memory_holder::create_node()':
[2.134s] param_parser.cpp:(.text._ZN4YAML6detail13memory_holder11create_nodeEv[_ZN4YAML6detail13memory_holder11create_nodeEv]+0x20): undefined reference to `YAML::detail::memory::create_node()'
[2.144s] /usr/bin/ld: CMakeFiles/line_detection.dir/src/line_detection/param_parser.cpp.o: in function `YAML::detail::node_ref::mark_defined()':
[2.144s] param_parser.cpp:(.text._ZN4YAML6detail8node_ref12mark_definedEv[_ZN4YAML6detail8node_ref12mark_definedEv]+0x20): undefined reference to `YAML::detail::node_data::mark_defined()'
[2.144s] /usr/bin/ld: CMakeFiles/line_detection.dir/src/line_detection/param_parser.cpp.o: in function `YAML::detail::node_ref::set_null()':
[2.145s] param_parser.cpp:(.text._ZN4YAML6detail8node_ref8set_nullEv[_ZN4YAML6detail8node_ref8set_nullEv]+0x20): undefined reference to `YAML::detail::node_data::set_null()'
[2.145s] /usr/bin/ld: CMakeFiles/line_detection.dir/src/line_detection/param_parser.cpp.o: in function `YAML::detail::node_ref::set_scalar(std::__cxx11::basic_string<char, std::char_traits<char>, std::allocator<char> > const&)':
[2.145s] param_parser.cpp:(.text._ZN4YAML6detail8node_ref10set_scalarERKNSt7__cxx1112basic_stringIcSt11char_traitsIcESaIcEEE[_ZN4YAML6detail8node_ref10set_scalarERKNSt7__cxx1112basic_stringIcSt11char_traitsIcESaIcEEE]+0x2e): undefined reference to `YAML::detail::node_data::set_scalar(std::__cxx11::basic_string<char, std::char_traits<char>, std::allocator<char> > const&)'
[2.145s] /usr/bin/ld: CMakeFiles/line_detection.dir/src/line_detection/param_parser.cpp.o: in function `YAML::detail::node_ref::begin()':
[2.146s] param_parser.cpp:(.text._ZN4YAML6detail8node_ref5beginEv[_ZN4YAML6detail8node_ref5beginEv]+0x3d): undefined reference to `YAML::detail::node_data::begin()'
[2.146s] /usr/bin/ld: CMakeFiles/line_detection.dir/src/line_detection/param_parser.cpp.o: in function `YAML::detail::node_ref::end()':
[2.146s] param_parser.cpp:(.text._ZN4YAML6detail8node_ref3endEv[_ZN4YAML6detail8node_ref3endEv]+0x3d): undefined reference to `YAML::detail::node_data::end()'
[2.146s] /usr/bin/ld: CMakeFiles/line_detection.dir/src/line_detection/param_parser.cpp.o: in function `YAML::Node::EnsureNodeExists() const':
[2.146s] param_parser.cpp:(.text._ZNK4YAML4Node16EnsureNodeExistsEv[_ZNK4YAML4Node16EnsureNodeExistsEv]+0x44): undefined reference to `YAML::InvalidNode::~InvalidNode()'
[2.146s] /usr/bin/ld: param_parser.cpp:(.text._ZNK4YAML4Node16EnsureNodeExistsEv[_ZNK4YAML4Node16EnsureNodeExistsEv]+0x4e): undefined reference to `typeinfo for YAML::InvalidNode'
[2.147s] /usr/bin/ld: CMakeFiles/line_detection.dir/src/line_detection/param_parser.cpp.o: in function `YAML::Node::Mark() const':
[2.147s] param_parser.cpp:(.text._ZNK4YAML4Node4MarkEv[_ZNK4YAML4Node4MarkEv]+0x44): undefined reference to `YAML::InvalidNode::~InvalidNode()'
[2.147s] /usr/bin/ld: param_parser.cpp:(.text._ZNK4YAML4Node4MarkEv[_ZNK4YAML4Node4MarkEv]+0x4e): undefined reference to `typeinfo for YAML::InvalidNode'
[2.147s] /usr/bin/ld: CMakeFiles/line_detection.dir/src/line_detection/param_parser.cpp.o: in function `YAML::Node::Type() const':
[2.147s] param_parser.cpp:(.text._ZNK4YAML4Node4TypeEv[_ZNK4YAML4Node4TypeEv]+0x44): undefined reference to `YAML::InvalidNode::~InvalidNode()'
[2.148s] /usr/bin/ld: param_parser.cpp:(.text._ZNK4YAML4Node4TypeEv[_ZNK4YAML4Node4TypeEv]+0x4e): undefined reference to `typeinfo for YAML::InvalidNode'
[2.148s] /usr/bin/ld: CMakeFiles/line_detection.dir/src/line_detection/param_parser.cpp.o: in function `YAML::Node::Scalar[abi:cxx11]() const':
[2.148s] param_parser.cpp:(.text._ZNK4YAML4Node6ScalarB5cxx11Ev[_ZNK4YAML4Node6ScalarB5cxx11Ev]+0x44): undefined reference to `YAML::InvalidNode::~InvalidNode()'
[2.148s] /usr/bin/ld: param_parser.cpp:(.text._ZNK4YAML4Node6ScalarB5cxx11Ev[_ZNK4YAML4Node6ScalarB5cxx11Ev]+0x4e): undefined reference to `typeinfo for YAML::InvalidNode'
[2.148s] /usr/bin/ld: param_parser.cpp:(.text._ZNK4YAML4Node6ScalarB5cxx11Ev[_ZNK4YAML4Node6ScalarB5cxx11Ev]+0x7d): undefined reference to `YAML::detail::node_data::empty_scalar[abi:cxx11]()'
[2.148s] /usr/bin/ld: CMakeFiles/line_detection.dir/src/line_detection/param_parser.cpp.o: in function `bool YAML::Node::as<bool>() const':
[2.149s] param_parser.cpp:(.text._ZNK4YAML4Node2asIbEET_v[_ZNK4YAML4Node2asIbEET_v]+0x53): undefined reference to `YAML::InvalidNode::~InvalidNode()'
[2.149s] /usr/bin/ld: param_parser.cpp:(.text._ZNK4YAML4Node2asIbEET_v[_ZNK4YAML4Node2asIbEET_v]+0x5d): undefined reference to `typeinfo for YAML::InvalidNode'
[2.149s] /usr/bin/ld: CMakeFiles/line_detection.dir/src/line_detection/param_parser.cpp.o: in function `std::__cxx11::basic_string<char, std::char_traits<char>, std::allocator<char> > YAML::Node::as<std::__cxx11::basic_string<char, std::char_traits<char>, std::allocator<char> > >() const':
[2.149s] param_parser.cpp:(.text._ZNK4YAML4Node2asINSt7__cxx1112basic_stringIcSt11char_traitsIcESaIcEEEEET_v[_ZNK4YAML4Node2asINSt7__cxx1112basic_stringIcSt11char_traitsIcESaIcEEEEET_v]+0x57): undefined reference to `YAML::InvalidNode::~InvalidNode()'
[2.150s] /usr/bin/ld: param_parser.cpp:(.text._ZNK4YAML4Node2asINSt7__cxx1112basic_stringIcSt11char_traitsIcESaIcEEEEET_v[_ZNK4YAML4Node2asINSt7__cxx1112basic_stringIcSt11char_traitsIcESaIcEEEEET_v]+0x61): undefined reference to `typeinfo for YAML::InvalidNode'
[2.150s] /usr/bin/ld: CMakeFiles/line_detection.dir/src/line_detection/param_parser.cpp.o: in function `short YAML::Node::as<short>() const':
[2.150s] param_parser.cpp:(.text._ZNK4YAML4Node2asIsEET_v[_ZNK4YAML4Node2asIsEET_v]+0x53): undefined reference to `YAML::InvalidNode::~InvalidNode()'
[2.150s] /usr/bin/ld: param_parser.cpp:(.text._ZNK4YAML4Node2asIsEET_v[_ZNK4YAML4Node2asIsEET_v]+0x5d): undefined reference to `typeinfo for YAML::InvalidNode'
[2.151s] /usr/bin/ld: CMakeFiles/line_detection.dir/src/line_detection/param_parser.cpp.o: in function `YAML::TypedBadConversion<bool>::~TypedBadConversion()':
[2.151s] param_parser.cpp:(.text._ZN4YAML18TypedBadConversionIbED2Ev[_ZN4YAML18TypedBadConversionIbED5Ev]+0x26): undefined reference to `YAML::BadConversion::~BadConversion()'
[2.151s] /usr/bin/ld: CMakeFiles/line_detection.dir/src/line_detection/param_parser.cpp.o: in function `YAML::as_if<bool, void>::operator()() const':
[2.151s] param_parser.cpp:(.text._ZNK4YAML5as_ifIbvEclEv[_ZNK4YAML5as_ifIbvEclEv]+0x9a): undefined reference to `YAML::convert<bool>::decode(YAML::Node const&, bool&)'
[2.151s] /usr/bin/ld: CMakeFiles/line_detection.dir/src/line_detection/param_parser.cpp.o: in function `YAML::TypedBadConversion<short>::~TypedBadConversion()':
[2.152s] param_parser.cpp:(.text._ZN4YAML18TypedBadConversionIsED2Ev[_ZN4YAML18TypedBadConversionIsED5Ev]+0x26): undefined reference to `YAML::BadConversion::~BadConversion()'
[2.152s] /usr/bin/ld: CMakeFiles/line_detection.dir/src/line_detection/param_parser.cpp.o: in function `YAML::detail::node& YAML::detail::node_data::get<char [13]>(char const (&) [13], std::shared_ptr<YAML::detail::memory_holder>)':
[2.152s] param_parser.cpp:(.text._ZN4YAML6detail9node_data3getIA13_cEERNS0_4nodeERKT_St10shared_ptrINS0_13memory_holderEE[_ZN4YAML6detail9node_data3getIA13_cEERNS0_4nodeERKT_St10shared_ptrINS0_13memory_holderEE]+0xd3): undefined reference to `YAML::detail::node_data::convert_to_map(std::shared_ptr<YAML::detail::memory_holder> const&)'
[2.152s] /usr/bin/ld: param_parser.cpp:(.text._ZN4YAML6detail9node_data3getIA13_cEERNS0_4nodeERKT_St10shared_ptrINS0_13memory_holderEE[_ZN4YAML6detail9node_data3getIA13_cEERNS0_4nodeERKT_St10shared_ptrINS0_13memory_holderEE]+0x103): undefined reference to `YAML::BadSubscript::~BadSubscript()'
[2.152s] /usr/bin/ld: param_parser.cpp:(.text._ZN4YAML6detail9node_data3getIA13_cEERNS0_4nodeERKT_St10shared_ptrINS0_13memory_holderEE[_ZN4YAML6detail9node_data3getIA13_cEERNS0_4nodeERKT_St10shared_ptrINS0_13memory_holderEE]+0x10d): undefined reference to `typeinfo for YAML::BadSubscript'
[2.153s] /usr/bin/ld: param_parser.cpp:(.text._ZN4YAML6detail9node_data3getIA13_cEERNS0_4nodeERKT_St10shared_ptrINS0_13memory_holderEE[_ZN4YAML6detail9node_data3getIA13_cEERNS0_4nodeERKT_St10shared_ptrINS0_13memory_holderEE]+0x1fb): undefined reference to `YAML::detail::node_data::insert_map_pair(YAML::detail::node&, YAML::detail::node&)'
[2.153s] /usr/bin/ld: CMakeFiles/line_detection.dir/src/line_detection/param_parser.cpp.o: in function `YAML::detail::node& YAML::detail::node_data::get<char [6]>(char const (&) [6], std::shared_ptr<YAML::detail::memory_holder>)':
[2.153s] param_parser.cpp:(.text._ZN4YAML6detail9node_data3getIA6_cEERNS0_4nodeERKT_St10shared_ptrINS0_13memory_holderEE[_ZN4YAML6detail9node_data3getIA6_cEERNS0_4nodeERKT_St10shared_ptrINS0_13memory_holderEE]+0xd3): undefined reference to `YAML::detail::node_data::convert_to_map(std::shared_ptr<YAML::detail::memory_holder> const&)'
[2.153s] /usr/bin/ld: param_parser.cpp:(.text._ZN4YAML6detail9node_data3getIA6_cEERNS0_4nodeERKT_St10shared_ptrINS0_13memory_holderEE[_ZN4YAML6detail9node_data3getIA6_cEERNS0_4nodeERKT_St10shared_ptrINS0_13memory_holderEE]+0x103): undefined reference to `YAML::BadSubscript::~BadSubscript()'
[2.154s] /usr/bin/ld: param_parser.cpp:(.text._ZN4YAML6detail9node_data3getIA6_cEERNS0_4nodeERKT_St10shared_ptrINS0_13memory_holderEE[_ZN4YAML6detail9node_data3getIA6_cEERNS0_4nodeERKT_St10shared_ptrINS0_13memory_holderEE]+0x10d): undefined reference to `typeinfo for YAML::BadSubscript'
[2.154s] /usr/bin/ld: param_parser.cpp:(.text._ZN4YAML6detail9node_data3getIA6_cEERNS0_4nodeERKT_St10shared_ptrINS0_13memory_holderEE[_ZN4YAML6detail9node_data3getIA6_cEERNS0_4nodeERKT_St10shared_ptrINS0_13memory_holderEE]+0x1fb): undefined reference to `YAML::detail::node_data::insert_map_pair(YAML::detail::node&, YAML::detail::node&)'
[2.154s] /usr/bin/ld: CMakeFiles/line_detection.dir/src/line_detection/param_parser.cpp.o: in function `YAML::detail::node& YAML::detail::node_data::get<char [7]>(char const (&) [7], std::shared_ptr<YAML::detail::memory_holder>)':
[2.154s] param_parser.cpp:(.text._ZN4YAML6detail9node_data3getIA7_cEERNS0_4nodeERKT_St10shared_ptrINS0_13memory_holderEE[_ZN4YAML6detail9node_data3getIA7_cEERNS0_4nodeERKT_St10shared_ptrINS0_13memory_holderEE]+0xd3): undefined reference to `YAML::detail::node_data::convert_to_map(std::shared_ptr<YAML::detail::memory_holder> const&)'
[2.155s] /usr/bin/ld: param_parser.cpp:(.text._ZN4YAML6detail9node_data3getIA7_cEERNS0_4nodeERKT_St10shared_ptrINS0_13memory_holderEE[_ZN4YAML6detail9node_data3getIA7_cEERNS0_4nodeERKT_St10shared_ptrINS0_13memory_holderEE]+0x103): undefined reference to `YAML::BadSubscript::~BadSubscript()'
[2.155s] /usr/bin/ld: param_parser.cpp:(.text._ZN4YAML6detail9node_data3getIA7_cEERNS0_4nodeERKT_St10shared_ptrINS0_13memory_holderEE[_ZN4YAML6detail9node_data3getIA7_cEERNS0_4nodeERKT_St10shared_ptrINS0_13memory_holderEE]+0x10d): undefined reference to `typeinfo for YAML::BadSubscript'
[2.155s] /usr/bin/ld: param_parser.cpp:(.text._ZN4YAML6detail9node_data3getIA7_cEERNS0_4nodeERKT_St10shared_ptrINS0_13memory_holderEE[_ZN4YAML6detail9node_data3getIA7_cEERNS0_4nodeERKT_St10shared_ptrINS0_13memory_holderEE]+0x1fb): undefined reference to `YAML::detail::node_data::insert_map_pair(YAML::detail::node&, YAML::detail::node&)'
[2.155s] /usr/bin/ld: CMakeFiles/line_detection.dir/src/line_detection/param_parser.cpp.o: in function `YAML::detail::node& YAML::detail::node_data::get<char [9]>(char const (&) [9], std::shared_ptr<YAML::detail::memory_holder>)':
[2.156s] param_parser.cpp:(.text._ZN4YAML6detail9node_data3getIA9_cEERNS0_4nodeERKT_St10shared_ptrINS0_13memory_holderEE[_ZN4YAML6detail9node_data3getIA9_cEERNS0_4nodeERKT_St10shared_ptrINS0_13memory_holderEE]+0xd3): undefined reference to `YAML::detail::node_data::convert_to_map(std::shared_ptr<YAML::detail::memory_holder> const&)'
[2.156s] /usr/bin/ld: param_parser.cpp:(.text._ZN4YAML6detail9node_data3getIA9_cEERNS0_4nodeERKT_St10shared_ptrINS0_13memory_holderEE[_ZN4YAML6detail9node_data3getIA9_cEERNS0_4nodeERKT_St10shared_ptrINS0_13memory_holderEE]+0x103): undefined reference to `YAML::BadSubscript::~BadSubscript()'
[2.156s] /usr/bin/ld: param_parser.cpp:(.text._ZN4YAML6detail9node_data3getIA9_cEERNS0_4nodeERKT_St10shared_ptrINS0_13memory_holderEE[_ZN4YAML6detail9node_data3getIA9_cEERNS0_4nodeERKT_St10shared_ptrINS0_13memory_holderEE]+0x10d): undefined reference to `typeinfo for YAML::BadSubscript'
[2.156s] /usr/bin/ld: param_parser.cpp:(.text._ZN4YAML6detail9node_data3getIA9_cEERNS0_4nodeERKT_St10shared_ptrINS0_13memory_holderEE[_ZN4YAML6detail9node_data3getIA9_cEERNS0_4nodeERKT_St10shared_ptrINS0_13memory_holderEE]+0x1fb): undefined reference to `YAML::detail::node_data::insert_map_pair(YAML::detail::node&, YAML::detail::node&)'
[2.157s] /usr/bin/ld: CMakeFiles/line_detection.dir/src/line_detection/param_parser.cpp.o: in function `YAML::detail::node* YAML::detail::node_data::get<char [7]>(char const (&) [7], std::shared_ptr<YAML::detail::memory_holder>) const':
[2.157s] param_parser.cpp:(.text._ZNK4YAML6detail9node_data3getIA7_cEEPNS0_4nodeERKT_St10shared_ptrINS0_13memory_holderEE[_ZNK4YAML6detail9node_data3getIA7_cEEPNS0_4nodeERKT_St10shared_ptrINS0_13memory_holderEE]+0xf7): undefined reference to `YAML::BadSubscript::~BadSubscript()'
[2.157s] /usr/bin/ld: param_parser.cpp:(.text._ZNK4YAML6detail9node_data3getIA7_cEEPNS0_4nodeERKT_St10shared_ptrINS0_13memory_holderEE[_ZNK4YAML6detail9node_data3getIA7_cEEPNS0_4nodeERKT_St10shared_ptrINS0_13memory_holderEE]+0x101): undefined reference to `typeinfo for YAML::BadSubscript'
[2.158s] /usr/bin/ld: CMakeFiles/line_detection.dir/src/line_detection/param_parser.cpp.o: in function `YAML::detail::node* YAML::detail::node_data::get<char [8]>(char const (&) [8], std::shared_ptr<YAML::detail::memory_holder>) const':
[2.160s] param_parser.cpp:(.text._ZNK4YAML6detail9node_data3getIA8_cEEPNS0_4nodeERKT_St10shared_ptrINS0_13memory_holderEE[_ZNK4YAML6detail9node_data3getIA8_cEEPNS0_4nodeERKT_St10shared_ptrINS0_13memory_holderEE]+0xf7): undefined reference to `YAML::BadSubscript::~BadSubscript()'
[2.161s] /usr/bin/ld: param_parser.cpp:(.text._ZNK4YAML6detail9node_data3getIA8_cEEPNS0_4nodeERKT_St10shared_ptrINS0_13memory_holderEE[_ZNK4YAML6detail9node_data3getIA8_cEEPNS0_4nodeERKT_St10shared_ptrINS0_13memory_holderEE]+0x101): undefined reference to `typeinfo for YAML::BadSubscript'
[2.162s] /usr/bin/ld: CMakeFiles/line_detection.dir/src/line_detection/param_parser.cpp.o: in function `YAML::BadSubscript::BadSubscript<char [13]>(YAML::Mark const&, char const (&) [13])':
[2.162s] param_parser.cpp:(.text._ZN4YAML12BadSubscriptC2IA13_cEERKNS_4MarkERKT_[_ZN4YAML12BadSubscriptC5IA13_cEERKNS_4MarkERKT_]+0x61): undefined reference to `vtable for YAML::BadSubscript'
[2.162s] /usr/bin/ld: CMakeFiles/line_detection.dir/src/line_detection/param_parser.cpp.o: in function `YAML::detail::node& YAML::detail::node_data::convert_to_node<char [13]>(char const (&) [13], std::shared_ptr<YAML::detail::memory_holder>)':
[2.162s] param_parser.cpp:(.text._ZN4YAML6detail9node_data15convert_to_nodeIA13_cEERNS0_4nodeERKT_St10shared_ptrINS0_13memory_holderEE[_ZN4YAML6detail9node_data15convert_to_nodeIA13_cEERNS0_4nodeERKT_St10shared_ptrINS0_13memory_holderEE]+0x69): undefined reference to `YAML::detail::memory_holder::merge(YAML::detail::memory_holder&)'
[2.162s] /usr/bin/ld: CMakeFiles/line_detection.dir/src/line_detection/param_parser.cpp.o: in function `YAML::BadSubscript::BadSubscript<char [6]>(YAML::Mark const&, char const (&) [6])':
[2.162s] param_parser.cpp:(.text._ZN4YAML12BadSubscriptC2IA6_cEERKNS_4MarkERKT_[_ZN4YAML12BadSubscriptC5IA6_cEERKNS_4MarkERKT_]+0x61): undefined reference to `vtable for YAML::BadSubscript'
[2.163s] /usr/bin/ld: CMakeFiles/line_detection.dir/src/line_detection/param_parser.cpp.o: in function `YAML::detail::node& YAML::detail::node_data::convert_to_node<char [6]>(char const (&) [6], std::shared_ptr<YAML::detail::memory_holder>)':
[2.163s] param_parser.cpp:(.text._ZN4YAML6detail9node_data15convert_to_nodeIA6_cEERNS0_4nodeERKT_St10shared_ptrINS0_13memory_holderEE[_ZN4YAML6detail9node_data15convert_to_nodeIA6_cEERNS0_4nodeERKT_St10shared_ptrINS0_13memory_holderEE]+0x69): undefined reference to `YAML::detail::memory_holder::merge(YAML::detail::memory_holder&)'
[2.163s] /usr/bin/ld: CMakeFiles/line_detection.dir/src/line_detection/param_parser.cpp.o: in function `YAML::BadSubscript::BadSubscript<char [7]>(YAML::Mark const&, char const (&) [7])':
[2.163s] param_parser.cpp:(.text._ZN4YAML12BadSubscriptC2IA7_cEERKNS_4MarkERKT_[_ZN4YAML12BadSubscriptC5IA7_cEERKNS_4MarkERKT_]+0x61): undefined reference to `vtable for YAML::BadSubscript'
[2.164s] /usr/bin/ld: CMakeFiles/line_detection.dir/src/line_detection/param_parser.cpp.o: in function `YAML::detail::node& YAML::detail::node_data::convert_to_node<char [7]>(char const (&) [7], std::shared_ptr<YAML::detail::memory_holder>)':
[2.165s] param_parser.cpp:(.text._ZN4YAML6detail9node_data15convert_to_nodeIA7_cEERNS0_4nodeERKT_St10shared_ptrINS0_13memory_holderEE[_ZN4YAML6detail9node_data15convert_to_nodeIA7_cEERNS0_4nodeERKT_St10shared_ptrINS0_13memory_holderEE]+0x69): undefined reference to `YAML::detail::memory_holder::merge(YAML::detail::memory_holder&)'
[2.165s] /usr/bin/ld: CMakeFiles/line_detection.dir/src/line_detection/param_parser.cpp.o: in function `YAML::BadSubscript::BadSubscript<char [9]>(YAML::Mark const&, char const (&) [9])':
[2.165s] param_parser.cpp:(.text._ZN4YAML12BadSubscriptC2IA9_cEERKNS_4MarkERKT_[_ZN4YAML12BadSubscriptC5IA9_cEERKNS_4MarkERKT_]+0x61): undefined reference to `vtable for YAML::BadSubscript'
[2.166s] /usr/bin/ld: CMakeFiles/line_detection.dir/src/line_detection/param_parser.cpp.o: in function `YAML::detail::node& YAML::detail::node_data::convert_to_node<char [9]>(char const (&) [9], std::shared_ptr<YAML::detail::memory_holder>)':
[2.166s] param_parser.cpp:(.text._ZN4YAML6detail9node_data15convert_to_nodeIA9_cEERNS0_4nodeERKT_St10shared_ptrINS0_13memory_holderEE[_ZN4YAML6detail9node_data15convert_to_nodeIA9_cEERNS0_4nodeERKT_St10shared_ptrINS0_13memory_holderEE]+0x69): undefined reference to `YAML::detail::memory_holder::merge(YAML::detail::memory_holder&)'
[2.167s] /usr/bin/ld: CMakeFiles/line_detection.dir/src/line_detection/param_parser.cpp.o: in function `YAML::BadSubscript::BadSubscript<char [8]>(YAML::Mark const&, char const (&) [8])':
[2.167s] param_parser.cpp:(.text._ZN4YAML12BadSubscriptC2IA8_cEERKNS_4MarkERKT_[_ZN4YAML12BadSubscriptC5IA8_cEERKNS_4MarkERKT_]+0x61): undefined reference to `vtable for YAML::BadSubscript'
[2.167s] /usr/bin/ld: CMakeFiles/line_detection.dir/src/line_detection/param_parser.cpp.o: in function `YAML::TypedBadConversion<std::__cxx11::basic_string<char, std::char_traits<char>, std::allocator<char> > >::~TypedBadConversion()':
[2.168s] param_parser.cpp:(.text._ZN4YAML18TypedBadConversionINSt7__cxx1112basic_stringIcSt11char_traitsIcESaIcEEEED2Ev[_ZN4YAML18TypedBadConversionINSt7__cxx1112basic_stringIcSt11char_traitsIcESaIcEEEED5Ev]+0x26): undefined reference to `YAML::BadConversion::~BadConversion()'
[2.168s] /usr/bin/ld: CMakeFiles/line_detection.dir/src/line_detection/param_parser.cpp.o:(.data.rel.ro._ZTIN4YAML18TypedBadConversionIsEE[_ZTIN4YAML18TypedBadConversionIsEE]+0x10): undefined reference to `typeinfo for YAML::BadConversion'
[2.168s] /usr/bin/ld: CMakeFiles/line_detection.dir/src/line_detection/param_parser.cpp.o:(.data.rel.ro._ZTIN4YAML18TypedBadConversionIbEE[_ZTIN4YAML18TypedBadConversionIbEE]+0x10): undefined reference to `typeinfo for YAML::BadConversion'
[2.169s] /usr/bin/ld: CMakeFiles/line_detection.dir/src/line_detection/param_parser.cpp.o:(.data.rel.ro._ZTIN4YAML18TypedBadConversionINSt7__cxx1112basic_stringIcSt11char_traitsIcESaIcEEEEE[_ZTIN4YAML18TypedBadConversionINSt7__cxx1112basic_stringIcSt11char_traitsIcESaIcEEEEE]+0x10): undefined reference to `typeinfo for YAML::BadConversion'
[2.169s] /usr/bin/ld: CMakeFiles/line_detection.dir/src/line_detection/vision_process.cpp.o: in function `VisionProcess::Decode(std::shared_ptr<cv_bridge::CvImage>)':
[2.169s] vision_process.cpp:(.text+0x305): undefined reference to `cv::imshow(std::__cxx11::basic_string<char, std::char_traits<char>, std::allocator<char> > const&, cv::_InputArray const&)'
[2.170s] /usr/bin/ld: vision_process.cpp:(.text+0x33c): undefined reference to `cv::waitKey(int)'
[2.262s] /usr/bin/ld: warning: creating DT_TEXTREL in a PIE
[2.274s] collect2: error: ld returned 1 exit status
[2.279s] gmake[2]: *** [CMakeFiles/line_detection.dir/build.make:211: line_detection] Error 1
[2.280s] gmake[1]: *** [CMakeFiles/Makefile2:165: CMakeFiles/line_detection.dir/all] Error 2
[2.281s] gmake: *** [Makefile:146: all] Error 2
[2.286s] Invoked command in '/home/luuk/linetracking/build/line_tracking' returned '2': CMAKE_PREFIX_PATH=${CMAKE_PREFIX_PATH}:/opt/ros/humble /usr/bin/cmake --build /home/luuk/linetracking/build/line_tracking -- -j8 -l8
