[0.086s] Invoking command in '/home/luuk/linetracking/build/line_tracking': CMAKE_PREFIX_PATH=${CMAKE_PREFIX_PATH}:/opt/ros/humble /usr/bin/cmake --build /home/luuk/linetracking/build/line_tracking -- -j8 -l8
[0.385s] [  8%] Built target line_tracking__rosidl_generator_c
[0.385s] [ 11%] Built target line_tracking__cpp
[0.441s] [ 11%] Built target ament_cmake_python_copy_line_tracking
[0.479s] [ 15%] Built target compressed_viewer
[0.524s] [ 24%] Built target line_tracking__rosidl_typesupport_fastrtps_cpp
[0.570s] [ 33%] Built target line_tracking__rosidl_typesupport_introspection_c
[0.612s] [ 42%] Built target line_tracking__rosidl_typesupport_introspection_cpp
[0.613s] [ 51%] Built target line_tracking__rosidl_typesupport_cpp
[0.629s] [ 60%] Built target line_tracking__rosidl_typesupport_c
[0.691s] [ 68%] Built target line_tracking__rosidl_typesupport_fastrtps_c
[0.691s] [35m[1mConsolidate compiler generated dependencies of target line_detection[0m
[0.787s] [ 71%] [32mBuilding CXX object CMakeFiles/line_detection.dir/src/line_detection/line_detection.cpp.o[0m
[0.859s] [ 71%] Built target line_tracking
[1.023s] [ 73%] Built target line_tracking__py
[1.112s] [ 80%] Built target line_tracking__rosidl_generator_py
[1.318s] running egg_info
[1.319s] writing line_tracking.egg-info/PKG-INFO
[1.319s] writing dependency_links to line_tracking.egg-info/dependency_links.txt
[1.320s] writing top-level names to line_tracking.egg-info/top_level.txt
[1.391s] reading manifest file 'line_tracking.egg-info/SOURCES.txt'
[1.391s] writing manifest file 'line_tracking.egg-info/SOURCES.txt'
[1.391s] [ 84%] Built target line_tracking__rosidl_typesupport_c__pyext
[1.391s] [ 88%] Built target line_tracking__rosidl_typesupport_fastrtps_c__pyext
[1.455s] [ 93%] Built target line_tracking__rosidl_typesupport_introspection_c__pyext
[1.463s] [ 93%] Built target ament_cmake_python_build_line_tracking_egg
[40.874s] [ 95%] [32m[1mLinking CXX executable line_detection[0m
[44.820s] [100%] Built target line_detection
[44.855s] Invoked command in '/home/luuk/linetracking/build/line_tracking' returned '0': CMAKE_PREFIX_PATH=${CMAKE_PREFIX_PATH}:/opt/ros/humble /usr/bin/cmake --build /home/luuk/linetracking/build/line_tracking -- -j8 -l8
[45.709s] Invoking command in '/home/luuk/linetracking/build/line_tracking': CMAKE_PREFIX_PATH=${CMAKE_PREFIX_PATH}:/opt/ros/humble /usr/bin/cmake --install /home/luuk/linetracking/build/line_tracking
[45.737s] -- Install configuration: ""
[45.739s] -- Up-to-date: /home/luuk/linetracking/install/line_tracking/share/ament_index/resource_index/rosidl_interfaces/line_tracking
[45.739s] -- Up-to-date: /home/luuk/linetracking/install/line_tracking/include/line_tracking/line_tracking
[45.739s] -- Up-to-date: /home/luuk/linetracking/install/line_tracking/include/line_tracking/line_tracking/msg
[45.740s] -- Up-to-date: /home/luuk/linetracking/install/line_tracking/include/line_tracking/line_tracking/msg/detail
[45.741s] -- Up-to-date: /home/luuk/linetracking/install/line_tracking/include/line_tracking/line_tracking/msg/detail/point_blob__type_support.h
[45.742s] -- Up-to-date: /home/luuk/linetracking/install/line_tracking/include/line_tracking/line_tracking/msg/detail/point_blob__struct.h
[45.742s] -- Up-to-date: /home/luuk/linetracking/install/line_tracking/include/line_tracking/line_tracking/msg/detail/point_blob__functions.c
[45.743s] -- Up-to-date: /home/luuk/linetracking/install/line_tracking/include/line_tracking/line_tracking/msg/detail/point_array__struct.h
[45.743s] -- Up-to-date: /home/luuk/linetracking/install/line_tracking/include/line_tracking/line_tracking/msg/detail/point_array__functions.c
[45.745s] -- Up-to-date: /home/luuk/linetracking/install/line_tracking/include/line_tracking/line_tracking/msg/detail/point_blob__functions.h
[45.746s] -- Up-to-date: /home/luuk/linetracking/install/line_tracking/include/line_tracking/line_tracking/msg/detail/point_array__type_support.h
[45.746s] -- Up-to-date: /home/luuk/linetracking/install/line_tracking/include/line_tracking/line_tracking/msg/detail/point_array__functions.h
[45.747s] -- Up-to-date: /home/luuk/linetracking/install/line_tracking/include/line_tracking/line_tracking/msg/rosidl_generator_c__visibility_control.h
[45.747s] -- Up-to-date: /home/luuk/linetracking/install/line_tracking/include/line_tracking/line_tracking/msg/point_blob.h
[45.747s] -- Up-to-date: /home/luuk/linetracking/install/line_tracking/include/line_tracking/line_tracking/msg/point_array.h
[45.748s] -- Up-to-date: /home/luuk/linetracking/install/line_tracking/share/line_tracking/environment/library_path.sh
[45.748s] -- Up-to-date: /home/luuk/linetracking/install/line_tracking/share/line_tracking/environment/library_path.dsv
[45.749s] -- Up-to-date: /home/luuk/linetracking/install/line_tracking/lib/libline_tracking__rosidl_generator_c.so
[45.749s] -- Up-to-date: /home/luuk/linetracking/install/line_tracking/include/line_tracking/line_tracking
[45.749s] -- Up-to-date: /home/luuk/linetracking/install/line_tracking/include/line_tracking/line_tracking/msg
[45.749s] -- Up-to-date: /home/luuk/linetracking/install/line_tracking/include/line_tracking/line_tracking/msg/detail
[45.750s] -- Up-to-date: /home/luuk/linetracking/install/line_tracking/include/line_tracking/line_tracking/msg/detail/point_blob__rosidl_typesupport_fastrtps_c.h
[45.750s] -- Up-to-date: /home/luuk/linetracking/install/line_tracking/include/line_tracking/line_tracking/msg/detail/point_array__rosidl_typesupport_fastrtps_c.h
[45.750s] -- Up-to-date: /home/luuk/linetracking/install/line_tracking/include/line_tracking/line_tracking/msg/rosidl_typesupport_fastrtps_c__visibility_control.h
[45.750s] -- Up-to-date: /home/luuk/linetracking/install/line_tracking/lib/libline_tracking__rosidl_typesupport_fastrtps_c.so
[45.751s] -- Up-to-date: /home/luuk/linetracking/install/line_tracking/include/line_tracking/line_tracking
[45.751s] -- Up-to-date: /home/luuk/linetracking/install/line_tracking/include/line_tracking/line_tracking/msg
[45.751s] -- Up-to-date: /home/luuk/linetracking/install/line_tracking/include/line_tracking/line_tracking/msg/detail
[45.751s] -- Up-to-date: /home/luuk/linetracking/install/line_tracking/include/line_tracking/line_tracking/msg/detail/point_array__builder.hpp
[45.752s] -- Up-to-date: /home/luuk/linetracking/install/line_tracking/include/line_tracking/line_tracking/msg/detail/point_array__traits.hpp
[45.752s] -- Up-to-date: /home/luuk/linetracking/install/line_tracking/include/line_tracking/line_tracking/msg/detail/point_blob__builder.hpp
[45.752s] -- Up-to-date: /home/luuk/linetracking/install/line_tracking/include/line_tracking/line_tracking/msg/detail/point_blob__struct.hpp
[45.753s] -- Up-to-date: /home/luuk/linetracking/install/line_tracking/include/line_tracking/line_tracking/msg/detail/point_array__struct.hpp
[45.753s] -- Up-to-date: /home/luuk/linetracking/install/line_tracking/include/line_tracking/line_tracking/msg/detail/point_blob__traits.hpp
[45.753s] -- Up-to-date: /home/luuk/linetracking/install/line_tracking/include/line_tracking/line_tracking/msg/point_blob.hpp
[45.753s] -- Up-to-date: /home/luuk/linetracking/install/line_tracking/include/line_tracking/line_tracking/msg/point_array.hpp
[45.754s] -- Up-to-date: /home/luuk/linetracking/install/line_tracking/include/line_tracking/line_tracking
[45.761s] -- Up-to-date: /home/luuk/linetracking/install/line_tracking/include/line_tracking/line_tracking/msg
[45.761s] -- Up-to-date: /home/luuk/linetracking/install/line_tracking/include/line_tracking/line_tracking/msg/detail
[45.761s] -- Up-to-date: /home/luuk/linetracking/install/line_tracking/include/line_tracking/line_tracking/msg/detail/point_array__rosidl_typesupport_fastrtps_cpp.hpp
[45.762s] -- Up-to-date: /home/luuk/linetracking/install/line_tracking/include/line_tracking/line_tracking/msg/detail/point_blob__rosidl_typesupport_fastrtps_cpp.hpp
[45.762s] -- Up-to-date: /home/luuk/linetracking/install/line_tracking/include/line_tracking/line_tracking/msg/detail/dds_fastrtps
[45.762s] -- Up-to-date: /home/luuk/linetracking/install/line_tracking/include/line_tracking/line_tracking/msg/rosidl_typesupport_fastrtps_cpp__visibility_control.h
[45.763s] -- Up-to-date: /home/luuk/linetracking/install/line_tracking/lib/libline_tracking__rosidl_typesupport_fastrtps_cpp.so
[45.763s] -- Up-to-date: /home/luuk/linetracking/install/line_tracking/include/line_tracking/line_tracking
[45.763s] -- Up-to-date: /home/luuk/linetracking/install/line_tracking/include/line_tracking/line_tracking/msg
[45.763s] -- Up-to-date: /home/luuk/linetracking/install/line_tracking/include/line_tracking/line_tracking/msg/detail
[45.764s] -- Up-to-date: /home/luuk/linetracking/install/line_tracking/include/line_tracking/line_tracking/msg/detail/point_blob__rosidl_typesupport_introspection_c.h
[45.764s] -- Up-to-date: /home/luuk/linetracking/install/line_tracking/include/line_tracking/line_tracking/msg/detail/point_array__type_support.c
[45.765s] -- Up-to-date: /home/luuk/linetracking/install/line_tracking/include/line_tracking/line_tracking/msg/detail/point_array__rosidl_typesupport_introspection_c.h
[45.765s] -- Up-to-date: /home/luuk/linetracking/install/line_tracking/include/line_tracking/line_tracking/msg/detail/point_blob__type_support.c
[45.765s] -- Up-to-date: /home/luuk/linetracking/install/line_tracking/include/line_tracking/line_tracking/msg/rosidl_typesupport_introspection_c__visibility_control.h
[45.765s] -- Up-to-date: /home/luuk/linetracking/install/line_tracking/lib/libline_tracking__rosidl_typesupport_introspection_c.so
[45.767s] -- Up-to-date: /home/luuk/linetracking/install/line_tracking/lib/libline_tracking__rosidl_typesupport_c.so
[45.767s] -- Up-to-date: /home/luuk/linetracking/install/line_tracking/include/line_tracking/line_tracking
[45.767s] -- Up-to-date: /home/luuk/linetracking/install/line_tracking/include/line_tracking/line_tracking/msg
[45.768s] -- Up-to-date: /home/luuk/linetracking/install/line_tracking/include/line_tracking/line_tracking/msg/detail
[45.768s] -- Up-to-date: /home/luuk/linetracking/install/line_tracking/include/line_tracking/line_tracking/msg/detail/point_array__rosidl_typesupport_introspection_cpp.hpp
[45.768s] -- Up-to-date: /home/luuk/linetracking/install/line_tracking/include/line_tracking/line_tracking/msg/detail/point_array__type_support.cpp
[45.769s] -- Up-to-date: /home/luuk/linetracking/install/line_tracking/include/line_tracking/line_tracking/msg/detail/point_blob__type_support.cpp
[45.769s] -- Up-to-date: /home/luuk/linetracking/install/line_tracking/include/line_tracking/line_tracking/msg/detail/point_blob__rosidl_typesupport_introspection_cpp.hpp
[45.769s] -- Up-to-date: /home/luuk/linetracking/install/line_tracking/lib/libline_tracking__rosidl_typesupport_introspection_cpp.so
[45.769s] -- Up-to-date: /home/luuk/linetracking/install/line_tracking/lib/libline_tracking__rosidl_typesupport_cpp.so
[45.770s] -- Up-to-date: /home/luuk/linetracking/install/line_tracking/share/line_tracking/environment/pythonpath.sh
[45.770s] -- Up-to-date: /home/luuk/linetracking/install/line_tracking/share/line_tracking/environment/pythonpath.dsv
[45.770s] -- Up-to-date: /home/luuk/linetracking/install/line_tracking/local/lib/python3.10/dist-packages/line_tracking-0.0.0-py3.10.egg-info
[45.770s] -- Installing: /home/luuk/linetracking/install/line_tracking/local/lib/python3.10/dist-packages/line_tracking-0.0.0-py3.10.egg-info/dependency_links.txt
[45.771s] -- Installing: /home/luuk/linetracking/install/line_tracking/local/lib/python3.10/dist-packages/line_tracking-0.0.0-py3.10.egg-info/PKG-INFO
[45.771s] -- Installing: /home/luuk/linetracking/install/line_tracking/local/lib/python3.10/dist-packages/line_tracking-0.0.0-py3.10.egg-info/SOURCES.txt
[45.771s] -- Installing: /home/luuk/linetracking/install/line_tracking/local/lib/python3.10/dist-packages/line_tracking-0.0.0-py3.10.egg-info/top_level.txt
[45.771s] -- Up-to-date: /home/luuk/linetracking/install/line_tracking/local/lib/python3.10/dist-packages/line_tracking
[45.772s] -- Up-to-date: /home/luuk/linetracking/install/line_tracking/local/lib/python3.10/dist-packages/line_tracking/line_tracking_s__rosidl_typesupport_introspection_c.cpython-310-x86_64-linux-gnu.so
[45.772s] -- Up-to-date: /home/luuk/linetracking/install/line_tracking/local/lib/python3.10/dist-packages/line_tracking/line_tracking_s__rosidl_typesupport_fastrtps_c.cpython-310-x86_64-linux-gnu.so
[45.772s] -- Up-to-date: /home/luuk/linetracking/install/line_tracking/local/lib/python3.10/dist-packages/line_tracking/__init__.py
[45.772s] -- Up-to-date: /home/luuk/linetracking/install/line_tracking/local/lib/python3.10/dist-packages/line_tracking/line_tracking_s__rosidl_typesupport_c.cpython-310-x86_64-linux-gnu.so
[45.773s] -- Up-to-date: /home/luuk/linetracking/install/line_tracking/local/lib/python3.10/dist-packages/line_tracking/_line_tracking_s.ep.rosidl_typesupport_fastrtps_c.c
[45.773s] -- Up-to-date: /home/luuk/linetracking/install/line_tracking/local/lib/python3.10/dist-packages/line_tracking/_line_tracking_s.ep.rosidl_typesupport_c.c
[45.773s] -- Up-to-date: /home/luuk/linetracking/install/line_tracking/local/lib/python3.10/dist-packages/line_tracking/libline_tracking__rosidl_generator_py.so
[45.773s] -- Up-to-date: /home/luuk/linetracking/install/line_tracking/local/lib/python3.10/dist-packages/line_tracking/_line_tracking_s.ep.rosidl_typesupport_introspection_c.c
[45.774s] -- Up-to-date: /home/luuk/linetracking/install/line_tracking/local/lib/python3.10/dist-packages/line_tracking/msg
[45.774s] -- Up-to-date: /home/luuk/linetracking/install/line_tracking/local/lib/python3.10/dist-packages/line_tracking/msg/__init__.py
[45.774s] -- Up-to-date: /home/luuk/linetracking/install/line_tracking/local/lib/python3.10/dist-packages/line_tracking/msg/_point_array.py
[45.774s] -- Up-to-date: /home/luuk/linetracking/install/line_tracking/local/lib/python3.10/dist-packages/line_tracking/msg/_point_array_s.c
[45.775s] -- Up-to-date: /home/luuk/linetracking/install/line_tracking/local/lib/python3.10/dist-packages/line_tracking/msg/_point_blob_s.c
[45.775s] -- Up-to-date: /home/luuk/linetracking/install/line_tracking/local/lib/python3.10/dist-packages/line_tracking/msg/_point_blob.py
[45.885s] Listing '/home/luuk/linetracking/install/line_tracking/local/lib/python3.10/dist-packages/line_tracking'...
[45.886s] Listing '/home/luuk/linetracking/install/line_tracking/local/lib/python3.10/dist-packages/line_tracking/msg'...
[45.896s] -- Up-to-date: /home/luuk/linetracking/install/line_tracking/local/lib/python3.10/dist-packages/line_tracking/line_tracking_s__rosidl_typesupport_fastrtps_c.cpython-310-x86_64-linux-gnu.so
[45.898s] -- Up-to-date: /home/luuk/linetracking/install/line_tracking/local/lib/python3.10/dist-packages/line_tracking/line_tracking_s__rosidl_typesupport_introspection_c.cpython-310-x86_64-linux-gnu.so
[45.900s] -- Up-to-date: /home/luuk/linetracking/install/line_tracking/local/lib/python3.10/dist-packages/line_tracking/line_tracking_s__rosidl_typesupport_c.cpython-310-x86_64-linux-gnu.so
[45.901s] -- Up-to-date: /home/luuk/linetracking/install/line_tracking/lib/libline_tracking__rosidl_generator_py.so
[45.902s] -- Up-to-date: /home/luuk/linetracking/install/line_tracking/share/line_tracking/msg/PointBlob.idl
[45.903s] -- Up-to-date: /home/luuk/linetracking/install/line_tracking/share/line_tracking/msg/PointArray.idl
[45.903s] -- Up-to-date: /home/luuk/linetracking/install/line_tracking/share/line_tracking/msg/PointBlob.msg
[45.903s] -- Up-to-date: /home/luuk/linetracking/install/line_tracking/share/line_tracking/msg/PointArray.msg
[45.904s] -- Up-to-date: /home/luuk/linetracking/install/line_tracking/lib/line_tracking/compressed_viewer
[45.906s] -- Installing: /home/luuk/linetracking/install/line_tracking/lib/line_tracking/line_detection
[45.937s] -- Set runtime path of "/home/luuk/linetracking/install/line_tracking/lib/line_tracking/line_detection" to ""
[45.937s] -- Up-to-date: /home/luuk/linetracking/install/line_tracking/share/ament_index/resource_index/package_run_dependencies/line_tracking
[45.938s] -- Up-to-date: /home/luuk/linetracking/install/line_tracking/share/ament_index/resource_index/parent_prefix_path/line_tracking
[45.938s] -- Up-to-date: /home/luuk/linetracking/install/line_tracking/share/line_tracking/environment/ament_prefix_path.sh
[45.939s] -- Up-to-date: /home/luuk/linetracking/install/line_tracking/share/line_tracking/environment/ament_prefix_path.dsv
[45.939s] -- Up-to-date: /home/luuk/linetracking/install/line_tracking/share/line_tracking/environment/path.sh
[45.939s] -- Up-to-date: /home/luuk/linetracking/install/line_tracking/share/line_tracking/environment/path.dsv
[45.944s] -- Up-to-date: /home/luuk/linetracking/install/line_tracking/share/line_tracking/local_setup.bash
[45.944s] -- Up-to-date: /home/luuk/linetracking/install/line_tracking/share/line_tracking/local_setup.sh
[45.944s] -- Up-to-date: /home/luuk/linetracking/install/line_tracking/share/line_tracking/local_setup.zsh
[45.945s] -- Up-to-date: /home/luuk/linetracking/install/line_tracking/share/line_tracking/local_setup.dsv
[45.945s] -- Installing: /home/luuk/linetracking/install/line_tracking/share/line_tracking/package.dsv
[45.945s] -- Up-to-date: /home/luuk/linetracking/install/line_tracking/share/ament_index/resource_index/packages/line_tracking
[45.946s] -- Up-to-date: /home/luuk/linetracking/install/line_tracking/share/line_tracking/cmake/export_line_tracking__rosidl_generator_cExport.cmake
[45.947s] -- Up-to-date: /home/luuk/linetracking/install/line_tracking/share/line_tracking/cmake/export_line_tracking__rosidl_generator_cExport-noconfig.cmake
[45.950s] -- Up-to-date: /home/luuk/linetracking/install/line_tracking/share/line_tracking/cmake/export_line_tracking__rosidl_typesupport_fastrtps_cExport.cmake
[45.952s] -- Up-to-date: /home/luuk/linetracking/install/line_tracking/share/line_tracking/cmake/export_line_tracking__rosidl_typesupport_fastrtps_cExport-noconfig.cmake
[45.953s] -- Up-to-date: /home/luuk/linetracking/install/line_tracking/share/line_tracking/cmake/export_line_tracking__rosidl_generator_cppExport.cmake
[45.953s] -- Up-to-date: /home/luuk/linetracking/install/line_tracking/share/line_tracking/cmake/export_line_tracking__rosidl_typesupport_fastrtps_cppExport.cmake
[45.956s] -- Up-to-date: /home/luuk/linetracking/install/line_tracking/share/line_tracking/cmake/export_line_tracking__rosidl_typesupport_fastrtps_cppExport-noconfig.cmake
[45.960s] -- Up-to-date: /home/luuk/linetracking/install/line_tracking/share/line_tracking/cmake/line_tracking__rosidl_typesupport_introspection_cExport.cmake
[45.960s] -- Up-to-date: /home/luuk/linetracking/install/line_tracking/share/line_tracking/cmake/line_tracking__rosidl_typesupport_introspection_cExport-noconfig.cmake
[45.961s] -- Up-to-date: /home/luuk/linetracking/install/line_tracking/share/line_tracking/cmake/line_tracking__rosidl_typesupport_cExport.cmake
[45.962s] -- Up-to-date: /home/luuk/linetracking/install/line_tracking/share/line_tracking/cmake/line_tracking__rosidl_typesupport_cExport-noconfig.cmake
[45.962s] -- Up-to-date: /home/luuk/linetracking/install/line_tracking/share/line_tracking/cmake/line_tracking__rosidl_typesupport_introspection_cppExport.cmake
[45.963s] -- Up-to-date: /home/luuk/linetracking/install/line_tracking/share/line_tracking/cmake/line_tracking__rosidl_typesupport_introspection_cppExport-noconfig.cmake
[45.964s] -- Up-to-date: /home/luuk/linetracking/install/line_tracking/share/line_tracking/cmake/line_tracking__rosidl_typesupport_cppExport.cmake
[45.965s] -- Up-to-date: /home/luuk/linetracking/install/line_tracking/share/line_tracking/cmake/line_tracking__rosidl_typesupport_cppExport-noconfig.cmake
[45.965s] -- Up-to-date: /home/luuk/linetracking/install/line_tracking/share/line_tracking/cmake/export_line_tracking__rosidl_generator_pyExport.cmake
[45.966s] -- Up-to-date: /home/luuk/linetracking/install/line_tracking/share/line_tracking/cmake/export_line_tracking__rosidl_generator_pyExport-noconfig.cmake
[45.968s] -- Up-to-date: /home/luuk/linetracking/install/line_tracking/share/line_tracking/cmake/rosidl_cmake-extras.cmake
[45.969s] -- Up-to-date: /home/luuk/linetracking/install/line_tracking/share/line_tracking/cmake/ament_cmake_export_dependencies-extras.cmake
[45.969s] -- Up-to-date: /home/luuk/linetracking/install/line_tracking/share/line_tracking/cmake/ament_cmake_export_include_directories-extras.cmake
[45.970s] -- Up-to-date: /home/luuk/linetracking/install/line_tracking/share/line_tracking/cmake/ament_cmake_export_libraries-extras.cmake
[45.970s] -- Up-to-date: /home/luuk/linetracking/install/line_tracking/share/line_tracking/cmake/ament_cmake_export_targets-extras.cmake
[45.970s] -- Up-to-date: /home/luuk/linetracking/install/line_tracking/share/line_tracking/cmake/rosidl_cmake_export_typesupport_targets-extras.cmake
[45.971s] -- Up-to-date: /home/luuk/linetracking/install/line_tracking/share/line_tracking/cmake/rosidl_cmake_export_typesupport_libraries-extras.cmake
[45.978s] -- Up-to-date: /home/luuk/linetracking/install/line_tracking/share/line_tracking/cmake/line_trackingConfig.cmake
[45.983s] -- Up-to-date: /home/luuk/linetracking/install/line_tracking/share/line_tracking/cmake/line_trackingConfig-version.cmake
[45.984s] -- Up-to-date: /home/luuk/linetracking/install/line_tracking/share/line_tracking/package.xml
[45.984s] Invoked command in '/home/luuk/linetracking/build/line_tracking' returned '0': CMAKE_PREFIX_PATH=${CMAKE_PREFIX_PATH}:/opt/ros/humble /usr/bin/cmake --install /home/luuk/linetracking/build/line_tracking
