[0.081s] Invoking command in '/home/luuk/linetracking/build/line_tracking': CMAKE_PREFIX_PATH=${CMAKE_PREFIX_PATH}:/opt/ros/humble /usr/bin/cmake --build /home/luuk/linetracking/build/line_tracking -- -j8 -l8
[0.363s] [35m[1mConsolidate compiler generated dependencies of target line_detection[0m
[0.480s] [ 40%] Built target compressed_viewer
[0.496s] [ 60%] [32mBuilding CXX object CMakeFiles/line_detection.dir/src/line_detection/line_detection.cpp.o[0m
[43.757s] [ 80%] [32m[1mLinking CXX executable line_detection[0m
[47.232s] [100%] Built target line_detection
[47.277s] Invoked command in '/home/luuk/linetracking/build/line_tracking' returned '0': CMAKE_PREFIX_PATH=${CMAKE_PREFIX_PATH}:/opt/ros/humble /usr/bin/cmake --build /home/luuk/linetracking/build/line_tracking -- -j8 -l8
[47.526s] Invoking command in '/home/luuk/linetracking/build/line_tracking': CMAKE_PREFIX_PATH=${CMAKE_PREFIX_PATH}:/opt/ros/humble /usr/bin/cmake --install /home/luuk/linetracking/build/line_tracking
[47.558s] -- Install configuration: ""
[47.559s] -- Up-to-date: /home/luuk/linetracking/install/line_tracking/lib/line_tracking/compressed_viewer
[47.562s] -- Installing: /home/luuk/linetracking/install/line_tracking/lib/line_tracking/line_detection
[47.607s] -- Set runtime path of "/home/luuk/linetracking/install/line_tracking/lib/line_tracking/line_detection" to ""
[47.608s] -- Up-to-date: /home/luuk/linetracking/install/line_tracking/share/ament_index/resource_index/package_run_dependencies/line_tracking
[47.608s] -- Up-to-date: /home/luuk/linetracking/install/line_tracking/share/ament_index/resource_index/parent_prefix_path/line_tracking
[47.608s] -- Up-to-date: /home/luuk/linetracking/install/line_tracking/share/line_tracking/environment/ament_prefix_path.sh
[47.608s] -- Up-to-date: /home/luuk/linetracking/install/line_tracking/share/line_tracking/environment/ament_prefix_path.dsv
[47.608s] -- Up-to-date: /home/luuk/linetracking/install/line_tracking/share/line_tracking/environment/path.sh
[47.609s] -- Up-to-date: /home/luuk/linetracking/install/line_tracking/share/line_tracking/environment/path.dsv
[47.609s] -- Up-to-date: /home/luuk/linetracking/install/line_tracking/share/line_tracking/local_setup.bash
[47.610s] -- Up-to-date: /home/luuk/linetracking/install/line_tracking/share/line_tracking/local_setup.sh
[47.611s] -- Up-to-date: /home/luuk/linetracking/install/line_tracking/share/line_tracking/local_setup.zsh
[47.612s] -- Up-to-date: /home/luuk/linetracking/install/line_tracking/share/line_tracking/local_setup.dsv
[47.614s] -- Installing: /home/luuk/linetracking/install/line_tracking/share/line_tracking/package.dsv
[47.619s] -- Up-to-date: /home/luuk/linetracking/install/line_tracking/share/ament_index/resource_index/packages/line_tracking
[47.622s] -- Up-to-date: /home/luuk/linetracking/install/line_tracking/share/line_tracking/cmake/line_trackingConfig.cmake
[47.625s] -- Up-to-date: /home/luuk/linetracking/install/line_tracking/share/line_tracking/cmake/line_trackingConfig-version.cmake
[47.625s] -- Up-to-date: /home/luuk/linetracking/install/line_tracking/share/line_tracking/package.xml
[47.626s] Invoked command in '/home/luuk/linetracking/build/line_tracking' returned '0': CMAKE_PREFIX_PATH=${CMAKE_PREFIX_PATH}:/opt/ros/humble /usr/bin/cmake --install /home/luuk/linetracking/build/line_tracking
