[0.059s] Invoking command in '/home/luuk/linetracking/build/line_tracking': CMAKE_PREFIX_PATH=${CMAKE_PREFIX_PATH}:/opt/ros/humble /usr/bin/cmake --build /home/luuk/linetracking/build/line_tracking -- -j8 -l8
[0.198s] [35m[1mConsolidate compiler generated dependencies of target line_detection[0m
[0.260s] [ 40%] Built target compressed_viewer
[0.281s] [ 60%] [32mBuilding CXX object CMakeFiles/line_detection.dir/src/line_detection/param_parser.cpp.o[0m
[3.716s] [ 80%] [32m[1mLinking CXX executable line_detection[0m
[6.027s] [100%] Built target line_detection
[6.064s] Invoked command in '/home/luuk/linetracking/build/line_tracking' returned '0': CMAKE_PREFIX_PATH=${CMAKE_PREFIX_PATH}:/opt/ros/humble /usr/bin/cmake --build /home/luuk/linetracking/build/line_tracking -- -j8 -l8
[6.280s] Invoking command in '/home/luuk/linetracking/build/line_tracking': CMAKE_PREFIX_PATH=${CMAKE_PREFIX_PATH}:/opt/ros/humble /usr/bin/cmake --install /home/luuk/linetracking/build/line_tracking
[6.306s] -- Install configuration: ""
[6.308s] -- Up-to-date: /home/luuk/linetracking/install/line_tracking/lib/line_tracking/compressed_viewer
[6.310s] -- Installing: /home/luuk/linetracking/install/line_tracking/lib/line_tracking/line_detection
[6.341s] -- Set runtime path of "/home/luuk/linetracking/install/line_tracking/lib/line_tracking/line_detection" to ""
[6.341s] -- Up-to-date: /home/luuk/linetracking/install/line_tracking/share/ament_index/resource_index/package_run_dependencies/line_tracking
[6.342s] -- Up-to-date: /home/luuk/linetracking/install/line_tracking/share/ament_index/resource_index/parent_prefix_path/line_tracking
[6.342s] -- Up-to-date: /home/luuk/linetracking/install/line_tracking/share/line_tracking/environment/ament_prefix_path.sh
[6.343s] -- Up-to-date: /home/luuk/linetracking/install/line_tracking/share/line_tracking/environment/ament_prefix_path.dsv
[6.343s] -- Up-to-date: /home/luuk/linetracking/install/line_tracking/share/line_tracking/environment/path.sh
[6.344s] -- Up-to-date: /home/luuk/linetracking/install/line_tracking/share/line_tracking/environment/path.dsv
[6.344s] -- Up-to-date: /home/luuk/linetracking/install/line_tracking/share/line_tracking/local_setup.bash
[6.344s] -- Up-to-date: /home/luuk/linetracking/install/line_tracking/share/line_tracking/local_setup.sh
[6.344s] -- Up-to-date: /home/luuk/linetracking/install/line_tracking/share/line_tracking/local_setup.zsh
[6.344s] -- Up-to-date: /home/luuk/linetracking/install/line_tracking/share/line_tracking/local_setup.dsv
[6.344s] -- Installing: /home/luuk/linetracking/install/line_tracking/share/line_tracking/package.dsv
[6.345s] -- Up-to-date: /home/luuk/linetracking/install/line_tracking/share/ament_index/resource_index/packages/line_tracking
[6.346s] -- Up-to-date: /home/luuk/linetracking/install/line_tracking/share/line_tracking/cmake/line_trackingConfig.cmake
[6.346s] -- Up-to-date: /home/luuk/linetracking/install/line_tracking/share/line_tracking/cmake/line_trackingConfig-version.cmake
[6.346s] -- Up-to-date: /home/luuk/linetracking/install/line_tracking/share/line_tracking/package.xml
[6.350s] Invoked command in '/home/luuk/linetracking/build/line_tracking' returned '0': CMAKE_PREFIX_PATH=${CMAKE_PREFIX_PATH}:/opt/ros/humble /usr/bin/cmake --install /home/luuk/linetracking/build/line_tracking
