[0.153s] Invoking command in '/home/luuk/linetracking/build/line_tracking': CMAKE_PREFIX_PATH=/opt/ros/humble /usr/bin/cmake --build /home/luuk/linetracking/build/line_tracking -- -j8 -l8
[1.034s] [35m[1mConsolidate compiler generated dependencies of target compressed_viewer[0m
[1.044s] [35m[1mConsolidate compiler generated dependencies of target line_detection[0m
[1.260s] [ 25%] [32mBuilding CXX object CMakeFiles/line_detection.dir/src/line_detection/line_detection.cpp.o[0m
[1.268s] [ 75%] Built target compressed_viewer
[33.909s] [100%] [32m[1mLinking CXX executable line_detection[0m
[38.071s] [100%] Built target line_detection
[38.124s] Invoked command in '/home/luuk/linetracking/build/line_tracking' returned '0': CMAKE_PREFIX_PATH=/opt/ros/humble /usr/bin/cmake --build /home/luuk/linetracking/build/line_tracking -- -j8 -l8
[38.356s] Invoking command in '/home/luuk/linetracking/build/line_tracking': CMAKE_PREFIX_PATH=/opt/ros/humble /usr/bin/cmake --install /home/luuk/linetracking/build/line_tracking
[38.395s] -- Install configuration: ""
[38.415s] -- Up-to-date: /home/luuk/linetracking/install/line_tracking/lib/line_tracking/compressed_viewer
[38.426s] -- Installing: /home/luuk/linetracking/install/line_tracking/lib/line_tracking/line_detection
[38.940s] -- Set runtime path of "/home/luuk/linetracking/install/line_tracking/lib/line_tracking/line_detection" to ""
[38.940s] -- Up-to-date: /home/luuk/linetracking/install/line_tracking/share/ament_index/resource_index/package_run_dependencies/line_tracking
[38.940s] -- Up-to-date: /home/luuk/linetracking/install/line_tracking/share/ament_index/resource_index/parent_prefix_path/line_tracking
[38.941s] -- Up-to-date: /home/luuk/linetracking/install/line_tracking/share/line_tracking/environment/ament_prefix_path.sh
[38.941s] -- Up-to-date: /home/luuk/linetracking/install/line_tracking/share/line_tracking/environment/ament_prefix_path.dsv
[38.943s] -- Up-to-date: /home/luuk/linetracking/install/line_tracking/share/line_tracking/environment/path.sh
[38.943s] -- Up-to-date: /home/luuk/linetracking/install/line_tracking/share/line_tracking/environment/path.dsv
[38.944s] -- Up-to-date: /home/luuk/linetracking/install/line_tracking/share/line_tracking/local_setup.bash
[38.946s] -- Up-to-date: /home/luuk/linetracking/install/line_tracking/share/line_tracking/local_setup.sh
[38.946s] -- Up-to-date: /home/luuk/linetracking/install/line_tracking/share/line_tracking/local_setup.zsh
[38.946s] -- Up-to-date: /home/luuk/linetracking/install/line_tracking/share/line_tracking/local_setup.dsv
[38.947s] -- Installing: /home/luuk/linetracking/install/line_tracking/share/line_tracking/package.dsv
[38.948s] -- Up-to-date: /home/luuk/linetracking/install/line_tracking/share/ament_index/resource_index/packages/line_tracking
[38.949s] -- Up-to-date: /home/luuk/linetracking/install/line_tracking/share/line_tracking/cmake/line_trackingConfig.cmake
[38.950s] -- Up-to-date: /home/luuk/linetracking/install/line_tracking/share/line_tracking/cmake/line_trackingConfig-version.cmake
[38.951s] -- Up-to-date: /home/luuk/linetracking/install/line_tracking/share/line_tracking/package.xml
[38.961s] Invoked command in '/home/luuk/linetracking/build/line_tracking' returned '0': CMAKE_PREFIX_PATH=/opt/ros/humble /usr/bin/cmake --install /home/luuk/linetracking/build/line_tracking
