-- Found ament_cmake: 1.3.5 (/opt/ros/humble/share/ament_cmake/cmake)
-- Found rclcpp: 16.0.5 (/opt/ros/humble/share/rclcpp/cmake)
-- Found rosidl_generator_c: 3.1.5 (/opt/ros/humble/share/rosidl_generator_c/cmake)
-- Found rosidl_adapter: 3.1.5 (/opt/ros/humble/share/rosidl_adapter/cmake)
-- Found rosidl_generator_cpp: 3.1.5 (/opt/ros/humble/share/rosidl_generator_cpp/cmake)
-- Using all available rosidl_typesupport_c: rosidl_typesupport_fastrtps_c;rosidl_typesupport_introspection_c
-- Using all available rosidl_typesupport_cpp: rosidl_typesupport_fastrtps_cpp;rosidl_typesupport_introspection_cpp
-- Found rmw_implementation_cmake: 6.1.1 (/opt/ros/humble/share/rmw_implementation_cmake/cmake)
-- Found rmw_fastrtps_cpp: 6.2.3 (/opt/ros/humble/share/rmw_fastrtps_cpp/cmake)
-- Using RMW implementation 'rmw_fastrtps_cpp' as default
-- Found sensor_msgs: 4.2.3 (/opt/ros/humble/share/sensor_msgs/cmake)
-- Found cv_bridge: 3.2.1 (/opt/ros/humble/share/cv_bridge/cmake)
-- Configuring done
-- Generating done
-- Build files have been written to: /home/luuk/linetracking/build/line_tracking
[35m[1mConsolidate compiler generated dependencies of target compressed_viewer[0m
[35m[1mConsolidate compiler generated dependencies of target line_detection[0m
[ 16%] [32mBuilding CXX object CMakeFiles/compressed_viewer.dir/src/compress_viewer/compressed_viewer.cpp.o[0m
[ 33%] [32mBuilding CXX object CMakeFiles/line_detection.dir/src/line_detection/param_parser.cpp.o[0m
[ 50%] [32mBuilding CXX object CMakeFiles/line_detection.dir/src/line_detection/vision_process.cpp.o[0m
[ 66%] [32mBuilding CXX object CMakeFiles/line_detection.dir/src/line_detection/line_detection.cpp.o[0m
[01m[K/home/luuk/linetracking/src/line_detection/vision_process.cpp:[m[K In member function ‘[01m[Kstd::vector<float> VisionProcess::Decode(cv_bridge::CvImagePtr)[m[K’:
[01m[K/home/luuk/linetracking/src/line_detection/vision_process.cpp:28:1:[m[K [01;35m[Kwarning: [m[Kno return statement in function returning non-void [[01;35m[K]8;;https://gcc.gnu.org/onlinedocs/gcc/Warning-Options.html#index-Wreturn-type-Wreturn-type]8;;[m[K]
   28 | [01;35m[K}[m[K
      | [01;35m[K^[m[K
[ 83%] [32m[1mLinking CXX executable compressed_viewer[0m
[ 83%] Built target compressed_viewer
[100%] [32m[1mLinking CXX executable line_detection[0m
/usr/bin/ld: CMakeFiles/line_detection.dir/src/line_detection/param_parser.cpp.o: warning: relocation against `_ZTVN4YAML11InvalidNodeE' in read-only section `.text._ZN4YAML11InvalidNodeC2ERKNSt7__cxx1112basic_stringIcSt11char_traitsIcESaIcEEE[_ZN4YAML11InvalidNodeC5ERKNSt7__cxx1112basic_stringIcSt11char_traitsIcESaIcEEE]'
/usr/bin/ld: CMakeFiles/line_detection.dir/src/line_detection/line_detection.cpp.o: in function `LineDetection::LineDetection()':
line_detection.cpp:(.text._ZN13LineDetectionC2Ev[_ZN13LineDetectionC5Ev]+0x784): undefined reference to `VisionProcess::VisionProcess(NodeConfig*)'
/usr/bin/ld: CMakeFiles/line_detection.dir/src/line_detection/param_parser.cpp.o: in function `ParamParser::Parse()':
param_parser.cpp:(.text+0x59): undefined reference to `YAML::LoadFile(std::__cxx11::basic_string<char, std::char_traits<char>, std::allocator<char> > const&)'
/usr/bin/ld: CMakeFiles/line_detection.dir/src/line_detection/param_parser.cpp.o: in function `YAML::Exception::Exception(YAML::Mark const&, std::__cxx11::basic_string<char, std::char_traits<char>, std::allocator<char> > const&)':
param_parser.cpp:(.text._ZN4YAML9ExceptionC2ERKNS_4MarkERKNSt7__cxx1112basic_stringIcSt11char_traitsIcESaIcEEE[_ZN4YAML9ExceptionC5ERKNS_4MarkERKNSt7__cxx1112basic_stringIcSt11char_traitsIcESaIcEEE]+0x61): undefined reference to `vtable for YAML::Exception'
/usr/bin/ld: CMakeFiles/line_detection.dir/src/line_detection/param_parser.cpp.o: in function `YAML::RepresentationException::RepresentationException(YAML::Mark const&, std::__cxx11::basic_string<char, std::char_traits<char>, std::allocator<char> > const&)':
param_parser.cpp:(.text._ZN4YAML23RepresentationExceptionC2ERKNS_4MarkERKNSt7__cxx1112basic_stringIcSt11char_traitsIcESaIcEEE[_ZN4YAML23RepresentationExceptionC5ERKNS_4MarkERKNSt7__cxx1112basic_stringIcSt11char_traitsIcESaIcEEE]+0x32): undefined reference to `vtable for YAML::RepresentationException'
/usr/bin/ld: CMakeFiles/line_detection.dir/src/line_detection/param_parser.cpp.o: in function `YAML::InvalidNode::InvalidNode(std::__cxx11::basic_string<char, std::char_traits<char>, std::allocator<char> > const&)':
param_parser.cpp:(.text._ZN4YAML11InvalidNodeC2ERKNSt7__cxx1112basic_stringIcSt11char_traitsIcESaIcEEE[_ZN4YAML11InvalidNodeC5ERKNSt7__cxx1112basic_stringIcSt11char_traitsIcESaIcEEE]+0x71): undefined reference to `vtable for YAML::InvalidNode'
/usr/bin/ld: CMakeFiles/line_detection.dir/src/line_detection/param_parser.cpp.o: in function `YAML::BadConversion::BadConversion(YAML::Mark const&)':
param_parser.cpp:(.text._ZN4YAML13BadConversionC2ERKNS_4MarkE[_ZN4YAML13BadConversionC5ERKNS_4MarkE]+0x7c): undefined reference to `vtable for YAML::BadConversion'
/usr/bin/ld: CMakeFiles/line_detection.dir/src/line_detection/param_parser.cpp.o: in function `YAML::detail::memory_holder::create_node()':
param_parser.cpp:(.text._ZN4YAML6detail13memory_holder11create_nodeEv[_ZN4YAML6detail13memory_holder11create_nodeEv]+0x20): undefined reference to `YAML::detail::memory::create_node()'
/usr/bin/ld: CMakeFiles/line_detection.dir/src/line_detection/param_parser.cpp.o: in function `YAML::detail::node_ref::mark_defined()':
param_parser.cpp:(.text._ZN4YAML6detail8node_ref12mark_definedEv[_ZN4YAML6detail8node_ref12mark_definedEv]+0x20): undefined reference to `YAML::detail::node_data::mark_defined()'
/usr/bin/ld: CMakeFiles/line_detection.dir/src/line_detection/param_parser.cpp.o: in function `YAML::detail::node_ref::set_null()':
param_parser.cpp:(.text._ZN4YAML6detail8node_ref8set_nullEv[_ZN4YAML6detail8node_ref8set_nullEv]+0x20): undefined reference to `YAML::detail::node_data::set_null()'
/usr/bin/ld: CMakeFiles/line_detection.dir/src/line_detection/param_parser.cpp.o: in function `YAML::detail::node_ref::set_scalar(std::__cxx11::basic_string<char, std::char_traits<char>, std::allocator<char> > const&)':
param_parser.cpp:(.text._ZN4YAML6detail8node_ref10set_scalarERKNSt7__cxx1112basic_stringIcSt11char_traitsIcESaIcEEE[_ZN4YAML6detail8node_ref10set_scalarERKNSt7__cxx1112basic_stringIcSt11char_traitsIcESaIcEEE]+0x2e): undefined reference to `YAML::detail::node_data::set_scalar(std::__cxx11::basic_string<char, std::char_traits<char>, std::allocator<char> > const&)'
/usr/bin/ld: CMakeFiles/line_detection.dir/src/line_detection/param_parser.cpp.o: in function `YAML::detail::node_ref::begin()':
param_parser.cpp:(.text._ZN4YAML6detail8node_ref5beginEv[_ZN4YAML6detail8node_ref5beginEv]+0x3d): undefined reference to `YAML::detail::node_data::begin()'
/usr/bin/ld: CMakeFiles/line_detection.dir/src/line_detection/param_parser.cpp.o: in function `YAML::detail::node_ref::end()':
param_parser.cpp:(.text._ZN4YAML6detail8node_ref3endEv[_ZN4YAML6detail8node_ref3endEv]+0x3d): undefined reference to `YAML::detail::node_data::end()'
/usr/bin/ld: CMakeFiles/line_detection.dir/src/line_detection/param_parser.cpp.o: in function `YAML::Node::EnsureNodeExists() const':
param_parser.cpp:(.text._ZNK4YAML4Node16EnsureNodeExistsEv[_ZNK4YAML4Node16EnsureNodeExistsEv]+0x44): undefined reference to `YAML::InvalidNode::~InvalidNode()'
/usr/bin/ld: param_parser.cpp:(.text._ZNK4YAML4Node16EnsureNodeExistsEv[_ZNK4YAML4Node16EnsureNodeExistsEv]+0x4e): undefined reference to `typeinfo for YAML::InvalidNode'
/usr/bin/ld: CMakeFiles/line_detection.dir/src/line_detection/param_parser.cpp.o: in function `YAML::Node::Mark() const':
param_parser.cpp:(.text._ZNK4YAML4Node4MarkEv[_ZNK4YAML4Node4MarkEv]+0x44): undefined reference to `YAML::InvalidNode::~InvalidNode()'
/usr/bin/ld: param_parser.cpp:(.text._ZNK4YAML4Node4MarkEv[_ZNK4YAML4Node4MarkEv]+0x4e): undefined reference to `typeinfo for YAML::InvalidNode'
/usr/bin/ld: CMakeFiles/line_detection.dir/src/line_detection/param_parser.cpp.o: in function `YAML::Node::Type() const':
param_parser.cpp:(.text._ZNK4YAML4Node4TypeEv[_ZNK4YAML4Node4TypeEv]+0x44): undefined reference to `YAML::InvalidNode::~InvalidNode()'
/usr/bin/ld: param_parser.cpp:(.text._ZNK4YAML4Node4TypeEv[_ZNK4YAML4Node4TypeEv]+0x4e): undefined reference to `typeinfo for YAML::InvalidNode'
/usr/bin/ld: CMakeFiles/line_detection.dir/src/line_detection/param_parser.cpp.o: in function `YAML::Node::Scalar[abi:cxx11]() const':
param_parser.cpp:(.text._ZNK4YAML4Node6ScalarB5cxx11Ev[_ZNK4YAML4Node6ScalarB5cxx11Ev]+0x44): undefined reference to `YAML::InvalidNode::~InvalidNode()'
/usr/bin/ld: param_parser.cpp:(.text._ZNK4YAML4Node6ScalarB5cxx11Ev[_ZNK4YAML4Node6ScalarB5cxx11Ev]+0x4e): undefined reference to `typeinfo for YAML::InvalidNode'
/usr/bin/ld: param_parser.cpp:(.text._ZNK4YAML4Node6ScalarB5cxx11Ev[_ZNK4YAML4Node6ScalarB5cxx11Ev]+0x7d): undefined reference to `YAML::detail::node_data::empty_scalar[abi:cxx11]()'
/usr/bin/ld: CMakeFiles/line_detection.dir/src/line_detection/param_parser.cpp.o: in function `bool YAML::Node::as<bool>() const':
param_parser.cpp:(.text._ZNK4YAML4Node2asIbEET_v[_ZNK4YAML4Node2asIbEET_v]+0x53): undefined reference to `YAML::InvalidNode::~InvalidNode()'
/usr/bin/ld: param_parser.cpp:(.text._ZNK4YAML4Node2asIbEET_v[_ZNK4YAML4Node2asIbEET_v]+0x5d): undefined reference to `typeinfo for YAML::InvalidNode'
/usr/bin/ld: CMakeFiles/line_detection.dir/src/line_detection/param_parser.cpp.o: in function `std::__cxx11::basic_string<char, std::char_traits<char>, std::allocator<char> > YAML::Node::as<std::__cxx11::basic_string<char, std::char_traits<char>, std::allocator<char> > >() const':
param_parser.cpp:(.text._ZNK4YAML4Node2asINSt7__cxx1112basic_stringIcSt11char_traitsIcESaIcEEEEET_v[_ZNK4YAML4Node2asINSt7__cxx1112basic_stringIcSt11char_traitsIcESaIcEEEEET_v]+0x57): undefined reference to `YAML::InvalidNode::~InvalidNode()'
/usr/bin/ld: param_parser.cpp:(.text._ZNK4YAML4Node2asINSt7__cxx1112basic_stringIcSt11char_traitsIcESaIcEEEEET_v[_ZNK4YAML4Node2asINSt7__cxx1112basic_stringIcSt11char_traitsIcESaIcEEEEET_v]+0x61): undefined reference to `typeinfo for YAML::InvalidNode'
/usr/bin/ld: CMakeFiles/line_detection.dir/src/line_detection/param_parser.cpp.o: in function `short YAML::Node::as<short>() const':
param_parser.cpp:(.text._ZNK4YAML4Node2asIsEET_v[_ZNK4YAML4Node2asIsEET_v]+0x53): undefined reference to `YAML::InvalidNode::~InvalidNode()'
/usr/bin/ld: param_parser.cpp:(.text._ZNK4YAML4Node2asIsEET_v[_ZNK4YAML4Node2asIsEET_v]+0x5d): undefined reference to `typeinfo for YAML::InvalidNode'
/usr/bin/ld: CMakeFiles/line_detection.dir/src/line_detection/param_parser.cpp.o: in function `YAML::TypedBadConversion<bool>::~TypedBadConversion()':
param_parser.cpp:(.text._ZN4YAML18TypedBadConversionIbED2Ev[_ZN4YAML18TypedBadConversionIbED5Ev]+0x26): undefined reference to `YAML::BadConversion::~BadConversion()'
/usr/bin/ld: CMakeFiles/line_detection.dir/src/line_detection/param_parser.cpp.o: in function `YAML::as_if<bool, void>::operator()() const':
param_parser.cpp:(.text._ZNK4YAML5as_ifIbvEclEv[_ZNK4YAML5as_ifIbvEclEv]+0x9a): undefined reference to `YAML::convert<bool>::decode(YAML::Node const&, bool&)'
/usr/bin/ld: CMakeFiles/line_detection.dir/src/line_detection/param_parser.cpp.o: in function `YAML::TypedBadConversion<short>::~TypedBadConversion()':
param_parser.cpp:(.text._ZN4YAML18TypedBadConversionIsED2Ev[_ZN4YAML18TypedBadConversionIsED5Ev]+0x26): undefined reference to `YAML::BadConversion::~BadConversion()'
/usr/bin/ld: CMakeFiles/line_detection.dir/src/line_detection/param_parser.cpp.o: in function `YAML::detail::node& YAML::detail::node_data::get<char [13]>(char const (&) [13], std::shared_ptr<YAML::detail::memory_holder>)':
param_parser.cpp:(.text._ZN4YAML6detail9node_data3getIA13_cEERNS0_4nodeERKT_St10shared_ptrINS0_13memory_holderEE[_ZN4YAML6detail9node_data3getIA13_cEERNS0_4nodeERKT_St10shared_ptrINS0_13memory_holderEE]+0xd3): undefined reference to `YAML::detail::node_data::convert_to_map(std::shared_ptr<YAML::detail::memory_holder> const&)'
/usr/bin/ld: param_parser.cpp:(.text._ZN4YAML6detail9node_data3getIA13_cEERNS0_4nodeERKT_St10shared_ptrINS0_13memory_holderEE[_ZN4YAML6detail9node_data3getIA13_cEERNS0_4nodeERKT_St10shared_ptrINS0_13memory_holderEE]+0x103): undefined reference to `YAML::BadSubscript::~BadSubscript()'
/usr/bin/ld: param_parser.cpp:(.text._ZN4YAML6detail9node_data3getIA13_cEERNS0_4nodeERKT_St10shared_ptrINS0_13memory_holderEE[_ZN4YAML6detail9node_data3getIA13_cEERNS0_4nodeERKT_St10shared_ptrINS0_13memory_holderEE]+0x10d): undefined reference to `typeinfo for YAML::BadSubscript'
/usr/bin/ld: param_parser.cpp:(.text._ZN4YAML6detail9node_data3getIA13_cEERNS0_4nodeERKT_St10shared_ptrINS0_13memory_holderEE[_ZN4YAML6detail9node_data3getIA13_cEERNS0_4nodeERKT_St10shared_ptrINS0_13memory_holderEE]+0x1fb): undefined reference to `YAML::detail::node_data::insert_map_pair(YAML::detail::node&, YAML::detail::node&)'
/usr/bin/ld: CMakeFiles/line_detection.dir/src/line_detection/param_parser.cpp.o: in function `YAML::detail::node& YAML::detail::node_data::get<char [6]>(char const (&) [6], std::shared_ptr<YAML::detail::memory_holder>)':
param_parser.cpp:(.text._ZN4YAML6detail9node_data3getIA6_cEERNS0_4nodeERKT_St10shared_ptrINS0_13memory_holderEE[_ZN4YAML6detail9node_data3getIA6_cEERNS0_4nodeERKT_St10shared_ptrINS0_13memory_holderEE]+0xd3): undefined reference to `YAML::detail::node_data::convert_to_map(std::shared_ptr<YAML::detail::memory_holder> const&)'
/usr/bin/ld: param_parser.cpp:(.text._ZN4YAML6detail9node_data3getIA6_cEERNS0_4nodeERKT_St10shared_ptrINS0_13memory_holderEE[_ZN4YAML6detail9node_data3getIA6_cEERNS0_4nodeERKT_St10shared_ptrINS0_13memory_holderEE]+0x103): undefined reference to `YAML::BadSubscript::~BadSubscript()'
/usr/bin/ld: param_parser.cpp:(.text._ZN4YAML6detail9node_data3getIA6_cEERNS0_4nodeERKT_St10shared_ptrINS0_13memory_holderEE[_ZN4YAML6detail9node_data3getIA6_cEERNS0_4nodeERKT_St10shared_ptrINS0_13memory_holderEE]+0x10d): undefined reference to `typeinfo for YAML::BadSubscript'
/usr/bin/ld: param_parser.cpp:(.text._ZN4YAML6detail9node_data3getIA6_cEERNS0_4nodeERKT_St10shared_ptrINS0_13memory_holderEE[_ZN4YAML6detail9node_data3getIA6_cEERNS0_4nodeERKT_St10shared_ptrINS0_13memory_holderEE]+0x1fb): undefined reference to `YAML::detail::node_data::insert_map_pair(YAML::detail::node&, YAML::detail::node&)'
/usr/bin/ld: CMakeFiles/line_detection.dir/src/line_detection/param_parser.cpp.o: in function `YAML::detail::node& YAML::detail::node_data::get<char [7]>(char const (&) [7], std::shared_ptr<YAML::detail::memory_holder>)':
param_parser.cpp:(.text._ZN4YAML6detail9node_data3getIA7_cEERNS0_4nodeERKT_St10shared_ptrINS0_13memory_holderEE[_ZN4YAML6detail9node_data3getIA7_cEERNS0_4nodeERKT_St10shared_ptrINS0_13memory_holderEE]+0xd3): undefined reference to `YAML::detail::node_data::convert_to_map(std::shared_ptr<YAML::detail::memory_holder> const&)'
/usr/bin/ld: param_parser.cpp:(.text._ZN4YAML6detail9node_data3getIA7_cEERNS0_4nodeERKT_St10shared_ptrINS0_13memory_holderEE[_ZN4YAML6detail9node_data3getIA7_cEERNS0_4nodeERKT_St10shared_ptrINS0_13memory_holderEE]+0x103): undefined reference to `YAML::BadSubscript::~BadSubscript()'
/usr/bin/ld: param_parser.cpp:(.text._ZN4YAML6detail9node_data3getIA7_cEERNS0_4nodeERKT_St10shared_ptrINS0_13memory_holderEE[_ZN4YAML6detail9node_data3getIA7_cEERNS0_4nodeERKT_St10shared_ptrINS0_13memory_holderEE]+0x10d): undefined reference to `typeinfo for YAML::BadSubscript'
/usr/bin/ld: param_parser.cpp:(.text._ZN4YAML6detail9node_data3getIA7_cEERNS0_4nodeERKT_St10shared_ptrINS0_13memory_holderEE[_ZN4YAML6detail9node_data3getIA7_cEERNS0_4nodeERKT_St10shared_ptrINS0_13memory_holderEE]+0x1fb): undefined reference to `YAML::detail::node_data::insert_map_pair(YAML::detail::node&, YAML::detail::node&)'
/usr/bin/ld: CMakeFiles/line_detection.dir/src/line_detection/param_parser.cpp.o: in function `YAML::detail::node& YAML::detail::node_data::get<char [9]>(char const (&) [9], std::shared_ptr<YAML::detail::memory_holder>)':
param_parser.cpp:(.text._ZN4YAML6detail9node_data3getIA9_cEERNS0_4nodeERKT_St10shared_ptrINS0_13memory_holderEE[_ZN4YAML6detail9node_data3getIA9_cEERNS0_4nodeERKT_St10shared_ptrINS0_13memory_holderEE]+0xd3): undefined reference to `YAML::detail::node_data::convert_to_map(std::shared_ptr<YAML::detail::memory_holder> const&)'
/usr/bin/ld: param_parser.cpp:(.text._ZN4YAML6detail9node_data3getIA9_cEERNS0_4nodeERKT_St10shared_ptrINS0_13memory_holderEE[_ZN4YAML6detail9node_data3getIA9_cEERNS0_4nodeERKT_St10shared_ptrINS0_13memory_holderEE]+0x103): undefined reference to `YAML::BadSubscript::~BadSubscript()'
/usr/bin/ld: param_parser.cpp:(.text._ZN4YAML6detail9node_data3getIA9_cEERNS0_4nodeERKT_St10shared_ptrINS0_13memory_holderEE[_ZN4YAML6detail9node_data3getIA9_cEERNS0_4nodeERKT_St10shared_ptrINS0_13memory_holderEE]+0x10d): undefined reference to `typeinfo for YAML::BadSubscript'
/usr/bin/ld: param_parser.cpp:(.text._ZN4YAML6detail9node_data3getIA9_cEERNS0_4nodeERKT_St10shared_ptrINS0_13memory_holderEE[_ZN4YAML6detail9node_data3getIA9_cEERNS0_4nodeERKT_St10shared_ptrINS0_13memory_holderEE]+0x1fb): undefined reference to `YAML::detail::node_data::insert_map_pair(YAML::detail::node&, YAML::detail::node&)'
/usr/bin/ld: CMakeFiles/line_detection.dir/src/line_detection/param_parser.cpp.o: in function `YAML::detail::node* YAML::detail::node_data::get<char [7]>(char const (&) [7], std::shared_ptr<YAML::detail::memory_holder>) const':
param_parser.cpp:(.text._ZNK4YAML6detail9node_data3getIA7_cEEPNS0_4nodeERKT_St10shared_ptrINS0_13memory_holderEE[_ZNK4YAML6detail9node_data3getIA7_cEEPNS0_4nodeERKT_St10shared_ptrINS0_13memory_holderEE]+0xf7): undefined reference to `YAML::BadSubscript::~BadSubscript()'
/usr/bin/ld: param_parser.cpp:(.text._ZNK4YAML6detail9node_data3getIA7_cEEPNS0_4nodeERKT_St10shared_ptrINS0_13memory_holderEE[_ZNK4YAML6detail9node_data3getIA7_cEEPNS0_4nodeERKT_St10shared_ptrINS0_13memory_holderEE]+0x101): undefined reference to `typeinfo for YAML::BadSubscript'
/usr/bin/ld: CMakeFiles/line_detection.dir/src/line_detection/param_parser.cpp.o: in function `YAML::detail::node* YAML::detail::node_data::get<char [8]>(char const (&) [8], std::shared_ptr<YAML::detail::memory_holder>) const':
param_parser.cpp:(.text._ZNK4YAML6detail9node_data3getIA8_cEEPNS0_4nodeERKT_St10shared_ptrINS0_13memory_holderEE[_ZNK4YAML6detail9node_data3getIA8_cEEPNS0_4nodeERKT_St10shared_ptrINS0_13memory_holderEE]+0xf7): undefined reference to `YAML::BadSubscript::~BadSubscript()'
/usr/bin/ld: param_parser.cpp:(.text._ZNK4YAML6detail9node_data3getIA8_cEEPNS0_4nodeERKT_St10shared_ptrINS0_13memory_holderEE[_ZNK4YAML6detail9node_data3getIA8_cEEPNS0_4nodeERKT_St10shared_ptrINS0_13memory_holderEE]+0x101): undefined reference to `typeinfo for YAML::BadSubscript'
/usr/bin/ld: CMakeFiles/line_detection.dir/src/line_detection/param_parser.cpp.o: in function `YAML::BadSubscript::BadSubscript<char [13]>(YAML::Mark const&, char const (&) [13])':
param_parser.cpp:(.text._ZN4YAML12BadSubscriptC2IA13_cEERKNS_4MarkERKT_[_ZN4YAML12BadSubscriptC5IA13_cEERKNS_4MarkERKT_]+0x61): undefined reference to `vtable for YAML::BadSubscript'
/usr/bin/ld: CMakeFiles/line_detection.dir/src/line_detection/param_parser.cpp.o: in function `YAML::detail::node& YAML::detail::node_data::convert_to_node<char [13]>(char const (&) [13], std::shared_ptr<YAML::detail::memory_holder>)':
param_parser.cpp:(.text._ZN4YAML6detail9node_data15convert_to_nodeIA13_cEERNS0_4nodeERKT_St10shared_ptrINS0_13memory_holderEE[_ZN4YAML6detail9node_data15convert_to_nodeIA13_cEERNS0_4nodeERKT_St10shared_ptrINS0_13memory_holderEE]+0x69): undefined reference to `YAML::detail::memory_holder::merge(YAML::detail::memory_holder&)'
/usr/bin/ld: CMakeFiles/line_detection.dir/src/line_detection/param_parser.cpp.o: in function `YAML::BadSubscript::BadSubscript<char [6]>(YAML::Mark const&, char const (&) [6])':
param_parser.cpp:(.text._ZN4YAML12BadSubscriptC2IA6_cEERKNS_4MarkERKT_[_ZN4YAML12BadSubscriptC5IA6_cEERKNS_4MarkERKT_]+0x61): undefined reference to `vtable for YAML::BadSubscript'
/usr/bin/ld: CMakeFiles/line_detection.dir/src/line_detection/param_parser.cpp.o: in function `YAML::detail::node& YAML::detail::node_data::convert_to_node<char [6]>(char const (&) [6], std::shared_ptr<YAML::detail::memory_holder>)':
param_parser.cpp:(.text._ZN4YAML6detail9node_data15convert_to_nodeIA6_cEERNS0_4nodeERKT_St10shared_ptrINS0_13memory_holderEE[_ZN4YAML6detail9node_data15convert_to_nodeIA6_cEERNS0_4nodeERKT_St10shared_ptrINS0_13memory_holderEE]+0x69): undefined reference to `YAML::detail::memory_holder::merge(YAML::detail::memory_holder&)'
/usr/bin/ld: CMakeFiles/line_detection.dir/src/line_detection/param_parser.cpp.o: in function `YAML::BadSubscript::BadSubscript<char [7]>(YAML::Mark const&, char const (&) [7])':
param_parser.cpp:(.text._ZN4YAML12BadSubscriptC2IA7_cEERKNS_4MarkERKT_[_ZN4YAML12BadSubscriptC5IA7_cEERKNS_4MarkERKT_]+0x61): undefined reference to `vtable for YAML::BadSubscript'
/usr/bin/ld: CMakeFiles/line_detection.dir/src/line_detection/param_parser.cpp.o: in function `YAML::detail::node& YAML::detail::node_data::convert_to_node<char [7]>(char const (&) [7], std::shared_ptr<YAML::detail::memory_holder>)':
param_parser.cpp:(.text._ZN4YAML6detail9node_data15convert_to_nodeIA7_cEERNS0_4nodeERKT_St10shared_ptrINS0_13memory_holderEE[_ZN4YAML6detail9node_data15convert_to_nodeIA7_cEERNS0_4nodeERKT_St10shared_ptrINS0_13memory_holderEE]+0x69): undefined reference to `YAML::detail::memory_holder::merge(YAML::detail::memory_holder&)'
/usr/bin/ld: CMakeFiles/line_detection.dir/src/line_detection/param_parser.cpp.o: in function `YAML::BadSubscript::BadSubscript<char [9]>(YAML::Mark const&, char const (&) [9])':
param_parser.cpp:(.text._ZN4YAML12BadSubscriptC2IA9_cEERKNS_4MarkERKT_[_ZN4YAML12BadSubscriptC5IA9_cEERKNS_4MarkERKT_]+0x61): undefined reference to `vtable for YAML::BadSubscript'
/usr/bin/ld: CMakeFiles/line_detection.dir/src/line_detection/param_parser.cpp.o: in function `YAML::detail::node& YAML::detail::node_data::convert_to_node<char [9]>(char const (&) [9], std::shared_ptr<YAML::detail::memory_holder>)':
param_parser.cpp:(.text._ZN4YAML6detail9node_data15convert_to_nodeIA9_cEERNS0_4nodeERKT_St10shared_ptrINS0_13memory_holderEE[_ZN4YAML6detail9node_data15convert_to_nodeIA9_cEERNS0_4nodeERKT_St10shared_ptrINS0_13memory_holderEE]+0x69): undefined reference to `YAML::detail::memory_holder::merge(YAML::detail::memory_holder&)'
/usr/bin/ld: CMakeFiles/line_detection.dir/src/line_detection/param_parser.cpp.o: in function `YAML::BadSubscript::BadSubscript<char [8]>(YAML::Mark const&, char const (&) [8])':
param_parser.cpp:(.text._ZN4YAML12BadSubscriptC2IA8_cEERKNS_4MarkERKT_[_ZN4YAML12BadSubscriptC5IA8_cEERKNS_4MarkERKT_]+0x61): undefined reference to `vtable for YAML::BadSubscript'
/usr/bin/ld: CMakeFiles/line_detection.dir/src/line_detection/param_parser.cpp.o: in function `YAML::TypedBadConversion<std::__cxx11::basic_string<char, std::char_traits<char>, std::allocator<char> > >::~TypedBadConversion()':
param_parser.cpp:(.text._ZN4YAML18TypedBadConversionINSt7__cxx1112basic_stringIcSt11char_traitsIcESaIcEEEED2Ev[_ZN4YAML18TypedBadConversionINSt7__cxx1112basic_stringIcSt11char_traitsIcESaIcEEEED5Ev]+0x26): undefined reference to `YAML::BadConversion::~BadConversion()'
/usr/bin/ld: CMakeFiles/line_detection.dir/src/line_detection/param_parser.cpp.o:(.data.rel.ro._ZTIN4YAML18TypedBadConversionIsEE[_ZTIN4YAML18TypedBadConversionIsEE]+0x10): undefined reference to `typeinfo for YAML::BadConversion'
/usr/bin/ld: CMakeFiles/line_detection.dir/src/line_detection/param_parser.cpp.o:(.data.rel.ro._ZTIN4YAML18TypedBadConversionIbEE[_ZTIN4YAML18TypedBadConversionIbEE]+0x10): undefined reference to `typeinfo for YAML::BadConversion'
/usr/bin/ld: CMakeFiles/line_detection.dir/src/line_detection/param_parser.cpp.o:(.data.rel.ro._ZTIN4YAML18TypedBadConversionINSt7__cxx1112basic_stringIcSt11char_traitsIcESaIcEEEEE[_ZTIN4YAML18TypedBadConversionINSt7__cxx1112basic_stringIcSt11char_traitsIcESaIcEEEEE]+0x10): undefined reference to `typeinfo for YAML::BadConversion'
/usr/bin/ld: CMakeFiles/line_detection.dir/src/line_detection/vision_process.cpp.o: in function `VisionProcess::Decode(std::shared_ptr<cv_bridge::CvImage>)':
vision_process.cpp:(.text+0x305): undefined reference to `cv::imshow(std::__cxx11::basic_string<char, std::char_traits<char>, std::allocator<char> > const&, cv::_InputArray const&)'
/usr/bin/ld: vision_process.cpp:(.text+0x33c): undefined reference to `cv::waitKey(int)'
/usr/bin/ld: warning: creating DT_TEXTREL in a PIE
collect2: error: ld returned 1 exit status
gmake[2]: *** [CMakeFiles/line_detection.dir/build.make:211: line_detection] Error 1
gmake[1]: *** [CMakeFiles/Makefile2:165: CMakeFiles/line_detection.dir/all] Error 2
gmake: *** [Makefile:146: all] Error 2
