[0.661s] Invoking command in '/home/luuk/linetracking/build/line_tracking': CMAKE_PREFIX_PATH=/opt/ros/humble /usr/bin/cmake --build /home/luuk/linetracking/build/line_tracking -- -j8 -l8
[1.067s] -- Found ament_cmake: 1.3.5 (/opt/ros/humble/share/ament_cmake/cmake)
[4.261s] -- Found rclcpp: 16.0.5 (/opt/ros/humble/share/rclcpp/cmake)
[5.118s] -- Found rosidl_generator_c: 3.1.5 (/opt/ros/humble/share/rosidl_generator_c/cmake)
[5.208s] -- Found rosidl_adapter: 3.1.5 (/opt/ros/humble/share/rosidl_adapter/cmake)
[5.364s] -- Found rosidl_generator_cpp: 3.1.5 (/opt/ros/humble/share/rosidl_generator_cpp/cmake)
[5.617s] -- Using all available rosidl_typesupport_c: rosidl_typesupport_fastrtps_c;rosidl_typesupport_introspection_c
[5.871s] -- Using all available rosidl_typesupport_cpp: rosidl_typesupport_fastrtps_cpp;rosidl_typesupport_introspection_cpp
[7.234s] -- Found rmw_implementation_cmake: 6.1.1 (/opt/ros/humble/share/rmw_implementation_cmake/cmake)
[7.235s] -- Found rmw_fastrtps_cpp: 6.2.3 (/opt/ros/humble/share/rmw_fastrtps_cpp/cmake)
[9.829s] -- Using RMW implementation 'rmw_fastrtps_cpp' as default
[12.107s] -- Found sensor_msgs: 4.2.3 (/opt/ros/humble/share/sensor_msgs/cmake)
[14.663s] -- Found cv_bridge: 3.2.1 (/opt/ros/humble/share/cv_bridge/cmake)
[15.053s] -- Found rosidl_default_generators: 1.2.0 (/opt/ros/humble/share/rosidl_default_generators/cmake)
[21.999s] -- Found ament_cmake_ros: 0.10.0 (/opt/ros/humble/share/ament_cmake_ros/cmake)
[28.470s] -- Using all available rosidl_typesupport_c: rosidl_typesupport_fastrtps_c;rosidl_typesupport_introspection_c
[30.899s] -- Using all available rosidl_typesupport_cpp: rosidl_typesupport_fastrtps_cpp;rosidl_typesupport_introspection_cpp
[31.070s] -- Found python_cmake_module: 0.10.0 (/opt/ros/humble/share/python_cmake_module/cmake)
[31.251s] -- Using PYTHON_EXECUTABLE: /usr/bin/python3
[31.251s] -- Using PYTHON_INCLUDE_DIRS: /usr/include/python3.10
[31.251s] -- Using PYTHON_LIBRARIES: /usr/lib/x86_64-linux-gnu/libpython3.10.so
[31.851s] -- Configuring done
[32.940s] -- Generating done
[32.964s] -- Build files have been written to: /home/luuk/linetracking/build/line_tracking
[33.289s] [  2%] [34m[1mGenerating C code for ROS interfaces[0m
[33.349s] [  4%] [34m[1mGenerating C++ code for ROS interfaces[0m
[35.127s] [  4%] Built target line_tracking__cpp
[35.295s] [35m[1mConsolidate compiler generated dependencies of target line_tracking__rosidl_generator_c[0m
[35.351s] [  6%] [32mBuilding C object CMakeFiles/line_tracking__rosidl_generator_c.dir/rosidl_generator_c/line_tracking/msg/detail/point_blob__functions.c.o[0m
[35.964s] [  8%] [32mBuilding C object CMakeFiles/line_tracking__rosidl_generator_c.dir/rosidl_generator_c/line_tracking/msg/detail/point_array__functions.c.o[0m
[36.180s] [ 11%] [32m[1mLinking C shared library libline_tracking__rosidl_generator_c.so[0m
[36.607s] [ 11%] Built target line_tracking__rosidl_generator_c
[36.670s] [ 13%] [34m[1mGenerating C++ introspection for ROS interfaces[0m
[37.769s] [35m[1mConsolidate compiler generated dependencies of target line_tracking__rosidl_typesupport_introspection_cpp[0m
[37.846s] [ 15%] [32mBuilding CXX object CMakeFiles/line_tracking__rosidl_typesupport_introspection_cpp.dir/rosidl_typesupport_introspection_cpp/line_tracking/msg/detail/point_blob__type_support.cpp.o[0m
[40.122s] [ 17%] [34m[1mGenerating C introspection for ROS interfaces[0m
[41.441s] [ 20%] [34m[1mGenerating C type support for eProsima Fast-RTPS[0m
[43.698s] [ 22%] [34m[1mGenerating C++ type support for eProsima Fast-RTPS[0m
[44.781s] [ 24%] [34m[1mGenerating C++ type support dispatch for ROS interfaces[0m
[45.195s] [35m[1mConsolidate compiler generated dependencies of target line_tracking__rosidl_typesupport_introspection_c[0m
[45.716s] [35m[1mConsolidate compiler generated dependencies of target line_detection[0m
[46.053s] [ 26%] [32mBuilding C object CMakeFiles/line_tracking__rosidl_typesupport_introspection_c.dir/rosidl_typesupport_introspection_c/line_tracking/msg/detail/point_blob__type_support.c.o[0m
[46.126s] [ 28%] [32mBuilding CXX object CMakeFiles/line_tracking__rosidl_typesupport_introspection_cpp.dir/rosidl_typesupport_introspection_cpp/line_tracking/msg/detail/point_array__type_support.cpp.o[0m
[46.995s] [35m[1mConsolidate compiler generated dependencies of target compressed_viewer[0m
[47.135s] [ 31%] [32mBuilding CXX object CMakeFiles/line_detection.dir/src/line_detection/line_detection.cpp.o[0m
[47.697s] [ 35%] [32mBuilding C object CMakeFiles/line_tracking__rosidl_typesupport_introspection_c.dir/rosidl_typesupport_introspection_c/line_tracking/msg/detail/point_array__type_support.c.o[0m
[47.802s] [ 37%] Built target compressed_viewer
[48.675s] [ 40%] [34m[1mGenerating C type support dispatch for ROS interfaces[0m
[48.829s] [35m[1mConsolidate compiler generated dependencies of target line_tracking__rosidl_typesupport_fastrtps_c[0m
[49.308s] [ 42%] [32mBuilding CXX object CMakeFiles/line_tracking__rosidl_typesupport_fastrtps_c.dir/rosidl_typesupport_fastrtps_c/line_tracking/msg/detail/point_blob__type_support_c.cpp.o[0m
[49.447s] [ 42%] Built target ament_cmake_python_copy_line_tracking
[50.188s] [ 44%] [32m[1mLinking C shared library libline_tracking__rosidl_typesupport_introspection_c.so[0m
[50.391s] [35m[1mConsolidate compiler generated dependencies of target line_tracking__rosidl_typesupport_cpp[0m
[51.489s] [ 46%] [32mBuilding CXX object CMakeFiles/line_tracking__rosidl_typesupport_cpp.dir/rosidl_typesupport_cpp/line_tracking/msg/point_blob__type_support.cpp.o[0m
[51.828s] [35m[1mConsolidate compiler generated dependencies of target line_tracking__rosidl_typesupport_fastrtps_cpp[0m
[52.221s] [ 46%] Built target line_tracking__rosidl_typesupport_introspection_c
[52.777s] [ 48%] [32mBuilding CXX object CMakeFiles/line_tracking__rosidl_typesupport_fastrtps_cpp.dir/rosidl_typesupport_fastrtps_cpp/line_tracking/msg/detail/dds_fastrtps/point_blob__type_support.cpp.o[0m
[54.607s] [35m[1mConsolidate compiler generated dependencies of target line_tracking__rosidl_typesupport_c[0m
[55.289s] [ 51%] [32mBuilding CXX object CMakeFiles/line_tracking__rosidl_typesupport_c.dir/rosidl_typesupport_c/line_tracking/msg/point_blob__type_support.cpp.o[0m
[56.958s] [01m[K/home/luuk/linetracking/src/line_detection/line_detection.cpp:6:10:[m[K [01;31m[Kfatal error: [m[Kline_tracking/msg/point_matrix_with_enum.hpp: No such file or directory
[56.959s]     6 | #include [01;31m[K<line_tracking/msg/point_matrix_with_enum.hpp>[m[K
[56.959s]       |          [01;31m[K^~~~~~~~~~~~~~~~~~~~~~~~~~~~~~~~~~~~~~~~~~~~~~[m[K
[56.959s] compilation terminated.
[57.111s] [ 53%] [32mBuilding CXX object CMakeFiles/line_tracking__rosidl_typesupport_c.dir/rosidl_typesupport_c/line_tracking/msg/point_array__type_support.cpp.o[0m
[57.321s] gmake[2]: *** [CMakeFiles/line_detection.dir/build.make:76: CMakeFiles/line_detection.dir/src/line_detection/line_detection.cpp.o] Error 1
[57.322s] gmake[1]: *** [CMakeFiles/Makefile2:620: CMakeFiles/line_detection.dir/all] Error 2
[57.322s] gmake[1]: *** Waiting for unfinished jobs....
[58.320s] [ 55%] [32m[1mLinking CXX shared library libline_tracking__rosidl_typesupport_c.so[0m
[60.042s] [ 57%] [32m[1mLinking CXX shared library libline_tracking__rosidl_typesupport_introspection_cpp.so[0m
[60.683s] [ 60%] [32mBuilding CXX object CMakeFiles/line_tracking__rosidl_typesupport_cpp.dir/rosidl_typesupport_cpp/line_tracking/msg/point_array__type_support.cpp.o[0m
[60.683s] [ 62%] [32mBuilding CXX object CMakeFiles/line_tracking__rosidl_typesupport_fastrtps_c.dir/rosidl_typesupport_fastrtps_c/line_tracking/msg/detail/point_array__type_support_c.cpp.o[0m
[62.168s] [ 62%] Built target line_tracking__rosidl_typesupport_c
[65.001s] [ 62%] Built target line_tracking__rosidl_typesupport_introspection_cpp
[67.489s] [ 64%] [32mBuilding CXX object CMakeFiles/line_tracking__rosidl_typesupport_fastrtps_cpp.dir/rosidl_typesupport_fastrtps_cpp/line_tracking/msg/detail/dds_fastrtps/point_array__type_support.cpp.o[0m
[68.461s] [ 66%] [32m[1mLinking CXX shared library libline_tracking__rosidl_typesupport_cpp.so[0m
[70.928s] [ 66%] Built target line_tracking__rosidl_typesupport_cpp
[71.480s] [ 68%] [32m[1mLinking CXX shared library libline_tracking__rosidl_typesupport_fastrtps_c.so[0m
[73.910s] [ 68%] Built target line_tracking__rosidl_typesupport_fastrtps_c
[74.835s] [ 71%] [32m[1mLinking CXX shared library libline_tracking__rosidl_typesupport_fastrtps_cpp.so[0m
[76.579s] gmake: *** [Makefile:146: all] Error 2
[76.586s] [ 71%] Built target line_tracking__rosidl_typesupport_fastrtps_cpp
[76.700s] Invoked command in '/home/luuk/linetracking/build/line_tracking' returned '2': CMAKE_PREFIX_PATH=/opt/ros/humble /usr/bin/cmake --build /home/luuk/linetracking/build/line_tracking -- -j8 -l8
