[0.055s] Invoking command in '/home/luuk/turtle3_control/build/turtle3_control': CMAKE_PREFIX_PATH=/opt/ros/humble /usr/bin/cmake --build /home/luuk/turtle3_control/build/turtle3_control -- -j8 -l8
[0.131s] -- Found ament_cmake: 1.3.5 (/opt/ros/humble/share/ament_cmake/cmake)
[0.525s] -- Found rclcpp: 16.0.5 (/opt/ros/humble/share/rclcpp/cmake)
[0.608s] -- Found rosidl_generator_c: 3.1.5 (/opt/ros/humble/share/rosidl_generator_c/cmake)
[0.616s] -- Found rosidl_adapter: 3.1.5 (/opt/ros/humble/share/rosidl_adapter/cmake)
[0.634s] -- Found rosidl_generator_cpp: 3.1.5 (/opt/ros/humble/share/rosidl_generator_cpp/cmake)
[0.670s] -- Using all available rosidl_typesupport_c: rosidl_typesupport_fastrtps_c;rosidl_typesupport_introspection_c
[0.712s] -- Using all available rosidl_typesupport_cpp: rosidl_typesupport_fastrtps_cpp;rosidl_typesupport_introspection_cpp
[0.888s] -- Found rmw_implementation_cmake: 6.1.1 (/opt/ros/humble/share/rmw_implementation_cmake/cmake)
[0.891s] -- Found rmw_fastrtps_cpp: 6.2.3 (/opt/ros/humble/share/rmw_fastrtps_cpp/cmake)
[1.211s] -- Using RMW implementation 'rmw_fastrtps_cpp' as default
[1.656s] -- Found sensor_msgs: 4.2.3 (/opt/ros/humble/share/sensor_msgs/cmake)
[2.002s] -- Found cv_bridge: 3.2.1 (/opt/ros/humble/share/cv_bridge/cmake)
[2.032s] [31mCMake Error at /opt/ros/humble/share/ament_cmake_target_dependencies/cmake/ament_target_dependencies.cmake:77 (message):
[2.033s]   ament_target_dependencies() the passed package name 'testtt' was not found
[2.033s]   before
[2.033s] Call Stack (most recent call first):
[2.033s]   CMakeLists.txt:21 (ament_target_dependencies)
[2.034s] 
[2.035s] [0m
[2.035s] -- Configuring incomplete, errors occurred!
[2.036s] See also "/home/luuk/turtle3_control/build/turtle3_control/CMakeFiles/CMakeOutput.log".
[2.047s] gmake: *** [Makefile:267: cmake_check_build_system] Error 1
[2.058s] Invoked command in '/home/luuk/turtle3_control/build/turtle3_control' returned '2': CMAKE_PREFIX_PATH=/opt/ros/humble /usr/bin/cmake --build /home/luuk/turtle3_control/build/turtle3_control -- -j8 -l8
