[0.046s] Invoking command in '/home/luuk/linetracking/build/line_tracking': CMAKE_PREFIX_PATH=${CMAKE_PREFIX_PATH}:/opt/ros/humble /usr/bin/cmake --build /home/luuk/linetracking/build/line_tracking -- -j8 -l8
[0.291s] [  2%] Built target line_tracking__cpp
[0.315s] [ 11%] Built target line_tracking__rosidl_generator_c
[0.334s] [ 15%] Built target compressed_viewer
[0.344s] [ 15%] Built target ament_cmake_python_copy_line_tracking
[0.531s] [ 24%] Built target line_tracking__rosidl_typesupport_cpp
[0.542s] [ 35%] Built target line_tracking__rosidl_typesupport_introspection_c
[0.543s] [ 42%] Built target line_tracking__rosidl_typesupport_c
[0.543s] [ 51%] Built target line_tracking__rosidl_typesupport_fastrtps_cpp
[0.563s] [ 60%] Built target line_tracking__rosidl_typesupport_introspection_cpp
[0.585s] [ 68%] Built target line_tracking__rosidl_typesupport_fastrtps_c
[0.642s] [35m[1mConsolidate compiler generated dependencies of target line_detection[0m
[0.748s] [ 68%] Built target line_tracking
[0.853s] [ 71%] [32mBuilding CXX object CMakeFiles/line_detection.dir/src/line_detection/line_detection.cpp.o[0m
[0.855s] [ 73%] [32mBuilding CXX object CMakeFiles/line_detection.dir/src/line_detection/vision_process.cpp.o[0m
[0.921s] [ 75%] Built target line_tracking__py
[1.188s] [ 82%] Built target line_tracking__rosidl_generator_py
[1.478s] [ 86%] Built target line_tracking__rosidl_typesupport_fastrtps_c__pyext
[1.479s] [ 91%] Built target line_tracking__rosidl_typesupport_introspection_c__pyext
[1.515s] [ 95%] Built target line_tracking__rosidl_typesupport_c__pyext
[1.746s] running egg_info
[1.746s] writing line_tracking.egg-info/PKG-INFO
[1.747s] writing dependency_links to line_tracking.egg-info/dependency_links.txt
[1.769s] writing top-level names to line_tracking.egg-info/top_level.txt
[1.769s] reading manifest file 'line_tracking.egg-info/SOURCES.txt'
[1.769s] writing manifest file 'line_tracking.egg-info/SOURCES.txt'
[1.877s] [ 95%] Built target ament_cmake_python_build_line_tracking_egg
[6.780s] /home/luuk/linetracking/src/line_detection/vision_process.cpp: In instantiation of ‘[01m[KVisionProcess::Decode(cv_bridge::CvImagePtr)::<lambda(const auto:2&, const auto:3&)> [with auto:2 = std::vector<cv::Point_<int> >; auto:3 = std::vector<cv::Point_<int> >][m[K’:
[6.780s] [01m[K/usr/include/c++/11/bits/predefined_ops.h:158:30:[m[K   required from ‘[01m[Kconstexpr bool __gnu_cxx::__ops::_Iter_comp_iter<_Compare>::operator()(_Iterator1, _Iterator2) [with _Iterator1 = __gnu_cxx::__normal_iterator<std::vector<cv::Point_<int> >*, std::vector<std::vector<cv::Point_<int> > > >; _Iterator2 = __gnu_cxx::__normal_iterator<std::vector<cv::Point_<int> >*, std::vector<std::vector<cv::Point_<int> > > >; _Compare = VisionProcess::Decode(cv_bridge::CvImagePtr)::<lambda(const auto:2&, const auto:3&)>][m[K’
[6.781s] [01m[K/usr/include/c++/11/bits/stl_algo.h:82:17:[m[K   required from ‘[01m[Kvoid std::__move_median_to_first(_Iterator, _Iterator, _Iterator, _Iterator, _Compare) [with _Iterator = __gnu_cxx::__normal_iterator<std::vector<cv::Point_<int> >*, std::vector<std::vector<cv::Point_<int> > > >; _Compare = __gnu_cxx::__ops::_Iter_comp_iter<VisionProcess::Decode(cv_bridge::CvImagePtr)::<lambda(const auto:2&, const auto:3&)> >][m[K’
[6.781s] [01m[K/usr/include/c++/11/bits/stl_algo.h:1904:34:[m[K   required from ‘[01m[K_RandomAccessIterator std::__unguarded_partition_pivot(_RandomAccessIterator, _RandomAccessIterator, _Compare) [with _RandomAccessIterator = __gnu_cxx::__normal_iterator<std::vector<cv::Point_<int> >*, std::vector<std::vector<cv::Point_<int> > > >; _Compare = __gnu_cxx::__ops::_Iter_comp_iter<VisionProcess::Decode(cv_bridge::CvImagePtr)::<lambda(const auto:2&, const auto:3&)> >][m[K’
[6.781s] [01m[K/usr/include/c++/11/bits/stl_algo.h:1938:38:[m[K   required from ‘[01m[Kvoid std::__introsort_loop(_RandomAccessIterator, _RandomAccessIterator, _Size, _Compare) [with _RandomAccessIterator = __gnu_cxx::__normal_iterator<std::vector<cv::Point_<int> >*, std::vector<std::vector<cv::Point_<int> > > >; _Size = long int; _Compare = __gnu_cxx::__ops::_Iter_comp_iter<VisionProcess::Decode(cv_bridge::CvImagePtr)::<lambda(const auto:2&, const auto:3&)> >][m[K’
[6.782s] [01m[K/usr/include/c++/11/bits/stl_algo.h:1954:25:[m[K   required from ‘[01m[Kvoid std::__sort(_RandomAccessIterator, _RandomAccessIterator, _Compare) [with _RandomAccessIterator = __gnu_cxx::__normal_iterator<std::vector<cv::Point_<int> >*, std::vector<std::vector<cv::Point_<int> > > >; _Compare = __gnu_cxx::__ops::_Iter_comp_iter<VisionProcess::Decode(cv_bridge::CvImagePtr)::<lambda(const auto:2&, const auto:3&)> >][m[K’
[6.782s] [01m[K/usr/include/c++/11/bits/stl_algo.h:4875:18:[m[K   required from ‘[01m[Kvoid std::sort(_RAIter, _RAIter, _Compare) [with _RAIter = __gnu_cxx::__normal_iterator<std::vector<cv::Point_<int> >*, std::vector<std::vector<cv::Point_<int> > > >; _Compare = VisionProcess::Decode(cv_bridge::CvImagePtr)::<lambda(const auto:2&, const auto:3&)>][m[K’
[6.782s] [01m[K/home/luuk/linetracking/src/line_detection/vision_process.cpp:21:14:[m[K   required from here
[6.783s] [01m[K/home/luuk/linetracking/src/line_detection/vision_process.cpp:22:36:[m[K [01;31m[Kerror: [m[K‘[01m[Kthis[m[K’ was not captured for this lambda function
[6.792s]    22 |         return [01;31m[KcalculateContourArea(a)[m[K > calculateContourArea(b);
[6.793s]       |                [01;31m[K~~~~~~~~~~~~~~~~~~~~^~~[m[K
[6.793s] [01m[K/home/luuk/linetracking/src/line_detection/vision_process.cpp:22:36:[m[K [01;31m[Kerror: [m[Kcannot call member function ‘[01m[Kdouble VisionProcess::calculateContourArea(const std::vector<cv::Point_<int> >&)[m[K’ without object
[6.793s] [01m[K/home/luuk/linetracking/src/line_detection/vision_process.cpp:22:62:[m[K [01;31m[Kerror: [m[K‘[01m[Kthis[m[K’ was not captured for this lambda function
[6.793s]    22 |         return calculateContourArea(a) > [01;31m[KcalculateContourArea(b)[m[K;
[6.794s]       |                                          [01;31m[K~~~~~~~~~~~~~~~~~~~~^~~[m[K
[6.794s] [01m[K/home/luuk/linetracking/src/line_detection/vision_process.cpp:22:62:[m[K [01;31m[Kerror: [m[Kcannot call member function ‘[01m[Kdouble VisionProcess::calculateContourArea(const std::vector<cv::Point_<int> >&)[m[K’ without object
[7.423s] gmake[2]: *** [CMakeFiles/line_detection.dir/build.make:104: CMakeFiles/line_detection.dir/src/line_detection/vision_process.cpp.o] Error 1
[7.423s] gmake[2]: *** Waiting for unfinished jobs....
[38.953s] gmake[1]: *** [CMakeFiles/Makefile2:621: CMakeFiles/line_detection.dir/all] Error 2
[38.954s] gmake: *** [Makefile:146: all] Error 2
[38.967s] Invoked command in '/home/luuk/linetracking/build/line_tracking' returned '2': CMAKE_PREFIX_PATH=${CMAKE_PREFIX_PATH}:/opt/ros/humble /usr/bin/cmake --build /home/luuk/linetracking/build/line_tracking -- -j8 -l8
