[0.127s] Invoking command in '/home/luuk/linetracking/build/line_tracking': CMAKE_PREFIX_PATH=${CMAKE_PREFIX_PATH}:/opt/ros/humble /usr/bin/cmake --build /home/luuk/linetracking/build/line_tracking -- -j8 -l8
[0.496s] -- Found ament_cmake: 1.3.5 (/opt/ros/humble/share/ament_cmake/cmake)
[1.665s] -- Found rclcpp: 16.0.5 (/opt/ros/humble/share/rclcpp/cmake)
[2.004s] -- Found rosidl_generator_c: 3.1.5 (/opt/ros/humble/share/rosidl_generator_c/cmake)
[2.033s] -- Found rosidl_adapter: 3.1.5 (/opt/ros/humble/share/rosidl_adapter/cmake)
[2.105s] -- Found rosidl_generator_cpp: 3.1.5 (/opt/ros/humble/share/rosidl_generator_cpp/cmake)
[2.224s] -- Using all available rosidl_typesupport_c: rosidl_typesupport_fastrtps_c;rosidl_typesupport_introspection_c
[2.356s] -- Using all available rosidl_typesupport_cpp: rosidl_typesupport_fastrtps_cpp;rosidl_typesupport_introspection_cpp
[2.843s] -- Found rmw_implementation_cmake: 6.1.1 (/opt/ros/humble/share/rmw_implementation_cmake/cmake)
[2.863s] -- Found rmw_fastrtps_cpp: 6.2.3 (/opt/ros/humble/share/rmw_fastrtps_cpp/cmake)
[3.842s] -- Using RMW implementation 'rmw_fastrtps_cpp' as default
[5.045s] -- Found sensor_msgs: 4.2.3 (/opt/ros/humble/share/sensor_msgs/cmake)
[5.873s] -- Found cv_bridge: 3.2.1 (/opt/ros/humble/share/cv_bridge/cmake)
[5.974s] -- Found rosidl_default_generators: 1.2.0 (/opt/ros/humble/share/rosidl_default_generators/cmake)
[8.290s] -- Found ament_cmake_ros: 0.10.0 (/opt/ros/humble/share/ament_cmake_ros/cmake)
[11.561s] -- Using all available rosidl_typesupport_c: rosidl_typesupport_fastrtps_c;rosidl_typesupport_introspection_c
[12.879s] -- Using all available rosidl_typesupport_cpp: rosidl_typesupport_fastrtps_cpp;rosidl_typesupport_introspection_cpp
[13.069s] -- Found python_cmake_module: 0.10.0 (/opt/ros/humble/share/python_cmake_module/cmake)
[13.258s] -- Using PYTHON_EXECUTABLE: /usr/bin/python3
[13.259s] -- Using PYTHON_INCLUDE_DIRS: /usr/include/python3.10
[13.260s] -- Using PYTHON_LIBRARIES: /usr/lib/x86_64-linux-gnu/libpython3.10.so
[13.735s] -- Configuring done
[14.660s] -- Generating done
[14.722s] -- Build files have been written to: /home/luuk/linetracking/build/line_tracking
[15.112s] [35m[1mConsolidate compiler generated dependencies of target line_tracking__rosidl_generator_c[0m
[15.353s] [35m[1mConsolidate compiler generated dependencies of target compressed_viewer[0m
[15.362s] [  2%] [32mBuilding C object CMakeFiles/line_tracking__rosidl_generator_c.dir/rosidl_generator_c/line_tracking/msg/detail/point_blob__functions.c.o[0m
[15.403s] [  4%] Built target line_tracking__cpp
[15.517s] [  6%] [32mBuilding C object CMakeFiles/line_tracking__rosidl_generator_c.dir/rosidl_generator_c/line_tracking/msg/detail/point_array__functions.c.o[0m
[15.615s] [35m[1mConsolidate compiler generated dependencies of target line_tracking__rosidl_typesupport_cpp[0m
[15.729s] [35m[1mConsolidate compiler generated dependencies of target line_tracking__rosidl_typesupport_fastrtps_cpp[0m
[15.763s] [  6%] Built target ament_cmake_python_copy_line_tracking
[15.845s] [35m[1mConsolidate compiler generated dependencies of target line_tracking__rosidl_typesupport_introspection_cpp[0m
[15.961s] [  8%] [32mBuilding CXX object CMakeFiles/line_tracking__rosidl_typesupport_cpp.dir/rosidl_typesupport_cpp/line_tracking/msg/point_blob__type_support.cpp.o[0m
[16.073s] [ 10%] [32mBuilding CXX object CMakeFiles/compressed_viewer.dir/src/compress_viewer/compressed_viewer.cpp.o[0m
[16.228s] [ 12%] [32mBuilding CXX object CMakeFiles/line_tracking__rosidl_typesupport_introspection_cpp.dir/rosidl_typesupport_introspection_cpp/line_tracking/msg/detail/point_blob__type_support.cpp.o[0m
[16.240s] [ 14%] [32mBuilding CXX object CMakeFiles/line_tracking__rosidl_typesupport_cpp.dir/rosidl_typesupport_cpp/line_tracking/msg/point_array__type_support.cpp.o[0m
[16.251s] [ 17%] [32mBuilding CXX object CMakeFiles/line_tracking__rosidl_typesupport_fastrtps_cpp.dir/rosidl_typesupport_fastrtps_cpp/line_tracking/msg/detail/dds_fastrtps/point_blob__type_support.cpp.o[0m
[17.853s] [ 19%] [32m[1mLinking C shared library libline_tracking__rosidl_generator_c.so[0m
[18.021s] [ 21%] [32mBuilding CXX object CMakeFiles/line_tracking__rosidl_typesupport_introspection_cpp.dir/rosidl_typesupport_introspection_cpp/line_tracking/msg/detail/point_array__type_support.cpp.o[0m
[19.522s] [ 23%] Built target line_tracking__rosidl_generator_c
[19.920s] [35m[1mConsolidate compiler generated dependencies of target line_tracking__rosidl_typesupport_fastrtps_c[0m
[20.381s] [ 25%] [32mBuilding CXX object CMakeFiles/line_tracking__rosidl_typesupport_fastrtps_c.dir/rosidl_typesupport_fastrtps_c/line_tracking/msg/detail/point_blob__type_support_c.cpp.o[0m
[20.624s] [ 27%] [32mBuilding CXX object CMakeFiles/line_tracking__rosidl_typesupport_fastrtps_c.dir/rosidl_typesupport_fastrtps_c/line_tracking/msg/detail/point_array__type_support_c.cpp.o[0m
[20.626s] running egg_info
[20.626s] writing line_tracking.egg-info/PKG-INFO
[20.627s] writing dependency_links to line_tracking.egg-info/dependency_links.txt
[20.627s] writing top-level names to line_tracking.egg-info/top_level.txt
[20.628s] reading manifest file 'line_tracking.egg-info/SOURCES.txt'
[20.628s] writing manifest file 'line_tracking.egg-info/SOURCES.txt'
[21.042s] [ 27%] Built target ament_cmake_python_build_line_tracking_egg
[21.548s] [35m[1mConsolidate compiler generated dependencies of target line_tracking__rosidl_typesupport_introspection_c[0m
[21.716s] [ 29%] [32m[1mLinking CXX shared library libline_tracking__rosidl_typesupport_cpp.so[0m
[21.970s] [ 31%] [32mBuilding C object CMakeFiles/line_tracking__rosidl_typesupport_introspection_c.dir/rosidl_typesupport_introspection_c/line_tracking/msg/detail/point_blob__type_support.c.o[0m
[23.082s] [ 34%] Built target line_tracking__rosidl_typesupport_cpp
[23.353s] [ 36%] [32mBuilding C object CMakeFiles/line_tracking__rosidl_typesupport_introspection_c.dir/rosidl_typesupport_introspection_c/line_tracking/msg/detail/point_array__type_support.c.o[0m
[23.665s] [35m[1mConsolidate compiler generated dependencies of target line_tracking__rosidl_typesupport_c[0m
[24.200s] [ 38%] [32mBuilding CXX object CMakeFiles/line_tracking__rosidl_typesupport_fastrtps_cpp.dir/rosidl_typesupport_fastrtps_cpp/line_tracking/msg/detail/dds_fastrtps/point_array__type_support.cpp.o[0m
[24.313s] [ 40%] [32mBuilding CXX object CMakeFiles/line_tracking__rosidl_typesupport_c.dir/rosidl_typesupport_c/line_tracking/msg/point_blob__type_support.cpp.o[0m
[24.720s] [ 42%] [32mBuilding CXX object CMakeFiles/line_tracking__rosidl_typesupport_c.dir/rosidl_typesupport_c/line_tracking/msg/point_array__type_support.cpp.o[0m
[24.866s] [ 44%] [32m[1mLinking C shared library libline_tracking__rosidl_typesupport_introspection_c.so[0m
[25.289s] [ 46%] [32m[1mLinking CXX shared library libline_tracking__rosidl_typesupport_introspection_cpp.so[0m
[25.644s] [35m[1mConsolidate compiler generated dependencies of target line_detection[0m
[25.715s] [ 48%] [32m[1mLinking CXX shared library libline_tracking__rosidl_typesupport_c.so[0m
[26.162s] [ 51%] Built target line_tracking__rosidl_typesupport_introspection_c
[26.370s] [ 53%] [32mBuilding CXX object CMakeFiles/line_detection.dir/src/line_detection/line_detection.cpp.o[0m
[26.659s] [35m[1mConsolidate compiler generated dependencies of target lane_follower[0m
[27.268s] [ 55%] Built target line_tracking__rosidl_typesupport_c
[27.473s] [ 57%] [32mBuilding CXX object CMakeFiles/line_detection.dir/src/line_detection/param_parser.cpp.o[0m
[27.538s] [ 59%] [32mBuilding CXX object CMakeFiles/line_detection.dir/src/line_detection/vision_process.cpp.o[0m
[27.557s] [ 61%] Built target line_tracking__rosidl_typesupport_introspection_cpp
[27.558s] [ 63%] [32m[1mLinking CXX shared library libline_tracking__rosidl_typesupport_fastrtps_c.so[0m
[27.569s] [ 65%] [32mBuilding CXX object CMakeFiles/lane_follower.dir/src/lane_follower/lane_follower.cpp.o[0m
[29.224s] [ 68%] Built target line_tracking__rosidl_typesupport_fastrtps_c
[31.402s] [ 70%] [32m[1mLinking CXX shared library libline_tracking__rosidl_typesupport_fastrtps_cpp.so[0m
[33.203s] [ 72%] Built target line_tracking__rosidl_typesupport_fastrtps_cpp
[33.805s] [ 72%] Built target line_tracking
[34.325s] [ 74%] Built target line_tracking__py
[34.608s] [35m[1mConsolidate compiler generated dependencies of target line_tracking__rosidl_generator_py[0m
[35.046s] [ 76%] [32mBuilding C object CMakeFiles/line_tracking__rosidl_generator_py.dir/rosidl_generator_py/line_tracking/msg/_point_blob_s.c.o[0m
[35.066s] [ 78%] [32mBuilding C object CMakeFiles/line_tracking__rosidl_generator_py.dir/rosidl_generator_py/line_tracking/msg/_point_array_s.c.o[0m
[37.376s] [ 80%] [32m[1mLinking C shared library rosidl_generator_py/line_tracking/libline_tracking__rosidl_generator_py.so[0m
[38.795s] [ 80%] Built target line_tracking__rosidl_generator_py
[39.040s] [35m[1mConsolidate compiler generated dependencies of target line_tracking__rosidl_typesupport_fastrtps_c__pyext[0m
[39.259s] [35m[1mConsolidate compiler generated dependencies of target line_tracking__rosidl_typesupport_introspection_c__pyext[0m
[39.312s] [35m[1mConsolidate compiler generated dependencies of target line_tracking__rosidl_typesupport_c__pyext[0m
[39.538s] [ 82%] [32mBuilding C object CMakeFiles/line_tracking__rosidl_typesupport_fastrtps_c__pyext.dir/rosidl_generator_py/line_tracking/_line_tracking_s.ep.rosidl_typesupport_fastrtps_c.c.o[0m
[39.738s] [ 85%] [32mBuilding C object CMakeFiles/line_tracking__rosidl_typesupport_introspection_c__pyext.dir/rosidl_generator_py/line_tracking/_line_tracking_s.ep.rosidl_typesupport_introspection_c.c.o[0m
[39.902s] [ 87%] [32mBuilding C object CMakeFiles/line_tracking__rosidl_typesupport_c__pyext.dir/rosidl_generator_py/line_tracking/_line_tracking_s.ep.rosidl_typesupport_c.c.o[0m
[43.821s] [ 89%] [32m[1mLinking C shared library rosidl_generator_py/line_tracking/line_tracking_s__rosidl_typesupport_fastrtps_c.cpython-310-x86_64-linux-gnu.so[0m
[44.400s] [ 91%] [32m[1mLinking C shared library rosidl_generator_py/line_tracking/line_tracking_s__rosidl_typesupport_c.cpython-310-x86_64-linux-gnu.so[0m
[44.923s] [ 93%] [32m[1mLinking C shared library rosidl_generator_py/line_tracking/line_tracking_s__rosidl_typesupport_introspection_c.cpython-310-x86_64-linux-gnu.so[0m
[46.056s] [ 93%] Built target line_tracking__rosidl_typesupport_c__pyext
[46.267s] [ 93%] Built target line_tracking__rosidl_typesupport_fastrtps_c__pyext
[46.397s] [ 93%] Built target line_tracking__rosidl_typesupport_introspection_c__pyext
[97.318s] [ 95%] [32m[1mLinking CXX executable compressed_viewer[0m
[98.050s] [ 97%] [32m[1mLinking CXX executable lane_follower[0m
[101.936s] [ 97%] Built target lane_follower
[103.665s] [ 97%] Built target compressed_viewer
[112.550s] [100%] [32m[1mLinking CXX executable line_detection[0m
[118.713s] [100%] Built target line_detection
[118.850s] Invoked command in '/home/luuk/linetracking/build/line_tracking' returned '0': CMAKE_PREFIX_PATH=${CMAKE_PREFIX_PATH}:/opt/ros/humble /usr/bin/cmake --build /home/luuk/linetracking/build/line_tracking -- -j8 -l8
[121.137s] Invoking command in '/home/luuk/linetracking/build/line_tracking': CMAKE_PREFIX_PATH=${CMAKE_PREFIX_PATH}:/opt/ros/humble /usr/bin/cmake --install /home/luuk/linetracking/build/line_tracking
[121.235s] -- Install configuration: ""
[121.240s] -- Up-to-date: /home/luuk/linetracking/install/line_tracking/share/ament_index/resource_index/rosidl_interfaces/line_tracking
[121.243s] -- Up-to-date: /home/luuk/linetracking/install/line_tracking/include/line_tracking/line_tracking
[121.247s] -- Up-to-date: /home/luuk/linetracking/install/line_tracking/include/line_tracking/line_tracking/msg
[121.254s] -- Up-to-date: /home/luuk/linetracking/install/line_tracking/include/line_tracking/line_tracking/msg/detail
[121.261s] -- Up-to-date: /home/luuk/linetracking/install/line_tracking/include/line_tracking/line_tracking/msg/detail/point_blob__type_support.h
[121.264s] -- Up-to-date: /home/luuk/linetracking/install/line_tracking/include/line_tracking/line_tracking/msg/detail/point_blob__struct.h
[121.264s] -- Up-to-date: /home/luuk/linetracking/install/line_tracking/include/line_tracking/line_tracking/msg/detail/point_blob__functions.c
[121.265s] -- Up-to-date: /home/luuk/linetracking/install/line_tracking/include/line_tracking/line_tracking/msg/detail/point_array__struct.h
[121.266s] -- Up-to-date: /home/luuk/linetracking/install/line_tracking/include/line_tracking/line_tracking/msg/detail/point_array__functions.c
[121.267s] -- Up-to-date: /home/luuk/linetracking/install/line_tracking/include/line_tracking/line_tracking/msg/detail/point_blob__functions.h
[121.268s] -- Up-to-date: /home/luuk/linetracking/install/line_tracking/include/line_tracking/line_tracking/msg/detail/point_array__type_support.h
[121.269s] -- Up-to-date: /home/luuk/linetracking/install/line_tracking/include/line_tracking/line_tracking/msg/detail/point_array__functions.h
[121.271s] -- Up-to-date: /home/luuk/linetracking/install/line_tracking/include/line_tracking/line_tracking/msg/rosidl_generator_c__visibility_control.h
[121.276s] -- Up-to-date: /home/luuk/linetracking/install/line_tracking/include/line_tracking/line_tracking/msg/point_blob.h
[121.277s] -- Up-to-date: /home/luuk/linetracking/install/line_tracking/include/line_tracking/line_tracking/msg/point_array.h
[121.287s] -- Up-to-date: /home/luuk/linetracking/install/line_tracking/share/line_tracking/environment/library_path.sh
[121.288s] -- Installing: /home/luuk/linetracking/install/line_tracking/share/line_tracking/environment/library_path.dsv
[121.300s] -- Installing: /home/luuk/linetracking/install/line_tracking/lib/libline_tracking__rosidl_generator_c.so
[121.314s] -- Set runtime path of "/home/luuk/linetracking/install/line_tracking/lib/libline_tracking__rosidl_generator_c.so" to ""
[121.318s] -- Up-to-date: /home/luuk/linetracking/install/line_tracking/include/line_tracking/line_tracking
[121.320s] -- Up-to-date: /home/luuk/linetracking/install/line_tracking/include/line_tracking/line_tracking/msg
[121.321s] -- Up-to-date: /home/luuk/linetracking/install/line_tracking/include/line_tracking/line_tracking/msg/detail
[121.322s] -- Up-to-date: /home/luuk/linetracking/install/line_tracking/include/line_tracking/line_tracking/msg/detail/point_blob__rosidl_typesupport_fastrtps_c.h
[121.323s] -- Up-to-date: /home/luuk/linetracking/install/line_tracking/include/line_tracking/line_tracking/msg/detail/point_array__rosidl_typesupport_fastrtps_c.h
[121.324s] -- Up-to-date: /home/luuk/linetracking/install/line_tracking/include/line_tracking/line_tracking/msg/rosidl_typesupport_fastrtps_c__visibility_control.h
[121.327s] -- Installing: /home/luuk/linetracking/install/line_tracking/lib/libline_tracking__rosidl_typesupport_fastrtps_c.so
[121.338s] -- Set runtime path of "/home/luuk/linetracking/install/line_tracking/lib/libline_tracking__rosidl_typesupport_fastrtps_c.so" to ""
[121.338s] -- Up-to-date: /home/luuk/linetracking/install/line_tracking/include/line_tracking/line_tracking
[121.339s] -- Up-to-date: /home/luuk/linetracking/install/line_tracking/include/line_tracking/line_tracking/msg
[121.340s] -- Up-to-date: /home/luuk/linetracking/install/line_tracking/include/line_tracking/line_tracking/msg/detail
[121.341s] -- Up-to-date: /home/luuk/linetracking/install/line_tracking/include/line_tracking/line_tracking/msg/detail/point_array__builder.hpp
[121.342s] -- Up-to-date: /home/luuk/linetracking/install/line_tracking/include/line_tracking/line_tracking/msg/detail/point_array__traits.hpp
[121.343s] -- Up-to-date: /home/luuk/linetracking/install/line_tracking/include/line_tracking/line_tracking/msg/detail/point_blob__builder.hpp
[121.344s] -- Up-to-date: /home/luuk/linetracking/install/line_tracking/include/line_tracking/line_tracking/msg/detail/point_blob__struct.hpp
[121.345s] -- Up-to-date: /home/luuk/linetracking/install/line_tracking/include/line_tracking/line_tracking/msg/detail/point_array__struct.hpp
[121.346s] -- Up-to-date: /home/luuk/linetracking/install/line_tracking/include/line_tracking/line_tracking/msg/detail/point_blob__traits.hpp
[121.347s] -- Up-to-date: /home/luuk/linetracking/install/line_tracking/include/line_tracking/line_tracking/msg/point_blob.hpp
[121.348s] -- Up-to-date: /home/luuk/linetracking/install/line_tracking/include/line_tracking/line_tracking/msg/point_array.hpp
[121.348s] -- Up-to-date: /home/luuk/linetracking/install/line_tracking/include/line_tracking/line_tracking
[121.349s] -- Up-to-date: /home/luuk/linetracking/install/line_tracking/include/line_tracking/line_tracking/msg
[121.350s] -- Up-to-date: /home/luuk/linetracking/install/line_tracking/include/line_tracking/line_tracking/msg/detail
[121.351s] -- Up-to-date: /home/luuk/linetracking/install/line_tracking/include/line_tracking/line_tracking/msg/detail/point_array__rosidl_typesupport_fastrtps_cpp.hpp
[121.352s] -- Up-to-date: /home/luuk/linetracking/install/line_tracking/include/line_tracking/line_tracking/msg/detail/point_blob__rosidl_typesupport_fastrtps_cpp.hpp
[121.353s] -- Up-to-date: /home/luuk/linetracking/install/line_tracking/include/line_tracking/line_tracking/msg/detail/dds_fastrtps
[121.354s] -- Up-to-date: /home/luuk/linetracking/install/line_tracking/include/line_tracking/line_tracking/msg/rosidl_typesupport_fastrtps_cpp__visibility_control.h
[121.357s] -- Installing: /home/luuk/linetracking/install/line_tracking/lib/libline_tracking__rosidl_typesupport_fastrtps_cpp.so
[121.369s] -- Set runtime path of "/home/luuk/linetracking/install/line_tracking/lib/libline_tracking__rosidl_typesupport_fastrtps_cpp.so" to ""
[121.370s] -- Up-to-date: /home/luuk/linetracking/install/line_tracking/include/line_tracking/line_tracking
[121.373s] -- Up-to-date: /home/luuk/linetracking/install/line_tracking/include/line_tracking/line_tracking/msg
[121.374s] -- Up-to-date: /home/luuk/linetracking/install/line_tracking/include/line_tracking/line_tracking/msg/detail
[121.374s] -- Up-to-date: /home/luuk/linetracking/install/line_tracking/include/line_tracking/line_tracking/msg/detail/point_blob__rosidl_typesupport_introspection_c.h
[121.374s] -- Up-to-date: /home/luuk/linetracking/install/line_tracking/include/line_tracking/line_tracking/msg/detail/point_array__type_support.c
[121.375s] -- Up-to-date: /home/luuk/linetracking/install/line_tracking/include/line_tracking/line_tracking/msg/detail/point_array__rosidl_typesupport_introspection_c.h
[121.375s] -- Up-to-date: /home/luuk/linetracking/install/line_tracking/include/line_tracking/line_tracking/msg/detail/point_blob__type_support.c
[121.376s] -- Up-to-date: /home/luuk/linetracking/install/line_tracking/include/line_tracking/line_tracking/msg/rosidl_typesupport_introspection_c__visibility_control.h
[121.377s] -- Installing: /home/luuk/linetracking/install/line_tracking/lib/libline_tracking__rosidl_typesupport_introspection_c.so
[121.391s] -- Set runtime path of "/home/luuk/linetracking/install/line_tracking/lib/libline_tracking__rosidl_typesupport_introspection_c.so" to ""
[121.397s] -- Installing: /home/luuk/linetracking/install/line_tracking/lib/libline_tracking__rosidl_typesupport_c.so
[121.407s] -- Set runtime path of "/home/luuk/linetracking/install/line_tracking/lib/libline_tracking__rosidl_typesupport_c.so" to ""
[121.408s] -- Up-to-date: /home/luuk/linetracking/install/line_tracking/include/line_tracking/line_tracking
[121.409s] -- Up-to-date: /home/luuk/linetracking/install/line_tracking/include/line_tracking/line_tracking/msg
[121.410s] -- Up-to-date: /home/luuk/linetracking/install/line_tracking/include/line_tracking/line_tracking/msg/detail
[121.413s] -- Up-to-date: /home/luuk/linetracking/install/line_tracking/include/line_tracking/line_tracking/msg/detail/point_array__rosidl_typesupport_introspection_cpp.hpp
[121.414s] -- Up-to-date: /home/luuk/linetracking/install/line_tracking/include/line_tracking/line_tracking/msg/detail/point_array__type_support.cpp
[121.415s] -- Up-to-date: /home/luuk/linetracking/install/line_tracking/include/line_tracking/line_tracking/msg/detail/point_blob__type_support.cpp
[121.415s] -- Up-to-date: /home/luuk/linetracking/install/line_tracking/include/line_tracking/line_tracking/msg/detail/point_blob__rosidl_typesupport_introspection_cpp.hpp
[121.418s] -- Installing: /home/luuk/linetracking/install/line_tracking/lib/libline_tracking__rosidl_typesupport_introspection_cpp.so
[121.440s] -- Set runtime path of "/home/luuk/linetracking/install/line_tracking/lib/libline_tracking__rosidl_typesupport_introspection_cpp.so" to ""
[121.445s] -- Installing: /home/luuk/linetracking/install/line_tracking/lib/libline_tracking__rosidl_typesupport_cpp.so
[121.461s] -- Set runtime path of "/home/luuk/linetracking/install/line_tracking/lib/libline_tracking__rosidl_typesupport_cpp.so" to ""
[121.463s] -- Up-to-date: /home/luuk/linetracking/install/line_tracking/share/line_tracking/environment/pythonpath.sh
[121.465s] -- Installing: /home/luuk/linetracking/install/line_tracking/share/line_tracking/environment/pythonpath.dsv
[121.465s] -- Up-to-date: /home/luuk/linetracking/install/line_tracking/local/lib/python3.10/dist-packages/line_tracking-0.0.0-py3.10.egg-info
[121.466s] -- Installing: /home/luuk/linetracking/install/line_tracking/local/lib/python3.10/dist-packages/line_tracking-0.0.0-py3.10.egg-info/dependency_links.txt
[121.467s] -- Installing: /home/luuk/linetracking/install/line_tracking/local/lib/python3.10/dist-packages/line_tracking-0.0.0-py3.10.egg-info/PKG-INFO
[121.468s] -- Installing: /home/luuk/linetracking/install/line_tracking/local/lib/python3.10/dist-packages/line_tracking-0.0.0-py3.10.egg-info/SOURCES.txt
[121.469s] -- Installing: /home/luuk/linetracking/install/line_tracking/local/lib/python3.10/dist-packages/line_tracking-0.0.0-py3.10.egg-info/top_level.txt
[121.469s] -- Up-to-date: /home/luuk/linetracking/install/line_tracking/local/lib/python3.10/dist-packages/line_tracking
[121.470s] -- Installing: /home/luuk/linetracking/install/line_tracking/local/lib/python3.10/dist-packages/line_tracking/line_tracking_s__rosidl_typesupport_introspection_c.cpython-310-x86_64-linux-gnu.so
[121.471s] -- Installing: /home/luuk/linetracking/install/line_tracking/local/lib/python3.10/dist-packages/line_tracking/line_tracking_s__rosidl_typesupport_fastrtps_c.cpython-310-x86_64-linux-gnu.so
[121.475s] -- Installing: /home/luuk/linetracking/install/line_tracking/local/lib/python3.10/dist-packages/line_tracking/__init__.py
[121.476s] -- Installing: /home/luuk/linetracking/install/line_tracking/local/lib/python3.10/dist-packages/line_tracking/line_tracking_s__rosidl_typesupport_c.cpython-310-x86_64-linux-gnu.so
[121.479s] -- Up-to-date: /home/luuk/linetracking/install/line_tracking/local/lib/python3.10/dist-packages/line_tracking/_line_tracking_s.ep.rosidl_typesupport_fastrtps_c.c
[121.480s] -- Up-to-date: /home/luuk/linetracking/install/line_tracking/local/lib/python3.10/dist-packages/line_tracking/_line_tracking_s.ep.rosidl_typesupport_c.c
[121.480s] -- Installing: /home/luuk/linetracking/install/line_tracking/local/lib/python3.10/dist-packages/line_tracking/libline_tracking__rosidl_generator_py.so
[121.482s] -- Up-to-date: /home/luuk/linetracking/install/line_tracking/local/lib/python3.10/dist-packages/line_tracking/_line_tracking_s.ep.rosidl_typesupport_introspection_c.c
[121.483s] -- Up-to-date: /home/luuk/linetracking/install/line_tracking/local/lib/python3.10/dist-packages/line_tracking/msg
[121.484s] -- Up-to-date: /home/luuk/linetracking/install/line_tracking/local/lib/python3.10/dist-packages/line_tracking/msg/__init__.py
[121.485s] -- Up-to-date: /home/luuk/linetracking/install/line_tracking/local/lib/python3.10/dist-packages/line_tracking/msg/_point_array.py
[121.486s] -- Up-to-date: /home/luuk/linetracking/install/line_tracking/local/lib/python3.10/dist-packages/line_tracking/msg/_point_array_s.c
[121.486s] -- Up-to-date: /home/luuk/linetracking/install/line_tracking/local/lib/python3.10/dist-packages/line_tracking/msg/_point_blob_s.c
[121.488s] -- Up-to-date: /home/luuk/linetracking/install/line_tracking/local/lib/python3.10/dist-packages/line_tracking/msg/_point_blob.py
[121.725s] Listing '/home/luuk/linetracking/install/line_tracking/local/lib/python3.10/dist-packages/line_tracking'...
[121.725s] Compiling '/home/luuk/linetracking/install/line_tracking/local/lib/python3.10/dist-packages/line_tracking/__init__.py'...
[121.726s] Listing '/home/luuk/linetracking/install/line_tracking/local/lib/python3.10/dist-packages/line_tracking/msg'...
[121.739s] -- Installing: /home/luuk/linetracking/install/line_tracking/local/lib/python3.10/dist-packages/line_tracking/line_tracking_s__rosidl_typesupport_fastrtps_c.cpython-310-x86_64-linux-gnu.so
[121.764s] -- Set runtime path of "/home/luuk/linetracking/install/line_tracking/local/lib/python3.10/dist-packages/line_tracking/line_tracking_s__rosidl_typesupport_fastrtps_c.cpython-310-x86_64-linux-gnu.so" to ""
[121.765s] -- Installing: /home/luuk/linetracking/install/line_tracking/local/lib/python3.10/dist-packages/line_tracking/line_tracking_s__rosidl_typesupport_introspection_c.cpython-310-x86_64-linux-gnu.so
[121.775s] -- Set runtime path of "/home/luuk/linetracking/install/line_tracking/local/lib/python3.10/dist-packages/line_tracking/line_tracking_s__rosidl_typesupport_introspection_c.cpython-310-x86_64-linux-gnu.so" to ""
[121.781s] -- Installing: /home/luuk/linetracking/install/line_tracking/local/lib/python3.10/dist-packages/line_tracking/line_tracking_s__rosidl_typesupport_c.cpython-310-x86_64-linux-gnu.so
[121.795s] -- Set runtime path of "/home/luuk/linetracking/install/line_tracking/local/lib/python3.10/dist-packages/line_tracking/line_tracking_s__rosidl_typesupport_c.cpython-310-x86_64-linux-gnu.so" to ""
[121.799s] -- Installing: /home/luuk/linetracking/install/line_tracking/lib/libline_tracking__rosidl_generator_py.so
[121.814s] -- Set runtime path of "/home/luuk/linetracking/install/line_tracking/lib/libline_tracking__rosidl_generator_py.so" to ""
[121.815s] -- Up-to-date: /home/luuk/linetracking/install/line_tracking/share/line_tracking/msg/PointBlob.idl
[121.817s] -- Up-to-date: /home/luuk/linetracking/install/line_tracking/share/line_tracking/msg/PointArray.idl
[121.818s] -- Up-to-date: /home/luuk/linetracking/install/line_tracking/share/line_tracking/msg/PointBlob.msg
[121.818s] -- Up-to-date: /home/luuk/linetracking/install/line_tracking/share/line_tracking/msg/PointArray.msg
[121.826s] -- Installing: /home/luuk/linetracking/install/line_tracking/lib/line_tracking/compressed_viewer
[121.922s] -- Set runtime path of "/home/luuk/linetracking/install/line_tracking/lib/line_tracking/compressed_viewer" to ""
[121.930s] -- Installing: /home/luuk/linetracking/install/line_tracking/lib/line_tracking/line_detection
[122.032s] -- Set runtime path of "/home/luuk/linetracking/install/line_tracking/lib/line_tracking/line_detection" to ""
[122.044s] -- Installing: /home/luuk/linetracking/install/line_tracking/lib/line_tracking/lane_follower
[122.123s] -- Set runtime path of "/home/luuk/linetracking/install/line_tracking/lib/line_tracking/lane_follower" to ""
[122.124s] -- Up-to-date: /home/luuk/linetracking/install/line_tracking/share/ament_index/resource_index/package_run_dependencies/line_tracking
[122.126s] -- Up-to-date: /home/luuk/linetracking/install/line_tracking/share/ament_index/resource_index/parent_prefix_path/line_tracking
[122.129s] -- Up-to-date: /home/luuk/linetracking/install/line_tracking/share/line_tracking/environment/ament_prefix_path.sh
[122.131s] -- Installing: /home/luuk/linetracking/install/line_tracking/share/line_tracking/environment/ament_prefix_path.dsv
[122.132s] -- Up-to-date: /home/luuk/linetracking/install/line_tracking/share/line_tracking/environment/path.sh
[122.134s] -- Installing: /home/luuk/linetracking/install/line_tracking/share/line_tracking/environment/path.dsv
[122.135s] -- Up-to-date: /home/luuk/linetracking/install/line_tracking/share/line_tracking/local_setup.bash
[122.135s] -- Up-to-date: /home/luuk/linetracking/install/line_tracking/share/line_tracking/local_setup.sh
[122.137s] -- Up-to-date: /home/luuk/linetracking/install/line_tracking/share/line_tracking/local_setup.zsh
[122.137s] -- Installing: /home/luuk/linetracking/install/line_tracking/share/line_tracking/local_setup.dsv
[122.138s] -- Installing: /home/luuk/linetracking/install/line_tracking/share/line_tracking/package.dsv
[122.142s] -- Up-to-date: /home/luuk/linetracking/install/line_tracking/share/ament_index/resource_index/packages/line_tracking
[122.142s] -- Up-to-date: /home/luuk/linetracking/install/line_tracking/share/line_tracking/cmake/export_line_tracking__rosidl_generator_cExport.cmake
[122.145s] -- Up-to-date: /home/luuk/linetracking/install/line_tracking/share/line_tracking/cmake/export_line_tracking__rosidl_generator_cExport-noconfig.cmake
[122.145s] -- Up-to-date: /home/luuk/linetracking/install/line_tracking/share/line_tracking/cmake/export_line_tracking__rosidl_typesupport_fastrtps_cExport.cmake
[122.146s] -- Up-to-date: /home/luuk/linetracking/install/line_tracking/share/line_tracking/cmake/export_line_tracking__rosidl_typesupport_fastrtps_cExport-noconfig.cmake
[122.148s] -- Up-to-date: /home/luuk/linetracking/install/line_tracking/share/line_tracking/cmake/export_line_tracking__rosidl_generator_cppExport.cmake
[122.149s] -- Up-to-date: /home/luuk/linetracking/install/line_tracking/share/line_tracking/cmake/export_line_tracking__rosidl_typesupport_fastrtps_cppExport.cmake
[122.150s] -- Up-to-date: /home/luuk/linetracking/install/line_tracking/share/line_tracking/cmake/export_line_tracking__rosidl_typesupport_fastrtps_cppExport-noconfig.cmake
[122.153s] -- Up-to-date: /home/luuk/linetracking/install/line_tracking/share/line_tracking/cmake/line_tracking__rosidl_typesupport_introspection_cExport.cmake
[122.154s] -- Up-to-date: /home/luuk/linetracking/install/line_tracking/share/line_tracking/cmake/line_tracking__rosidl_typesupport_introspection_cExport-noconfig.cmake
[122.154s] -- Up-to-date: /home/luuk/linetracking/install/line_tracking/share/line_tracking/cmake/line_tracking__rosidl_typesupport_cExport.cmake
[122.155s] -- Up-to-date: /home/luuk/linetracking/install/line_tracking/share/line_tracking/cmake/line_tracking__rosidl_typesupport_cExport-noconfig.cmake
[122.164s] -- Up-to-date: /home/luuk/linetracking/install/line_tracking/share/line_tracking/cmake/line_tracking__rosidl_typesupport_introspection_cppExport.cmake
[122.165s] -- Up-to-date: /home/luuk/linetracking/install/line_tracking/share/line_tracking/cmake/line_tracking__rosidl_typesupport_introspection_cppExport-noconfig.cmake
[122.165s] -- Up-to-date: /home/luuk/linetracking/install/line_tracking/share/line_tracking/cmake/line_tracking__rosidl_typesupport_cppExport.cmake
[122.165s] -- Up-to-date: /home/luuk/linetracking/install/line_tracking/share/line_tracking/cmake/line_tracking__rosidl_typesupport_cppExport-noconfig.cmake
[122.166s] -- Up-to-date: /home/luuk/linetracking/install/line_tracking/share/line_tracking/cmake/export_line_tracking__rosidl_generator_pyExport.cmake
[122.167s] -- Up-to-date: /home/luuk/linetracking/install/line_tracking/share/line_tracking/cmake/export_line_tracking__rosidl_generator_pyExport-noconfig.cmake
[122.168s] -- Up-to-date: /home/luuk/linetracking/install/line_tracking/share/line_tracking/cmake/rosidl_cmake-extras.cmake
[122.169s] -- Up-to-date: /home/luuk/linetracking/install/line_tracking/share/line_tracking/cmake/ament_cmake_export_dependencies-extras.cmake
[122.169s] -- Up-to-date: /home/luuk/linetracking/install/line_tracking/share/line_tracking/cmake/ament_cmake_export_include_directories-extras.cmake
[122.170s] -- Up-to-date: /home/luuk/linetracking/install/line_tracking/share/line_tracking/cmake/ament_cmake_export_libraries-extras.cmake
[122.170s] -- Up-to-date: /home/luuk/linetracking/install/line_tracking/share/line_tracking/cmake/ament_cmake_export_targets-extras.cmake
[122.175s] -- Up-to-date: /home/luuk/linetracking/install/line_tracking/share/line_tracking/cmake/rosidl_cmake_export_typesupport_targets-extras.cmake
[122.177s] -- Up-to-date: /home/luuk/linetracking/install/line_tracking/share/line_tracking/cmake/rosidl_cmake_export_typesupport_libraries-extras.cmake
[122.177s] -- Up-to-date: /home/luuk/linetracking/install/line_tracking/share/line_tracking/cmake/line_trackingConfig.cmake
[122.180s] -- Up-to-date: /home/luuk/linetracking/install/line_tracking/share/line_tracking/cmake/line_trackingConfig-version.cmake
[122.184s] -- Up-to-date: /home/luuk/linetracking/install/line_tracking/share/line_tracking/package.xml
[122.201s] Invoked command in '/home/luuk/linetracking/build/line_tracking' returned '0': CMAKE_PREFIX_PATH=${CMAKE_PREFIX_PATH}:/opt/ros/humble /usr/bin/cmake --install /home/luuk/linetracking/build/line_tracking
