-- Found ament_cmake: 1.3.5 (/opt/ros/humble/share/ament_cmake/cmake)
-- Found rclcpp: 16.0.5 (/opt/ros/humble/share/rclcpp/cmake)
-- Found rosidl_generator_c: 3.1.5 (/opt/ros/humble/share/rosidl_generator_c/cmake)
-- Found rosidl_adapter: 3.1.5 (/opt/ros/humble/share/rosidl_adapter/cmake)
-- Found rosidl_generator_cpp: 3.1.5 (/opt/ros/humble/share/rosidl_generator_cpp/cmake)
-- Using all available rosidl_typesupport_c: rosidl_typesupport_fastrtps_c;rosidl_typesupport_introspection_c
-- Using all available rosidl_typesupport_cpp: rosidl_typesupport_fastrtps_cpp;rosidl_typesupport_introspection_cpp
-- Found rmw_implementation_cmake: 6.1.1 (/opt/ros/humble/share/rmw_implementation_cmake/cmake)
-- Found rmw_fastrtps_cpp: 6.2.3 (/opt/ros/humble/share/rmw_fastrtps_cpp/cmake)
-- Using RMW implementation 'rmw_fastrtps_cpp' as default
-- Configuring done
-- Generating done
-- Build files have been written to: /home/luuk/turtle3_control/build/turtle3_control
[35m[1mConsolidate compiler generated dependencies of target diff_node[0m
[100%] Built target diff_node
-- Install configuration: ""
-- Up-to-date: /home/luuk/turtle3_control/install/turtle3_control/lib/turtle3_control/diff_node
-- Up-to-date: /home/luuk/turtle3_control/install/turtle3_control/share/ament_index/resource_index/package_run_dependencies/turtle3_control
-- Up-to-date: /home/luuk/turtle3_control/install/turtle3_control/share/ament_index/resource_index/parent_prefix_path/turtle3_control
-- Up-to-date: /home/luuk/turtle3_control/install/turtle3_control/share/turtle3_control/environment/ament_prefix_path.sh
-- Installing: /home/luuk/turtle3_control/install/turtle3_control/share/turtle3_control/environment/ament_prefix_path.dsv
-- Up-to-date: /home/luuk/turtle3_control/install/turtle3_control/share/turtle3_control/environment/path.sh
-- Installing: /home/luuk/turtle3_control/install/turtle3_control/share/turtle3_control/environment/path.dsv
-- Up-to-date: /home/luuk/turtle3_control/install/turtle3_control/share/turtle3_control/local_setup.bash
-- Up-to-date: /home/luuk/turtle3_control/install/turtle3_control/share/turtle3_control/local_setup.sh
-- Up-to-date: /home/luuk/turtle3_control/install/turtle3_control/share/turtle3_control/local_setup.zsh
-- Installing: /home/luuk/turtle3_control/install/turtle3_control/share/turtle3_control/local_setup.dsv
-- Installing: /home/luuk/turtle3_control/install/turtle3_control/share/turtle3_control/package.dsv
-- Up-to-date: /home/luuk/turtle3_control/install/turtle3_control/share/ament_index/resource_index/packages/turtle3_control
-- Up-to-date: /home/luuk/turtle3_control/install/turtle3_control/share/turtle3_control/cmake/turtle3_controlConfig.cmake
-- Up-to-date: /home/luuk/turtle3_control/install/turtle3_control/share/turtle3_control/cmake/turtle3_controlConfig-version.cmake
-- Up-to-date: /home/luuk/turtle3_control/install/turtle3_control/share/turtle3_control/package.xml
