-- Found ament_cmake: 1.3.5 (/opt/ros/humble/share/ament_cmake/cmake)
-- Found rclcpp: 16.0.5 (/opt/ros/humble/share/rclcpp/cmake)
-- Found rosidl_generator_c: 3.1.5 (/opt/ros/humble/share/rosidl_generator_c/cmake)
-- Found rosidl_adapter: 3.1.5 (/opt/ros/humble/share/rosidl_adapter/cmake)
-- Found rosidl_generator_cpp: 3.1.5 (/opt/ros/humble/share/rosidl_generator_cpp/cmake)
-- Using all available rosidl_typesupport_c: rosidl_typesupport_fastrtps_c;rosidl_typesupport_introspection_c
-- Using all available rosidl_typesupport_cpp: rosidl_typesupport_fastrtps_cpp;rosidl_typesupport_introspection_cpp
-- Found rmw_implementation_cmake: 6.1.1 (/opt/ros/humble/share/rmw_implementation_cmake/cmake)
-- Found rmw_fastrtps_cpp: 6.2.3 (/opt/ros/humble/share/rmw_fastrtps_cpp/cmake)
-- Using RMW implementation 'rmw_fastrtps_cpp' as default
-- Found sensor_msgs: 4.2.3 (/opt/ros/humble/share/sensor_msgs/cmake)
-- Found cv_bridge: 3.2.1 (/opt/ros/humble/share/cv_bridge/cmake)
-- Found PkgConfig: /usr/bin/pkg-config (found version "0.29.2") 
-- Found GSL: /usr/include (found version "2.7.1") 
-- Configuring done
-- Generating done
-- Build files have been written to: /home/luuk/linetracking/build/line_tracking
[35m[1mConsolidate compiler generated dependencies of target compressed_viewer[0m
[35m[1mConsolidate compiler generated dependencies of target line_detection[0m
[ 33%] Built target compressed_viewer
[ 50%] [32m[1mLinking CXX executable line_detection[0m
[100%] Built target line_detection
-- Install configuration: ""
-- Up-to-date: /home/luuk/linetracking/install/line_tracking/lib/line_tracking/compressed_viewer
-- Installing: /home/luuk/linetracking/install/line_tracking/lib/line_tracking/line_detection
-- Set runtime path of "/home/luuk/linetracking/install/line_tracking/lib/line_tracking/line_detection" to ""
-- Installing: /home/luuk/linetracking/install/line_tracking/share/ament_index/resource_index/package_run_dependencies/line_tracking
-- Installing: /home/luuk/linetracking/install/line_tracking/share/ament_index/resource_index/parent_prefix_path/line_tracking
-- Up-to-date: /home/luuk/linetracking/install/line_tracking/share/line_tracking/environment/ament_prefix_path.sh
-- Installing: /home/luuk/linetracking/install/line_tracking/share/line_tracking/environment/ament_prefix_path.dsv
-- Up-to-date: /home/luuk/linetracking/install/line_tracking/share/line_tracking/environment/path.sh
-- Installing: /home/luuk/linetracking/install/line_tracking/share/line_tracking/environment/path.dsv
-- Up-to-date: /home/luuk/linetracking/install/line_tracking/share/line_tracking/local_setup.bash
-- Up-to-date: /home/luuk/linetracking/install/line_tracking/share/line_tracking/local_setup.sh
-- Up-to-date: /home/luuk/linetracking/install/line_tracking/share/line_tracking/local_setup.zsh
-- Installing: /home/luuk/linetracking/install/line_tracking/share/line_tracking/local_setup.dsv
-- Installing: /home/luuk/linetracking/install/line_tracking/share/line_tracking/package.dsv
-- Up-to-date: /home/luuk/linetracking/install/line_tracking/share/ament_index/resource_index/packages/line_tracking
-- Up-to-date: /home/luuk/linetracking/install/line_tracking/share/line_tracking/cmake/line_trackingConfig.cmake
-- Up-to-date: /home/luuk/linetracking/install/line_tracking/share/line_tracking/cmake/line_trackingConfig-version.cmake
-- Installing: /home/luuk/linetracking/install/line_tracking/share/line_tracking/package.xml
