[0.052s] Invoking command in '/home/luuk/linetracking/build/line_tracking': CMAKE_PREFIX_PATH=/opt/ros/humble /usr/bin/cmake --build /home/luuk/linetracking/build/line_tracking -- -j8 -l8
[0.275s] [35m[1mConsolidate compiler generated dependencies of target line_detection[0m
[0.346s] [ 33%] Built target compressed_viewer
[0.359s] [ 50%] [32mBuilding CXX object CMakeFiles/line_detection.dir/src/line_detection/vision_process.cpp.o[0m
[5.401s] In file included from [01m[K/usr/include/c++/11/vector:66[m[K,
[5.401s]                  from [01m[K/home/luuk/linetracking/src/line_detection/include/vision_process.hpp:5[m[K,
[5.401s]                  from [01m[K/home/luuk/linetracking/src/line_detection/vision_process.cpp:1[m[K:
[5.402s] /usr/include/c++/11/bits/stl_uninitialized.h: In instantiation of ‘[01m[K_ForwardIterator std::uninitialized_copy(_InputIterator, _InputIterator, _ForwardIterator) [with _InputIterator = __gnu_cxx::__normal_iterator<cv::Point_<int>*, std::vector<cv::Point_<int> > >; _ForwardIterator = std::vector<cv::Point_<int> >*][m[K’:
[5.402s] [01m[K/usr/include/c++/11/bits/stl_uninitialized.h:333:37:[m[K   required from ‘[01m[K_ForwardIterator std::__uninitialized_copy_a(_InputIterator, _InputIterator, _ForwardIterator, std::allocator<_Tp>&) [with _InputIterator = __gnu_cxx::__normal_iterator<cv::Point_<int>*, std::vector<cv::Point_<int> > >; _ForwardIterator = std::vector<cv::Point_<int> >*; _Tp = std::vector<cv::Point_<int> >][m[K’
[5.403s] [01m[K/usr/include/c++/11/bits/vector.tcc:751:34:[m[K   required from ‘[01m[Kvoid std::vector<_Tp, _Alloc>::_M_range_insert(std::vector<_Tp, _Alloc>::iterator, _ForwardIterator, _ForwardIterator, std::forward_iterator_tag) [with _ForwardIterator = __gnu_cxx::__normal_iterator<cv::Point_<int>*, std::vector<cv::Point_<int> > >; _Tp = std::vector<cv::Point_<int> >; _Alloc = std::allocator<std::vector<cv::Point_<int> > >; std::vector<_Tp, _Alloc>::iterator = std::vector<std::vector<cv::Point_<int> > >::iterator][m[K’
[5.403s] [01m[K/usr/include/c++/11/bits/stl_vector.h:1665:19:[m[K   required from ‘[01m[Kvoid std::vector<_Tp, _Alloc>::_M_insert_dispatch(std::vector<_Tp, _Alloc>::iterator, _InputIterator, _InputIterator, std::__false_type) [with _InputIterator = __gnu_cxx::__normal_iterator<cv::Point_<int>*, std::vector<cv::Point_<int> > >; _Tp = std::vector<cv::Point_<int> >; _Alloc = std::allocator<std::vector<cv::Point_<int> > >; std::vector<_Tp, _Alloc>::iterator = std::vector<std::vector<cv::Point_<int> > >::iterator][m[K’
[5.403s] [01m[K/usr/include/c++/11/bits/stl_vector.h:1383:22:[m[K   required from ‘[01m[Kstd::vector<_Tp, _Alloc>::iterator std::vector<_Tp, _Alloc>::insert(std::vector<_Tp, _Alloc>::const_iterator, _InputIterator, _InputIterator) [with _InputIterator = __gnu_cxx::__normal_iterator<cv::Point_<int>*, std::vector<cv::Point_<int> > >; <template-parameter-2-2> = void; _Tp = std::vector<cv::Point_<int> >; _Alloc = std::allocator<std::vector<cv::Point_<int> > >; std::vector<_Tp, _Alloc>::iterator = std::vector<std::vector<cv::Point_<int> > >::iterator; std::vector<_Tp, _Alloc>::const_iterator = std::vector<std::vector<cv::Point_<int> > >::const_iterator][m[K’
[5.404s] [01m[K/home/luuk/linetracking/src/line_detection/vision_process.cpp:84:26:[m[K   required from here
[5.404s] [01m[K/usr/include/c++/11/bits/stl_uninitialized.h:138:72:[m[K [01;31m[Kerror: [m[Kstatic assertion failed: result type must be constructible from value type of input range
[5.405s]   138 |       static_assert(is_constructible<_ValueType2, decltype(*__first)>::[01;31m[Kvalue[m[K,
[5.405s]       |                                                                        [01;31m[K^~~~~[m[K
[5.405s] [01m[K/usr/include/c++/11/bits/stl_uninitialized.h:138:72:[m[K [01;36m[Knote: [m[K‘[01m[Kstd::integral_constant<bool, false>::value[m[K’ evaluates to false
[5.596s] In file included from [01m[K/usr/include/c++/11/bits/char_traits.h:39[m[K,
[5.596s]                  from [01m[K/usr/include/c++/11/string:40[m[K,
[5.597s]                  from [01m[K/home/luuk/linetracking/src/line_detection/include/vision_process.hpp:4[m[K,
[5.597s]                  from [01m[K/home/luuk/linetracking/src/line_detection/vision_process.cpp:1[m[K:
[5.597s] /usr/include/c++/11/bits/stl_algobase.h: In instantiation of ‘[01m[Kstatic _OI std::__copy_move<false, false, std::random_access_iterator_tag>::__copy_m(_II, _II, _OI) [with _II = cv::Point_<int>*; _OI = std::vector<cv::Point_<int> >*][m[K’:
[5.597s] [01m[K/usr/include/c++/11/bits/stl_algobase.h:495:30:[m[K   required from ‘[01m[K_OI std::__copy_move_a2(_II, _II, _OI) [with bool _IsMove = false; _II = cv::Point_<int>*; _OI = std::vector<cv::Point_<int> >*][m[K’
[5.598s] [01m[K/usr/include/c++/11/bits/stl_algobase.h:522:42:[m[K   required from ‘[01m[K_OI std::__copy_move_a1(_II, _II, _OI) [with bool _IsMove = false; _II = cv::Point_<int>*; _OI = std::vector<cv::Point_<int> >*][m[K’
[5.598s] [01m[K/usr/include/c++/11/bits/stl_algobase.h:530:31:[m[K   required from ‘[01m[K_OI std::__copy_move_a(_II, _II, _OI) [with bool _IsMove = false; _II = __gnu_cxx::__normal_iterator<cv::Point_<int>*, std::vector<cv::Point_<int> > >; _OI = __gnu_cxx::__normal_iterator<std::vector<cv::Point_<int> >*, std::vector<std::vector<cv::Point_<int> > > >][m[K’
[5.601s] [01m[K/usr/include/c++/11/bits/stl_algobase.h:620:7:[m[K   required from ‘[01m[K_OI std::copy(_II, _II, _OI) [with _II = __gnu_cxx::__normal_iterator<cv::Point_<int>*, std::vector<cv::Point_<int> > >; _OI = __gnu_cxx::__normal_iterator<std::vector<cv::Point_<int> >*, std::vector<std::vector<cv::Point_<int> > > >][m[K’
[5.602s] [01m[K/usr/include/c++/11/bits/vector.tcc:744:16:[m[K   required from ‘[01m[Kvoid std::vector<_Tp, _Alloc>::_M_range_insert(std::vector<_Tp, _Alloc>::iterator, _ForwardIterator, _ForwardIterator, std::forward_iterator_tag) [with _ForwardIterator = __gnu_cxx::__normal_iterator<cv::Point_<int>*, std::vector<cv::Point_<int> > >; _Tp = std::vector<cv::Point_<int> >; _Alloc = std::allocator<std::vector<cv::Point_<int> > >; std::vector<_Tp, _Alloc>::iterator = std::vector<std::vector<cv::Point_<int> > >::iterator][m[K’
[5.602s] [01m[K/usr/include/c++/11/bits/stl_vector.h:1665:19:[m[K   required from ‘[01m[Kvoid std::vector<_Tp, _Alloc>::_M_insert_dispatch(std::vector<_Tp, _Alloc>::iterator, _InputIterator, _InputIterator, std::__false_type) [with _InputIterator = __gnu_cxx::__normal_iterator<cv::Point_<int>*, std::vector<cv::Point_<int> > >; _Tp = std::vector<cv::Point_<int> >; _Alloc = std::allocator<std::vector<cv::Point_<int> > >; std::vector<_Tp, _Alloc>::iterator = std::vector<std::vector<cv::Point_<int> > >::iterator][m[K’
[5.602s] [01m[K/usr/include/c++/11/bits/stl_vector.h:1383:22:[m[K   required from ‘[01m[Kstd::vector<_Tp, _Alloc>::iterator std::vector<_Tp, _Alloc>::insert(std::vector<_Tp, _Alloc>::const_iterator, _InputIterator, _InputIterator) [with _InputIterator = __gnu_cxx::__normal_iterator<cv::Point_<int>*, std::vector<cv::Point_<int> > >; <template-parameter-2-2> = void; _Tp = std::vector<cv::Point_<int> >; _Alloc = std::allocator<std::vector<cv::Point_<int> > >; std::vector<_Tp, _Alloc>::iterator = std::vector<std::vector<cv::Point_<int> > >::iterator; std::vector<_Tp, _Alloc>::const_iterator = std::vector<std::vector<cv::Point_<int> > >::const_iterator][m[K’
[5.602s] [01m[K/home/luuk/linetracking/src/line_detection/vision_process.cpp:84:26:[m[K   required from here
[5.602s] [01m[K/usr/include/c++/11/bits/stl_algobase.h:385:25:[m[K [01;31m[Kerror: [m[Kno match for ‘[01m[Koperator=[m[K’ (operand types are ‘[01m[Kstd::vector<cv::Point_<int> >[m[K’ and ‘[01m[Kcv::Point_<int>[m[K’)
[5.602s]   385 |               [01;31m[K*__result = *__first[m[K;
[5.603s]       |               [01;31m[K~~~~~~~~~~^~~~~~~~~~[m[K
[5.603s] In file included from [01m[K/usr/include/c++/11/vector:72[m[K,
[5.603s]                  from [01m[K/home/luuk/linetracking/src/line_detection/include/vision_process.hpp:5[m[K,
[5.603s]                  from [01m[K/home/luuk/linetracking/src/line_detection/vision_process.cpp:1[m[K:
[5.603s] [01m[K/usr/include/c++/11/bits/vector.tcc:198:5:[m[K [01;36m[Knote: [m[Kcandidate: ‘[01m[Kstd::vector<_Tp, _Alloc>& std::vector<_Tp, _Alloc>::operator=(const std::vector<_Tp, _Alloc>&) [with _Tp = cv::Point_<int>; _Alloc = std::allocator<cv::Point_<int> >][m[K’
[5.603s]   198 |     [01;36m[Kvector<_Tp, _Alloc>[m[K::
[5.604s]       |     [01;36m[K^~~~~~~~~~~~~~~~~~~[m[K
[5.604s] [01m[K/usr/include/c++/11/bits/vector.tcc:199:42:[m[K [01;36m[Knote: [m[K  no known conversion for argument 1 from ‘[01m[Kcv::Point_<int>[m[K’ to ‘[01m[Kconst std::vector<cv::Point_<int> >&[m[K’
[5.604s]   199 |     operator=([01;36m[Kconst vector<_Tp, _Alloc>& __x[m[K)
[5.604s]       |               [01;36m[K~~~~~~~~~~~~~~~~~~~~~~~~~~~^~~[m[K
[5.604s] In file included from [01m[K/usr/include/c++/11/vector:67[m[K,
[5.605s]                  from [01m[K/home/luuk/linetracking/src/line_detection/include/vision_process.hpp:5[m[K,
[5.605s]                  from [01m[K/home/luuk/linetracking/src/line_detection/vision_process.cpp:1[m[K:
[5.605s] [01m[K/usr/include/c++/11/bits/stl_vector.h:709:7:[m[K [01;36m[Knote: [m[Kcandidate: ‘[01m[Kstd::vector<_Tp, _Alloc>& std::vector<_Tp, _Alloc>::operator=(std::vector<_Tp, _Alloc>&&) [with _Tp = cv::Point_<int>; _Alloc = std::allocator<cv::Point_<int> >][m[K’
[5.605s]   709 |       [01;36m[Koperator[m[K=(vector&& __x) noexcept(_Alloc_traits::_S_nothrow_move())
[5.605s]       |       [01;36m[K^~~~~~~~[m[K
[5.605s] [01m[K/usr/include/c++/11/bits/stl_vector.h:709:26:[m[K [01;36m[Knote: [m[K  no known conversion for argument 1 from ‘[01m[Kcv::Point_<int>[m[K’ to ‘[01m[Kstd::vector<cv::Point_<int> >&&[m[K’
[5.605s]   709 |       operator=([01;36m[Kvector&& __x[m[K) noexcept(_Alloc_traits::_S_nothrow_move())
[5.605s]       |                 [01;36m[K~~~~~~~~~^~~[m[K
[5.606s] [01m[K/usr/include/c++/11/bits/stl_vector.h:730:7:[m[K [01;36m[Knote: [m[Kcandidate: ‘[01m[Kstd::vector<_Tp, _Alloc>& std::vector<_Tp, _Alloc>::operator=(std::initializer_list<_Tp>) [with _Tp = cv::Point_<int>; _Alloc = std::allocator<cv::Point_<int> >][m[K’
[5.606s]   730 |       [01;36m[Koperator[m[K=(initializer_list<value_type> __l)
[5.606s]       |       [01;36m[K^~~~~~~~[m[K
[5.606s] [01m[K/usr/include/c++/11/bits/stl_vector.h:730:46:[m[K [01;36m[Knote: [m[K  no known conversion for argument 1 from ‘[01m[Kcv::Point_<int>[m[K’ to ‘[01m[Kstd::initializer_list<cv::Point_<int> >[m[K’
[5.606s]   730 |       operator=([01;36m[Kinitializer_list<value_type> __l[m[K)
[5.606s]       |                 [01;36m[K~~~~~~~~~~~~~~~~~~~~~~~~~~~~~^~~[m[K
[5.890s] gmake[2]: *** [CMakeFiles/line_detection.dir/build.make:104: CMakeFiles/line_detection.dir/src/line_detection/vision_process.cpp.o] Error 1
[5.891s] gmake[1]: *** [CMakeFiles/Makefile2:165: CMakeFiles/line_detection.dir/all] Error 2
[5.895s] gmake: *** [Makefile:146: all] Error 2
[5.905s] Invoked command in '/home/luuk/linetracking/build/line_tracking' returned '2': CMAKE_PREFIX_PATH=/opt/ros/humble /usr/bin/cmake --build /home/luuk/linetracking/build/line_tracking -- -j8 -l8
