[1.706s] DEBUG:colcon:Command line arguments: ['/usr/bin/colcon', 'build']
[1.706s] DEBUG:colcon:Parsed command line arguments: Namespace(log_base=None, log_level=None, verb_name='build', build_base='build', install_base='install', merge_install=False, symlink_install=False, test_result_base=None, continue_on_error=False, executor='parallel', parallel_workers=8, event_handlers=None, ignore_user_meta=False, metas=['./colcon.meta'], base_paths=['.'], packages_ignore=None, packages_ignore_regex=None, paths=None, packages_up_to=None, packages_up_to_regex=None, packages_above=None, packages_above_and_dependencies=None, packages_above_depth=None, packages_select_by_dep=None, packages_skip_by_dep=None, packages_skip_up_to=None, packages_select_build_failed=False, packages_skip_build_finished=False, packages_select_test_failures=False, packages_skip_test_passed=False, packages_select=None, packages_skip=None, packages_select_regex=None, packages_skip_regex=None, packages_start=None, packages_end=None, allow_overriding=[], cmake_args=None, cmake_target=None, cmake_target_skip_unavailable=False, cmake_clean_cache=False, cmake_clean_first=False, cmake_force_configure=False, ament_cmake_args=None, catkin_cmake_args=None, catkin_skip_building_tests=False, verb_parser=<colcon_defaults.argument_parser.defaults.DefaultArgumentsDecorator object at 0x7f5b53edf700>, verb_extension=<colcon_core.verb.build.BuildVerb object at 0x7f5b5474dc00>, main=<bound method BuildVerb.main of <colcon_core.verb.build.BuildVerb object at 0x7f5b5474dc00>>)
[1.838s] Level 1:colcon.colcon_core.package_discovery:discover_packages(colcon_meta) check parameters
[1.839s] Level 1:colcon.colcon_core.package_discovery:discover_packages(recursive) check parameters
[1.839s] Level 1:colcon.colcon_core.package_discovery:discover_packages(ignore) check parameters
[1.839s] Level 1:colcon.colcon_core.package_discovery:discover_packages(path) check parameters
[1.840s] Level 1:colcon.colcon_core.package_discovery:discover_packages(colcon_meta) discover
[1.840s] Level 1:colcon.colcon_core.package_discovery:discover_packages(recursive) discover
[1.840s] INFO:colcon.colcon_core.package_discovery:Crawling recursively for packages in '/home/luuk/linetracking'
[1.841s] Level 1:colcon.colcon_core.package_identification:_identify(.) by extensions ['ignore', 'ignore_ament_install']
[1.842s] Level 1:colcon.colcon_core.package_identification:_identify(.) by extension 'ignore'
[1.842s] Level 1:colcon.colcon_core.package_identification:_identify(.) by extension 'ignore_ament_install'
[1.843s] Level 1:colcon.colcon_core.package_identification:_identify(.) by extensions ['colcon_pkg']
[1.843s] Level 1:colcon.colcon_core.package_identification:_identify(.) by extension 'colcon_pkg'
[1.843s] Level 1:colcon.colcon_core.package_identification:_identify(.) by extensions ['colcon_meta']
[1.843s] Level 1:colcon.colcon_core.package_identification:_identify(.) by extension 'colcon_meta'
[1.844s] Level 1:colcon.colcon_core.package_identification:_identify(.) by extensions ['ros']
[1.844s] Level 1:colcon.colcon_core.package_identification:_identify(.) by extension 'ros'
[1.909s] DEBUG:colcon.colcon_core.package_identification:Package '.' with type 'ros.ament_cmake' and name 'line_tracking'
[1.910s] Level 1:colcon.colcon_core.package_discovery:discover_packages(recursive) using defaults
[1.910s] Level 1:colcon.colcon_core.package_discovery:discover_packages(ignore) discover
[1.910s] Level 1:colcon.colcon_core.package_discovery:discover_packages(ignore) using defaults
[1.910s] Level 1:colcon.colcon_core.package_discovery:discover_packages(path) discover
[1.910s] Level 1:colcon.colcon_core.package_discovery:discover_packages(path) using defaults
[2.026s] Level 1:colcon.colcon_core.package_discovery:discover_packages(prefix_path) check parameters
[2.047s] Level 1:colcon.colcon_core.package_discovery:discover_packages(prefix_path) discover
[2.064s] DEBUG:colcon.colcon_installed_package_information.package_discovery:Found 1 installed packages in /home/luuk/linetracking/install
[2.104s] DEBUG:colcon.colcon_installed_package_information.package_discovery:Found 399 installed packages in /opt/ros/humble
[2.116s] Level 1:colcon.colcon_core.package_discovery:discover_packages(prefix_path) using defaults
[2.639s] Level 5:colcon.colcon_core.verb:set package 'line_tracking' build argument 'cmake_args' from command line to 'None'
[2.639s] Level 5:colcon.colcon_core.verb:set package 'line_tracking' build argument 'cmake_target' from command line to 'None'
[2.639s] Level 5:colcon.colcon_core.verb:set package 'line_tracking' build argument 'cmake_target_skip_unavailable' from command line to 'False'
[2.640s] Level 5:colcon.colcon_core.verb:set package 'line_tracking' build argument 'cmake_clean_cache' from command line to 'False'
[2.640s] Level 5:colcon.colcon_core.verb:set package 'line_tracking' build argument 'cmake_clean_first' from command line to 'False'
[2.640s] Level 5:colcon.colcon_core.verb:set package 'line_tracking' build argument 'cmake_force_configure' from command line to 'False'
[2.640s] Level 5:colcon.colcon_core.verb:set package 'line_tracking' build argument 'ament_cmake_args' from command line to 'None'
[2.640s] Level 5:colcon.colcon_core.verb:set package 'line_tracking' build argument 'catkin_cmake_args' from command line to 'None'
[2.640s] Level 5:colcon.colcon_core.verb:set package 'line_tracking' build argument 'catkin_skip_building_tests' from command line to 'False'
[2.640s] DEBUG:colcon.colcon_core.verb:Building package 'line_tracking' with the following arguments: {'ament_cmake_args': None, 'build_base': '/home/luuk/linetracking/build/line_tracking', 'catkin_cmake_args': None, 'catkin_skip_building_tests': False, 'cmake_args': None, 'cmake_clean_cache': False, 'cmake_clean_first': False, 'cmake_force_configure': False, 'cmake_target': None, 'cmake_target_skip_unavailable': False, 'install_base': '/home/luuk/linetracking/install/line_tracking', 'merge_install': False, 'path': '/home/luuk/linetracking', 'symlink_install': False, 'test_result_base': None}
[2.642s] INFO:colcon.colcon_core.executor:Executing jobs using 'parallel' executor
[2.680s] DEBUG:colcon.colcon_parallel_executor.executor.parallel:run_until_complete
[2.682s] INFO:colcon.colcon_ros.task.ament_cmake.build:Building ROS package in '/home/luuk/linetracking' with build type 'ament_cmake'
[2.682s] INFO:colcon.colcon_cmake.task.cmake.build:Building CMake package in '/home/luuk/linetracking'
[2.699s] INFO:colcon.colcon_core.plugin_system:Skipping extension 'colcon_core.shell.bat': Not used on non-Windows systems
[2.700s] INFO:colcon.colcon_core.shell:Skip shell extension 'powershell' for command environment: Not usable outside of PowerShell
[2.700s] DEBUG:colcon.colcon_core.shell:Skip shell extension 'dsv' for command environment
[3.066s] DEBUG:colcon.colcon_core.event_handler.log_command:Invoking command in '/home/luuk/linetracking/build/line_tracking': CMAKE_PREFIX_PATH=${CMAKE_PREFIX_PATH}:/opt/ros/humble /usr/bin/cmake --build /home/luuk/linetracking/build/line_tracking -- -j8 -l8
[47.619s] DEBUG:colcon.colcon_core.event_handler.log_command:Invoked command in '/home/luuk/linetracking/build/line_tracking' returned '0': CMAKE_PREFIX_PATH=${CMAKE_PREFIX_PATH}:/opt/ros/humble /usr/bin/cmake --build /home/luuk/linetracking/build/line_tracking -- -j8 -l8
[50.040s] DEBUG:colcon.colcon_core.event_handler.log_command:Invoking command in '/home/luuk/linetracking/build/line_tracking': CMAKE_PREFIX_PATH=${CMAKE_PREFIX_PATH}:/opt/ros/humble /usr/bin/cmake --install /home/luuk/linetracking/build/line_tracking
[50.729s] Level 1:colcon.colcon_core.environment:create_environment_scripts_only(line_tracking)
[50.734s] DEBUG:colcon.colcon_core.event_handler.log_command:Invoked command in '/home/luuk/linetracking/build/line_tracking' returned '0': CMAKE_PREFIX_PATH=${CMAKE_PREFIX_PATH}:/opt/ros/humble /usr/bin/cmake --install /home/luuk/linetracking/build/line_tracking
[50.752s] Level 1:colcon.colcon_core.environment:checking '/home/luuk/linetracking/install/line_tracking' for CMake module files
[50.763s] Level 1:colcon.colcon_core.environment:checking '/home/luuk/linetracking/install/line_tracking' for CMake config files
[50.771s] Level 1:colcon.colcon_core.shell:create_environment_hook('line_tracking', 'cmake_prefix_path')
[50.774s] INFO:colcon.colcon_core.shell:Creating environment hook '/home/luuk/linetracking/install/line_tracking/share/line_tracking/hook/cmake_prefix_path.ps1'
[50.778s] INFO:colcon.colcon_core.shell:Creating environment descriptor '/home/luuk/linetracking/install/line_tracking/share/line_tracking/hook/cmake_prefix_path.dsv'
[50.780s] INFO:colcon.colcon_core.shell:Creating environment hook '/home/luuk/linetracking/install/line_tracking/share/line_tracking/hook/cmake_prefix_path.sh'
[50.787s] Level 1:colcon.colcon_core.environment:checking '/home/luuk/linetracking/install/line_tracking/lib'
[50.788s] Level 1:colcon.colcon_core.shell:create_environment_hook('line_tracking', 'ld_library_path_lib')
[50.791s] INFO:colcon.colcon_core.shell:Creating environment hook '/home/luuk/linetracking/install/line_tracking/share/line_tracking/hook/ld_library_path_lib.ps1'
[50.794s] INFO:colcon.colcon_core.shell:Creating environment descriptor '/home/luuk/linetracking/install/line_tracking/share/line_tracking/hook/ld_library_path_lib.dsv'
[50.797s] INFO:colcon.colcon_core.shell:Creating environment hook '/home/luuk/linetracking/install/line_tracking/share/line_tracking/hook/ld_library_path_lib.sh'
[50.801s] Level 1:colcon.colcon_core.environment:checking '/home/luuk/linetracking/install/line_tracking/bin'
[50.802s] Level 1:colcon.colcon_core.environment:checking '/home/luuk/linetracking/install/line_tracking/lib/pkgconfig/line_tracking.pc'
[50.803s] Level 1:colcon.colcon_core.environment:checking '/home/luuk/linetracking/install/line_tracking/lib/python3.10/site-packages'
[50.804s] Level 1:colcon.colcon_core.environment:checking '/home/luuk/linetracking/install/line_tracking/bin'
[50.809s] INFO:colcon.colcon_core.shell:Creating package script '/home/luuk/linetracking/install/line_tracking/share/line_tracking/package.ps1'
[50.813s] INFO:colcon.colcon_core.shell:Creating package descriptor '/home/luuk/linetracking/install/line_tracking/share/line_tracking/package.dsv'
[50.820s] INFO:colcon.colcon_core.shell:Creating package script '/home/luuk/linetracking/install/line_tracking/share/line_tracking/package.sh'
[50.824s] INFO:colcon.colcon_core.shell:Creating package script '/home/luuk/linetracking/install/line_tracking/share/line_tracking/package.bash'
[50.828s] INFO:colcon.colcon_core.shell:Creating package script '/home/luuk/linetracking/install/line_tracking/share/line_tracking/package.zsh'
[50.831s] Level 1:colcon.colcon_core.environment:create_file_with_runtime_dependencies(/home/luuk/linetracking/install/line_tracking/share/colcon-core/packages/line_tracking)
[53.012s] Level 1:colcon.colcon_core.environment:create_environment_scripts_only(line_tracking)
[53.016s] Level 1:colcon.colcon_core.environment:checking '/home/luuk/linetracking/install/line_tracking' for CMake module files
[53.022s] Level 1:colcon.colcon_core.environment:checking '/home/luuk/linetracking/install/line_tracking' for CMake config files
[53.029s] Level 1:colcon.colcon_core.shell:create_environment_hook('line_tracking', 'cmake_prefix_path')
[53.032s] INFO:colcon.colcon_core.shell:Creating environment hook '/home/luuk/linetracking/install/line_tracking/share/line_tracking/hook/cmake_prefix_path.ps1'
[53.035s] INFO:colcon.colcon_core.shell:Creating environment descriptor '/home/luuk/linetracking/install/line_tracking/share/line_tracking/hook/cmake_prefix_path.dsv'
[53.037s] INFO:colcon.colcon_core.shell:Creating environment hook '/home/luuk/linetracking/install/line_tracking/share/line_tracking/hook/cmake_prefix_path.sh'
[53.041s] Level 1:colcon.colcon_core.environment:checking '/home/luuk/linetracking/install/line_tracking/lib'
[53.042s] Level 1:colcon.colcon_core.shell:create_environment_hook('line_tracking', 'ld_library_path_lib')
[53.045s] INFO:colcon.colcon_core.shell:Creating environment hook '/home/luuk/linetracking/install/line_tracking/share/line_tracking/hook/ld_library_path_lib.ps1'
[53.047s] INFO:colcon.colcon_core.shell:Creating environment descriptor '/home/luuk/linetracking/install/line_tracking/share/line_tracking/hook/ld_library_path_lib.dsv'
[53.050s] INFO:colcon.colcon_core.shell:Creating environment hook '/home/luuk/linetracking/install/line_tracking/share/line_tracking/hook/ld_library_path_lib.sh'
[53.051s] Level 1:colcon.colcon_core.environment:checking '/home/luuk/linetracking/install/line_tracking/bin'
[53.052s] Level 1:colcon.colcon_core.environment:checking '/home/luuk/linetracking/install/line_tracking/lib/pkgconfig/line_tracking.pc'
[53.053s] Level 1:colcon.colcon_core.environment:checking '/home/luuk/linetracking/install/line_tracking/lib/python3.10/site-packages'
[53.054s] Level 1:colcon.colcon_core.environment:checking '/home/luuk/linetracking/install/line_tracking/bin'
[53.061s] INFO:colcon.colcon_core.shell:Creating package script '/home/luuk/linetracking/install/line_tracking/share/line_tracking/package.ps1'
[53.065s] INFO:colcon.colcon_core.shell:Creating package descriptor '/home/luuk/linetracking/install/line_tracking/share/line_tracking/package.dsv'
[53.068s] INFO:colcon.colcon_core.shell:Creating package script '/home/luuk/linetracking/install/line_tracking/share/line_tracking/package.sh'
[53.072s] INFO:colcon.colcon_core.shell:Creating package script '/home/luuk/linetracking/install/line_tracking/share/line_tracking/package.bash'
[53.075s] INFO:colcon.colcon_core.shell:Creating package script '/home/luuk/linetracking/install/line_tracking/share/line_tracking/package.zsh'
[53.078s] Level 1:colcon.colcon_core.environment:create_file_with_runtime_dependencies(/home/luuk/linetracking/install/line_tracking/share/colcon-core/packages/line_tracking)
[53.082s] DEBUG:colcon.colcon_parallel_executor.executor.parallel:closing loop
[53.085s] DEBUG:colcon.colcon_parallel_executor.executor.parallel:loop closed
[53.086s] DEBUG:colcon.colcon_parallel_executor.executor.parallel:run_until_complete finished with '0'
[53.086s] DEBUG:colcon.colcon_core.event_reactor:joining thread
[53.116s] INFO:colcon.colcon_core.plugin_system:Skipping extension 'colcon_notification.desktop_notification.terminal_notifier': Not used on non-Darwin systems
[53.117s] INFO:colcon.colcon_core.plugin_system:Skipping extension 'colcon_notification.desktop_notification.win32': Not used on non-Windows systems
[53.117s] INFO:colcon.colcon_notification.desktop_notification:Sending desktop notification using 'notify2'
[53.210s] DEBUG:colcon.colcon_core.event_reactor:joined thread
[53.222s] INFO:colcon.colcon_core.shell:Creating prefix script '/home/luuk/linetracking/install/local_setup.ps1'
[53.231s] INFO:colcon.colcon_core.shell:Creating prefix util module '/home/luuk/linetracking/install/_local_setup_util_ps1.py'
[53.235s] INFO:colcon.colcon_core.shell:Creating prefix chain script '/home/luuk/linetracking/install/setup.ps1'
[53.246s] INFO:colcon.colcon_core.shell:Creating prefix script '/home/luuk/linetracking/install/local_setup.sh'
[53.252s] INFO:colcon.colcon_core.shell:Creating prefix util module '/home/luuk/linetracking/install/_local_setup_util_sh.py'
[53.255s] INFO:colcon.colcon_core.shell:Creating prefix chain script '/home/luuk/linetracking/install/setup.sh'
[53.261s] INFO:colcon.colcon_core.shell:Creating prefix script '/home/luuk/linetracking/install/local_setup.bash'
[53.263s] INFO:colcon.colcon_core.shell:Creating prefix chain script '/home/luuk/linetracking/install/setup.bash'
[53.267s] INFO:colcon.colcon_core.shell:Creating prefix script '/home/luuk/linetracking/install/local_setup.zsh'
[53.271s] INFO:colcon.colcon_core.shell:Creating prefix chain script '/home/luuk/linetracking/install/setup.zsh'
