[0.844s] DEBUG:colcon:Command line arguments: ['/usr/bin/colcon', 'build']
[0.844s] DEBUG:colcon:Parsed command line arguments: Namespace(log_base=None, log_level=None, verb_name='build', build_base='build', install_base='install', merge_install=False, symlink_install=False, test_result_base=None, continue_on_error=False, executor='parallel', parallel_workers=8, event_handlers=None, ignore_user_meta=False, metas=['./colcon.meta'], base_paths=['.'], packages_ignore=None, packages_ignore_regex=None, paths=None, packages_up_to=None, packages_up_to_regex=None, packages_above=None, packages_above_and_dependencies=None, packages_above_depth=None, packages_select_by_dep=None, packages_skip_by_dep=None, packages_skip_up_to=None, packages_select_build_failed=False, packages_skip_build_finished=False, packages_select_test_failures=False, packages_skip_test_passed=False, packages_select=None, packages_skip=None, packages_select_regex=None, packages_skip_regex=None, packages_start=None, packages_end=None, allow_overriding=[], cmake_args=None, cmake_target=None, cmake_target_skip_unavailable=False, cmake_clean_cache=False, cmake_clean_first=False, cmake_force_configure=False, ament_cmake_args=None, catkin_cmake_args=None, catkin_skip_building_tests=False, verb_parser=<colcon_defaults.argument_parser.defaults.DefaultArgumentsDecorator object at 0x7fdf2f0e7100>, verb_extension=<colcon_core.verb.build.BuildVerb object at 0x7fdf2f91d630>, main=<bound method BuildVerb.main of <colcon_core.verb.build.BuildVerb object at 0x7fdf2f91d630>>)
[0.924s] Level 1:colcon.colcon_core.package_discovery:discover_packages(colcon_meta) check parameters
[0.924s] Level 1:colcon.colcon_core.package_discovery:discover_packages(recursive) check parameters
[0.924s] Level 1:colcon.colcon_core.package_discovery:discover_packages(ignore) check parameters
[0.924s] Level 1:colcon.colcon_core.package_discovery:discover_packages(path) check parameters
[0.924s] Level 1:colcon.colcon_core.package_discovery:discover_packages(colcon_meta) discover
[0.924s] Level 1:colcon.colcon_core.package_discovery:discover_packages(recursive) discover
[0.924s] INFO:colcon.colcon_core.package_discovery:Crawling recursively for packages in '/home/luuk/turtle3_control'
[0.925s] Level 1:colcon.colcon_core.package_identification:_identify(.) by extensions ['ignore', 'ignore_ament_install']
[0.925s] Level 1:colcon.colcon_core.package_identification:_identify(.) by extension 'ignore'
[0.925s] Level 1:colcon.colcon_core.package_identification:_identify(.) by extension 'ignore_ament_install'
[0.925s] Level 1:colcon.colcon_core.package_identification:_identify(.) by extensions ['colcon_pkg']
[0.926s] Level 1:colcon.colcon_core.package_identification:_identify(.) by extension 'colcon_pkg'
[0.926s] Level 1:colcon.colcon_core.package_identification:_identify(.) by extensions ['colcon_meta']
[0.926s] Level 1:colcon.colcon_core.package_identification:_identify(.) by extension 'colcon_meta'
[0.926s] Level 1:colcon.colcon_core.package_identification:_identify(.) by extensions ['ros']
[0.926s] Level 1:colcon.colcon_core.package_identification:_identify(.) by extension 'ros'
[0.965s] DEBUG:colcon.colcon_core.package_identification:Package '.' with type 'ros.ament_cmake' and name 'turtle3_control'
[0.966s] Level 1:colcon.colcon_core.package_discovery:discover_packages(recursive) using defaults
[0.966s] Level 1:colcon.colcon_core.package_discovery:discover_packages(ignore) discover
[0.966s] Level 1:colcon.colcon_core.package_discovery:discover_packages(ignore) using defaults
[0.966s] Level 1:colcon.colcon_core.package_discovery:discover_packages(path) discover
[0.966s] Level 1:colcon.colcon_core.package_discovery:discover_packages(path) using defaults
[1.021s] Level 1:colcon.colcon_core.package_discovery:discover_packages(prefix_path) check parameters
[1.021s] Level 1:colcon.colcon_core.package_discovery:discover_packages(prefix_path) discover
[1.027s] DEBUG:colcon.colcon_installed_package_information.package_discovery:Found 1 installed packages in /home/luuk/turtle3_control/install
[1.034s] DEBUG:colcon.colcon_installed_package_information.package_discovery:Found 399 installed packages in /opt/ros/humble
[1.038s] Level 1:colcon.colcon_core.package_discovery:discover_packages(prefix_path) using defaults
[1.224s] Level 5:colcon.colcon_core.verb:set package 'turtle3_control' build argument 'cmake_args' from command line to 'None'
[1.225s] Level 5:colcon.colcon_core.verb:set package 'turtle3_control' build argument 'cmake_target' from command line to 'None'
[1.225s] Level 5:colcon.colcon_core.verb:set package 'turtle3_control' build argument 'cmake_target_skip_unavailable' from command line to 'False'
[1.225s] Level 5:colcon.colcon_core.verb:set package 'turtle3_control' build argument 'cmake_clean_cache' from command line to 'False'
[1.225s] Level 5:colcon.colcon_core.verb:set package 'turtle3_control' build argument 'cmake_clean_first' from command line to 'False'
[1.225s] Level 5:colcon.colcon_core.verb:set package 'turtle3_control' build argument 'cmake_force_configure' from command line to 'False'
[1.225s] Level 5:colcon.colcon_core.verb:set package 'turtle3_control' build argument 'ament_cmake_args' from command line to 'None'
[1.225s] Level 5:colcon.colcon_core.verb:set package 'turtle3_control' build argument 'catkin_cmake_args' from command line to 'None'
[1.225s] Level 5:colcon.colcon_core.verb:set package 'turtle3_control' build argument 'catkin_skip_building_tests' from command line to 'False'
[1.225s] DEBUG:colcon.colcon_core.verb:Building package 'turtle3_control' with the following arguments: {'ament_cmake_args': None, 'build_base': '/home/luuk/turtle3_control/build/turtle3_control', 'catkin_cmake_args': None, 'catkin_skip_building_tests': False, 'cmake_args': None, 'cmake_clean_cache': False, 'cmake_clean_first': False, 'cmake_force_configure': False, 'cmake_target': None, 'cmake_target_skip_unavailable': False, 'install_base': '/home/luuk/turtle3_control/install/turtle3_control', 'merge_install': False, 'path': '/home/luuk/turtle3_control', 'symlink_install': False, 'test_result_base': None}
[1.227s] INFO:colcon.colcon_core.executor:Executing jobs using 'parallel' executor
[1.235s] DEBUG:colcon.colcon_parallel_executor.executor.parallel:run_until_complete
[1.236s] INFO:colcon.colcon_ros.task.ament_cmake.build:Building ROS package in '/home/luuk/turtle3_control' with build type 'ament_cmake'
[1.236s] INFO:colcon.colcon_cmake.task.cmake.build:Building CMake package in '/home/luuk/turtle3_control'
[1.248s] INFO:colcon.colcon_core.plugin_system:Skipping extension 'colcon_core.shell.bat': Not used on non-Windows systems
[1.249s] INFO:colcon.colcon_core.shell:Skip shell extension 'powershell' for command environment: Not usable outside of PowerShell
[1.249s] DEBUG:colcon.colcon_core.shell:Skip shell extension 'dsv' for command environment
[1.305s] DEBUG:colcon.colcon_core.event_handler.log_command:Invoking command in '/home/luuk/turtle3_control/build/turtle3_control': CMAKE_PREFIX_PATH=${CMAKE_PREFIX_PATH}:/opt/ros/humble /usr/bin/cmake --build /home/luuk/turtle3_control/build/turtle3_control -- -j8 -l8
[2.366s] DEBUG:colcon.colcon_core.event_handler.log_command:Invoked command in '/home/luuk/turtle3_control/build/turtle3_control' returned '2': CMAKE_PREFIX_PATH=${CMAKE_PREFIX_PATH}:/opt/ros/humble /usr/bin/cmake --build /home/luuk/turtle3_control/build/turtle3_control -- -j8 -l8
[2.485s] Level 1:colcon.colcon_core.environment:create_environment_scripts_only(turtle3_control)
[2.501s] Level 1:colcon.colcon_core.environment:checking '/home/luuk/turtle3_control/install/turtle3_control' for CMake module files
[2.503s] Level 1:colcon.colcon_core.environment:checking '/home/luuk/turtle3_control/install/turtle3_control' for CMake config files
[2.504s] Level 1:colcon.colcon_core.shell:create_environment_hook('turtle3_control', 'cmake_prefix_path')
[2.515s] INFO:colcon.colcon_core.shell:Creating environment hook '/home/luuk/turtle3_control/install/turtle3_control/share/turtle3_control/hook/cmake_prefix_path.ps1'
[2.517s] INFO:colcon.colcon_core.shell:Creating environment descriptor '/home/luuk/turtle3_control/install/turtle3_control/share/turtle3_control/hook/cmake_prefix_path.dsv'
[2.519s] INFO:colcon.colcon_core.shell:Creating environment hook '/home/luuk/turtle3_control/install/turtle3_control/share/turtle3_control/hook/cmake_prefix_path.sh'
[2.521s] Level 1:colcon.colcon_core.environment:checking '/home/luuk/turtle3_control/install/turtle3_control/lib'
[2.522s] Level 1:colcon.colcon_core.environment:checking '/home/luuk/turtle3_control/install/turtle3_control/bin'
[2.522s] Level 1:colcon.colcon_core.environment:checking '/home/luuk/turtle3_control/install/turtle3_control/lib/pkgconfig/turtle3_control.pc'
[2.523s] Level 1:colcon.colcon_core.environment:checking '/home/luuk/turtle3_control/install/turtle3_control/lib/python3.10/site-packages'
[2.523s] Level 1:colcon.colcon_core.environment:checking '/home/luuk/turtle3_control/install/turtle3_control/bin'
[2.526s] INFO:colcon.colcon_core.shell:Creating package script '/home/luuk/turtle3_control/install/turtle3_control/share/turtle3_control/package.ps1'
[2.531s] INFO:colcon.colcon_core.shell:Creating package descriptor '/home/luuk/turtle3_control/install/turtle3_control/share/turtle3_control/package.dsv'
[2.532s] INFO:colcon.colcon_core.shell:Creating package script '/home/luuk/turtle3_control/install/turtle3_control/share/turtle3_control/package.sh'
[2.534s] INFO:colcon.colcon_core.shell:Creating package script '/home/luuk/turtle3_control/install/turtle3_control/share/turtle3_control/package.bash'
[2.536s] INFO:colcon.colcon_core.shell:Creating package script '/home/luuk/turtle3_control/install/turtle3_control/share/turtle3_control/package.zsh'
[2.539s] Level 1:colcon.colcon_core.environment:create_file_with_runtime_dependencies(/home/luuk/turtle3_control/install/turtle3_control/share/colcon-core/packages/turtle3_control)
[2.551s] DEBUG:colcon.colcon_parallel_executor.executor.parallel:closing loop
[2.551s] DEBUG:colcon.colcon_parallel_executor.executor.parallel:loop closed
[2.552s] DEBUG:colcon.colcon_parallel_executor.executor.parallel:run_until_complete finished with '2'
[2.552s] DEBUG:colcon.colcon_core.event_reactor:joining thread
[2.568s] INFO:colcon.colcon_core.plugin_system:Skipping extension 'colcon_notification.desktop_notification.terminal_notifier': Not used on non-Darwin systems
[2.569s] INFO:colcon.colcon_core.plugin_system:Skipping extension 'colcon_notification.desktop_notification.win32': Not used on non-Windows systems
[2.569s] INFO:colcon.colcon_notification.desktop_notification:Sending desktop notification using 'notify2'
[2.603s] DEBUG:colcon.colcon_core.event_reactor:joined thread
[2.605s] INFO:colcon.colcon_core.shell:Creating prefix script '/home/luuk/turtle3_control/install/local_setup.ps1'
[2.608s] INFO:colcon.colcon_core.shell:Creating prefix util module '/home/luuk/turtle3_control/install/_local_setup_util_ps1.py'
[2.610s] INFO:colcon.colcon_core.shell:Creating prefix chain script '/home/luuk/turtle3_control/install/setup.ps1'
[2.614s] INFO:colcon.colcon_core.shell:Creating prefix script '/home/luuk/turtle3_control/install/local_setup.sh'
[2.615s] INFO:colcon.colcon_core.shell:Creating prefix util module '/home/luuk/turtle3_control/install/_local_setup_util_sh.py'
[2.617s] INFO:colcon.colcon_core.shell:Creating prefix chain script '/home/luuk/turtle3_control/install/setup.sh'
[2.620s] INFO:colcon.colcon_core.shell:Creating prefix script '/home/luuk/turtle3_control/install/local_setup.bash'
[2.627s] INFO:colcon.colcon_core.shell:Creating prefix chain script '/home/luuk/turtle3_control/install/setup.bash'
[2.630s] INFO:colcon.colcon_core.shell:Creating prefix script '/home/luuk/turtle3_control/install/local_setup.zsh'
[2.631s] INFO:colcon.colcon_core.shell:Creating prefix chain script '/home/luuk/turtle3_control/install/setup.zsh'
