[0.060s] Invoking command in '/home/luuk/linetracking/build/line_tracking': CMAKE_PREFIX_PATH=${CMAKE_PREFIX_PATH}:/opt/ros/humble /usr/bin/cmake --build /home/luuk/linetracking/build/line_tracking -- -j8 -l8
[0.145s] -- Found ament_cmake: 1.3.5 (/opt/ros/humble/share/ament_cmake/cmake)
[0.570s] -- Found rclcpp: 16.0.5 (/opt/ros/humble/share/rclcpp/cmake)
[0.655s] -- Found rosidl_generator_c: 3.1.5 (/opt/ros/humble/share/rosidl_generator_c/cmake)
[0.673s] -- Found rosidl_adapter: 3.1.5 (/opt/ros/humble/share/rosidl_adapter/cmake)
[0.694s] -- Found rosidl_generator_cpp: 3.1.5 (/opt/ros/humble/share/rosidl_generator_cpp/cmake)
[0.756s] -- Using all available rosidl_typesupport_c: rosidl_typesupport_fastrtps_c;rosidl_typesupport_introspection_c
[0.790s] -- Using all available rosidl_typesupport_cpp: rosidl_typesupport_fastrtps_cpp;rosidl_typesupport_introspection_cpp
[0.974s] -- Found rmw_implementation_cmake: 6.1.1 (/opt/ros/humble/share/rmw_implementation_cmake/cmake)
[0.980s] -- Found rmw_fastrtps_cpp: 6.2.3 (/opt/ros/humble/share/rmw_fastrtps_cpp/cmake)
[1.375s] -- Using RMW implementation 'rmw_fastrtps_cpp' as default
[1.886s] -- Found sensor_msgs: 4.2.3 (/opt/ros/humble/share/sensor_msgs/cmake)
[2.248s] -- Found cv_bridge: 3.2.1 (/opt/ros/humble/share/cv_bridge/cmake)
[2.468s] -- Configuring done
[2.517s] -- Generating done
[2.530s] -- Build files have been written to: /home/luuk/linetracking/build/line_tracking
[2.628s] [35m[1mConsolidate compiler generated dependencies of target line_detection[0m
[2.629s] [35m[1mConsolidate compiler generated dependencies of target compressed_viewer[0m
[2.694s] [ 50%] Built target compressed_viewer
[2.695s] [ 75%] [32m[1mLinking CXX executable line_detection[0m
[4.200s] /usr/bin/ld: CMakeFiles/line_detection.dir/src/line_detection/line_detection.cpp.o: in function `LineDetection::LineDetection()':
[4.201s] line_detection.cpp:(.text._ZN13LineDetectionC2Ev[_ZN13LineDetectionC5Ev]+0x571): undefined reference to `ParamParser::ParamParser(std::__cxx11::basic_string<char, std::char_traits<char>, std::allocator<char> >)'
[4.201s] /usr/bin/ld: line_detection.cpp:(.text._ZN13LineDetectionC2Ev[_ZN13LineDetectionC5Ev]+0x5a4): undefined reference to `ParamParser::Parse()'
[4.202s] /usr/bin/ld: line_detection.cpp:(.text._ZN13LineDetectionC2Ev[_ZN13LineDetectionC5Ev]+0x6e4): undefined reference to `ParamParser::ToString[abi:cxx11](NodeConfig*)'
[4.204s] /usr/bin/ld: line_detection.cpp:(.text._ZN13LineDetectionC2Ev[_ZN13LineDetectionC5Ev]+0x784): undefined reference to `VisionProcess::VisionProcess(NodeConfig*)'
[4.205s] /usr/bin/ld: CMakeFiles/line_detection.dir/src/line_detection/line_detection.cpp.o: in function `LineDetection::imageCompressedCallback(std::shared_ptr<sensor_msgs::msg::CompressedImage_<std::allocator<void> > >)':
[4.205s] line_detection.cpp:(.text._ZN13LineDetection23imageCompressedCallbackESt10shared_ptrIN11sensor_msgs3msg16CompressedImage_ISaIvEEEE[_ZN13LineDetection23imageCompressedCallbackESt10shared_ptrIN11sensor_msgs3msg16CompressedImage_ISaIvEEEE]+0x100): undefined reference to `VisionProcess::Decode(std::shared_ptr<cv_bridge::CvImage>)'
[4.205s] /usr/bin/ld: CMakeFiles/line_detection.dir/src/line_detection/line_detection.cpp.o: in function `LineDetection::imageRawCallback(std::shared_ptr<sensor_msgs::msg::Image_<std::allocator<void> > >)':
[4.205s] line_detection.cpp:(.text._ZN13LineDetection16imageRawCallbackESt10shared_ptrIN11sensor_msgs3msg6Image_ISaIvEEEE[_ZN13LineDetection16imageRawCallbackESt10shared_ptrIN11sensor_msgs3msg6Image_ISaIvEEEE]+0x100): undefined reference to `VisionProcess::Decode(std::shared_ptr<cv_bridge::CvImage>)'
[4.419s] collect2: error: ld returned 1 exit status
[4.423s] gmake[2]: *** [CMakeFiles/line_detection.dir/build.make:181: line_detection] Error 1
[4.423s] gmake[1]: *** [CMakeFiles/Makefile2:165: CMakeFiles/line_detection.dir/all] Error 2
[4.423s] gmake: *** [Makefile:146: all] Error 2
[4.431s] Invoked command in '/home/luuk/linetracking/build/line_tracking' returned '2': CMAKE_PREFIX_PATH=${CMAKE_PREFIX_PATH}:/opt/ros/humble /usr/bin/cmake --build /home/luuk/linetracking/build/line_tracking -- -j8 -l8
