[0.057s] Invoking command in '/home/luuk/linetracking/build/line_tracking': CMAKE_PREFIX_PATH=${CMAKE_PREFIX_PATH}:/opt/ros/humble /usr/bin/cmake --build /home/luuk/linetracking/build/line_tracking -- -j8 -l8
[0.223s] [35m[1mConsolidate compiler generated dependencies of target line_detection[0m
[0.223s] [35m[1mConsolidate compiler generated dependencies of target compressed_viewer[0m
[0.287s] [ 33%] Built target compressed_viewer
[0.295s] [ 50%] [32mBuilding CXX object CMakeFiles/line_detection.dir/src/line_detection/line_detection.cpp.o[0m
[32.105s] [ 66%] [32m[1mLinking CXX executable line_detection[0m
[33.756s] /usr/bin/ld: CMakeFiles/line_detection.dir/src/line_detection/param_parser.cpp.o: warning: relocation against `_ZTVN4YAML11InvalidNodeE' in read-only section `.text._ZN4YAML11InvalidNodeC2ERKNSt7__cxx1112basic_stringIcSt11char_traitsIcESaIcEEE[_ZN4YAML11InvalidNodeC5ERKNSt7__cxx1112basic_stringIcSt11char_traitsIcESaIcEEE]'
[33.945s] /usr/bin/ld: CMakeFiles/line_detection.dir/src/line_detection/line_detection.cpp.o: in function `LineDetection::LineDetection()':
[33.947s] line_detection.cpp:(.text._ZN13LineDetectionC2Ev[_ZN13LineDetectionC5Ev]+0x784): undefined reference to `VisionProcess::VisionProcess(NodeConfig*)'
[34.084s] /usr/bin/ld: CMakeFiles/line_detection.dir/src/line_detection/param_parser.cpp.o: in function `ParamParser::Parse()':
[34.085s] param_parser.cpp:(.text+0x59): undefined reference to `YAML::LoadFile(std::__cxx11::basic_string<char, std::char_traits<char>, std::allocator<char> > const&)'
[34.086s] /usr/bin/ld: CMakeFiles/line_detection.dir/src/line_detection/param_parser.cpp.o: in function `YAML::Exception::Exception(YAML::Mark const&, std::__cxx11::basic_string<char, std::char_traits<char>, std::allocator<char> > const&)':
[34.087s] param_parser.cpp:(.text._ZN4YAML9ExceptionC2ERKNS_4MarkERKNSt7__cxx1112basic_stringIcSt11char_traitsIcESaIcEEE[_ZN4YAML9ExceptionC5ERKNS_4MarkERKNSt7__cxx1112basic_stringIcSt11char_traitsIcESaIcEEE]+0x61): undefined reference to `vtable for YAML::Exception'
[34.089s] /usr/bin/ld: CMakeFiles/line_detection.dir/src/line_detection/param_parser.cpp.o: in function `YAML::RepresentationException::RepresentationException(YAML::Mark const&, std::__cxx11::basic_string<char, std::char_traits<char>, std::allocator<char> > const&)':
[34.089s] param_parser.cpp:(.text._ZN4YAML23RepresentationExceptionC2ERKNS_4MarkERKNSt7__cxx1112basic_stringIcSt11char_traitsIcESaIcEEE[_ZN4YAML23RepresentationExceptionC5ERKNS_4MarkERKNSt7__cxx1112basic_stringIcSt11char_traitsIcESaIcEEE]+0x32): undefined reference to `vtable for YAML::RepresentationException'
[34.089s] /usr/bin/ld: CMakeFiles/line_detection.dir/src/line_detection/param_parser.cpp.o: in function `YAML::InvalidNode::InvalidNode(std::__cxx11::basic_string<char, std::char_traits<char>, std::allocator<char> > const&)':
[34.090s] param_parser.cpp:(.text._ZN4YAML11InvalidNodeC2ERKNSt7__cxx1112basic_stringIcSt11char_traitsIcESaIcEEE[_ZN4YAML11InvalidNodeC5ERKNSt7__cxx1112basic_stringIcSt11char_traitsIcESaIcEEE]+0x71): undefined reference to `vtable for YAML::InvalidNode'
[34.090s] /usr/bin/ld: CMakeFiles/line_detection.dir/src/line_detection/param_parser.cpp.o: in function `YAML::BadConversion::BadConversion(YAML::Mark const&)':
[34.090s] param_parser.cpp:(.text._ZN4YAML13BadConversionC2ERKNS_4MarkE[_ZN4YAML13BadConversionC5ERKNS_4MarkE]+0x7c): undefined reference to `vtable for YAML::BadConversion'
[34.090s] /usr/bin/ld: CMakeFiles/line_detection.dir/src/line_detection/param_parser.cpp.o: in function `YAML::detail::memory_holder::create_node()':
[34.090s] param_parser.cpp:(.text._ZN4YAML6detail13memory_holder11create_nodeEv[_ZN4YAML6detail13memory_holder11create_nodeEv]+0x20): undefined reference to `YAML::detail::memory::create_node()'
[34.091s] /usr/bin/ld: CMakeFiles/line_detection.dir/src/line_detection/param_parser.cpp.o: in function `YAML::detail::node_ref::mark_defined()':
[34.091s] param_parser.cpp:(.text._ZN4YAML6detail8node_ref12mark_definedEv[_ZN4YAML6detail8node_ref12mark_definedEv]+0x20): undefined reference to `YAML::detail::node_data::mark_defined()'
[34.091s] /usr/bin/ld: CMakeFiles/line_detection.dir/src/line_detection/param_parser.cpp.o: in function `YAML::detail::node_ref::set_null()':
[34.091s] param_parser.cpp:(.text._ZN4YAML6detail8node_ref8set_nullEv[_ZN4YAML6detail8node_ref8set_nullEv]+0x20): undefined reference to `YAML::detail::node_data::set_null()'
[34.092s] /usr/bin/ld: CMakeFiles/line_detection.dir/src/line_detection/param_parser.cpp.o: in function `YAML::detail::node_ref::set_scalar(std::__cxx11::basic_string<char, std::char_traits<char>, std::allocator<char> > const&)':
[34.092s] param_parser.cpp:(.text._ZN4YAML6detail8node_ref10set_scalarERKNSt7__cxx1112basic_stringIcSt11char_traitsIcESaIcEEE[_ZN4YAML6detail8node_ref10set_scalarERKNSt7__cxx1112basic_stringIcSt11char_traitsIcESaIcEEE]+0x2e): undefined reference to `YAML::detail::node_data::set_scalar(std::__cxx11::basic_string<char, std::char_traits<char>, std::allocator<char> > const&)'
[34.092s] /usr/bin/ld: CMakeFiles/line_detection.dir/src/line_detection/param_parser.cpp.o: in function `YAML::detail::node_ref::begin()':
[34.092s] param_parser.cpp:(.text._ZN4YAML6detail8node_ref5beginEv[_ZN4YAML6detail8node_ref5beginEv]+0x3d): undefined reference to `YAML::detail::node_data::begin()'
[34.093s] /usr/bin/ld: CMakeFiles/line_detection.dir/src/line_detection/param_parser.cpp.o: in function `YAML::detail::node_ref::end()':
[34.093s] param_parser.cpp:(.text._ZN4YAML6detail8node_ref3endEv[_ZN4YAML6detail8node_ref3endEv]+0x3d): undefined reference to `YAML::detail::node_data::end()'
[34.095s] /usr/bin/ld: CMakeFiles/line_detection.dir/src/line_detection/param_parser.cpp.o: in function `YAML::Node::EnsureNodeExists() const':
[34.096s] param_parser.cpp:(.text._ZNK4YAML4Node16EnsureNodeExistsEv[_ZNK4YAML4Node16EnsureNodeExistsEv]+0x44): undefined reference to `YAML::InvalidNode::~InvalidNode()'
[34.096s] /usr/bin/ld: param_parser.cpp:(.text._ZNK4YAML4Node16EnsureNodeExistsEv[_ZNK4YAML4Node16EnsureNodeExistsEv]+0x4e): undefined reference to `typeinfo for YAML::InvalidNode'
[34.096s] /usr/bin/ld: CMakeFiles/line_detection.dir/src/line_detection/param_parser.cpp.o: in function `YAML::Node::Mark() const':
[34.097s] param_parser.cpp:(.text._ZNK4YAML4Node4MarkEv[_ZNK4YAML4Node4MarkEv]+0x44): undefined reference to `YAML::InvalidNode::~InvalidNode()'
[34.097s] /usr/bin/ld: param_parser.cpp:(.text._ZNK4YAML4Node4MarkEv[_ZNK4YAML4Node4MarkEv]+0x4e): undefined reference to `typeinfo for YAML::InvalidNode'
[34.097s] /usr/bin/ld: CMakeFiles/line_detection.dir/src/line_detection/param_parser.cpp.o: in function `YAML::Node::Type() const':
[34.097s] param_parser.cpp:(.text._ZNK4YAML4Node4TypeEv[_ZNK4YAML4Node4TypeEv]+0x44): undefined reference to `YAML::InvalidNode::~InvalidNode()'
[34.097s] /usr/bin/ld: param_parser.cpp:(.text._ZNK4YAML4Node4TypeEv[_ZNK4YAML4Node4TypeEv]+0x4e): undefined reference to `typeinfo for YAML::InvalidNode'
[34.098s] /usr/bin/ld: CMakeFiles/line_detection.dir/src/line_detection/param_parser.cpp.o: in function `YAML::Node::Scalar[abi:cxx11]() const':
[34.098s] param_parser.cpp:(.text._ZNK4YAML4Node6ScalarB5cxx11Ev[_ZNK4YAML4Node6ScalarB5cxx11Ev]+0x44): undefined reference to `YAML::InvalidNode::~InvalidNode()'
[34.099s] /usr/bin/ld: param_parser.cpp:(.text._ZNK4YAML4Node6ScalarB5cxx11Ev[_ZNK4YAML4Node6ScalarB5cxx11Ev]+0x4e): undefined reference to `typeinfo for YAML::InvalidNode'
[34.099s] /usr/bin/ld: param_parser.cpp:(.text._ZNK4YAML4Node6ScalarB5cxx11Ev[_ZNK4YAML4Node6ScalarB5cxx11Ev]+0x7d): undefined reference to `YAML::detail::node_data::empty_scalar[abi:cxx11]()'
[34.099s] /usr/bin/ld: CMakeFiles/line_detection.dir/src/line_detection/param_parser.cpp.o: in function `bool YAML::Node::as<bool>() const':
[34.100s] param_parser.cpp:(.text._ZNK4YAML4Node2asIbEET_v[_ZNK4YAML4Node2asIbEET_v]+0x53): undefined reference to `YAML::InvalidNode::~InvalidNode()'
[34.100s] /usr/bin/ld: param_parser.cpp:(.text._ZNK4YAML4Node2asIbEET_v[_ZNK4YAML4Node2asIbEET_v]+0x5d): undefined reference to `typeinfo for YAML::InvalidNode'
[34.100s] /usr/bin/ld: CMakeFiles/line_detection.dir/src/line_detection/param_parser.cpp.o: in function `std::__cxx11::basic_string<char, std::char_traits<char>, std::allocator<char> > YAML::Node::as<std::__cxx11::basic_string<char, std::char_traits<char>, std::allocator<char> > >() const':
[34.101s] param_parser.cpp:(.text._ZNK4YAML4Node2asINSt7__cxx1112basic_stringIcSt11char_traitsIcESaIcEEEEET_v[_ZNK4YAML4Node2asINSt7__cxx1112basic_stringIcSt11char_traitsIcESaIcEEEEET_v]+0x57): undefined reference to `YAML::InvalidNode::~InvalidNode()'
[34.101s] /usr/bin/ld: param_parser.cpp:(.text._ZNK4YAML4Node2asINSt7__cxx1112basic_stringIcSt11char_traitsIcESaIcEEEEET_v[_ZNK4YAML4Node2asINSt7__cxx1112basic_stringIcSt11char_traitsIcESaIcEEEEET_v]+0x61): undefined reference to `typeinfo for YAML::InvalidNode'
[34.101s] /usr/bin/ld: CMakeFiles/line_detection.dir/src/line_detection/param_parser.cpp.o: in function `short YAML::Node::as<short>() const':
[34.101s] param_parser.cpp:(.text._ZNK4YAML4Node2asIsEET_v[_ZNK4YAML4Node2asIsEET_v]+0x53): undefined reference to `YAML::InvalidNode::~InvalidNode()'
[34.101s] /usr/bin/ld: param_parser.cpp:(.text._ZNK4YAML4Node2asIsEET_v[_ZNK4YAML4Node2asIsEET_v]+0x5d): undefined reference to `typeinfo for YAML::InvalidNode'
[34.101s] /usr/bin/ld: CMakeFiles/line_detection.dir/src/line_detection/param_parser.cpp.o: in function `YAML::TypedBadConversion<bool>::~TypedBadConversion()':
[34.101s] param_parser.cpp:(.text._ZN4YAML18TypedBadConversionIbED2Ev[_ZN4YAML18TypedBadConversionIbED5Ev]+0x26): undefined reference to `YAML::BadConversion::~BadConversion()'
[34.102s] /usr/bin/ld: CMakeFiles/line_detection.dir/src/line_detection/param_parser.cpp.o: in function `YAML::as_if<bool, void>::operator()() const':
[34.102s] param_parser.cpp:(.text._ZNK4YAML5as_ifIbvEclEv[_ZNK4YAML5as_ifIbvEclEv]+0x9a): undefined reference to `YAML::convert<bool>::decode(YAML::Node const&, bool&)'
[34.102s] /usr/bin/ld: CMakeFiles/line_detection.dir/src/line_detection/param_parser.cpp.o: in function `YAML::TypedBadConversion<short>::~TypedBadConversion()':
[34.102s] param_parser.cpp:(.text._ZN4YAML18TypedBadConversionIsED2Ev[_ZN4YAML18TypedBadConversionIsED5Ev]+0x26): undefined reference to `YAML::BadConversion::~BadConversion()'
[34.102s] /usr/bin/ld: CMakeFiles/line_detection.dir/src/line_detection/param_parser.cpp.o: in function `YAML::detail::node& YAML::detail::node_data::get<char [13]>(char const (&) [13], std::shared_ptr<YAML::detail::memory_holder>)':
[34.102s] param_parser.cpp:(.text._ZN4YAML6detail9node_data3getIA13_cEERNS0_4nodeERKT_St10shared_ptrINS0_13memory_holderEE[_ZN4YAML6detail9node_data3getIA13_cEERNS0_4nodeERKT_St10shared_ptrINS0_13memory_holderEE]+0xd3): undefined reference to `YAML::detail::node_data::convert_to_map(std::shared_ptr<YAML::detail::memory_holder> const&)'
[34.102s] /usr/bin/ld: param_parser.cpp:(.text._ZN4YAML6detail9node_data3getIA13_cEERNS0_4nodeERKT_St10shared_ptrINS0_13memory_holderEE[_ZN4YAML6detail9node_data3getIA13_cEERNS0_4nodeERKT_St10shared_ptrINS0_13memory_holderEE]+0x103): undefined reference to `YAML::BadSubscript::~BadSubscript()'
[34.103s] /usr/bin/ld: param_parser.cpp:(.text._ZN4YAML6detail9node_data3getIA13_cEERNS0_4nodeERKT_St10shared_ptrINS0_13memory_holderEE[_ZN4YAML6detail9node_data3getIA13_cEERNS0_4nodeERKT_St10shared_ptrINS0_13memory_holderEE]+0x10d): undefined reference to `typeinfo for YAML::BadSubscript'
[34.103s] /usr/bin/ld: param_parser.cpp:(.text._ZN4YAML6detail9node_data3getIA13_cEERNS0_4nodeERKT_St10shared_ptrINS0_13memory_holderEE[_ZN4YAML6detail9node_data3getIA13_cEERNS0_4nodeERKT_St10shared_ptrINS0_13memory_holderEE]+0x1fb): undefined reference to `YAML::detail::node_data::insert_map_pair(YAML::detail::node&, YAML::detail::node&)'
[34.103s] /usr/bin/ld: CMakeFiles/line_detection.dir/src/line_detection/param_parser.cpp.o: in function `YAML::detail::node& YAML::detail::node_data::get<char [6]>(char const (&) [6], std::shared_ptr<YAML::detail::memory_holder>)':
[34.103s] param_parser.cpp:(.text._ZN4YAML6detail9node_data3getIA6_cEERNS0_4nodeERKT_St10shared_ptrINS0_13memory_holderEE[_ZN4YAML6detail9node_data3getIA6_cEERNS0_4nodeERKT_St10shared_ptrINS0_13memory_holderEE]+0xd3): undefined reference to `YAML::detail::node_data::convert_to_map(std::shared_ptr<YAML::detail::memory_holder> const&)'
[34.103s] /usr/bin/ld: param_parser.cpp:(.text._ZN4YAML6detail9node_data3getIA6_cEERNS0_4nodeERKT_St10shared_ptrINS0_13memory_holderEE[_ZN4YAML6detail9node_data3getIA6_cEERNS0_4nodeERKT_St10shared_ptrINS0_13memory_holderEE]+0x103): undefined reference to `YAML::BadSubscript::~BadSubscript()'
[34.103s] /usr/bin/ld: param_parser.cpp:(.text._ZN4YAML6detail9node_data3getIA6_cEERNS0_4nodeERKT_St10shared_ptrINS0_13memory_holderEE[_ZN4YAML6detail9node_data3getIA6_cEERNS0_4nodeERKT_St10shared_ptrINS0_13memory_holderEE]+0x10d): undefined reference to `typeinfo for YAML::BadSubscript'
[34.104s] /usr/bin/ld: param_parser.cpp:(.text._ZN4YAML6detail9node_data3getIA6_cEERNS0_4nodeERKT_St10shared_ptrINS0_13memory_holderEE[_ZN4YAML6detail9node_data3getIA6_cEERNS0_4nodeERKT_St10shared_ptrINS0_13memory_holderEE]+0x1fb): undefined reference to `YAML::detail::node_data::insert_map_pair(YAML::detail::node&, YAML::detail::node&)'
[34.104s] /usr/bin/ld: CMakeFiles/line_detection.dir/src/line_detection/param_parser.cpp.o: in function `YAML::detail::node& YAML::detail::node_data::get<char [7]>(char const (&) [7], std::shared_ptr<YAML::detail::memory_holder>)':
[34.104s] param_parser.cpp:(.text._ZN4YAML6detail9node_data3getIA7_cEERNS0_4nodeERKT_St10shared_ptrINS0_13memory_holderEE[_ZN4YAML6detail9node_data3getIA7_cEERNS0_4nodeERKT_St10shared_ptrINS0_13memory_holderEE]+0xd3): undefined reference to `YAML::detail::node_data::convert_to_map(std::shared_ptr<YAML::detail::memory_holder> const&)'
[34.104s] /usr/bin/ld: param_parser.cpp:(.text._ZN4YAML6detail9node_data3getIA7_cEERNS0_4nodeERKT_St10shared_ptrINS0_13memory_holderEE[_ZN4YAML6detail9node_data3getIA7_cEERNS0_4nodeERKT_St10shared_ptrINS0_13memory_holderEE]+0x103): undefined reference to `YAML::BadSubscript::~BadSubscript()'
[34.104s] /usr/bin/ld: param_parser.cpp:(.text._ZN4YAML6detail9node_data3getIA7_cEERNS0_4nodeERKT_St10shared_ptrINS0_13memory_holderEE[_ZN4YAML6detail9node_data3getIA7_cEERNS0_4nodeERKT_St10shared_ptrINS0_13memory_holderEE]+0x10d): undefined reference to `typeinfo for YAML::BadSubscript'
[34.104s] /usr/bin/ld: param_parser.cpp:(.text._ZN4YAML6detail9node_data3getIA7_cEERNS0_4nodeERKT_St10shared_ptrINS0_13memory_holderEE[_ZN4YAML6detail9node_data3getIA7_cEERNS0_4nodeERKT_St10shared_ptrINS0_13memory_holderEE]+0x1fb): undefined reference to `YAML::detail::node_data::insert_map_pair(YAML::detail::node&, YAML::detail::node&)'
[34.105s] /usr/bin/ld: CMakeFiles/line_detection.dir/src/line_detection/param_parser.cpp.o: in function `YAML::detail::node& YAML::detail::node_data::get<char [9]>(char const (&) [9], std::shared_ptr<YAML::detail::memory_holder>)':
[34.105s] param_parser.cpp:(.text._ZN4YAML6detail9node_data3getIA9_cEERNS0_4nodeERKT_St10shared_ptrINS0_13memory_holderEE[_ZN4YAML6detail9node_data3getIA9_cEERNS0_4nodeERKT_St10shared_ptrINS0_13memory_holderEE]+0xd3): undefined reference to `YAML::detail::node_data::convert_to_map(std::shared_ptr<YAML::detail::memory_holder> const&)'
[34.106s] /usr/bin/ld: param_parser.cpp:(.text._ZN4YAML6detail9node_data3getIA9_cEERNS0_4nodeERKT_St10shared_ptrINS0_13memory_holderEE[_ZN4YAML6detail9node_data3getIA9_cEERNS0_4nodeERKT_St10shared_ptrINS0_13memory_holderEE]+0x103): undefined reference to `YAML::BadSubscript::~BadSubscript()'
[34.106s] /usr/bin/ld: param_parser.cpp:(.text._ZN4YAML6detail9node_data3getIA9_cEERNS0_4nodeERKT_St10shared_ptrINS0_13memory_holderEE[_ZN4YAML6detail9node_data3getIA9_cEERNS0_4nodeERKT_St10shared_ptrINS0_13memory_holderEE]+0x10d): undefined reference to `typeinfo for YAML::BadSubscript'
[34.106s] /usr/bin/ld: param_parser.cpp:(.text._ZN4YAML6detail9node_data3getIA9_cEERNS0_4nodeERKT_St10shared_ptrINS0_13memory_holderEE[_ZN4YAML6detail9node_data3getIA9_cEERNS0_4nodeERKT_St10shared_ptrINS0_13memory_holderEE]+0x1fb): undefined reference to `YAML::detail::node_data::insert_map_pair(YAML::detail::node&, YAML::detail::node&)'
[34.106s] /usr/bin/ld: CMakeFiles/line_detection.dir/src/line_detection/param_parser.cpp.o: in function `YAML::detail::node* YAML::detail::node_data::get<char [7]>(char const (&) [7], std::shared_ptr<YAML::detail::memory_holder>) const':
[34.107s] param_parser.cpp:(.text._ZNK4YAML6detail9node_data3getIA7_cEEPNS0_4nodeERKT_St10shared_ptrINS0_13memory_holderEE[_ZNK4YAML6detail9node_data3getIA7_cEEPNS0_4nodeERKT_St10shared_ptrINS0_13memory_holderEE]+0xf7): undefined reference to `YAML::BadSubscript::~BadSubscript()'
[34.107s] /usr/bin/ld: param_parser.cpp:(.text._ZNK4YAML6detail9node_data3getIA7_cEEPNS0_4nodeERKT_St10shared_ptrINS0_13memory_holderEE[_ZNK4YAML6detail9node_data3getIA7_cEEPNS0_4nodeERKT_St10shared_ptrINS0_13memory_holderEE]+0x101): undefined reference to `typeinfo for YAML::BadSubscript'
[34.107s] /usr/bin/ld: CMakeFiles/line_detection.dir/src/line_detection/param_parser.cpp.o: in function `YAML::detail::node* YAML::detail::node_data::get<char [8]>(char const (&) [8], std::shared_ptr<YAML::detail::memory_holder>) const':
[34.107s] param_parser.cpp:(.text._ZNK4YAML6detail9node_data3getIA8_cEEPNS0_4nodeERKT_St10shared_ptrINS0_13memory_holderEE[_ZNK4YAML6detail9node_data3getIA8_cEEPNS0_4nodeERKT_St10shared_ptrINS0_13memory_holderEE]+0xf7): undefined reference to `YAML::BadSubscript::~BadSubscript()'
[34.107s] /usr/bin/ld: param_parser.cpp:(.text._ZNK4YAML6detail9node_data3getIA8_cEEPNS0_4nodeERKT_St10shared_ptrINS0_13memory_holderEE[_ZNK4YAML6detail9node_data3getIA8_cEEPNS0_4nodeERKT_St10shared_ptrINS0_13memory_holderEE]+0x101): undefined reference to `typeinfo for YAML::BadSubscript'
[34.108s] /usr/bin/ld: CMakeFiles/line_detection.dir/src/line_detection/param_parser.cpp.o: in function `YAML::BadSubscript::BadSubscript<char [13]>(YAML::Mark const&, char const (&) [13])':
[34.108s] param_parser.cpp:(.text._ZN4YAML12BadSubscriptC2IA13_cEERKNS_4MarkERKT_[_ZN4YAML12BadSubscriptC5IA13_cEERKNS_4MarkERKT_]+0x61): undefined reference to `vtable for YAML::BadSubscript'
[34.108s] /usr/bin/ld: CMakeFiles/line_detection.dir/src/line_detection/param_parser.cpp.o: in function `YAML::detail::node& YAML::detail::node_data::convert_to_node<char [13]>(char const (&) [13], std::shared_ptr<YAML::detail::memory_holder>)':
[34.108s] param_parser.cpp:(.text._ZN4YAML6detail9node_data15convert_to_nodeIA13_cEERNS0_4nodeERKT_St10shared_ptrINS0_13memory_holderEE[_ZN4YAML6detail9node_data15convert_to_nodeIA13_cEERNS0_4nodeERKT_St10shared_ptrINS0_13memory_holderEE]+0x69): undefined reference to `YAML::detail::memory_holder::merge(YAML::detail::memory_holder&)'
[34.109s] /usr/bin/ld: CMakeFiles/line_detection.dir/src/line_detection/param_parser.cpp.o: in function `YAML::BadSubscript::BadSubscript<char [6]>(YAML::Mark const&, char const (&) [6])':
[34.109s] param_parser.cpp:(.text._ZN4YAML12BadSubscriptC2IA6_cEERKNS_4MarkERKT_[_ZN4YAML12BadSubscriptC5IA6_cEERKNS_4MarkERKT_]+0x61): undefined reference to `vtable for YAML::BadSubscript'
[34.109s] /usr/bin/ld: CMakeFiles/line_detection.dir/src/line_detection/param_parser.cpp.o: in function `YAML::detail::node& YAML::detail::node_data::convert_to_node<char [6]>(char const (&) [6], std::shared_ptr<YAML::detail::memory_holder>)':
[34.109s] param_parser.cpp:(.text._ZN4YAML6detail9node_data15convert_to_nodeIA6_cEERNS0_4nodeERKT_St10shared_ptrINS0_13memory_holderEE[_ZN4YAML6detail9node_data15convert_to_nodeIA6_cEERNS0_4nodeERKT_St10shared_ptrINS0_13memory_holderEE]+0x69): undefined reference to `YAML::detail::memory_holder::merge(YAML::detail::memory_holder&)'
[34.109s] /usr/bin/ld: CMakeFiles/line_detection.dir/src/line_detection/param_parser.cpp.o: in function `YAML::BadSubscript::BadSubscript<char [7]>(YAML::Mark const&, char const (&) [7])':
[34.110s] param_parser.cpp:(.text._ZN4YAML12BadSubscriptC2IA7_cEERKNS_4MarkERKT_[_ZN4YAML12BadSubscriptC5IA7_cEERKNS_4MarkERKT_]+0x61): undefined reference to `vtable for YAML::BadSubscript'
[34.110s] /usr/bin/ld: CMakeFiles/line_detection.dir/src/line_detection/param_parser.cpp.o: in function `YAML::detail::node& YAML::detail::node_data::convert_to_node<char [7]>(char const (&) [7], std::shared_ptr<YAML::detail::memory_holder>)':
[34.110s] param_parser.cpp:(.text._ZN4YAML6detail9node_data15convert_to_nodeIA7_cEERNS0_4nodeERKT_St10shared_ptrINS0_13memory_holderEE[_ZN4YAML6detail9node_data15convert_to_nodeIA7_cEERNS0_4nodeERKT_St10shared_ptrINS0_13memory_holderEE]+0x69): undefined reference to `YAML::detail::memory_holder::merge(YAML::detail::memory_holder&)'
[34.110s] /usr/bin/ld: CMakeFiles/line_detection.dir/src/line_detection/param_parser.cpp.o: in function `YAML::BadSubscript::BadSubscript<char [9]>(YAML::Mark const&, char const (&) [9])':
[34.110s] param_parser.cpp:(.text._ZN4YAML12BadSubscriptC2IA9_cEERKNS_4MarkERKT_[_ZN4YAML12BadSubscriptC5IA9_cEERKNS_4MarkERKT_]+0x61): undefined reference to `vtable for YAML::BadSubscript'
[34.111s] /usr/bin/ld: CMakeFiles/line_detection.dir/src/line_detection/param_parser.cpp.o: in function `YAML::detail::node& YAML::detail::node_data::convert_to_node<char [9]>(char const (&) [9], std::shared_ptr<YAML::detail::memory_holder>)':
[34.111s] param_parser.cpp:(.text._ZN4YAML6detail9node_data15convert_to_nodeIA9_cEERNS0_4nodeERKT_St10shared_ptrINS0_13memory_holderEE[_ZN4YAML6detail9node_data15convert_to_nodeIA9_cEERNS0_4nodeERKT_St10shared_ptrINS0_13memory_holderEE]+0x69): undefined reference to `YAML::detail::memory_holder::merge(YAML::detail::memory_holder&)'
[34.111s] /usr/bin/ld: CMakeFiles/line_detection.dir/src/line_detection/param_parser.cpp.o: in function `YAML::BadSubscript::BadSubscript<char [8]>(YAML::Mark const&, char const (&) [8])':
[34.111s] param_parser.cpp:(.text._ZN4YAML12BadSubscriptC2IA8_cEERKNS_4MarkERKT_[_ZN4YAML12BadSubscriptC5IA8_cEERKNS_4MarkERKT_]+0x61): undefined reference to `vtable for YAML::BadSubscript'
[34.112s] /usr/bin/ld: CMakeFiles/line_detection.dir/src/line_detection/param_parser.cpp.o: in function `YAML::TypedBadConversion<std::__cxx11::basic_string<char, std::char_traits<char>, std::allocator<char> > >::~TypedBadConversion()':
[34.112s] param_parser.cpp:(.text._ZN4YAML18TypedBadConversionINSt7__cxx1112basic_stringIcSt11char_traitsIcESaIcEEEED2Ev[_ZN4YAML18TypedBadConversionINSt7__cxx1112basic_stringIcSt11char_traitsIcESaIcEEEED5Ev]+0x26): undefined reference to `YAML::BadConversion::~BadConversion()'
[34.112s] /usr/bin/ld: CMakeFiles/line_detection.dir/src/line_detection/param_parser.cpp.o:(.data.rel.ro._ZTIN4YAML18TypedBadConversionIsEE[_ZTIN4YAML18TypedBadConversionIsEE]+0x10): undefined reference to `typeinfo for YAML::BadConversion'
[34.112s] /usr/bin/ld: CMakeFiles/line_detection.dir/src/line_detection/param_parser.cpp.o:(.data.rel.ro._ZTIN4YAML18TypedBadConversionIbEE[_ZTIN4YAML18TypedBadConversionIbEE]+0x10): undefined reference to `typeinfo for YAML::BadConversion'
[34.112s] /usr/bin/ld: CMakeFiles/line_detection.dir/src/line_detection/param_parser.cpp.o:(.data.rel.ro._ZTIN4YAML18TypedBadConversionINSt7__cxx1112basic_stringIcSt11char_traitsIcESaIcEEEEE[_ZTIN4YAML18TypedBadConversionINSt7__cxx1112basic_stringIcSt11char_traitsIcESaIcEEEEE]+0x10): undefined reference to `typeinfo for YAML::BadConversion'
[34.113s] /usr/bin/ld: CMakeFiles/line_detection.dir/src/line_detection/vision_process.cpp.o: in function `VisionProcess::Decode(std::shared_ptr<cv_bridge::CvImage>)':
[34.113s] vision_process.cpp:(.text+0x305): undefined reference to `cv::imshow(std::__cxx11::basic_string<char, std::char_traits<char>, std::allocator<char> > const&, cv::_InputArray const&)'
[34.113s] /usr/bin/ld: vision_process.cpp:(.text+0x33c): undefined reference to `cv::waitKey(int)'
[34.234s] /usr/bin/ld: warning: creating DT_TEXTREL in a PIE
[34.255s] collect2: error: ld returned 1 exit status
[34.255s] gmake[2]: *** [CMakeFiles/line_detection.dir/build.make:211: line_detection] Error 1
[34.256s] gmake[1]: *** [CMakeFiles/Makefile2:165: CMakeFiles/line_detection.dir/all] Error 2
[34.256s] gmake: *** [Makefile:146: all] Error 2
[34.260s] Invoked command in '/home/luuk/linetracking/build/line_tracking' returned '2': CMAKE_PREFIX_PATH=${CMAKE_PREFIX_PATH}:/opt/ros/humble /usr/bin/cmake --build /home/luuk/linetracking/build/line_tracking -- -j8 -l8
