[0.791s] DEBUG:colcon:Command line arguments: ['/usr/bin/colcon', 'build']
[0.791s] DEBUG:colcon:Parsed command line arguments: Namespace(log_base=None, log_level=None, verb_name='build', build_base='build', install_base='install', merge_install=False, symlink_install=False, test_result_base=None, continue_on_error=False, executor='parallel', parallel_workers=8, event_handlers=None, ignore_user_meta=False, metas=['./colcon.meta'], base_paths=['.'], packages_ignore=None, packages_ignore_regex=None, paths=None, packages_up_to=None, packages_up_to_regex=None, packages_above=None, packages_above_and_dependencies=None, packages_above_depth=None, packages_select_by_dep=None, packages_skip_by_dep=None, packages_skip_up_to=None, packages_select_build_failed=False, packages_skip_build_finished=False, packages_select_test_failures=False, packages_skip_test_passed=False, packages_select=None, packages_skip=None, packages_select_regex=None, packages_skip_regex=None, packages_start=None, packages_end=None, allow_overriding=[], cmake_args=None, cmake_target=None, cmake_target_skip_unavailable=False, cmake_clean_cache=False, cmake_clean_first=False, cmake_force_configure=False, ament_cmake_args=None, catkin_cmake_args=None, catkin_skip_building_tests=False, verb_parser=<colcon_defaults.argument_parser.defaults.DefaultArgumentsDecorator object at 0x7f660d8df1c0>, verb_extension=<colcon_core.verb.build.BuildVerb object at 0x7f660e0a1720>, main=<bound method BuildVerb.main of <colcon_core.verb.build.BuildVerb object at 0x7f660e0a1720>>)
[0.863s] Level 1:colcon.colcon_core.package_discovery:discover_packages(colcon_meta) check parameters
[0.864s] Level 1:colcon.colcon_core.package_discovery:discover_packages(recursive) check parameters
[0.864s] Level 1:colcon.colcon_core.package_discovery:discover_packages(ignore) check parameters
[0.864s] Level 1:colcon.colcon_core.package_discovery:discover_packages(path) check parameters
[0.864s] Level 1:colcon.colcon_core.package_discovery:discover_packages(colcon_meta) discover
[0.864s] Level 1:colcon.colcon_core.package_discovery:discover_packages(recursive) discover
[0.864s] INFO:colcon.colcon_core.package_discovery:Crawling recursively for packages in '/home/luuk/linetracking'
[0.864s] Level 1:colcon.colcon_core.package_identification:_identify(.) by extensions ['ignore', 'ignore_ament_install']
[0.865s] Level 1:colcon.colcon_core.package_identification:_identify(.) by extension 'ignore'
[0.865s] Level 1:colcon.colcon_core.package_identification:_identify(.) by extension 'ignore_ament_install'
[0.865s] Level 1:colcon.colcon_core.package_identification:_identify(.) by extensions ['colcon_pkg']
[0.865s] Level 1:colcon.colcon_core.package_identification:_identify(.) by extension 'colcon_pkg'
[0.865s] Level 1:colcon.colcon_core.package_identification:_identify(.) by extensions ['colcon_meta']
[0.865s] Level 1:colcon.colcon_core.package_identification:_identify(.) by extension 'colcon_meta'
[0.865s] Level 1:colcon.colcon_core.package_identification:_identify(.) by extensions ['ros']
[0.865s] Level 1:colcon.colcon_core.package_identification:_identify(.) by extension 'ros'
[0.897s] DEBUG:colcon.colcon_core.package_identification:Package '.' with type 'ros.ament_cmake' and name 'line_tracking'
[0.898s] Level 1:colcon.colcon_core.package_discovery:discover_packages(recursive) using defaults
[0.898s] Level 1:colcon.colcon_core.package_discovery:discover_packages(ignore) discover
[0.898s] Level 1:colcon.colcon_core.package_discovery:discover_packages(ignore) using defaults
[0.898s] Level 1:colcon.colcon_core.package_discovery:discover_packages(path) discover
[0.898s] Level 1:colcon.colcon_core.package_discovery:discover_packages(path) using defaults
[0.954s] Level 1:colcon.colcon_core.package_discovery:discover_packages(prefix_path) check parameters
[0.955s] Level 1:colcon.colcon_core.package_discovery:discover_packages(prefix_path) discover
[0.967s] DEBUG:colcon.colcon_installed_package_information.package_discovery:Found 399 installed packages in /opt/ros/humble
[0.973s] Level 1:colcon.colcon_core.package_discovery:discover_packages(prefix_path) using defaults
[1.140s] Level 5:colcon.colcon_core.verb:set package 'line_tracking' build argument 'cmake_args' from command line to 'None'
[1.140s] Level 5:colcon.colcon_core.verb:set package 'line_tracking' build argument 'cmake_target' from command line to 'None'
[1.141s] Level 5:colcon.colcon_core.verb:set package 'line_tracking' build argument 'cmake_target_skip_unavailable' from command line to 'False'
[1.141s] Level 5:colcon.colcon_core.verb:set package 'line_tracking' build argument 'cmake_clean_cache' from command line to 'False'
[1.141s] Level 5:colcon.colcon_core.verb:set package 'line_tracking' build argument 'cmake_clean_first' from command line to 'False'
[1.141s] Level 5:colcon.colcon_core.verb:set package 'line_tracking' build argument 'cmake_force_configure' from command line to 'False'
[1.141s] Level 5:colcon.colcon_core.verb:set package 'line_tracking' build argument 'ament_cmake_args' from command line to 'None'
[1.141s] Level 5:colcon.colcon_core.verb:set package 'line_tracking' build argument 'catkin_cmake_args' from command line to 'None'
[1.141s] Level 5:colcon.colcon_core.verb:set package 'line_tracking' build argument 'catkin_skip_building_tests' from command line to 'False'
[1.141s] DEBUG:colcon.colcon_core.verb:Building package 'line_tracking' with the following arguments: {'ament_cmake_args': None, 'build_base': '/home/luuk/linetracking/build/line_tracking', 'catkin_cmake_args': None, 'catkin_skip_building_tests': False, 'cmake_args': None, 'cmake_clean_cache': False, 'cmake_clean_first': False, 'cmake_force_configure': False, 'cmake_target': None, 'cmake_target_skip_unavailable': False, 'install_base': '/home/luuk/linetracking/install/line_tracking', 'merge_install': False, 'path': '/home/luuk/linetracking', 'symlink_install': False, 'test_result_base': None}
[1.143s] INFO:colcon.colcon_core.executor:Executing jobs using 'parallel' executor
[1.152s] DEBUG:colcon.colcon_parallel_executor.executor.parallel:run_until_complete
[1.152s] INFO:colcon.colcon_ros.task.ament_cmake.build:Building ROS package in '/home/luuk/linetracking' with build type 'ament_cmake'
[1.153s] INFO:colcon.colcon_cmake.task.cmake.build:Building CMake package in '/home/luuk/linetracking'
[1.165s] INFO:colcon.colcon_core.plugin_system:Skipping extension 'colcon_core.shell.bat': Not used on non-Windows systems
[1.166s] INFO:colcon.colcon_core.shell:Skip shell extension 'powershell' for command environment: Not usable outside of PowerShell
[1.166s] DEBUG:colcon.colcon_core.shell:Skip shell extension 'dsv' for command environment
[1.216s] DEBUG:colcon.colcon_core.event_handler.log_command:Invoking command in '/home/luuk/linetracking/build/line_tracking': CMAKE_PREFIX_PATH=/opt/ros/humble /usr/bin/cmake /home/luuk/linetracking -DCMAKE_INSTALL_PREFIX=/home/luuk/linetracking/install/line_tracking
[3.365s] DEBUG:colcon.colcon_core.event_handler.log_command:Invoked command in '/home/luuk/linetracking/build/line_tracking' returned '1': CMAKE_PREFIX_PATH=/opt/ros/humble /usr/bin/cmake /home/luuk/linetracking -DCMAKE_INSTALL_PREFIX=/home/luuk/linetracking/install/line_tracking
[3.412s] Level 1:colcon.colcon_core.environment:create_environment_scripts_only(line_tracking)
[3.425s] Level 1:colcon.colcon_core.environment:checking '/home/luuk/linetracking/install/line_tracking' for CMake module files
[3.426s] Level 1:colcon.colcon_core.environment:checking '/home/luuk/linetracking/install/line_tracking' for CMake config files
[3.427s] Level 1:colcon.colcon_core.environment:checking '/home/luuk/linetracking/install/line_tracking/bin'
[3.428s] Level 1:colcon.colcon_core.environment:checking '/home/luuk/linetracking/install/line_tracking/lib/pkgconfig/line_tracking.pc'
[3.428s] Level 1:colcon.colcon_core.environment:checking '/home/luuk/linetracking/install/line_tracking/lib/python3.10/site-packages'
[3.429s] Level 1:colcon.colcon_core.environment:checking '/home/luuk/linetracking/install/line_tracking/bin'
[3.432s] INFO:colcon.colcon_core.shell:Creating package script '/home/luuk/linetracking/install/line_tracking/share/line_tracking/package.ps1'
[3.434s] INFO:colcon.colcon_core.shell:Creating package descriptor '/home/luuk/linetracking/install/line_tracking/share/line_tracking/package.dsv'
[3.436s] INFO:colcon.colcon_core.shell:Creating package script '/home/luuk/linetracking/install/line_tracking/share/line_tracking/package.sh'
[3.437s] INFO:colcon.colcon_core.shell:Creating package script '/home/luuk/linetracking/install/line_tracking/share/line_tracking/package.bash'
[3.440s] INFO:colcon.colcon_core.shell:Creating package script '/home/luuk/linetracking/install/line_tracking/share/line_tracking/package.zsh'
[3.442s] Level 1:colcon.colcon_core.environment:create_file_with_runtime_dependencies(/home/luuk/linetracking/install/line_tracking/share/colcon-core/packages/line_tracking)
[3.455s] DEBUG:colcon.colcon_parallel_executor.executor.parallel:closing loop
[3.455s] DEBUG:colcon.colcon_parallel_executor.executor.parallel:loop closed
[3.455s] DEBUG:colcon.colcon_parallel_executor.executor.parallel:run_until_complete finished with '1'
[3.456s] DEBUG:colcon.colcon_core.event_reactor:joining thread
[3.481s] INFO:colcon.colcon_core.plugin_system:Skipping extension 'colcon_notification.desktop_notification.terminal_notifier': Not used on non-Darwin systems
[3.482s] INFO:colcon.colcon_core.plugin_system:Skipping extension 'colcon_notification.desktop_notification.win32': Not used on non-Windows systems
[3.482s] INFO:colcon.colcon_notification.desktop_notification:Sending desktop notification using 'notify2'
[3.545s] DEBUG:colcon.colcon_core.event_reactor:joined thread
[3.550s] INFO:colcon.colcon_core.shell:Creating prefix script '/home/luuk/linetracking/install/local_setup.ps1'
[3.553s] INFO:colcon.colcon_core.shell:Creating prefix util module '/home/luuk/linetracking/install/_local_setup_util_ps1.py'
[3.558s] INFO:colcon.colcon_core.shell:Creating prefix chain script '/home/luuk/linetracking/install/setup.ps1'
[3.565s] INFO:colcon.colcon_core.shell:Creating prefix script '/home/luuk/linetracking/install/local_setup.sh'
[3.567s] INFO:colcon.colcon_core.shell:Creating prefix util module '/home/luuk/linetracking/install/_local_setup_util_sh.py'
[3.570s] INFO:colcon.colcon_core.shell:Creating prefix chain script '/home/luuk/linetracking/install/setup.sh'
[3.575s] INFO:colcon.colcon_core.shell:Creating prefix script '/home/luuk/linetracking/install/local_setup.bash'
[3.577s] INFO:colcon.colcon_core.shell:Creating prefix chain script '/home/luuk/linetracking/install/setup.bash'
[3.582s] INFO:colcon.colcon_core.shell:Creating prefix script '/home/luuk/linetracking/install/local_setup.zsh'
[3.586s] INFO:colcon.colcon_core.shell:Creating prefix chain script '/home/luuk/linetracking/install/setup.zsh'
