[0.106s] Invoking command in '/home/luuk/linetracking/build/line_tracking': CMAKE_PREFIX_PATH=${CMAKE_PREFIX_PATH}:/opt/ros/humble /usr/bin/cmake --build /home/luuk/linetracking/build/line_tracking -- -j8 -l8
[0.384s] [  2%] Built target line_tracking__cpp
[0.535s] [  6%] Built target compressed_viewer
[0.536s] [ 14%] Built target line_tracking__rosidl_generator_c
[0.567s] [ 14%] Built target ament_cmake_python_copy_line_tracking
[0.671s] [ 22%] Built target line_tracking__rosidl_typesupport_cpp
[0.735s] [ 31%] Built target line_tracking__rosidl_typesupport_fastrtps_cpp
[0.735s] [ 39%] Built target line_tracking__rosidl_typesupport_introspection_cpp
[0.777s] [ 47%] Built target line_tracking__rosidl_typesupport_fastrtps_c
[0.852s] [35m[1mConsolidate compiler generated dependencies of target lane_follower[0m
[0.971s] [ 56%] Built target line_tracking__rosidl_typesupport_introspection_c
[1.052s] [ 58%] [32mBuilding CXX object CMakeFiles/lane_follower.dir/src/lane_follower/lane_follower.cpp.o[0m
[1.088s] [ 66%] Built target line_tracking__rosidl_typesupport_c
[1.088s] [ 75%] Built target line_detection
[1.089s] [ 77%] [32mBuilding CXX object CMakeFiles/lane_follower.dir/src/lane_follower/lane_math.cpp.o[0m
[1.419s] [ 77%] Built target line_tracking
[1.749s] [ 79%] Built target line_tracking__py
[2.137s] [ 85%] Built target line_tracking__rosidl_generator_py
[2.237s] running egg_info
[2.238s] writing line_tracking.egg-info/PKG-INFO
[2.316s] writing dependency_links to line_tracking.egg-info/dependency_links.txt
[2.317s] writing top-level names to line_tracking.egg-info/top_level.txt
[2.317s] reading manifest file 'line_tracking.egg-info/SOURCES.txt'
[2.318s] writing manifest file 'line_tracking.egg-info/SOURCES.txt'
[2.412s] [ 85%] Built target ament_cmake_python_build_line_tracking_egg
[2.481s] [ 89%] Built target line_tracking__rosidl_typesupport_introspection_c__pyext
[2.486s] [ 93%] Built target line_tracking__rosidl_typesupport_fastrtps_c__pyext
[2.530s] [ 97%] Built target line_tracking__rosidl_typesupport_c__pyext
[28.101s] [100%] [32m[1mLinking CXX executable lane_follower[0m
[29.410s] [100%] Built target lane_follower
[29.450s] Invoked command in '/home/luuk/linetracking/build/line_tracking' returned '0': CMAKE_PREFIX_PATH=${CMAKE_PREFIX_PATH}:/opt/ros/humble /usr/bin/cmake --build /home/luuk/linetracking/build/line_tracking -- -j8 -l8
[30.277s] Invoking command in '/home/luuk/linetracking/build/line_tracking': CMAKE_PREFIX_PATH=${CMAKE_PREFIX_PATH}:/opt/ros/humble /usr/bin/cmake --install /home/luuk/linetracking/build/line_tracking
[30.309s] -- Install configuration: ""
[30.309s] -- Up-to-date: /home/luuk/linetracking/install/line_tracking/share/ament_index/resource_index/rosidl_interfaces/line_tracking
[30.310s] -- Up-to-date: /home/luuk/linetracking/install/line_tracking/include/line_tracking/line_tracking
[30.310s] -- Up-to-date: /home/luuk/linetracking/install/line_tracking/include/line_tracking/line_tracking/msg
[30.310s] -- Up-to-date: /home/luuk/linetracking/install/line_tracking/include/line_tracking/line_tracking/msg/detail
[30.310s] -- Up-to-date: /home/luuk/linetracking/install/line_tracking/include/line_tracking/line_tracking/msg/detail/point_blob__type_support.h
[30.311s] -- Up-to-date: /home/luuk/linetracking/install/line_tracking/include/line_tracking/line_tracking/msg/detail/point_blob__struct.h
[30.311s] -- Up-to-date: /home/luuk/linetracking/install/line_tracking/include/line_tracking/line_tracking/msg/detail/point_blob__functions.c
[30.311s] -- Up-to-date: /home/luuk/linetracking/install/line_tracking/include/line_tracking/line_tracking/msg/detail/point_array__struct.h
[30.311s] -- Up-to-date: /home/luuk/linetracking/install/line_tracking/include/line_tracking/line_tracking/msg/detail/point_array__functions.c
[30.311s] -- Up-to-date: /home/luuk/linetracking/install/line_tracking/include/line_tracking/line_tracking/msg/detail/point_blob__functions.h
[30.312s] -- Up-to-date: /home/luuk/linetracking/install/line_tracking/include/line_tracking/line_tracking/msg/detail/point_array__type_support.h
[30.312s] -- Up-to-date: /home/luuk/linetracking/install/line_tracking/include/line_tracking/line_tracking/msg/detail/point_array__functions.h
[30.312s] -- Up-to-date: /home/luuk/linetracking/install/line_tracking/include/line_tracking/line_tracking/msg/rosidl_generator_c__visibility_control.h
[30.313s] -- Up-to-date: /home/luuk/linetracking/install/line_tracking/include/line_tracking/line_tracking/msg/point_blob.h
[30.313s] -- Up-to-date: /home/luuk/linetracking/install/line_tracking/include/line_tracking/line_tracking/msg/point_array.h
[30.313s] -- Up-to-date: /home/luuk/linetracking/install/line_tracking/share/line_tracking/environment/library_path.sh
[30.313s] -- Up-to-date: /home/luuk/linetracking/install/line_tracking/share/line_tracking/environment/library_path.dsv
[30.314s] -- Up-to-date: /home/luuk/linetracking/install/line_tracking/lib/libline_tracking__rosidl_generator_c.so
[30.314s] -- Up-to-date: /home/luuk/linetracking/install/line_tracking/include/line_tracking/line_tracking
[30.314s] -- Up-to-date: /home/luuk/linetracking/install/line_tracking/include/line_tracking/line_tracking/msg
[30.315s] -- Up-to-date: /home/luuk/linetracking/install/line_tracking/include/line_tracking/line_tracking/msg/detail
[30.315s] -- Up-to-date: /home/luuk/linetracking/install/line_tracking/include/line_tracking/line_tracking/msg/detail/point_blob__rosidl_typesupport_fastrtps_c.h
[30.315s] -- Up-to-date: /home/luuk/linetracking/install/line_tracking/include/line_tracking/line_tracking/msg/detail/point_array__rosidl_typesupport_fastrtps_c.h
[30.316s] -- Up-to-date: /home/luuk/linetracking/install/line_tracking/include/line_tracking/line_tracking/msg/rosidl_typesupport_fastrtps_c__visibility_control.h
[30.322s] -- Up-to-date: /home/luuk/linetracking/install/line_tracking/lib/libline_tracking__rosidl_typesupport_fastrtps_c.so
[30.323s] -- Up-to-date: /home/luuk/linetracking/install/line_tracking/include/line_tracking/line_tracking
[30.323s] -- Up-to-date: /home/luuk/linetracking/install/line_tracking/include/line_tracking/line_tracking/msg
[30.323s] -- Up-to-date: /home/luuk/linetracking/install/line_tracking/include/line_tracking/line_tracking/msg/detail
[30.324s] -- Up-to-date: /home/luuk/linetracking/install/line_tracking/include/line_tracking/line_tracking/msg/detail/point_array__builder.hpp
[30.324s] -- Up-to-date: /home/luuk/linetracking/install/line_tracking/include/line_tracking/line_tracking/msg/detail/point_array__traits.hpp
[30.325s] -- Up-to-date: /home/luuk/linetracking/install/line_tracking/include/line_tracking/line_tracking/msg/detail/point_blob__builder.hpp
[30.325s] -- Up-to-date: /home/luuk/linetracking/install/line_tracking/include/line_tracking/line_tracking/msg/detail/point_blob__struct.hpp
[30.325s] -- Up-to-date: /home/luuk/linetracking/install/line_tracking/include/line_tracking/line_tracking/msg/detail/point_array__struct.hpp
[30.325s] -- Up-to-date: /home/luuk/linetracking/install/line_tracking/include/line_tracking/line_tracking/msg/detail/point_blob__traits.hpp
[30.326s] -- Up-to-date: /home/luuk/linetracking/install/line_tracking/include/line_tracking/line_tracking/msg/point_blob.hpp
[30.326s] -- Up-to-date: /home/luuk/linetracking/install/line_tracking/include/line_tracking/line_tracking/msg/point_array.hpp
[30.330s] -- Up-to-date: /home/luuk/linetracking/install/line_tracking/include/line_tracking/line_tracking
[30.330s] -- Up-to-date: /home/luuk/linetracking/install/line_tracking/include/line_tracking/line_tracking/msg
[30.330s] -- Up-to-date: /home/luuk/linetracking/install/line_tracking/include/line_tracking/line_tracking/msg/detail
[30.331s] -- Up-to-date: /home/luuk/linetracking/install/line_tracking/include/line_tracking/line_tracking/msg/detail/point_array__rosidl_typesupport_fastrtps_cpp.hpp
[30.332s] -- Up-to-date: /home/luuk/linetracking/install/line_tracking/include/line_tracking/line_tracking/msg/detail/point_blob__rosidl_typesupport_fastrtps_cpp.hpp
[30.333s] -- Up-to-date: /home/luuk/linetracking/install/line_tracking/include/line_tracking/line_tracking/msg/detail/dds_fastrtps
[30.334s] -- Up-to-date: /home/luuk/linetracking/install/line_tracking/include/line_tracking/line_tracking/msg/rosidl_typesupport_fastrtps_cpp__visibility_control.h
[30.334s] -- Up-to-date: /home/luuk/linetracking/install/line_tracking/lib/libline_tracking__rosidl_typesupport_fastrtps_cpp.so
[30.335s] -- Up-to-date: /home/luuk/linetracking/install/line_tracking/include/line_tracking/line_tracking
[30.335s] -- Up-to-date: /home/luuk/linetracking/install/line_tracking/include/line_tracking/line_tracking/msg
[30.335s] -- Up-to-date: /home/luuk/linetracking/install/line_tracking/include/line_tracking/line_tracking/msg/detail
[30.335s] -- Up-to-date: /home/luuk/linetracking/install/line_tracking/include/line_tracking/line_tracking/msg/detail/point_blob__rosidl_typesupport_introspection_c.h
[30.336s] -- Up-to-date: /home/luuk/linetracking/install/line_tracking/include/line_tracking/line_tracking/msg/detail/point_array__type_support.c
[30.336s] -- Up-to-date: /home/luuk/linetracking/install/line_tracking/include/line_tracking/line_tracking/msg/detail/point_array__rosidl_typesupport_introspection_c.h
[30.336s] -- Up-to-date: /home/luuk/linetracking/install/line_tracking/include/line_tracking/line_tracking/msg/detail/point_blob__type_support.c
[30.337s] -- Up-to-date: /home/luuk/linetracking/install/line_tracking/include/line_tracking/line_tracking/msg/rosidl_typesupport_introspection_c__visibility_control.h
[30.337s] -- Up-to-date: /home/luuk/linetracking/install/line_tracking/lib/libline_tracking__rosidl_typesupport_introspection_c.so
[30.337s] -- Up-to-date: /home/luuk/linetracking/install/line_tracking/lib/libline_tracking__rosidl_typesupport_c.so
[30.337s] -- Up-to-date: /home/luuk/linetracking/install/line_tracking/include/line_tracking/line_tracking
[30.337s] -- Up-to-date: /home/luuk/linetracking/install/line_tracking/include/line_tracking/line_tracking/msg
[30.338s] -- Up-to-date: /home/luuk/linetracking/install/line_tracking/include/line_tracking/line_tracking/msg/detail
[30.339s] -- Up-to-date: /home/luuk/linetracking/install/line_tracking/include/line_tracking/line_tracking/msg/detail/point_array__rosidl_typesupport_introspection_cpp.hpp
[30.339s] -- Up-to-date: /home/luuk/linetracking/install/line_tracking/include/line_tracking/line_tracking/msg/detail/point_array__type_support.cpp
[30.339s] -- Up-to-date: /home/luuk/linetracking/install/line_tracking/include/line_tracking/line_tracking/msg/detail/point_blob__type_support.cpp
[30.340s] -- Up-to-date: /home/luuk/linetracking/install/line_tracking/include/line_tracking/line_tracking/msg/detail/point_blob__rosidl_typesupport_introspection_cpp.hpp
[30.340s] -- Up-to-date: /home/luuk/linetracking/install/line_tracking/lib/libline_tracking__rosidl_typesupport_introspection_cpp.so
[30.340s] -- Up-to-date: /home/luuk/linetracking/install/line_tracking/lib/libline_tracking__rosidl_typesupport_cpp.so
[30.340s] -- Up-to-date: /home/luuk/linetracking/install/line_tracking/share/line_tracking/environment/pythonpath.sh
[30.341s] -- Up-to-date: /home/luuk/linetracking/install/line_tracking/share/line_tracking/environment/pythonpath.dsv
[30.341s] -- Up-to-date: /home/luuk/linetracking/install/line_tracking/local/lib/python3.10/dist-packages/line_tracking-0.0.0-py3.10.egg-info
[30.341s] -- Installing: /home/luuk/linetracking/install/line_tracking/local/lib/python3.10/dist-packages/line_tracking-0.0.0-py3.10.egg-info/dependency_links.txt
[30.341s] -- Installing: /home/luuk/linetracking/install/line_tracking/local/lib/python3.10/dist-packages/line_tracking-0.0.0-py3.10.egg-info/PKG-INFO
[30.341s] -- Installing: /home/luuk/linetracking/install/line_tracking/local/lib/python3.10/dist-packages/line_tracking-0.0.0-py3.10.egg-info/SOURCES.txt
[30.341s] -- Installing: /home/luuk/linetracking/install/line_tracking/local/lib/python3.10/dist-packages/line_tracking-0.0.0-py3.10.egg-info/top_level.txt
[30.342s] -- Up-to-date: /home/luuk/linetracking/install/line_tracking/local/lib/python3.10/dist-packages/line_tracking
[30.342s] -- Up-to-date: /home/luuk/linetracking/install/line_tracking/local/lib/python3.10/dist-packages/line_tracking/line_tracking_s__rosidl_typesupport_introspection_c.cpython-310-x86_64-linux-gnu.so
[30.342s] -- Up-to-date: /home/luuk/linetracking/install/line_tracking/local/lib/python3.10/dist-packages/line_tracking/line_tracking_s__rosidl_typesupport_fastrtps_c.cpython-310-x86_64-linux-gnu.so
[30.342s] -- Up-to-date: /home/luuk/linetracking/install/line_tracking/local/lib/python3.10/dist-packages/line_tracking/__init__.py
[30.342s] -- Up-to-date: /home/luuk/linetracking/install/line_tracking/local/lib/python3.10/dist-packages/line_tracking/line_tracking_s__rosidl_typesupport_c.cpython-310-x86_64-linux-gnu.so
[30.342s] -- Up-to-date: /home/luuk/linetracking/install/line_tracking/local/lib/python3.10/dist-packages/line_tracking/_line_tracking_s.ep.rosidl_typesupport_fastrtps_c.c
[30.342s] -- Up-to-date: /home/luuk/linetracking/install/line_tracking/local/lib/python3.10/dist-packages/line_tracking/_line_tracking_s.ep.rosidl_typesupport_c.c
[30.343s] -- Up-to-date: /home/luuk/linetracking/install/line_tracking/local/lib/python3.10/dist-packages/line_tracking/libline_tracking__rosidl_generator_py.so
[30.343s] -- Up-to-date: /home/luuk/linetracking/install/line_tracking/local/lib/python3.10/dist-packages/line_tracking/_line_tracking_s.ep.rosidl_typesupport_introspection_c.c
[30.343s] -- Up-to-date: /home/luuk/linetracking/install/line_tracking/local/lib/python3.10/dist-packages/line_tracking/msg
[30.343s] -- Up-to-date: /home/luuk/linetracking/install/line_tracking/local/lib/python3.10/dist-packages/line_tracking/msg/__init__.py
[30.343s] -- Up-to-date: /home/luuk/linetracking/install/line_tracking/local/lib/python3.10/dist-packages/line_tracking/msg/_point_array.py
[30.343s] -- Up-to-date: /home/luuk/linetracking/install/line_tracking/local/lib/python3.10/dist-packages/line_tracking/msg/_point_array_s.c
[30.343s] -- Up-to-date: /home/luuk/linetracking/install/line_tracking/local/lib/python3.10/dist-packages/line_tracking/msg/_point_blob_s.c
[30.344s] -- Up-to-date: /home/luuk/linetracking/install/line_tracking/local/lib/python3.10/dist-packages/line_tracking/msg/_point_blob.py
[30.437s] Listing '/home/luuk/linetracking/install/line_tracking/local/lib/python3.10/dist-packages/line_tracking'...
[30.438s] Listing '/home/luuk/linetracking/install/line_tracking/local/lib/python3.10/dist-packages/line_tracking/msg'...
[30.438s] -- Up-to-date: /home/luuk/linetracking/install/line_tracking/local/lib/python3.10/dist-packages/line_tracking/line_tracking_s__rosidl_typesupport_fastrtps_c.cpython-310-x86_64-linux-gnu.so
[30.438s] -- Up-to-date: /home/luuk/linetracking/install/line_tracking/local/lib/python3.10/dist-packages/line_tracking/line_tracking_s__rosidl_typesupport_introspection_c.cpython-310-x86_64-linux-gnu.so
[30.449s] -- Up-to-date: /home/luuk/linetracking/install/line_tracking/local/lib/python3.10/dist-packages/line_tracking/line_tracking_s__rosidl_typesupport_c.cpython-310-x86_64-linux-gnu.so
[30.449s] -- Up-to-date: /home/luuk/linetracking/install/line_tracking/lib/libline_tracking__rosidl_generator_py.so
[30.449s] -- Up-to-date: /home/luuk/linetracking/install/line_tracking/share/line_tracking/msg/PointBlob.idl
[30.450s] -- Up-to-date: /home/luuk/linetracking/install/line_tracking/share/line_tracking/msg/PointArray.idl
[30.450s] -- Up-to-date: /home/luuk/linetracking/install/line_tracking/share/line_tracking/msg/PointBlob.msg
[30.450s] -- Up-to-date: /home/luuk/linetracking/install/line_tracking/share/line_tracking/msg/PointArray.msg
[30.451s] -- Up-to-date: /home/luuk/linetracking/install/line_tracking/lib/line_tracking/compressed_viewer
[30.451s] -- Up-to-date: /home/luuk/linetracking/install/line_tracking/lib/line_tracking/line_detection
[30.451s] -- Installing: /home/luuk/linetracking/install/line_tracking/lib/line_tracking/lane_follower
[30.479s] -- Set runtime path of "/home/luuk/linetracking/install/line_tracking/lib/line_tracking/lane_follower" to ""
[30.480s] -- Up-to-date: /home/luuk/linetracking/install/line_tracking/share/ament_index/resource_index/package_run_dependencies/line_tracking
[30.480s] -- Up-to-date: /home/luuk/linetracking/install/line_tracking/share/ament_index/resource_index/parent_prefix_path/line_tracking
[30.481s] -- Up-to-date: /home/luuk/linetracking/install/line_tracking/share/line_tracking/environment/ament_prefix_path.sh
[30.481s] -- Up-to-date: /home/luuk/linetracking/install/line_tracking/share/line_tracking/environment/ament_prefix_path.dsv
[30.481s] -- Up-to-date: /home/luuk/linetracking/install/line_tracking/share/line_tracking/environment/path.sh
[30.481s] -- Up-to-date: /home/luuk/linetracking/install/line_tracking/share/line_tracking/environment/path.dsv
[30.481s] -- Up-to-date: /home/luuk/linetracking/install/line_tracking/share/line_tracking/local_setup.bash
[30.482s] -- Up-to-date: /home/luuk/linetracking/install/line_tracking/share/line_tracking/local_setup.sh
[30.482s] -- Up-to-date: /home/luuk/linetracking/install/line_tracking/share/line_tracking/local_setup.zsh
[30.482s] -- Up-to-date: /home/luuk/linetracking/install/line_tracking/share/line_tracking/local_setup.dsv
[30.483s] -- Installing: /home/luuk/linetracking/install/line_tracking/share/line_tracking/package.dsv
[30.483s] -- Up-to-date: /home/luuk/linetracking/install/line_tracking/share/ament_index/resource_index/packages/line_tracking
[30.484s] -- Up-to-date: /home/luuk/linetracking/install/line_tracking/share/line_tracking/cmake/export_line_tracking__rosidl_generator_cExport.cmake
[30.484s] -- Up-to-date: /home/luuk/linetracking/install/line_tracking/share/line_tracking/cmake/export_line_tracking__rosidl_generator_cExport-noconfig.cmake
[30.484s] -- Up-to-date: /home/luuk/linetracking/install/line_tracking/share/line_tracking/cmake/export_line_tracking__rosidl_typesupport_fastrtps_cExport.cmake
[30.484s] -- Up-to-date: /home/luuk/linetracking/install/line_tracking/share/line_tracking/cmake/export_line_tracking__rosidl_typesupport_fastrtps_cExport-noconfig.cmake
[30.485s] -- Up-to-date: /home/luuk/linetracking/install/line_tracking/share/line_tracking/cmake/export_line_tracking__rosidl_generator_cppExport.cmake
[30.485s] -- Up-to-date: /home/luuk/linetracking/install/line_tracking/share/line_tracking/cmake/export_line_tracking__rosidl_typesupport_fastrtps_cppExport.cmake
[30.485s] -- Up-to-date: /home/luuk/linetracking/install/line_tracking/share/line_tracking/cmake/export_line_tracking__rosidl_typesupport_fastrtps_cppExport-noconfig.cmake
[30.486s] -- Up-to-date: /home/luuk/linetracking/install/line_tracking/share/line_tracking/cmake/line_tracking__rosidl_typesupport_introspection_cExport.cmake
[30.486s] -- Up-to-date: /home/luuk/linetracking/install/line_tracking/share/line_tracking/cmake/line_tracking__rosidl_typesupport_introspection_cExport-noconfig.cmake
[30.486s] -- Up-to-date: /home/luuk/linetracking/install/line_tracking/share/line_tracking/cmake/line_tracking__rosidl_typesupport_cExport.cmake
[30.487s] -- Up-to-date: /home/luuk/linetracking/install/line_tracking/share/line_tracking/cmake/line_tracking__rosidl_typesupport_cExport-noconfig.cmake
[30.487s] -- Up-to-date: /home/luuk/linetracking/install/line_tracking/share/line_tracking/cmake/line_tracking__rosidl_typesupport_introspection_cppExport.cmake
[30.487s] -- Up-to-date: /home/luuk/linetracking/install/line_tracking/share/line_tracking/cmake/line_tracking__rosidl_typesupport_introspection_cppExport-noconfig.cmake
[30.488s] -- Up-to-date: /home/luuk/linetracking/install/line_tracking/share/line_tracking/cmake/line_tracking__rosidl_typesupport_cppExport.cmake
[30.488s] -- Up-to-date: /home/luuk/linetracking/install/line_tracking/share/line_tracking/cmake/line_tracking__rosidl_typesupport_cppExport-noconfig.cmake
[30.488s] -- Up-to-date: /home/luuk/linetracking/install/line_tracking/share/line_tracking/cmake/export_line_tracking__rosidl_generator_pyExport.cmake
[30.488s] -- Up-to-date: /home/luuk/linetracking/install/line_tracking/share/line_tracking/cmake/export_line_tracking__rosidl_generator_pyExport-noconfig.cmake
[30.489s] -- Up-to-date: /home/luuk/linetracking/install/line_tracking/share/line_tracking/cmake/rosidl_cmake-extras.cmake
[30.489s] -- Up-to-date: /home/luuk/linetracking/install/line_tracking/share/line_tracking/cmake/ament_cmake_export_dependencies-extras.cmake
[30.489s] -- Up-to-date: /home/luuk/linetracking/install/line_tracking/share/line_tracking/cmake/ament_cmake_export_include_directories-extras.cmake
[30.489s] -- Up-to-date: /home/luuk/linetracking/install/line_tracking/share/line_tracking/cmake/ament_cmake_export_libraries-extras.cmake
[30.490s] -- Up-to-date: /home/luuk/linetracking/install/line_tracking/share/line_tracking/cmake/ament_cmake_export_targets-extras.cmake
[30.490s] -- Up-to-date: /home/luuk/linetracking/install/line_tracking/share/line_tracking/cmake/rosidl_cmake_export_typesupport_targets-extras.cmake
[30.490s] -- Up-to-date: /home/luuk/linetracking/install/line_tracking/share/line_tracking/cmake/rosidl_cmake_export_typesupport_libraries-extras.cmake
[30.492s] -- Up-to-date: /home/luuk/linetracking/install/line_tracking/share/line_tracking/cmake/line_trackingConfig.cmake
[30.492s] -- Up-to-date: /home/luuk/linetracking/install/line_tracking/share/line_tracking/cmake/line_trackingConfig-version.cmake
[30.493s] -- Up-to-date: /home/luuk/linetracking/install/line_tracking/share/line_tracking/package.xml
[30.505s] Invoked command in '/home/luuk/linetracking/build/line_tracking' returned '0': CMAKE_PREFIX_PATH=${CMAKE_PREFIX_PATH}:/opt/ros/humble /usr/bin/cmake --install /home/luuk/linetracking/build/line_tracking
