[0.147s] Invoking command in '/home/luuk/linetracking/build/line_tracking': CMAKE_PREFIX_PATH=${CMAKE_PREFIX_PATH}:/opt/ros/humble /usr/bin/cmake --build /home/luuk/linetracking/build/line_tracking -- -j8 -l8
[0.579s] [  2%] Built target line_tracking__cpp
[0.723s] [ 10%] Built target line_tracking__rosidl_generator_c
[0.857s] [ 14%] Built target compressed_viewer
[0.913s] [ 14%] Built target ament_cmake_python_copy_line_tracking
[0.913s] [ 22%] Built target line_tracking__rosidl_typesupport_cpp
[0.961s] [ 31%] Built target line_tracking__rosidl_typesupport_introspection_cpp
[0.979s] [ 39%] Built target line_tracking__rosidl_typesupport_fastrtps_cpp
[1.262s] [ 41%] [32mBuilding CXX object CMakeFiles/lane_follower.dir/src/lane_follower/lane_follower.cpp.o[0m
[1.290s] [ 50%] Built target line_tracking__rosidl_typesupport_fastrtps_c
[1.294s] [ 58%] Built target line_tracking__rosidl_typesupport_introspection_c
[1.351s] [ 66%] Built target line_tracking__rosidl_typesupport_c
[1.351s] [ 75%] Built target line_detection
[1.487s] [ 75%] Built target line_tracking
[1.636s] [ 77%] Built target line_tracking__py
[1.795s] [ 83%] Built target line_tracking__rosidl_generator_py
[2.058s] [ 87%] Built target line_tracking__rosidl_typesupport_fastrtps_c__pyext
[2.094s] [ 91%] Built target line_tracking__rosidl_typesupport_introspection_c__pyext
[2.116s] [ 95%] Built target line_tracking__rosidl_typesupport_c__pyext
[2.253s] running egg_info
[2.253s] writing line_tracking.egg-info/PKG-INFO
[2.254s] writing dependency_links to line_tracking.egg-info/dependency_links.txt
[2.254s] writing top-level names to line_tracking.egg-info/top_level.txt
[2.257s] reading manifest file 'line_tracking.egg-info/SOURCES.txt'
[2.257s] writing manifest file 'line_tracking.egg-info/SOURCES.txt'
[2.420s] [ 95%] Built target ament_cmake_python_build_line_tracking_egg
[2.501s] [01m[K/home/luuk/linetracking/src/lane_follower/lane_follower.cpp:10:[m[K [01;35m[Kwarning: [m[K"MARGIN" redefined
[2.501s]    10 | #define MARGIN 4
[2.502s]       | 
[2.502s] In file included from [01m[K/home/luuk/linetracking/src/lane_follower/lane_follower.cpp:4[m[K:
[2.502s] [01m[K/home/luuk/linetracking/src/lane_follower/include/lane_math.hpp:9:[m[K [01;36m[Knote: [m[Kthis is the location of the previous definition
[2.502s]     9 | #define MARGIN 10
[2.503s]       | 
[4.098s] gmake[2]: *** wait: No child processes.  Stop.
[4.099s] gmake[2]: *** Waiting for unfinished jobs....
[4.099s] gmake[2]: *** wait: No child processes.  Stop.
[4.102s] gmake[1]: *** [CMakeFiles/Makefile2:650: CMakeFiles/lane_follower.dir/all] Error 2
[4.103s] gmake: *** [Makefile:146: all] Interrupt
[4.114s] Invoked command in '/home/luuk/linetracking/build/line_tracking' returned '-2': CMAKE_PREFIX_PATH=${CMAKE_PREFIX_PATH}:/opt/ros/humble /usr/bin/cmake --build /home/luuk/linetracking/build/line_tracking -- -j8 -l8
