/home/luuk/linetracking/src/line_detection/vision_process.cpp: In instantiation of ‘[01m[KVisionProcess::Decode(cv_bridge::CvImagePtr)::<lambda(const auto:2&, const auto:3&)> [with auto:2 = std::vector<cv::Point_<int> >; auto:3 = std::vector<cv::Point_<int> >][m[K’:
[01m[K/usr/include/c++/11/bits/predefined_ops.h:158:30:[m[K   required from ‘[01m[Kconstexpr bool __gnu_cxx::__ops::_Iter_comp_iter<_Compare>::operator()(_Iterator1, _Iterator2) [with _Iterator1 = __gnu_cxx::__normal_iterator<std::vector<cv::Point_<int> >*, std::vector<std::vector<cv::Point_<int> > > >; _Iterator2 = __gnu_cxx::__normal_iterator<std::vector<cv::Point_<int> >*, std::vector<std::vector<cv::Point_<int> > > >; _Compare = VisionProcess::Decode(cv_bridge::CvImagePtr)::<lambda(const auto:2&, const auto:3&)>][m[K’
[01m[K/usr/include/c++/11/bits/stl_algo.h:82:17:[m[K   required from ‘[01m[Kvoid std::__move_median_to_first(_Iterator, _Iterator, _Iterator, _Iterator, _Compare) [with _Iterator = __gnu_cxx::__normal_iterator<std::vector<cv::Point_<int> >*, std::vector<std::vector<cv::Point_<int> > > >; _Compare = __gnu_cxx::__ops::_Iter_comp_iter<VisionProcess::Decode(cv_bridge::CvImagePtr)::<lambda(const auto:2&, const auto:3&)> >][m[K’
[01m[K/usr/include/c++/11/bits/stl_algo.h:1904:34:[m[K   required from ‘[01m[K_RandomAccessIterator std::__unguarded_partition_pivot(_RandomAccessIterator, _RandomAccessIterator, _Compare) [with _RandomAccessIterator = __gnu_cxx::__normal_iterator<std::vector<cv::Point_<int> >*, std::vector<std::vector<cv::Point_<int> > > >; _Compare = __gnu_cxx::__ops::_Iter_comp_iter<VisionProcess::Decode(cv_bridge::CvImagePtr)::<lambda(const auto:2&, const auto:3&)> >][m[K’
[01m[K/usr/include/c++/11/bits/stl_algo.h:1938:38:[m[K   required from ‘[01m[Kvoid std::__introsort_loop(_RandomAccessIterator, _RandomAccessIterator, _Size, _Compare) [with _RandomAccessIterator = __gnu_cxx::__normal_iterator<std::vector<cv::Point_<int> >*, std::vector<std::vector<cv::Point_<int> > > >; _Size = long int; _Compare = __gnu_cxx::__ops::_Iter_comp_iter<VisionProcess::Decode(cv_bridge::CvImagePtr)::<lambda(const auto:2&, const auto:3&)> >][m[K’
[01m[K/usr/include/c++/11/bits/stl_algo.h:1954:25:[m[K   required from ‘[01m[Kvoid std::__sort(_RandomAccessIterator, _RandomAccessIterator, _Compare) [with _RandomAccessIterator = __gnu_cxx::__normal_iterator<std::vector<cv::Point_<int> >*, std::vector<std::vector<cv::Point_<int> > > >; _Compare = __gnu_cxx::__ops::_Iter_comp_iter<VisionProcess::Decode(cv_bridge::CvImagePtr)::<lambda(const auto:2&, const auto:3&)> >][m[K’
[01m[K/usr/include/c++/11/bits/stl_algo.h:4875:18:[m[K   required from ‘[01m[Kvoid std::sort(_RAIter, _RAIter, _Compare) [with _RAIter = __gnu_cxx::__normal_iterator<std::vector<cv::Point_<int> >*, std::vector<std::vector<cv::Point_<int> > > >; _Compare = VisionProcess::Decode(cv_bridge::CvImagePtr)::<lambda(const auto:2&, const auto:3&)>][m[K’
[01m[K/home/luuk/linetracking/src/line_detection/vision_process.cpp:21:14:[m[K   required from here
[01m[K/home/luuk/linetracking/src/line_detection/vision_process.cpp:22:28:[m[K [01;35m[Kwarning: [m[Kvalue computed is not used [[01;35m[K]8;;https://gcc.gnu.org/onlinedocs/gcc/Warning-Options.html#index-Wunused-value-Wunused-value]8;;[m[K]
   22 |         [01;35m[Kcv::contourArea(a) > cv::contourArea(a)[m[K;
      |         [01;35m[K~~~~~~~~~~~~~~~~~~~^~~~~~~~~~~~~~~~~~~~[m[K
[01m[K/home/luuk/linetracking/src/line_detection/vision_process.cpp:21:73:[m[K [01;35m[Kwarning: [m[Kunused parameter ‘[01m[Kb[m[K’ [[01;35m[K]8;;https://gcc.gnu.org/onlinedocs/gcc/Warning-Options.html#index-Wunused-parameter-Wunused-parameter]8;;[m[K]
   21 |     std::sort(lines.begin(), lines.end(), [](const auto& a, [01;35m[Kconst auto& b[m[K) {
      |                                                             [01;35m[K~~~~~~~~~~~~^[m[K
In file included from [01m[K/usr/include/c++/11/bits/stl_algobase.h:71[m[K,
                 from [01m[K/usr/include/c++/11/bits/char_traits.h:39[m[K,
                 from [01m[K/usr/include/c++/11/string:40[m[K,
                 from [01m[K/home/luuk/linetracking/src/line_detection/include/vision_process.hpp:4[m[K,
                 from [01m[K/home/luuk/linetracking/src/line_detection/vision_process.cpp:1[m[K:
/usr/include/c++/11/bits/predefined_ops.h: In instantiation of ‘[01m[Kconstexpr bool __gnu_cxx::__ops::_Iter_comp_iter<_Compare>::operator()(_Iterator1, _Iterator2) [with _Iterator1 = __gnu_cxx::__normal_iterator<std::vector<cv::Point_<int> >*, std::vector<std::vector<cv::Point_<int> > > >; _Iterator2 = __gnu_cxx::__normal_iterator<std::vector<cv::Point_<int> >*, std::vector<std::vector<cv::Point_<int> > > >; _Compare = VisionProcess::Decode(cv_bridge::CvImagePtr)::<lambda(const auto:2&, const auto:3&)>][m[K’:
[01m[K/usr/include/c++/11/bits/stl_algo.h:82:17:[m[K   required from ‘[01m[Kvoid std::__move_median_to_first(_Iterator, _Iterator, _Iterator, _Iterator, _Compare) [with _Iterator = __gnu_cxx::__normal_iterator<std::vector<cv::Point_<int> >*, std::vector<std::vector<cv::Point_<int> > > >; _Compare = __gnu_cxx::__ops::_Iter_comp_iter<VisionProcess::Decode(cv_bridge::CvImagePtr)::<lambda(const auto:2&, const auto:3&)> >][m[K’
[01m[K/usr/include/c++/11/bits/stl_algo.h:1904:34:[m[K   required from ‘[01m[K_RandomAccessIterator std::__unguarded_partition_pivot(_RandomAccessIterator, _RandomAccessIterator, _Compare) [with _RandomAccessIterator = __gnu_cxx::__normal_iterator<std::vector<cv::Point_<int> >*, std::vector<std::vector<cv::Point_<int> > > >; _Compare = __gnu_cxx::__ops::_Iter_comp_iter<VisionProcess::Decode(cv_bridge::CvImagePtr)::<lambda(const auto:2&, const auto:3&)> >][m[K’
[01m[K/usr/include/c++/11/bits/stl_algo.h:1938:38:[m[K   required from ‘[01m[Kvoid std::__introsort_loop(_RandomAccessIterator, _RandomAccessIterator, _Size, _Compare) [with _RandomAccessIterator = __gnu_cxx::__normal_iterator<std::vector<cv::Point_<int> >*, std::vector<std::vector<cv::Point_<int> > > >; _Size = long int; _Compare = __gnu_cxx::__ops::_Iter_comp_iter<VisionProcess::Decode(cv_bridge::CvImagePtr)::<lambda(const auto:2&, const auto:3&)> >][m[K’
[01m[K/usr/include/c++/11/bits/stl_algo.h:1954:25:[m[K   required from ‘[01m[Kvoid std::__sort(_RandomAccessIterator, _RandomAccessIterator, _Compare) [with _RandomAccessIterator = __gnu_cxx::__normal_iterator<std::vector<cv::Point_<int> >*, std::vector<std::vector<cv::Point_<int> > > >; _Compare = __gnu_cxx::__ops::_Iter_comp_iter<VisionProcess::Decode(cv_bridge::CvImagePtr)::<lambda(const auto:2&, const auto:3&)> >][m[K’
[01m[K/usr/include/c++/11/bits/stl_algo.h:4875:18:[m[K   required from ‘[01m[Kvoid std::sort(_RAIter, _RAIter, _Compare) [with _RAIter = __gnu_cxx::__normal_iterator<std::vector<cv::Point_<int> >*, std::vector<std::vector<cv::Point_<int> > > >; _Compare = VisionProcess::Decode(cv_bridge::CvImagePtr)::<lambda(const auto:2&, const auto:3&)>][m[K’
[01m[K/home/luuk/linetracking/src/line_detection/vision_process.cpp:21:14:[m[K   required from here
[01m[K/usr/include/c++/11/bits/predefined_ops.h:158:30:[m[K [01;31m[Kerror: [m[Kvoid value not ignored as it ought to be
  158 |         { return bool([01;31m[K_M_comp(*__it1, *__it2)[m[K); }
      |                       [01;31m[K~~~~~~~^~~~~~~~~~~~~~~~[m[K
/usr/include/c++/11/bits/predefined_ops.h: In instantiation of ‘[01m[Kbool __gnu_cxx::__ops::_Val_comp_iter<_Compare>::operator()(_Value&, _Iterator) [with _Value = std::vector<cv::Point_<int> >; _Iterator = __gnu_cxx::__normal_iterator<std::vector<cv::Point_<int> >*, std::vector<std::vector<cv::Point_<int> > > >; _Compare = VisionProcess::Decode(cv_bridge::CvImagePtr)::<lambda(const auto:2&, const auto:3&)>][m[K’:
[01m[K/usr/include/c++/11/bits/stl_algo.h:1806:20:[m[K   required from ‘[01m[Kvoid std::__unguarded_linear_insert(_RandomAccessIterator, _Compare) [with _RandomAccessIterator = __gnu_cxx::__normal_iterator<std::vector<cv::Point_<int> >*, std::vector<std::vector<cv::Point_<int> > > >; _Compare = __gnu_cxx::__ops::_Val_comp_iter<VisionProcess::Decode(cv_bridge::CvImagePtr)::<lambda(const auto:2&, const auto:3&)> >][m[K’
[01m[K/usr/include/c++/11/bits/stl_algo.h:1834:36:[m[K   required from ‘[01m[Kvoid std::__insertion_sort(_RandomAccessIterator, _RandomAccessIterator, _Compare) [with _RandomAccessIterator = __gnu_cxx::__normal_iterator<std::vector<cv::Point_<int> >*, std::vector<std::vector<cv::Point_<int> > > >; _Compare = __gnu_cxx::__ops::_Iter_comp_iter<VisionProcess::Decode(cv_bridge::CvImagePtr)::<lambda(const auto:2&, const auto:3&)> >][m[K’
[01m[K/usr/include/c++/11/bits/stl_algo.h:1866:25:[m[K   required from ‘[01m[Kvoid std::__final_insertion_sort(_RandomAccessIterator, _RandomAccessIterator, _Compare) [with _RandomAccessIterator = __gnu_cxx::__normal_iterator<std::vector<cv::Point_<int> >*, std::vector<std::vector<cv::Point_<int> > > >; _Compare = __gnu_cxx::__ops::_Iter_comp_iter<VisionProcess::Decode(cv_bridge::CvImagePtr)::<lambda(const auto:2&, const auto:3&)> >][m[K’
[01m[K/usr/include/c++/11/bits/stl_algo.h:1957:31:[m[K   required from ‘[01m[Kvoid std::__sort(_RandomAccessIterator, _RandomAccessIterator, _Compare) [with _RandomAccessIterator = __gnu_cxx::__normal_iterator<std::vector<cv::Point_<int> >*, std::vector<std::vector<cv::Point_<int> > > >; _Compare = __gnu_cxx::__ops::_Iter_comp_iter<VisionProcess::Decode(cv_bridge::CvImagePtr)::<lambda(const auto:2&, const auto:3&)> >][m[K’
[01m[K/usr/include/c++/11/bits/stl_algo.h:4875:18:[m[K   required from ‘[01m[Kvoid std::sort(_RAIter, _RAIter, _Compare) [with _RAIter = __gnu_cxx::__normal_iterator<std::vector<cv::Point_<int> >*, std::vector<std::vector<cv::Point_<int> > > >; _Compare = VisionProcess::Decode(cv_bridge::CvImagePtr)::<lambda(const auto:2&, const auto:3&)>][m[K’
[01m[K/home/luuk/linetracking/src/line_detection/vision_process.cpp:21:14:[m[K   required from here
[01m[K/usr/include/c++/11/bits/predefined_ops.h:240:30:[m[K [01;31m[Kerror: [m[Kvoid value not ignored as it ought to be
  240 |         { return bool([01;31m[K_M_comp(__val, *__it)[m[K); }
      |                       [01;31m[K~~~~~~~^~~~~~~~~~~~~~[m[K
/usr/include/c++/11/bits/predefined_ops.h: In instantiation of ‘[01m[Kbool __gnu_cxx::__ops::_Iter_comp_val<_Compare>::operator()(_Iterator, _Value&) [with _Iterator = __gnu_cxx::__normal_iterator<std::vector<cv::Point_<int> >*, std::vector<std::vector<cv::Point_<int> > > >; _Value = std::vector<cv::Point_<int> >; _Compare = VisionProcess::Decode(cv_bridge::CvImagePtr)::<lambda(const auto:2&, const auto:3&)>][m[K’:
[01m[K/usr/include/c++/11/bits/stl_heap.h:139:48:[m[K   required from ‘[01m[Kvoid std::__push_heap(_RandomAccessIterator, _Distance, _Distance, _Tp, _Compare&) [with _RandomAccessIterator = __gnu_cxx::__normal_iterator<std::vector<cv::Point_<int> >*, std::vector<std::vector<cv::Point_<int> > > >; _Distance = long int; _Tp = std::vector<cv::Point_<int> >; _Compare = __gnu_cxx::__ops::_Iter_comp_val<VisionProcess::Decode(cv_bridge::CvImagePtr)::<lambda(const auto:2&, const auto:3&)> >][m[K’
[01m[K/usr/include/c++/11/bits/stl_heap.h:246:23:[m[K   required from ‘[01m[Kvoid std::__adjust_heap(_RandomAccessIterator, _Distance, _Distance, _Tp, _Compare) [with _RandomAccessIterator = __gnu_cxx::__normal_iterator<std::vector<cv::Point_<int> >*, std::vector<std::vector<cv::Point_<int> > > >; _Distance = long int; _Tp = std::vector<cv::Point_<int> >; _Compare = __gnu_cxx::__ops::_Iter_comp_iter<VisionProcess::Decode(cv_bridge::CvImagePtr)::<lambda(const auto:2&, const auto:3&)> >][m[K’
[01m[K/usr/include/c++/11/bits/stl_heap.h:355:22:[m[K   required from ‘[01m[Kvoid std::__make_heap(_RandomAccessIterator, _RandomAccessIterator, _Compare&) [with _RandomAccessIterator = __gnu_cxx::__normal_iterator<std::vector<cv::Point_<int> >*, std::vector<std::vector<cv::Point_<int> > > >; _Compare = __gnu_cxx::__ops::_Iter_comp_iter<VisionProcess::Decode(cv_bridge::CvImagePtr)::<lambda(const auto:2&, const auto:3&)> >][m[K’
[01m[K/usr/include/c++/11/bits/stl_algo.h:1646:23:[m[K   required from ‘[01m[Kvoid std::__heap_select(_RandomAccessIterator, _RandomAccessIterator, _RandomAccessIterator, _Compare) [with _RandomAccessIterator = __gnu_cxx::__normal_iterator<std::vector<cv::Point_<int> >*, std::vector<std::vector<cv::Point_<int> > > >; _Compare = __gnu_cxx::__ops::_Iter_comp_iter<VisionProcess::Decode(cv_bridge::CvImagePtr)::<lambda(const auto:2&, const auto:3&)> >][m[K’
[01m[K/usr/include/c++/11/bits/stl_algo.h:1917:25:[m[K   required from ‘[01m[Kvoid std::__partial_sort(_RandomAccessIterator, _RandomAccessIterator, _RandomAccessIterator, _Compare) [with _RandomAccessIterator = __gnu_cxx::__normal_iterator<std::vector<cv::Point_<int> >*, std::vector<std::vector<cv::Point_<int> > > >; _Compare = __gnu_cxx::__ops::_Iter_comp_iter<VisionProcess::Decode(cv_bridge::CvImagePtr)::<lambda(const auto:2&, const auto:3&)> >][m[K’
[01m[K/usr/include/c++/11/bits/stl_algo.h:1933:27:[m[K   required from ‘[01m[Kvoid std::__introsort_loop(_RandomAccessIterator, _RandomAccessIterator, _Size, _Compare) [with _RandomAccessIterator = __gnu_cxx::__normal_iterator<std::vector<cv::Point_<int> >*, std::vector<std::vector<cv::Point_<int> > > >; _Size = long int; _Compare = __gnu_cxx::__ops::_Iter_comp_iter<VisionProcess::Decode(cv_bridge::CvImagePtr)::<lambda(const auto:2&, const auto:3&)> >][m[K’
[01m[K/usr/include/c++/11/bits/stl_algo.h:1954:25:[m[K   required from ‘[01m[Kvoid std::__sort(_RandomAccessIterator, _RandomAccessIterator, _Compare) [with _RandomAccessIterator = __gnu_cxx::__normal_iterator<std::vector<cv::Point_<int> >*, std::vector<std::vector<cv::Point_<int> > > >; _Compare = __gnu_cxx::__ops::_Iter_comp_iter<VisionProcess::Decode(cv_bridge::CvImagePtr)::<lambda(const auto:2&, const auto:3&)> >][m[K’
[01m[K/usr/include/c++/11/bits/stl_algo.h:4875:18:[m[K   required from ‘[01m[Kvoid std::sort(_RAIter, _RAIter, _Compare) [with _RAIter = __gnu_cxx::__normal_iterator<std::vector<cv::Point_<int> >*, std::vector<std::vector<cv::Point_<int> > > >; _Compare = VisionProcess::Decode(cv_bridge::CvImagePtr)::<lambda(const auto:2&, const auto:3&)>][m[K’
[01m[K/home/luuk/linetracking/src/line_detection/vision_process.cpp:21:14:[m[K   required from here
[01m[K/usr/include/c++/11/bits/predefined_ops.h:196:30:[m[K [01;31m[Kerror: [m[Kvoid value not ignored as it ought to be
  196 |         { return bool([01;31m[K_M_comp(*__it, __val)[m[K); }
      |                       [01;31m[K~~~~~~~^~~~~~~~~~~~~~[m[K
gmake[2]: *** [CMakeFiles/line_detection.dir/build.make:104: CMakeFiles/line_detection.dir/src/line_detection/vision_process.cpp.o] Error 1
gmake[2]: *** Waiting for unfinished jobs....
gmake[1]: *** [CMakeFiles/Makefile2:621: CMakeFiles/line_detection.dir/all] Error 2
gmake: *** [Makefile:146: all] Error 2
