[0.032s] Invoking command in '/home/luuk/linetracking/build/line_tracking': CMAKE_PREFIX_PATH=${CMAKE_PREFIX_PATH}:/opt/ros/humble /usr/bin/cmake --build /home/luuk/linetracking/build/line_tracking -- -j8 -l8
[0.279s] [  8%] Built target line_tracking__rosidl_generator_c
[0.341s] [ 11%] Built target line_tracking__cpp
[0.360s] [ 15%] Built target compressed_viewer
[0.385s] [ 15%] Built target ament_cmake_python_copy_line_tracking
[0.471s] [ 24%] Built target line_tracking__rosidl_typesupport_fastrtps_c
[0.510s] [ 33%] Built target line_tracking__rosidl_typesupport_introspection_c
[0.551s] [ 42%] Built target line_tracking__rosidl_typesupport_c
[0.571s] [ 51%] Built target line_tracking__rosidl_typesupport_introspection_cpp
[0.641s] [ 60%] Built target line_tracking__rosidl_typesupport_cpp
[0.681s] [ 68%] Built target line_tracking__rosidl_typesupport_fastrtps_cpp
[0.707s] [35m[1mConsolidate compiler generated dependencies of target line_detection[0m
[0.814s] [ 68%] Built target line_tracking
[0.836s] [ 71%] [32mBuilding CXX object CMakeFiles/line_detection.dir/src/line_detection/line_detection.cpp.o[0m
[0.877s] [ 73%] [32mBuilding CXX object CMakeFiles/line_detection.dir/src/line_detection/vision_process.cpp.o[0m
[0.995s] [ 75%] Built target line_tracking__py
[1.228s] [ 82%] Built target line_tracking__rosidl_generator_py
[1.467s] [ 86%] Built target line_tracking__rosidl_typesupport_fastrtps_c__pyext
[1.543s] [ 91%] Built target line_tracking__rosidl_typesupport_introspection_c__pyext
[1.587s] [ 95%] Built target line_tracking__rosidl_typesupport_c__pyext
[1.628s] running egg_info
[1.628s] writing line_tracking.egg-info/PKG-INFO
[1.628s] writing dependency_links to line_tracking.egg-info/dependency_links.txt
[1.629s] writing top-level names to line_tracking.egg-info/top_level.txt
[1.629s] reading manifest file 'line_tracking.egg-info/SOURCES.txt'
[1.629s] writing manifest file 'line_tracking.egg-info/SOURCES.txt'
[1.717s] [ 95%] Built target ament_cmake_python_build_line_tracking_egg
[7.343s] /home/luuk/linetracking/src/line_detection/vision_process.cpp: In instantiation of ‘[01m[KVisionProcess::Decode(cv_bridge::CvImagePtr)::<lambda(const auto:2&, const auto:3&)> [with auto:2 = std::vector<cv::Point_<int> >; auto:3 = std::vector<cv::Point_<int> >][m[K’:
[7.343s] [01m[K/usr/include/c++/11/bits/predefined_ops.h:158:30:[m[K   required from ‘[01m[Kconstexpr bool __gnu_cxx::__ops::_Iter_comp_iter<_Compare>::operator()(_Iterator1, _Iterator2) [with _Iterator1 = __gnu_cxx::__normal_iterator<std::vector<cv::Point_<int> >*, std::vector<std::vector<cv::Point_<int> > > >; _Iterator2 = __gnu_cxx::__normal_iterator<std::vector<cv::Point_<int> >*, std::vector<std::vector<cv::Point_<int> > > >; _Compare = VisionProcess::Decode(cv_bridge::CvImagePtr)::<lambda(const auto:2&, const auto:3&)>][m[K’
[7.344s] [01m[K/usr/include/c++/11/bits/stl_algo.h:82:17:[m[K   required from ‘[01m[Kvoid std::__move_median_to_first(_Iterator, _Iterator, _Iterator, _Iterator, _Compare) [with _Iterator = __gnu_cxx::__normal_iterator<std::vector<cv::Point_<int> >*, std::vector<std::vector<cv::Point_<int> > > >; _Compare = __gnu_cxx::__ops::_Iter_comp_iter<VisionProcess::Decode(cv_bridge::CvImagePtr)::<lambda(const auto:2&, const auto:3&)> >][m[K’
[7.344s] [01m[K/usr/include/c++/11/bits/stl_algo.h:1904:34:[m[K   required from ‘[01m[K_RandomAccessIterator std::__unguarded_partition_pivot(_RandomAccessIterator, _RandomAccessIterator, _Compare) [with _RandomAccessIterator = __gnu_cxx::__normal_iterator<std::vector<cv::Point_<int> >*, std::vector<std::vector<cv::Point_<int> > > >; _Compare = __gnu_cxx::__ops::_Iter_comp_iter<VisionProcess::Decode(cv_bridge::CvImagePtr)::<lambda(const auto:2&, const auto:3&)> >][m[K’
[7.344s] [01m[K/usr/include/c++/11/bits/stl_algo.h:1938:38:[m[K   required from ‘[01m[Kvoid std::__introsort_loop(_RandomAccessIterator, _RandomAccessIterator, _Size, _Compare) [with _RandomAccessIterator = __gnu_cxx::__normal_iterator<std::vector<cv::Point_<int> >*, std::vector<std::vector<cv::Point_<int> > > >; _Size = long int; _Compare = __gnu_cxx::__ops::_Iter_comp_iter<VisionProcess::Decode(cv_bridge::CvImagePtr)::<lambda(const auto:2&, const auto:3&)> >][m[K’
[7.345s] [01m[K/usr/include/c++/11/bits/stl_algo.h:1954:25:[m[K   required from ‘[01m[Kvoid std::__sort(_RandomAccessIterator, _RandomAccessIterator, _Compare) [with _RandomAccessIterator = __gnu_cxx::__normal_iterator<std::vector<cv::Point_<int> >*, std::vector<std::vector<cv::Point_<int> > > >; _Compare = __gnu_cxx::__ops::_Iter_comp_iter<VisionProcess::Decode(cv_bridge::CvImagePtr)::<lambda(const auto:2&, const auto:3&)> >][m[K’
[7.345s] [01m[K/usr/include/c++/11/bits/stl_algo.h:4875:18:[m[K   required from ‘[01m[Kvoid std::sort(_RAIter, _RAIter, _Compare) [with _RAIter = __gnu_cxx::__normal_iterator<std::vector<cv::Point_<int> >*, std::vector<std::vector<cv::Point_<int> > > >; _Compare = VisionProcess::Decode(cv_bridge::CvImagePtr)::<lambda(const auto:2&, const auto:3&)>][m[K’
[7.345s] [01m[K/home/luuk/linetracking/src/line_detection/vision_process.cpp:21:14:[m[K   required from here
[7.345s] [01m[K/home/luuk/linetracking/src/line_detection/vision_process.cpp:22:28:[m[K [01;35m[Kwarning: [m[Kvalue computed is not used [[01;35m[K]8;;https://gcc.gnu.org/onlinedocs/gcc/Warning-Options.html#index-Wunused-value-Wunused-value]8;;[m[K]
[7.346s]    22 |         [01;35m[Kcv::contourArea(a) > cv::contourArea(a)[m[K;
[7.346s]       |         [01;35m[K~~~~~~~~~~~~~~~~~~~^~~~~~~~~~~~~~~~~~~~[m[K
[7.346s] [01m[K/home/luuk/linetracking/src/line_detection/vision_process.cpp:21:73:[m[K [01;35m[Kwarning: [m[Kunused parameter ‘[01m[Kb[m[K’ [[01;35m[K]8;;https://gcc.gnu.org/onlinedocs/gcc/Warning-Options.html#index-Wunused-parameter-Wunused-parameter]8;;[m[K]
[7.346s]    21 |     std::sort(lines.begin(), lines.end(), [](const auto& a, [01;35m[Kconst auto& b[m[K) {
[7.347s]       |                                                             [01;35m[K~~~~~~~~~~~~^[m[K
[7.347s] In file included from [01m[K/usr/include/c++/11/bits/stl_algobase.h:71[m[K,
[7.347s]                  from [01m[K/usr/include/c++/11/bits/char_traits.h:39[m[K,
[7.348s]                  from [01m[K/usr/include/c++/11/string:40[m[K,
[7.348s]                  from [01m[K/home/luuk/linetracking/src/line_detection/include/vision_process.hpp:4[m[K,
[7.348s]                  from [01m[K/home/luuk/linetracking/src/line_detection/vision_process.cpp:1[m[K:
[7.349s] /usr/include/c++/11/bits/predefined_ops.h: In instantiation of ‘[01m[Kconstexpr bool __gnu_cxx::__ops::_Iter_comp_iter<_Compare>::operator()(_Iterator1, _Iterator2) [with _Iterator1 = __gnu_cxx::__normal_iterator<std::vector<cv::Point_<int> >*, std::vector<std::vector<cv::Point_<int> > > >; _Iterator2 = __gnu_cxx::__normal_iterator<std::vector<cv::Point_<int> >*, std::vector<std::vector<cv::Point_<int> > > >; _Compare = VisionProcess::Decode(cv_bridge::CvImagePtr)::<lambda(const auto:2&, const auto:3&)>][m[K’:
[7.349s] [01m[K/usr/include/c++/11/bits/stl_algo.h:82:17:[m[K   required from ‘[01m[Kvoid std::__move_median_to_first(_Iterator, _Iterator, _Iterator, _Iterator, _Compare) [with _Iterator = __gnu_cxx::__normal_iterator<std::vector<cv::Point_<int> >*, std::vector<std::vector<cv::Point_<int> > > >; _Compare = __gnu_cxx::__ops::_Iter_comp_iter<VisionProcess::Decode(cv_bridge::CvImagePtr)::<lambda(const auto:2&, const auto:3&)> >][m[K’
[7.349s] [01m[K/usr/include/c++/11/bits/stl_algo.h:1904:34:[m[K   required from ‘[01m[K_RandomAccessIterator std::__unguarded_partition_pivot(_RandomAccessIterator, _RandomAccessIterator, _Compare) [with _RandomAccessIterator = __gnu_cxx::__normal_iterator<std::vector<cv::Point_<int> >*, std::vector<std::vector<cv::Point_<int> > > >; _Compare = __gnu_cxx::__ops::_Iter_comp_iter<VisionProcess::Decode(cv_bridge::CvImagePtr)::<lambda(const auto:2&, const auto:3&)> >][m[K’
[7.350s] [01m[K/usr/include/c++/11/bits/stl_algo.h:1938:38:[m[K   required from ‘[01m[Kvoid std::__introsort_loop(_RandomAccessIterator, _RandomAccessIterator, _Size, _Compare) [with _RandomAccessIterator = __gnu_cxx::__normal_iterator<std::vector<cv::Point_<int> >*, std::vector<std::vector<cv::Point_<int> > > >; _Size = long int; _Compare = __gnu_cxx::__ops::_Iter_comp_iter<VisionProcess::Decode(cv_bridge::CvImagePtr)::<lambda(const auto:2&, const auto:3&)> >][m[K’
[7.350s] [01m[K/usr/include/c++/11/bits/stl_algo.h:1954:25:[m[K   required from ‘[01m[Kvoid std::__sort(_RandomAccessIterator, _RandomAccessIterator, _Compare) [with _RandomAccessIterator = __gnu_cxx::__normal_iterator<std::vector<cv::Point_<int> >*, std::vector<std::vector<cv::Point_<int> > > >; _Compare = __gnu_cxx::__ops::_Iter_comp_iter<VisionProcess::Decode(cv_bridge::CvImagePtr)::<lambda(const auto:2&, const auto:3&)> >][m[K’
[7.350s] [01m[K/usr/include/c++/11/bits/stl_algo.h:4875:18:[m[K   required from ‘[01m[Kvoid std::sort(_RAIter, _RAIter, _Compare) [with _RAIter = __gnu_cxx::__normal_iterator<std::vector<cv::Point_<int> >*, std::vector<std::vector<cv::Point_<int> > > >; _Compare = VisionProcess::Decode(cv_bridge::CvImagePtr)::<lambda(const auto:2&, const auto:3&)>][m[K’
[7.351s] [01m[K/home/luuk/linetracking/src/line_detection/vision_process.cpp:21:14:[m[K   required from here
[7.351s] [01m[K/usr/include/c++/11/bits/predefined_ops.h:158:30:[m[K [01;31m[Kerror: [m[Kvoid value not ignored as it ought to be
[7.359s]   158 |         { return bool([01;31m[K_M_comp(*__it1, *__it2)[m[K); }
[7.360s]       |                       [01;31m[K~~~~~~~^~~~~~~~~~~~~~~~[m[K
[7.487s] /usr/include/c++/11/bits/predefined_ops.h: In instantiation of ‘[01m[Kbool __gnu_cxx::__ops::_Val_comp_iter<_Compare>::operator()(_Value&, _Iterator) [with _Value = std::vector<cv::Point_<int> >; _Iterator = __gnu_cxx::__normal_iterator<std::vector<cv::Point_<int> >*, std::vector<std::vector<cv::Point_<int> > > >; _Compare = VisionProcess::Decode(cv_bridge::CvImagePtr)::<lambda(const auto:2&, const auto:3&)>][m[K’:
[7.488s] [01m[K/usr/include/c++/11/bits/stl_algo.h:1806:20:[m[K   required from ‘[01m[Kvoid std::__unguarded_linear_insert(_RandomAccessIterator, _Compare) [with _RandomAccessIterator = __gnu_cxx::__normal_iterator<std::vector<cv::Point_<int> >*, std::vector<std::vector<cv::Point_<int> > > >; _Compare = __gnu_cxx::__ops::_Val_comp_iter<VisionProcess::Decode(cv_bridge::CvImagePtr)::<lambda(const auto:2&, const auto:3&)> >][m[K’
[7.488s] [01m[K/usr/include/c++/11/bits/stl_algo.h:1834:36:[m[K   required from ‘[01m[Kvoid std::__insertion_sort(_RandomAccessIterator, _RandomAccessIterator, _Compare) [with _RandomAccessIterator = __gnu_cxx::__normal_iterator<std::vector<cv::Point_<int> >*, std::vector<std::vector<cv::Point_<int> > > >; _Compare = __gnu_cxx::__ops::_Iter_comp_iter<VisionProcess::Decode(cv_bridge::CvImagePtr)::<lambda(const auto:2&, const auto:3&)> >][m[K’
[7.488s] [01m[K/usr/include/c++/11/bits/stl_algo.h:1866:25:[m[K   required from ‘[01m[Kvoid std::__final_insertion_sort(_RandomAccessIterator, _RandomAccessIterator, _Compare) [with _RandomAccessIterator = __gnu_cxx::__normal_iterator<std::vector<cv::Point_<int> >*, std::vector<std::vector<cv::Point_<int> > > >; _Compare = __gnu_cxx::__ops::_Iter_comp_iter<VisionProcess::Decode(cv_bridge::CvImagePtr)::<lambda(const auto:2&, const auto:3&)> >][m[K’
[7.489s] [01m[K/usr/include/c++/11/bits/stl_algo.h:1957:31:[m[K   required from ‘[01m[Kvoid std::__sort(_RandomAccessIterator, _RandomAccessIterator, _Compare) [with _RandomAccessIterator = __gnu_cxx::__normal_iterator<std::vector<cv::Point_<int> >*, std::vector<std::vector<cv::Point_<int> > > >; _Compare = __gnu_cxx::__ops::_Iter_comp_iter<VisionProcess::Decode(cv_bridge::CvImagePtr)::<lambda(const auto:2&, const auto:3&)> >][m[K’
[7.489s] [01m[K/usr/include/c++/11/bits/stl_algo.h:4875:18:[m[K   required from ‘[01m[Kvoid std::sort(_RAIter, _RAIter, _Compare) [with _RAIter = __gnu_cxx::__normal_iterator<std::vector<cv::Point_<int> >*, std::vector<std::vector<cv::Point_<int> > > >; _Compare = VisionProcess::Decode(cv_bridge::CvImagePtr)::<lambda(const auto:2&, const auto:3&)>][m[K’
[7.490s] [01m[K/home/luuk/linetracking/src/line_detection/vision_process.cpp:21:14:[m[K   required from here
[7.491s] [01m[K/usr/include/c++/11/bits/predefined_ops.h:240:30:[m[K [01;31m[Kerror: [m[Kvoid value not ignored as it ought to be
[7.491s]   240 |         { return bool([01;31m[K_M_comp(__val, *__it)[m[K); }
[7.492s]       |                       [01;31m[K~~~~~~~^~~~~~~~~~~~~~[m[K
[7.649s] /usr/include/c++/11/bits/predefined_ops.h: In instantiation of ‘[01m[Kbool __gnu_cxx::__ops::_Iter_comp_val<_Compare>::operator()(_Iterator, _Value&) [with _Iterator = __gnu_cxx::__normal_iterator<std::vector<cv::Point_<int> >*, std::vector<std::vector<cv::Point_<int> > > >; _Value = std::vector<cv::Point_<int> >; _Compare = VisionProcess::Decode(cv_bridge::CvImagePtr)::<lambda(const auto:2&, const auto:3&)>][m[K’:
[7.650s] [01m[K/usr/include/c++/11/bits/stl_heap.h:139:48:[m[K   required from ‘[01m[Kvoid std::__push_heap(_RandomAccessIterator, _Distance, _Distance, _Tp, _Compare&) [with _RandomAccessIterator = __gnu_cxx::__normal_iterator<std::vector<cv::Point_<int> >*, std::vector<std::vector<cv::Point_<int> > > >; _Distance = long int; _Tp = std::vector<cv::Point_<int> >; _Compare = __gnu_cxx::__ops::_Iter_comp_val<VisionProcess::Decode(cv_bridge::CvImagePtr)::<lambda(const auto:2&, const auto:3&)> >][m[K’
[7.650s] [01m[K/usr/include/c++/11/bits/stl_heap.h:246:23:[m[K   required from ‘[01m[Kvoid std::__adjust_heap(_RandomAccessIterator, _Distance, _Distance, _Tp, _Compare) [with _RandomAccessIterator = __gnu_cxx::__normal_iterator<std::vector<cv::Point_<int> >*, std::vector<std::vector<cv::Point_<int> > > >; _Distance = long int; _Tp = std::vector<cv::Point_<int> >; _Compare = __gnu_cxx::__ops::_Iter_comp_iter<VisionProcess::Decode(cv_bridge::CvImagePtr)::<lambda(const auto:2&, const auto:3&)> >][m[K’
[7.650s] [01m[K/usr/include/c++/11/bits/stl_heap.h:355:22:[m[K   required from ‘[01m[Kvoid std::__make_heap(_RandomAccessIterator, _RandomAccessIterator, _Compare&) [with _RandomAccessIterator = __gnu_cxx::__normal_iterator<std::vector<cv::Point_<int> >*, std::vector<std::vector<cv::Point_<int> > > >; _Compare = __gnu_cxx::__ops::_Iter_comp_iter<VisionProcess::Decode(cv_bridge::CvImagePtr)::<lambda(const auto:2&, const auto:3&)> >][m[K’
[7.651s] [01m[K/usr/include/c++/11/bits/stl_algo.h:1646:23:[m[K   required from ‘[01m[Kvoid std::__heap_select(_RandomAccessIterator, _RandomAccessIterator, _RandomAccessIterator, _Compare) [with _RandomAccessIterator = __gnu_cxx::__normal_iterator<std::vector<cv::Point_<int> >*, std::vector<std::vector<cv::Point_<int> > > >; _Compare = __gnu_cxx::__ops::_Iter_comp_iter<VisionProcess::Decode(cv_bridge::CvImagePtr)::<lambda(const auto:2&, const auto:3&)> >][m[K’
[7.651s] [01m[K/usr/include/c++/11/bits/stl_algo.h:1917:25:[m[K   required from ‘[01m[Kvoid std::__partial_sort(_RandomAccessIterator, _RandomAccessIterator, _RandomAccessIterator, _Compare) [with _RandomAccessIterator = __gnu_cxx::__normal_iterator<std::vector<cv::Point_<int> >*, std::vector<std::vector<cv::Point_<int> > > >; _Compare = __gnu_cxx::__ops::_Iter_comp_iter<VisionProcess::Decode(cv_bridge::CvImagePtr)::<lambda(const auto:2&, const auto:3&)> >][m[K’
[7.652s] [01m[K/usr/include/c++/11/bits/stl_algo.h:1933:27:[m[K   required from ‘[01m[Kvoid std::__introsort_loop(_RandomAccessIterator, _RandomAccessIterator, _Size, _Compare) [with _RandomAccessIterator = __gnu_cxx::__normal_iterator<std::vector<cv::Point_<int> >*, std::vector<std::vector<cv::Point_<int> > > >; _Size = long int; _Compare = __gnu_cxx::__ops::_Iter_comp_iter<VisionProcess::Decode(cv_bridge::CvImagePtr)::<lambda(const auto:2&, const auto:3&)> >][m[K’
[7.652s] [01m[K/usr/include/c++/11/bits/stl_algo.h:1954:25:[m[K   required from ‘[01m[Kvoid std::__sort(_RandomAccessIterator, _RandomAccessIterator, _Compare) [with _RandomAccessIterator = __gnu_cxx::__normal_iterator<std::vector<cv::Point_<int> >*, std::vector<std::vector<cv::Point_<int> > > >; _Compare = __gnu_cxx::__ops::_Iter_comp_iter<VisionProcess::Decode(cv_bridge::CvImagePtr)::<lambda(const auto:2&, const auto:3&)> >][m[K’
[7.653s] [01m[K/usr/include/c++/11/bits/stl_algo.h:4875:18:[m[K   required from ‘[01m[Kvoid std::sort(_RAIter, _RAIter, _Compare) [with _RAIter = __gnu_cxx::__normal_iterator<std::vector<cv::Point_<int> >*, std::vector<std::vector<cv::Point_<int> > > >; _Compare = VisionProcess::Decode(cv_bridge::CvImagePtr)::<lambda(const auto:2&, const auto:3&)>][m[K’
[7.653s] [01m[K/home/luuk/linetracking/src/line_detection/vision_process.cpp:21:14:[m[K   required from here
[7.653s] [01m[K/usr/include/c++/11/bits/predefined_ops.h:196:30:[m[K [01;31m[Kerror: [m[Kvoid value not ignored as it ought to be
[7.654s]   196 |         { return bool([01;31m[K_M_comp(*__it, __val)[m[K); }
[7.654s]       |                       [01;31m[K~~~~~~~^~~~~~~~~~~~~~[m[K
[7.972s] gmake[2]: *** [CMakeFiles/line_detection.dir/build.make:104: CMakeFiles/line_detection.dir/src/line_detection/vision_process.cpp.o] Error 1
[7.973s] gmake[2]: *** Waiting for unfinished jobs....
[38.216s] gmake[1]: *** [CMakeFiles/Makefile2:621: CMakeFiles/line_detection.dir/all] Error 2
[38.217s] gmake: *** [Makefile:146: all] Error 2
[38.228s] Invoked command in '/home/luuk/linetracking/build/line_tracking' returned '2': CMAKE_PREFIX_PATH=${CMAKE_PREFIX_PATH}:/opt/ros/humble /usr/bin/cmake --build /home/luuk/linetracking/build/line_tracking -- -j8 -l8
