-- Found ament_cmake: 1.3.5 (/opt/ros/humble/share/ament_cmake/cmake)
-- Found rclcpp: 16.0.5 (/opt/ros/humble/share/rclcpp/cmake)
-- Found rosidl_generator_c: 3.1.5 (/opt/ros/humble/share/rosidl_generator_c/cmake)
-- Found rosidl_adapter: 3.1.5 (/opt/ros/humble/share/rosidl_adapter/cmake)
-- Found rosidl_generator_cpp: 3.1.5 (/opt/ros/humble/share/rosidl_generator_cpp/cmake)
-- Using all available rosidl_typesupport_c: rosidl_typesupport_fastrtps_c;rosidl_typesupport_introspection_c
-- Using all available rosidl_typesupport_cpp: rosidl_typesupport_fastrtps_cpp;rosidl_typesupport_introspection_cpp
-- Found rmw_implementation_cmake: 6.1.1 (/opt/ros/humble/share/rmw_implementation_cmake/cmake)
-- Found rmw_fastrtps_cpp: 6.2.3 (/opt/ros/humble/share/rmw_fastrtps_cpp/cmake)
-- Using RMW implementation 'rmw_fastrtps_cpp' as default
-- Found sensor_msgs: 4.2.3 (/opt/ros/humble/share/sensor_msgs/cmake)
-- Found cv_bridge: 3.2.1 (/opt/ros/humble/share/cv_bridge/cmake)
-- Found rosidl_default_generators: 1.2.0 (/opt/ros/humble/share/rosidl_default_generators/cmake)
-- Found ament_cmake_ros: 0.10.0 (/opt/ros/humble/share/ament_cmake_ros/cmake)
-- Using all available rosidl_typesupport_c: rosidl_typesupport_fastrtps_c;rosidl_typesupport_introspection_c
-- Using all available rosidl_typesupport_cpp: rosidl_typesupport_fastrtps_cpp;rosidl_typesupport_introspection_cpp
-- Found PythonInterp: /usr/bin/python3 (found suitable version "3.10.12", minimum required is "3.6") 
-- Found python_cmake_module: 0.10.0 (/opt/ros/humble/share/python_cmake_module/cmake)
-- Found PythonLibs: /usr/lib/x86_64-linux-gnu/libpython3.10.so (found suitable version "3.10.12", minimum required is "3.5") 
-- Using PYTHON_EXECUTABLE: /usr/bin/python3
-- Using PYTHON_INCLUDE_DIRS: /usr/include/python3.10
-- Using PYTHON_LIBRARIES: /usr/lib/x86_64-linux-gnu/libpython3.10.so
-- Found PythonExtra: .so  
-- Configuring done
-- Generating done
-- Build files have been written to: /home/luuk/linetracking/build/line_tracking
[  2%] [34m[1mGenerating C code for ROS interfaces[0m
[35m[1mConsolidate compiler generated dependencies of target compressed_viewer[0m
[35m[1mConsolidate compiler generated dependencies of target line_detection[0m
[  5%] [34m[1mGenerating C++ code for ROS interfaces[0m
[  5%] Built target ament_cmake_python_copy_line_tracking
[  8%] [32mBuilding CXX object CMakeFiles/compressed_viewer.dir/src/compress_viewer/compressed_viewer.cpp.o[0m
[ 10%] [32mBuilding CXX object CMakeFiles/line_detection.dir/src/line_detection/param_parser.cpp.o[0m
[ 13%] [32mBuilding CXX object CMakeFiles/line_detection.dir/src/line_detection/line_detection.cpp.o[0m
[ 16%] [32mBuilding CXX object CMakeFiles/line_detection.dir/src/line_detection/vision_process.cpp.o[0m
[ 18%] [32mBuilding C object CMakeFiles/line_tracking__rosidl_generator_c.dir/rosidl_generator_c/line_tracking/msg/detail/point_matrix_with_enum__functions.c.o[0m
[ 18%] Built target line_tracking__cpp
[ 21%] [34m[1mGenerating C++ type support dispatch for ROS interfaces[0m
[ 24%] [34m[1mGenerating C++ type support for eProsima Fast-RTPS[0m
running egg_info
creating line_tracking.egg-info
writing line_tracking.egg-info/PKG-INFO
writing dependency_links to line_tracking.egg-info/dependency_links.txt
writing top-level names to line_tracking.egg-info/top_level.txt
writing manifest file 'line_tracking.egg-info/SOURCES.txt'
In file included from [01m[K/home/luuk/linetracking/build/line_tracking/rosidl_generator_c/line_tracking/msg/detail/point_matrix_with_enum__functions.h:19[m[K,
                 from [01m[K/home/luuk/linetracking/build/line_tracking/rosidl_generator_c/line_tracking/msg/detail/point_matrix_with_enum__functions.c:4[m[K:
[01m[K/home/luuk/linetracking/build/line_tracking/rosidl_generator_c/line_tracking/msg/detail/point_matrix_with_enum__struct.h:22:10:[m[K [01;31m[Kfatal error: [m[Kgeometry_msgs/msg/detail/point__struct.h: No such file or directory
   22 | #include [01;31m[K"geometry_msgs/msg/detail/point__struct.h"[m[K
      |          [01;31m[K^~~~~~~~~~~~~~~~~~~~~~~~~~~~~~~~~~~~~~~~~~[m[K
compilation terminated.
reading manifest file 'line_tracking.egg-info/SOURCES.txt'
writing manifest file 'line_tracking.egg-info/SOURCES.txt'
gmake[2]: *** [CMakeFiles/line_tracking__rosidl_generator_c.dir/build.make:105: CMakeFiles/line_tracking__rosidl_generator_c.dir/rosidl_generator_c/line_tracking/msg/detail/point_matrix_with_enum__functions.c.o] Error 1
gmake[1]: *** [CMakeFiles/Makefile2:217: CMakeFiles/line_tracking__rosidl_generator_c.dir/all] Error 2
gmake[1]: *** Waiting for unfinished jobs....
[ 24%] Built target ament_cmake_python_build_line_tracking_egg
[ 27%] [32mBuilding CXX object CMakeFiles/line_tracking__rosidl_typesupport_fastrtps_cpp.dir/rosidl_typesupport_fastrtps_cpp/line_tracking/msg/detail/dds_fastrtps/point_matrix_with_enum__type_support.cpp.o[0m
[ 29%] [32mBuilding CXX object CMakeFiles/line_tracking__rosidl_typesupport_cpp.dir/rosidl_typesupport_cpp/line_tracking/msg/point_matrix_with_enum__type_support.cpp.o[0m
In file included from [01m[K/home/luuk/linetracking/build/line_tracking/rosidl_typesupport_cpp/line_tracking/msg/point_matrix_with_enum__type_support.cpp:7[m[K:
[01m[K/home/luuk/linetracking/build/line_tracking/rosidl_generator_cpp/line_tracking/msg/detail/point_matrix_with_enum__struct.hpp:20:10:[m[K [01;31m[Kfatal error: [m[Kgeometry_msgs/msg/detail/point__struct.hpp: No such file or directory
   20 | #include [01;31m[K"geometry_msgs/msg/detail/point__struct.hpp"[m[K
      |          [01;31m[K^~~~~~~~~~~~~~~~~~~~~~~~~~~~~~~~~~~~~~~~~~~~[m[K
compilation terminated.
In file included from [01m[K/home/luuk/linetracking/build/line_tracking/rosidl_typesupport_fastrtps_cpp/line_tracking/msg/detail/point_matrix_with_enum__rosidl_typesupport_fastrtps_cpp.hpp:11[m[K,
                 from [01m[K/home/luuk/linetracking/build/line_tracking/rosidl_typesupport_fastrtps_cpp/line_tracking/msg/detail/dds_fastrtps/point_matrix_with_enum__type_support.cpp:4[m[K:
[01m[K/home/luuk/linetracking/build/line_tracking/rosidl_generator_cpp/line_tracking/msg/detail/point_matrix_with_enum__struct.hpp:20:10:[m[K [01;31m[Kfatal error: [m[Kgeometry_msgs/msg/detail/point__struct.hpp: No such file or directory
   20 | #include [01;31m[K"geometry_msgs/msg/detail/point__struct.hpp"[m[K
      |          [01;31m[K^~~~~~~~~~~~~~~~~~~~~~~~~~~~~~~~~~~~~~~~~~~~[m[K
compilation terminated.
gmake[2]: *** [CMakeFiles/line_tracking__rosidl_typesupport_cpp.dir/build.make:86: CMakeFiles/line_tracking__rosidl_typesupport_cpp.dir/rosidl_typesupport_cpp/line_tracking/msg/point_matrix_with_enum__type_support.cpp.o] Error 1
gmake[1]: *** [CMakeFiles/Makefile2:399: CMakeFiles/line_tracking__rosidl_typesupport_cpp.dir/all] Error 2
gmake[2]: *** [CMakeFiles/line_tracking__rosidl_typesupport_fastrtps_cpp.dir/build.make:91: CMakeFiles/line_tracking__rosidl_typesupport_fastrtps_cpp.dir/rosidl_typesupport_fastrtps_cpp/line_tracking/msg/detail/dds_fastrtps/point_matrix_with_enum__type_support.cpp.o] Error 1
gmake[1]: *** [CMakeFiles/Makefile2:295: CMakeFiles/line_tracking__rosidl_typesupport_fastrtps_cpp.dir/all] Error 2
[ 32%] [32m[1mLinking CXX executable compressed_viewer[0m
[ 32%] Built target compressed_viewer
[ 35%] [32m[1mLinking CXX executable line_detection[0m
[ 35%] Built target line_detection
gmake: *** [Makefile:146: all] Error 2
