[0.044s] Invoking command in '/home/luuk/linetracking/build/line_tracking': CMAKE_PREFIX_PATH=/opt/ros/humble /usr/bin/cmake --build /home/luuk/linetracking/build/line_tracking -- -j8 -l8
[0.138s] -- Found ament_cmake: 1.3.5 (/opt/ros/humble/share/ament_cmake/cmake)
[0.573s] -- Found rclcpp: 16.0.5 (/opt/ros/humble/share/rclcpp/cmake)
[0.661s] -- Found rosidl_generator_c: 3.1.5 (/opt/ros/humble/share/rosidl_generator_c/cmake)
[0.671s] -- Found rosidl_adapter: 3.1.5 (/opt/ros/humble/share/rosidl_adapter/cmake)
[0.696s] -- Found rosidl_generator_cpp: 3.1.5 (/opt/ros/humble/share/rosidl_generator_cpp/cmake)
[0.728s] -- Using all available rosidl_typesupport_c: rosidl_typesupport_fastrtps_c;rosidl_typesupport_introspection_c
[0.788s] -- Using all available rosidl_typesupport_cpp: rosidl_typesupport_fastrtps_cpp;rosidl_typesupport_introspection_cpp
[0.970s] -- Found rmw_implementation_cmake: 6.1.1 (/opt/ros/humble/share/rmw_implementation_cmake/cmake)
[0.972s] -- Found rmw_fastrtps_cpp: 6.2.3 (/opt/ros/humble/share/rmw_fastrtps_cpp/cmake)
[1.353s] -- Using RMW implementation 'rmw_fastrtps_cpp' as default
[1.825s] -- Found sensor_msgs: 4.2.3 (/opt/ros/humble/share/sensor_msgs/cmake)
[2.155s] -- Found cv_bridge: 3.2.1 (/opt/ros/humble/share/cv_bridge/cmake)
[2.201s] -- Found rosidl_default_generators: 1.2.0 (/opt/ros/humble/share/rosidl_default_generators/cmake)
[3.014s] -- Found ament_cmake_ros: 0.10.0 (/opt/ros/humble/share/ament_cmake_ros/cmake)
[4.084s] -- Using all available rosidl_typesupport_c: rosidl_typesupport_fastrtps_c;rosidl_typesupport_introspection_c
[4.473s] -- Using all available rosidl_typesupport_cpp: rosidl_typesupport_fastrtps_cpp;rosidl_typesupport_introspection_cpp
[4.555s] -- Found PythonInterp: /usr/bin/python3 (found suitable version "3.10.12", minimum required is "3.6") 
[4.567s] -- Found python_cmake_module: 0.10.0 (/opt/ros/humble/share/python_cmake_module/cmake)
[4.639s] -- Found PythonLibs: /usr/lib/x86_64-linux-gnu/libpython3.10.so (found suitable version "3.10.12", minimum required is "3.5") 
[4.639s] -- Using PYTHON_EXECUTABLE: /usr/bin/python3
[4.640s] -- Using PYTHON_INCLUDE_DIRS: /usr/include/python3.10
[4.640s] -- Using PYTHON_LIBRARIES: /usr/lib/x86_64-linux-gnu/libpython3.10.so
[4.736s] -- Found PythonExtra: .so  
[4.921s] -- Configuring done
[5.074s] -- Generating done
[5.086s] -- Build files have been written to: /home/luuk/linetracking/build/line_tracking
[5.203s] [  2%] [34m[1mGenerating C code for ROS interfaces[0m
[5.214s] [35m[1mConsolidate compiler generated dependencies of target compressed_viewer[0m
[5.226s] [35m[1mConsolidate compiler generated dependencies of target line_detection[0m
[5.275s] [  5%] [34m[1mGenerating C++ code for ROS interfaces[0m
[5.343s] [  5%] Built target ament_cmake_python_copy_line_tracking
[5.406s] [  8%] [32mBuilding CXX object CMakeFiles/compressed_viewer.dir/src/compress_viewer/compressed_viewer.cpp.o[0m
[5.406s] [ 10%] [32mBuilding CXX object CMakeFiles/line_detection.dir/src/line_detection/param_parser.cpp.o[0m
[5.450s] [ 13%] [32mBuilding CXX object CMakeFiles/line_detection.dir/src/line_detection/line_detection.cpp.o[0m
[5.497s] [ 16%] [32mBuilding CXX object CMakeFiles/line_detection.dir/src/line_detection/vision_process.cpp.o[0m
[7.153s] [ 18%] [32mBuilding C object CMakeFiles/line_tracking__rosidl_generator_c.dir/rosidl_generator_c/line_tracking/msg/detail/point_matrix_with_enum__functions.c.o[0m
[7.212s] [ 18%] Built target line_tracking__cpp
[7.322s] [ 21%] [34m[1mGenerating C++ type support dispatch for ROS interfaces[0m
[7.322s] [ 24%] [34m[1mGenerating C++ type support for eProsima Fast-RTPS[0m
[7.363s] running egg_info
[7.430s] creating line_tracking.egg-info
[7.430s] writing line_tracking.egg-info/PKG-INFO
[7.431s] writing dependency_links to line_tracking.egg-info/dependency_links.txt
[7.431s] writing top-level names to line_tracking.egg-info/top_level.txt
[7.431s] writing manifest file 'line_tracking.egg-info/SOURCES.txt'
[7.526s] In file included from [01m[K/home/luuk/linetracking/build/line_tracking/rosidl_generator_c/line_tracking/msg/detail/point_matrix_with_enum__functions.h:19[m[K,
[7.526s]                  from [01m[K/home/luuk/linetracking/build/line_tracking/rosidl_generator_c/line_tracking/msg/detail/point_matrix_with_enum__functions.c:4[m[K:
[7.526s] [01m[K/home/luuk/linetracking/build/line_tracking/rosidl_generator_c/line_tracking/msg/detail/point_matrix_with_enum__struct.h:22:10:[m[K [01;31m[Kfatal error: [m[Kgeometry_msgs/msg/detail/point__struct.h: No such file or directory
[7.527s]    22 | #include [01;31m[K"geometry_msgs/msg/detail/point__struct.h"[m[K
[7.527s]       |          [01;31m[K^~~~~~~~~~~~~~~~~~~~~~~~~~~~~~~~~~~~~~~~~~[m[K
[7.527s] compilation terminated.
[7.529s] reading manifest file 'line_tracking.egg-info/SOURCES.txt'
[7.531s] writing manifest file 'line_tracking.egg-info/SOURCES.txt'
[7.637s] gmake[2]: *** [CMakeFiles/line_tracking__rosidl_generator_c.dir/build.make:105: CMakeFiles/line_tracking__rosidl_generator_c.dir/rosidl_generator_c/line_tracking/msg/detail/point_matrix_with_enum__functions.c.o] Error 1
[7.700s] gmake[1]: *** [CMakeFiles/Makefile2:217: CMakeFiles/line_tracking__rosidl_generator_c.dir/all] Error 2
[7.700s] gmake[1]: *** Waiting for unfinished jobs....
[7.789s] [ 24%] Built target ament_cmake_python_build_line_tracking_egg
[8.819s] [ 27%] [32mBuilding CXX object CMakeFiles/line_tracking__rosidl_typesupport_fastrtps_cpp.dir/rosidl_typesupport_fastrtps_cpp/line_tracking/msg/detail/dds_fastrtps/point_matrix_with_enum__type_support.cpp.o[0m
[8.952s] [ 29%] [32mBuilding CXX object CMakeFiles/line_tracking__rosidl_typesupport_cpp.dir/rosidl_typesupport_cpp/line_tracking/msg/point_matrix_with_enum__type_support.cpp.o[0m
[9.216s] In file included from [01m[K/home/luuk/linetracking/build/line_tracking/rosidl_typesupport_cpp/line_tracking/msg/point_matrix_with_enum__type_support.cpp:7[m[K:
[9.217s] [01m[K/home/luuk/linetracking/build/line_tracking/rosidl_generator_cpp/line_tracking/msg/detail/point_matrix_with_enum__struct.hpp:20:10:[m[K [01;31m[Kfatal error: [m[Kgeometry_msgs/msg/detail/point__struct.hpp: No such file or directory
[9.217s]    20 | #include [01;31m[K"geometry_msgs/msg/detail/point__struct.hpp"[m[K
[9.218s]       |          [01;31m[K^~~~~~~~~~~~~~~~~~~~~~~~~~~~~~~~~~~~~~~~~~~~[m[K
[9.218s] compilation terminated.
[9.218s] In file included from [01m[K/home/luuk/linetracking/build/line_tracking/rosidl_typesupport_fastrtps_cpp/line_tracking/msg/detail/point_matrix_with_enum__rosidl_typesupport_fastrtps_cpp.hpp:11[m[K,
[9.219s]                  from [01m[K/home/luuk/linetracking/build/line_tracking/rosidl_typesupport_fastrtps_cpp/line_tracking/msg/detail/dds_fastrtps/point_matrix_with_enum__type_support.cpp:4[m[K:
[9.219s] [01m[K/home/luuk/linetracking/build/line_tracking/rosidl_generator_cpp/line_tracking/msg/detail/point_matrix_with_enum__struct.hpp:20:10:[m[K [01;31m[Kfatal error: [m[Kgeometry_msgs/msg/detail/point__struct.hpp: No such file or directory
[9.220s]    20 | #include [01;31m[K"geometry_msgs/msg/detail/point__struct.hpp"[m[K
[9.220s]       |          [01;31m[K^~~~~~~~~~~~~~~~~~~~~~~~~~~~~~~~~~~~~~~~~~~~[m[K
[9.220s] compilation terminated.
[9.270s] gmake[2]: *** [CMakeFiles/line_tracking__rosidl_typesupport_cpp.dir/build.make:86: CMakeFiles/line_tracking__rosidl_typesupport_cpp.dir/rosidl_typesupport_cpp/line_tracking/msg/point_matrix_with_enum__type_support.cpp.o] Error 1
[9.271s] gmake[1]: *** [CMakeFiles/Makefile2:399: CMakeFiles/line_tracking__rosidl_typesupport_cpp.dir/all] Error 2
[9.306s] gmake[2]: *** [CMakeFiles/line_tracking__rosidl_typesupport_fastrtps_cpp.dir/build.make:91: CMakeFiles/line_tracking__rosidl_typesupport_fastrtps_cpp.dir/rosidl_typesupport_fastrtps_cpp/line_tracking/msg/detail/dds_fastrtps/point_matrix_with_enum__type_support.cpp.o] Error 1
[9.306s] gmake[1]: *** [CMakeFiles/Makefile2:295: CMakeFiles/line_tracking__rosidl_typesupport_fastrtps_cpp.dir/all] Error 2
[36.452s] [ 32%] [32m[1mLinking CXX executable compressed_viewer[0m
[38.689s] [ 32%] Built target compressed_viewer
[42.342s] [ 35%] [32m[1mLinking CXX executable line_detection[0m
[45.098s] [ 35%] Built target line_detection
[45.100s] gmake: *** [Makefile:146: all] Error 2
[45.107s] Invoked command in '/home/luuk/linetracking/build/line_tracking' returned '2': CMAKE_PREFIX_PATH=/opt/ros/humble /usr/bin/cmake --build /home/luuk/linetracking/build/line_tracking -- -j8 -l8
