-- Found ament_cmake: 1.3.5 (/opt/ros/humble/share/ament_cmake/cmake)
-- Found rclcpp: 16.0.5 (/opt/ros/humble/share/rclcpp/cmake)
-- Found rosidl_generator_c: 3.1.5 (/opt/ros/humble/share/rosidl_generator_c/cmake)
-- Found rosidl_adapter: 3.1.5 (/opt/ros/humble/share/rosidl_adapter/cmake)
-- Found rosidl_generator_cpp: 3.1.5 (/opt/ros/humble/share/rosidl_generator_cpp/cmake)
-- Using all available rosidl_typesupport_c: rosidl_typesupport_fastrtps_c;rosidl_typesupport_introspection_c
-- Using all available rosidl_typesupport_cpp: rosidl_typesupport_fastrtps_cpp;rosidl_typesupport_introspection_cpp
-- Found rmw_implementation_cmake: 6.1.1 (/opt/ros/humble/share/rmw_implementation_cmake/cmake)
-- Found rmw_fastrtps_cpp: 6.2.3 (/opt/ros/humble/share/rmw_fastrtps_cpp/cmake)
-- Using RMW implementation 'rmw_fastrtps_cpp' as default
-- Found sensor_msgs: 4.2.3 (/opt/ros/humble/share/sensor_msgs/cmake)
-- Found cv_bridge: 3.2.1 (/opt/ros/humble/share/cv_bridge/cmake)
-- Found rosidl_default_generators: 1.2.0 (/opt/ros/humble/share/rosidl_default_generators/cmake)
-- Found ament_cmake_ros: 0.10.0 (/opt/ros/humble/share/ament_cmake_ros/cmake)
-- Using all available rosidl_typesupport_c: rosidl_typesupport_fastrtps_c;rosidl_typesupport_introspection_c
-- Using all available rosidl_typesupport_cpp: rosidl_typesupport_fastrtps_cpp;rosidl_typesupport_introspection_cpp
-- Found python_cmake_module: 0.10.0 (/opt/ros/humble/share/python_cmake_module/cmake)
-- Using PYTHON_EXECUTABLE: /usr/bin/python3
-- Using PYTHON_INCLUDE_DIRS: /usr/include/python3.10
-- Using PYTHON_LIBRARIES: /usr/lib/x86_64-linux-gnu/libpython3.10.so
-- Configuring done
-- Generating done
-- Build files have been written to: /home/luuk/linetracking/build/line_tracking
[  2%] [34m[1mGenerating C code for ROS interfaces[0m
[35m[1mConsolidate compiler generated dependencies of target compressed_viewer[0m
[35m[1mConsolidate compiler generated dependencies of target line_detection[0m
[  6%] Built target compressed_viewer
[  6%] Built target ament_cmake_python_copy_line_tracking
[  8%] [34m[1mGenerating C++ code for ROS interfaces[0m
[ 17%] Built target line_detection
running egg_info
writing line_tracking.egg-info/PKG-INFO
writing dependency_links to line_tracking.egg-info/dependency_links.txt
writing top-level names to line_tracking.egg-info/top_level.txt
reading manifest file 'line_tracking.egg-info/SOURCES.txt'
writing manifest file 'line_tracking.egg-info/SOURCES.txt'
[ 20%] [32mBuilding C object CMakeFiles/line_tracking__rosidl_generator_c.dir/rosidl_generator_c/line_tracking/msg/detail/point_matrix_with_enum__functions.c.o[0m
[ 22%] [32mBuilding C object CMakeFiles/line_tracking__rosidl_generator_c.dir/rosidl_generator_c/line_tracking/msg/detail/point_array__functions.c.o[0m
[ 22%] Built target line_tracking__cpp
[ 22%] Built target ament_cmake_python_build_line_tracking_egg
[ 24%] [34m[1mGenerating C++ type support dispatch for ROS interfaces[0m
[ 26%] [34m[1mGenerating C++ type support for eProsima Fast-RTPS[0m
[ 28%] [34m[1mGenerating C++ introspection for ROS interfaces[0m
[ 31%] [32m[1mLinking C shared library libline_tracking__rosidl_generator_c.so[0m
[ 31%] Built target line_tracking__rosidl_generator_c
[ 33%] [34m[1mGenerating C type support for eProsima Fast-RTPS[0m
[ 35%] [34m[1mGenerating C introspection for ROS interfaces[0m
[ 37%] [34m[1mGenerating C type support dispatch for ROS interfaces[0m
[ 40%] [32mBuilding CXX object CMakeFiles/line_tracking__rosidl_typesupport_cpp.dir/rosidl_typesupport_cpp/line_tracking/msg/point_matrix_with_enum__type_support.cpp.o[0m
[ 42%] [32mBuilding CXX object CMakeFiles/line_tracking__rosidl_typesupport_cpp.dir/rosidl_typesupport_cpp/line_tracking/msg/point_array__type_support.cpp.o[0m
[ 44%] [32mBuilding CXX object CMakeFiles/line_tracking__rosidl_typesupport_introspection_cpp.dir/rosidl_typesupport_introspection_cpp/line_tracking/msg/detail/point_matrix_with_enum__type_support.cpp.o[0m
[ 46%] [32mBuilding CXX object CMakeFiles/line_tracking__rosidl_typesupport_introspection_cpp.dir/rosidl_typesupport_introspection_cpp/line_tracking/msg/detail/point_array__type_support.cpp.o[0m
[ 48%] [32mBuilding CXX object CMakeFiles/line_tracking__rosidl_typesupport_fastrtps_cpp.dir/rosidl_typesupport_fastrtps_cpp/line_tracking/msg/detail/dds_fastrtps/point_matrix_with_enum__type_support.cpp.o[0m
[ 51%] [32mBuilding CXX object CMakeFiles/line_tracking__rosidl_typesupport_c.dir/rosidl_typesupport_c/line_tracking/msg/point_matrix_with_enum__type_support.cpp.o[0m
[ 53%] [32mBuilding CXX object CMakeFiles/line_tracking__rosidl_typesupport_fastrtps_c.dir/rosidl_typesupport_fastrtps_c/line_tracking/msg/detail/point_matrix_with_enum__type_support_c.cpp.o[0m
[ 55%] [32mBuilding CXX object CMakeFiles/line_tracking__rosidl_typesupport_c.dir/rosidl_typesupport_c/line_tracking/msg/point_array__type_support.cpp.o[0m
[ 57%] [32mBuilding C object CMakeFiles/line_tracking__rosidl_typesupport_introspection_c.dir/rosidl_typesupport_introspection_c/line_tracking/msg/detail/point_matrix_with_enum__type_support.c.o[0m
[ 60%] [32m[1mLinking CXX shared library libline_tracking__rosidl_typesupport_c.so[0m
[ 62%] [32mBuilding CXX object CMakeFiles/line_tracking__rosidl_typesupport_fastrtps_c.dir/rosidl_typesupport_fastrtps_c/line_tracking/msg/detail/point_array__type_support_c.cpp.o[0m
[ 64%] [32mBuilding C object CMakeFiles/line_tracking__rosidl_typesupport_introspection_c.dir/rosidl_typesupport_introspection_c/line_tracking/msg/detail/point_array__type_support.c.o[0m
[ 66%] [32m[1mLinking CXX shared library libline_tracking__rosidl_typesupport_cpp.so[0m
[ 66%] Built target line_tracking__rosidl_typesupport_c
[ 68%] [32m[1mLinking C shared library libline_tracking__rosidl_typesupport_introspection_c.so[0m
[ 71%] [32mBuilding CXX object CMakeFiles/line_tracking__rosidl_typesupport_fastrtps_cpp.dir/rosidl_typesupport_fastrtps_cpp/line_tracking/msg/detail/dds_fastrtps/point_array__type_support.cpp.o[0m
[ 71%] Built target line_tracking__rosidl_typesupport_cpp
[ 73%] [32m[1mLinking CXX shared library libline_tracking__rosidl_typesupport_introspection_cpp.so[0m
[ 73%] Built target line_tracking__rosidl_typesupport_introspection_c
[ 73%] Built target line_tracking__rosidl_typesupport_introspection_cpp
[ 75%] [32m[1mLinking CXX shared library libline_tracking__rosidl_typesupport_fastrtps_c.so[0m
[ 75%] Built target line_tracking__rosidl_typesupport_fastrtps_c
[ 77%] [32m[1mLinking CXX shared library libline_tracking__rosidl_typesupport_fastrtps_cpp.so[0m
[ 77%] Built target line_tracking__rosidl_typesupport_fastrtps_cpp
[ 77%] Built target line_tracking
[ 80%] [34m[1mGenerating Python code for ROS interfaces[0m
[ 80%] Built target line_tracking__py
[ 82%] [32mBuilding C object CMakeFiles/line_tracking__rosidl_generator_py.dir/rosidl_generator_py/line_tracking/msg/_point_array_s.c.o[0m
[ 84%] [32mBuilding C object CMakeFiles/line_tracking__rosidl_generator_py.dir/rosidl_generator_py/line_tracking/msg/_point_matrix_with_enum_s.c.o[0m
[ 86%] [32m[1mLinking C shared library rosidl_generator_py/line_tracking/libline_tracking__rosidl_generator_py.so[0m
[ 86%] Built target line_tracking__rosidl_generator_py
[ 88%] [32mBuilding C object CMakeFiles/line_tracking__rosidl_typesupport_fastrtps_c__pyext.dir/rosidl_generator_py/line_tracking/_line_tracking_s.ep.rosidl_typesupport_fastrtps_c.c.o[0m
[ 91%] [32mBuilding C object CMakeFiles/line_tracking__rosidl_typesupport_introspection_c__pyext.dir/rosidl_generator_py/line_tracking/_line_tracking_s.ep.rosidl_typesupport_introspection_c.c.o[0m
[ 93%] [32mBuilding C object CMakeFiles/line_tracking__rosidl_typesupport_c__pyext.dir/rosidl_generator_py/line_tracking/_line_tracking_s.ep.rosidl_typesupport_c.c.o[0m
[ 95%] [32m[1mLinking C shared library rosidl_generator_py/line_tracking/line_tracking_s__rosidl_typesupport_fastrtps_c.cpython-310-x86_64-linux-gnu.so[0m
[ 97%] [32m[1mLinking C shared library rosidl_generator_py/line_tracking/line_tracking_s__rosidl_typesupport_c.cpython-310-x86_64-linux-gnu.so[0m
[100%] [32m[1mLinking C shared library rosidl_generator_py/line_tracking/line_tracking_s__rosidl_typesupport_introspection_c.cpython-310-x86_64-linux-gnu.so[0m
[100%] Built target line_tracking__rosidl_typesupport_c__pyext
[100%] Built target line_tracking__rosidl_typesupport_fastrtps_c__pyext
[100%] Built target line_tracking__rosidl_typesupport_introspection_c__pyext
-- Install configuration: ""
-- Installing: /home/luuk/linetracking/install/line_tracking/share/ament_index/resource_index/rosidl_interfaces/line_tracking
-- Installing: /home/luuk/linetracking/install/line_tracking/include/line_tracking/line_tracking
-- Installing: /home/luuk/linetracking/install/line_tracking/include/line_tracking/line_tracking/msg
-- Installing: /home/luuk/linetracking/install/line_tracking/include/line_tracking/line_tracking/msg/point_matrix_with_enum.h
-- Installing: /home/luuk/linetracking/install/line_tracking/include/line_tracking/line_tracking/msg/detail
-- Installing: /home/luuk/linetracking/install/line_tracking/include/line_tracking/line_tracking/msg/detail/point_matrix_with_enum__functions.c
-- Installing: /home/luuk/linetracking/install/line_tracking/include/line_tracking/line_tracking/msg/detail/point_matrix_with_enum__type_support.h
-- Installing: /home/luuk/linetracking/install/line_tracking/include/line_tracking/line_tracking/msg/detail/point_matrix_with_enum__struct.h
-- Installing: /home/luuk/linetracking/install/line_tracking/include/line_tracking/line_tracking/msg/detail/point_array__struct.h
-- Installing: /home/luuk/linetracking/install/line_tracking/include/line_tracking/line_tracking/msg/detail/point_array__functions.c
-- Installing: /home/luuk/linetracking/install/line_tracking/include/line_tracking/line_tracking/msg/detail/point_matrix_with_enum__functions.h
-- Installing: /home/luuk/linetracking/install/line_tracking/include/line_tracking/line_tracking/msg/detail/point_array__type_support.h
-- Installing: /home/luuk/linetracking/install/line_tracking/include/line_tracking/line_tracking/msg/detail/point_array__functions.h
-- Installing: /home/luuk/linetracking/install/line_tracking/include/line_tracking/line_tracking/msg/rosidl_generator_c__visibility_control.h
-- Installing: /home/luuk/linetracking/install/line_tracking/include/line_tracking/line_tracking/msg/point_array.h
-- Installing: /home/luuk/linetracking/install/line_tracking/share/line_tracking/environment/library_path.sh
-- Installing: /home/luuk/linetracking/install/line_tracking/share/line_tracking/environment/library_path.dsv
-- Installing: /home/luuk/linetracking/install/line_tracking/lib/libline_tracking__rosidl_generator_c.so
-- Set runtime path of "/home/luuk/linetracking/install/line_tracking/lib/libline_tracking__rosidl_generator_c.so" to ""
-- Up-to-date: /home/luuk/linetracking/install/line_tracking/include/line_tracking/line_tracking
-- Up-to-date: /home/luuk/linetracking/install/line_tracking/include/line_tracking/line_tracking/msg
-- Up-to-date: /home/luuk/linetracking/install/line_tracking/include/line_tracking/line_tracking/msg/detail
-- Installing: /home/luuk/linetracking/install/line_tracking/include/line_tracking/line_tracking/msg/detail/point_array__rosidl_typesupport_fastrtps_c.h
-- Installing: /home/luuk/linetracking/install/line_tracking/include/line_tracking/line_tracking/msg/detail/point_matrix_with_enum__rosidl_typesupport_fastrtps_c.h
-- Installing: /home/luuk/linetracking/install/line_tracking/include/line_tracking/line_tracking/msg/rosidl_typesupport_fastrtps_c__visibility_control.h
-- Installing: /home/luuk/linetracking/install/line_tracking/lib/libline_tracking__rosidl_typesupport_fastrtps_c.so
-- Set runtime path of "/home/luuk/linetracking/install/line_tracking/lib/libline_tracking__rosidl_typesupport_fastrtps_c.so" to ""
-- Up-to-date: /home/luuk/linetracking/install/line_tracking/include/line_tracking/line_tracking
-- Up-to-date: /home/luuk/linetracking/install/line_tracking/include/line_tracking/line_tracking/msg
-- Up-to-date: /home/luuk/linetracking/install/line_tracking/include/line_tracking/line_tracking/msg/detail
-- Installing: /home/luuk/linetracking/install/line_tracking/include/line_tracking/line_tracking/msg/detail/point_array__builder.hpp
-- Installing: /home/luuk/linetracking/install/line_tracking/include/line_tracking/line_tracking/msg/detail/point_array__traits.hpp
-- Installing: /home/luuk/linetracking/install/line_tracking/include/line_tracking/line_tracking/msg/detail/point_matrix_with_enum__struct.hpp
-- Installing: /home/luuk/linetracking/install/line_tracking/include/line_tracking/line_tracking/msg/detail/point_matrix_with_enum__builder.hpp
-- Installing: /home/luuk/linetracking/install/line_tracking/include/line_tracking/line_tracking/msg/detail/point_matrix_with_enum__traits.hpp
-- Installing: /home/luuk/linetracking/install/line_tracking/include/line_tracking/line_tracking/msg/detail/point_array__struct.hpp
-- Installing: /home/luuk/linetracking/install/line_tracking/include/line_tracking/line_tracking/msg/point_matrix_with_enum.hpp
-- Installing: /home/luuk/linetracking/install/line_tracking/include/line_tracking/line_tracking/msg/point_array.hpp
-- Up-to-date: /home/luuk/linetracking/install/line_tracking/include/line_tracking/line_tracking
-- Up-to-date: /home/luuk/linetracking/install/line_tracking/include/line_tracking/line_tracking/msg
-- Up-to-date: /home/luuk/linetracking/install/line_tracking/include/line_tracking/line_tracking/msg/detail
-- Installing: /home/luuk/linetracking/install/line_tracking/include/line_tracking/line_tracking/msg/detail/point_array__rosidl_typesupport_fastrtps_cpp.hpp
-- Installing: /home/luuk/linetracking/install/line_tracking/include/line_tracking/line_tracking/msg/detail/dds_fastrtps
-- Installing: /home/luuk/linetracking/install/line_tracking/include/line_tracking/line_tracking/msg/detail/point_matrix_with_enum__rosidl_typesupport_fastrtps_cpp.hpp
-- Installing: /home/luuk/linetracking/install/line_tracking/include/line_tracking/line_tracking/msg/rosidl_typesupport_fastrtps_cpp__visibility_control.h
-- Installing: /home/luuk/linetracking/install/line_tracking/lib/libline_tracking__rosidl_typesupport_fastrtps_cpp.so
-- Set runtime path of "/home/luuk/linetracking/install/line_tracking/lib/libline_tracking__rosidl_typesupport_fastrtps_cpp.so" to ""
-- Up-to-date: /home/luuk/linetracking/install/line_tracking/include/line_tracking/line_tracking
-- Up-to-date: /home/luuk/linetracking/install/line_tracking/include/line_tracking/line_tracking/msg
-- Up-to-date: /home/luuk/linetracking/install/line_tracking/include/line_tracking/line_tracking/msg/detail
-- Installing: /home/luuk/linetracking/install/line_tracking/include/line_tracking/line_tracking/msg/detail/point_array__type_support.c
-- Installing: /home/luuk/linetracking/install/line_tracking/include/line_tracking/line_tracking/msg/detail/point_matrix_with_enum__rosidl_typesupport_introspection_c.h
-- Installing: /home/luuk/linetracking/install/line_tracking/include/line_tracking/line_tracking/msg/detail/point_array__rosidl_typesupport_introspection_c.h
-- Installing: /home/luuk/linetracking/install/line_tracking/include/line_tracking/line_tracking/msg/detail/point_matrix_with_enum__type_support.c
-- Installing: /home/luuk/linetracking/install/line_tracking/include/line_tracking/line_tracking/msg/rosidl_typesupport_introspection_c__visibility_control.h
-- Installing: /home/luuk/linetracking/install/line_tracking/lib/libline_tracking__rosidl_typesupport_introspection_c.so
-- Set runtime path of "/home/luuk/linetracking/install/line_tracking/lib/libline_tracking__rosidl_typesupport_introspection_c.so" to ""
-- Installing: /home/luuk/linetracking/install/line_tracking/lib/libline_tracking__rosidl_typesupport_c.so
-- Set runtime path of "/home/luuk/linetracking/install/line_tracking/lib/libline_tracking__rosidl_typesupport_c.so" to ""
-- Up-to-date: /home/luuk/linetracking/install/line_tracking/include/line_tracking/line_tracking
-- Up-to-date: /home/luuk/linetracking/install/line_tracking/include/line_tracking/line_tracking/msg
-- Up-to-date: /home/luuk/linetracking/install/line_tracking/include/line_tracking/line_tracking/msg/detail
-- Installing: /home/luuk/linetracking/install/line_tracking/include/line_tracking/line_tracking/msg/detail/point_matrix_with_enum__type_support.cpp
-- Installing: /home/luuk/linetracking/install/line_tracking/include/line_tracking/line_tracking/msg/detail/point_array__rosidl_typesupport_introspection_cpp.hpp
-- Installing: /home/luuk/linetracking/install/line_tracking/include/line_tracking/line_tracking/msg/detail/point_array__type_support.cpp
-- Installing: /home/luuk/linetracking/install/line_tracking/include/line_tracking/line_tracking/msg/detail/point_matrix_with_enum__rosidl_typesupport_introspection_cpp.hpp
-- Installing: /home/luuk/linetracking/install/line_tracking/lib/libline_tracking__rosidl_typesupport_introspection_cpp.so
-- Set runtime path of "/home/luuk/linetracking/install/line_tracking/lib/libline_tracking__rosidl_typesupport_introspection_cpp.so" to ""
-- Installing: /home/luuk/linetracking/install/line_tracking/lib/libline_tracking__rosidl_typesupport_cpp.so
-- Set runtime path of "/home/luuk/linetracking/install/line_tracking/lib/libline_tracking__rosidl_typesupport_cpp.so" to ""
-- Installing: /home/luuk/linetracking/install/line_tracking/share/line_tracking/environment/pythonpath.sh
-- Installing: /home/luuk/linetracking/install/line_tracking/share/line_tracking/environment/pythonpath.dsv
-- Installing: /home/luuk/linetracking/install/line_tracking/local/lib/python3.10/dist-packages/line_tracking-0.0.0-py3.10.egg-info
-- Installing: /home/luuk/linetracking/install/line_tracking/local/lib/python3.10/dist-packages/line_tracking-0.0.0-py3.10.egg-info/dependency_links.txt
-- Installing: /home/luuk/linetracking/install/line_tracking/local/lib/python3.10/dist-packages/line_tracking-0.0.0-py3.10.egg-info/PKG-INFO
-- Installing: /home/luuk/linetracking/install/line_tracking/local/lib/python3.10/dist-packages/line_tracking-0.0.0-py3.10.egg-info/SOURCES.txt
-- Installing: /home/luuk/linetracking/install/line_tracking/local/lib/python3.10/dist-packages/line_tracking-0.0.0-py3.10.egg-info/top_level.txt
-- Installing: /home/luuk/linetracking/install/line_tracking/local/lib/python3.10/dist-packages/line_tracking
-- Installing: /home/luuk/linetracking/install/line_tracking/local/lib/python3.10/dist-packages/line_tracking/line_tracking_s__rosidl_typesupport_introspection_c.cpython-310-x86_64-linux-gnu.so
-- Installing: /home/luuk/linetracking/install/line_tracking/local/lib/python3.10/dist-packages/line_tracking/line_tracking_s__rosidl_typesupport_fastrtps_c.cpython-310-x86_64-linux-gnu.so
-- Installing: /home/luuk/linetracking/install/line_tracking/local/lib/python3.10/dist-packages/line_tracking/__init__.py
-- Installing: /home/luuk/linetracking/install/line_tracking/local/lib/python3.10/dist-packages/line_tracking/line_tracking_s__rosidl_typesupport_c.cpython-310-x86_64-linux-gnu.so
-- Installing: /home/luuk/linetracking/install/line_tracking/local/lib/python3.10/dist-packages/line_tracking/_line_tracking_s.ep.rosidl_typesupport_fastrtps_c.c
-- Installing: /home/luuk/linetracking/install/line_tracking/local/lib/python3.10/dist-packages/line_tracking/_line_tracking_s.ep.rosidl_typesupport_c.c
-- Installing: /home/luuk/linetracking/install/line_tracking/local/lib/python3.10/dist-packages/line_tracking/libline_tracking__rosidl_generator_py.so
-- Installing: /home/luuk/linetracking/install/line_tracking/local/lib/python3.10/dist-packages/line_tracking/_line_tracking_s.ep.rosidl_typesupport_introspection_c.c
-- Installing: /home/luuk/linetracking/install/line_tracking/local/lib/python3.10/dist-packages/line_tracking/msg
-- Installing: /home/luuk/linetracking/install/line_tracking/local/lib/python3.10/dist-packages/line_tracking/msg/_point_matrix_with_enum_s.c
-- Installing: /home/luuk/linetracking/install/line_tracking/local/lib/python3.10/dist-packages/line_tracking/msg/_point_matrix_with_enum.py
-- Installing: /home/luuk/linetracking/install/line_tracking/local/lib/python3.10/dist-packages/line_tracking/msg/__init__.py
-- Installing: /home/luuk/linetracking/install/line_tracking/local/lib/python3.10/dist-packages/line_tracking/msg/_point_array.py
-- Installing: /home/luuk/linetracking/install/line_tracking/local/lib/python3.10/dist-packages/line_tracking/msg/_point_array_s.c
Listing '/home/luuk/linetracking/install/line_tracking/local/lib/python3.10/dist-packages/line_tracking'...
Compiling '/home/luuk/linetracking/install/line_tracking/local/lib/python3.10/dist-packages/line_tracking/__init__.py'...
Listing '/home/luuk/linetracking/install/line_tracking/local/lib/python3.10/dist-packages/line_tracking/msg'...
Compiling '/home/luuk/linetracking/install/line_tracking/local/lib/python3.10/dist-packages/line_tracking/msg/__init__.py'...
Compiling '/home/luuk/linetracking/install/line_tracking/local/lib/python3.10/dist-packages/line_tracking/msg/_point_array.py'...
Compiling '/home/luuk/linetracking/install/line_tracking/local/lib/python3.10/dist-packages/line_tracking/msg/_point_matrix_with_enum.py'...
-- Installing: /home/luuk/linetracking/install/line_tracking/local/lib/python3.10/dist-packages/line_tracking/line_tracking_s__rosidl_typesupport_fastrtps_c.cpython-310-x86_64-linux-gnu.so
-- Set runtime path of "/home/luuk/linetracking/install/line_tracking/local/lib/python3.10/dist-packages/line_tracking/line_tracking_s__rosidl_typesupport_fastrtps_c.cpython-310-x86_64-linux-gnu.so" to ""
-- Installing: /home/luuk/linetracking/install/line_tracking/local/lib/python3.10/dist-packages/line_tracking/line_tracking_s__rosidl_typesupport_introspection_c.cpython-310-x86_64-linux-gnu.so
-- Set runtime path of "/home/luuk/linetracking/install/line_tracking/local/lib/python3.10/dist-packages/line_tracking/line_tracking_s__rosidl_typesupport_introspection_c.cpython-310-x86_64-linux-gnu.so" to ""
-- Installing: /home/luuk/linetracking/install/line_tracking/local/lib/python3.10/dist-packages/line_tracking/line_tracking_s__rosidl_typesupport_c.cpython-310-x86_64-linux-gnu.so
-- Set runtime path of "/home/luuk/linetracking/install/line_tracking/local/lib/python3.10/dist-packages/line_tracking/line_tracking_s__rosidl_typesupport_c.cpython-310-x86_64-linux-gnu.so" to ""
-- Installing: /home/luuk/linetracking/install/line_tracking/lib/libline_tracking__rosidl_generator_py.so
-- Set runtime path of "/home/luuk/linetracking/install/line_tracking/lib/libline_tracking__rosidl_generator_py.so" to ""
-- Installing: /home/luuk/linetracking/install/line_tracking/share/line_tracking/msg/PointMatrixWithEnum.idl
-- Installing: /home/luuk/linetracking/install/line_tracking/share/line_tracking/msg/PointArray.idl
-- Installing: /home/luuk/linetracking/install/line_tracking/share/line_tracking/msg/PointMatrixWithEnum.msg
-- Installing: /home/luuk/linetracking/install/line_tracking/share/line_tracking/msg/PointArray.msg
-- Installing: /home/luuk/linetracking/install/line_tracking/lib/line_tracking/compressed_viewer
-- Set runtime path of "/home/luuk/linetracking/install/line_tracking/lib/line_tracking/compressed_viewer" to ""
-- Installing: /home/luuk/linetracking/install/line_tracking/lib/line_tracking/line_detection
-- Set runtime path of "/home/luuk/linetracking/install/line_tracking/lib/line_tracking/line_detection" to ""
-- Installing: /home/luuk/linetracking/install/line_tracking/share/ament_index/resource_index/package_run_dependencies/line_tracking
-- Up-to-date: /home/luuk/linetracking/install/line_tracking/share/ament_index/resource_index/parent_prefix_path/line_tracking
-- Up-to-date: /home/luuk/linetracking/install/line_tracking/share/line_tracking/environment/ament_prefix_path.sh
-- Installing: /home/luuk/linetracking/install/line_tracking/share/line_tracking/environment/ament_prefix_path.dsv
-- Up-to-date: /home/luuk/linetracking/install/line_tracking/share/line_tracking/environment/path.sh
-- Installing: /home/luuk/linetracking/install/line_tracking/share/line_tracking/environment/path.dsv
-- Up-to-date: /home/luuk/linetracking/install/line_tracking/share/line_tracking/local_setup.bash
-- Installing: /home/luuk/linetracking/install/line_tracking/share/line_tracking/local_setup.sh
-- Up-to-date: /home/luuk/linetracking/install/line_tracking/share/line_tracking/local_setup.zsh
-- Installing: /home/luuk/linetracking/install/line_tracking/share/line_tracking/local_setup.dsv
-- Installing: /home/luuk/linetracking/install/line_tracking/share/line_tracking/package.dsv
-- Up-to-date: /home/luuk/linetracking/install/line_tracking/share/ament_index/resource_index/packages/line_tracking
-- Installing: /home/luuk/linetracking/install/line_tracking/share/line_tracking/cmake/export_line_tracking__rosidl_generator_cExport.cmake
-- Installing: /home/luuk/linetracking/install/line_tracking/share/line_tracking/cmake/export_line_tracking__rosidl_generator_cExport-noconfig.cmake
-- Installing: /home/luuk/linetracking/install/line_tracking/share/line_tracking/cmake/export_line_tracking__rosidl_typesupport_fastrtps_cExport.cmake
-- Installing: /home/luuk/linetracking/install/line_tracking/share/line_tracking/cmake/export_line_tracking__rosidl_typesupport_fastrtps_cExport-noconfig.cmake
-- Installing: /home/luuk/linetracking/install/line_tracking/share/line_tracking/cmake/export_line_tracking__rosidl_generator_cppExport.cmake
-- Installing: /home/luuk/linetracking/install/line_tracking/share/line_tracking/cmake/export_line_tracking__rosidl_typesupport_fastrtps_cppExport.cmake
-- Installing: /home/luuk/linetracking/install/line_tracking/share/line_tracking/cmake/export_line_tracking__rosidl_typesupport_fastrtps_cppExport-noconfig.cmake
-- Installing: /home/luuk/linetracking/install/line_tracking/share/line_tracking/cmake/line_tracking__rosidl_typesupport_introspection_cExport.cmake
-- Installing: /home/luuk/linetracking/install/line_tracking/share/line_tracking/cmake/line_tracking__rosidl_typesupport_introspection_cExport-noconfig.cmake
-- Installing: /home/luuk/linetracking/install/line_tracking/share/line_tracking/cmake/line_tracking__rosidl_typesupport_cExport.cmake
-- Installing: /home/luuk/linetracking/install/line_tracking/share/line_tracking/cmake/line_tracking__rosidl_typesupport_cExport-noconfig.cmake
-- Installing: /home/luuk/linetracking/install/line_tracking/share/line_tracking/cmake/line_tracking__rosidl_typesupport_introspection_cppExport.cmake
-- Installing: /home/luuk/linetracking/install/line_tracking/share/line_tracking/cmake/line_tracking__rosidl_typesupport_introspection_cppExport-noconfig.cmake
-- Installing: /home/luuk/linetracking/install/line_tracking/share/line_tracking/cmake/line_tracking__rosidl_typesupport_cppExport.cmake
-- Installing: /home/luuk/linetracking/install/line_tracking/share/line_tracking/cmake/line_tracking__rosidl_typesupport_cppExport-noconfig.cmake
-- Installing: /home/luuk/linetracking/install/line_tracking/share/line_tracking/cmake/export_line_tracking__rosidl_generator_pyExport.cmake
-- Installing: /home/luuk/linetracking/install/line_tracking/share/line_tracking/cmake/export_line_tracking__rosidl_generator_pyExport-noconfig.cmake
-- Installing: /home/luuk/linetracking/install/line_tracking/share/line_tracking/cmake/rosidl_cmake-extras.cmake
-- Installing: /home/luuk/linetracking/install/line_tracking/share/line_tracking/cmake/ament_cmake_export_dependencies-extras.cmake
-- Installing: /home/luuk/linetracking/install/line_tracking/share/line_tracking/cmake/ament_cmake_export_include_directories-extras.cmake
-- Installing: /home/luuk/linetracking/install/line_tracking/share/line_tracking/cmake/ament_cmake_export_libraries-extras.cmake
-- Installing: /home/luuk/linetracking/install/line_tracking/share/line_tracking/cmake/ament_cmake_export_targets-extras.cmake
-- Installing: /home/luuk/linetracking/install/line_tracking/share/line_tracking/cmake/rosidl_cmake_export_typesupport_targets-extras.cmake
-- Installing: /home/luuk/linetracking/install/line_tracking/share/line_tracking/cmake/rosidl_cmake_export_typesupport_libraries-extras.cmake
-- Installing: /home/luuk/linetracking/install/line_tracking/share/line_tracking/cmake/line_trackingConfig.cmake
-- Up-to-date: /home/luuk/linetracking/install/line_tracking/share/line_tracking/cmake/line_trackingConfig-version.cmake
-- Installing: /home/luuk/linetracking/install/line_tracking/share/line_tracking/package.xml
