[0.055s] Invoking command in '/home/luuk/linetracking/build/line_tracking': CMAKE_PREFIX_PATH=${CMAKE_PREFIX_PATH}:/opt/ros/humble /usr/bin/cmake --build /home/luuk/linetracking/build/line_tracking -- -j8 -l8
[0.138s] -- Found ament_cmake: 1.3.5 (/opt/ros/humble/share/ament_cmake/cmake)
[0.593s] -- Found rclcpp: 16.0.5 (/opt/ros/humble/share/rclcpp/cmake)
[0.670s] -- Found rosidl_generator_c: 3.1.5 (/opt/ros/humble/share/rosidl_generator_c/cmake)
[0.676s] -- Found rosidl_adapter: 3.1.5 (/opt/ros/humble/share/rosidl_adapter/cmake)
[0.693s] -- Found rosidl_generator_cpp: 3.1.5 (/opt/ros/humble/share/rosidl_generator_cpp/cmake)
[0.727s] -- Using all available rosidl_typesupport_c: rosidl_typesupport_fastrtps_c;rosidl_typesupport_introspection_c
[0.769s] -- Using all available rosidl_typesupport_cpp: rosidl_typesupport_fastrtps_cpp;rosidl_typesupport_introspection_cpp
[0.937s] -- Found rmw_implementation_cmake: 6.1.1 (/opt/ros/humble/share/rmw_implementation_cmake/cmake)
[0.941s] -- Found rmw_fastrtps_cpp: 6.2.3 (/opt/ros/humble/share/rmw_fastrtps_cpp/cmake)
[1.275s] -- Using RMW implementation 'rmw_fastrtps_cpp' as default
[1.757s] -- Found sensor_msgs: 4.2.3 (/opt/ros/humble/share/sensor_msgs/cmake)
[2.146s] -- Found cv_bridge: 3.2.1 (/opt/ros/humble/share/cv_bridge/cmake)
[2.188s] -- Source Files: src/line_detection/line_detection.cpp;src/line_detection/param_parser.cpp;src/line_detection/param_parser.hpp;src/line_detection/vision_process.cpp;src/line_detection/vision_process.hpp
[2.384s] -- Configuring done
[2.439s] -- Generating done
[2.449s] -- Build files have been written to: /home/luuk/linetracking/build/line_tracking
[2.541s] [35m[1mConsolidate compiler generated dependencies of target compressed_viewer[0m
[2.543s] [35m[1mConsolidate compiler generated dependencies of target line_detection[0m
[2.627s] [ 33%] Built target compressed_viewer
[2.628s] [ 50%] [32mBuilding CXX object CMakeFiles/line_detection.dir/src/line_detection/param_parser.cpp.o[0m
[2.661s] [01m[K/home/luuk/linetracking/src/line_detection/param_parser.cpp:1:10:[m[K [01;31m[Kfatal error: [m[Kparam_parser.hpp: No such file or directory
[2.662s]     1 | #include [01;31m[K<param_parser.hpp>[m[K
[2.662s]       |          [01;31m[K^~~~~~~~~~~~~~~~~~[m[K
[2.662s] compilation terminated.
[2.668s] gmake[2]: *** [CMakeFiles/line_detection.dir/build.make:90: CMakeFiles/line_detection.dir/src/line_detection/param_parser.cpp.o] Error 1
[2.670s] gmake[1]: *** [CMakeFiles/Makefile2:165: CMakeFiles/line_detection.dir/all] Error 2
[2.671s] gmake: *** [Makefile:146: all] Error 2
[2.674s] Invoked command in '/home/luuk/linetracking/build/line_tracking' returned '2': CMAKE_PREFIX_PATH=${CMAKE_PREFIX_PATH}:/opt/ros/humble /usr/bin/cmake --build /home/luuk/linetracking/build/line_tracking -- -j8 -l8
