[0.075s] Invoking command in '/home/luuk/linetracking/build/line_tracking': CMAKE_PREFIX_PATH=${CMAKE_PREFIX_PATH}:/opt/ros/humble /usr/bin/cmake --build /home/luuk/linetracking/build/line_tracking -- -j8 -l8
[0.289s] [35m[1mConsolidate compiler generated dependencies of target line_detection[0m
[0.431s] [ 40%] Built target compressed_viewer
[0.472s] [ 60%] [32mBuilding CXX object CMakeFiles/line_detection.dir/src/line_detection/line_detection.cpp.o[0m
[33.060s] [ 80%] [32m[1mLinking CXX executable line_detection[0m
[35.490s] [100%] Built target line_detection
[35.533s] Invoked command in '/home/luuk/linetracking/build/line_tracking' returned '0': CMAKE_PREFIX_PATH=${CMAKE_PREFIX_PATH}:/opt/ros/humble /usr/bin/cmake --build /home/luuk/linetracking/build/line_tracking -- -j8 -l8
[35.767s] Invoking command in '/home/luuk/linetracking/build/line_tracking': CMAKE_PREFIX_PATH=${CMAKE_PREFIX_PATH}:/opt/ros/humble /usr/bin/cmake --install /home/luuk/linetracking/build/line_tracking
[35.791s] -- Install configuration: ""
[35.791s] -- Up-to-date: /home/luuk/linetracking/install/line_tracking/lib/line_tracking/compressed_viewer
[35.793s] -- Installing: /home/luuk/linetracking/install/line_tracking/lib/line_tracking/line_detection
[35.819s] -- Set runtime path of "/home/luuk/linetracking/install/line_tracking/lib/line_tracking/line_detection" to ""
[35.820s] -- Up-to-date: /home/luuk/linetracking/install/line_tracking/share/ament_index/resource_index/package_run_dependencies/line_tracking
[35.820s] -- Up-to-date: /home/luuk/linetracking/install/line_tracking/share/ament_index/resource_index/parent_prefix_path/line_tracking
[35.821s] -- Up-to-date: /home/luuk/linetracking/install/line_tracking/share/line_tracking/environment/ament_prefix_path.sh
[35.821s] -- Up-to-date: /home/luuk/linetracking/install/line_tracking/share/line_tracking/environment/ament_prefix_path.dsv
[35.822s] -- Up-to-date: /home/luuk/linetracking/install/line_tracking/share/line_tracking/environment/path.sh
[35.822s] -- Up-to-date: /home/luuk/linetracking/install/line_tracking/share/line_tracking/environment/path.dsv
[35.822s] -- Up-to-date: /home/luuk/linetracking/install/line_tracking/share/line_tracking/local_setup.bash
[35.823s] -- Up-to-date: /home/luuk/linetracking/install/line_tracking/share/line_tracking/local_setup.sh
[35.823s] -- Up-to-date: /home/luuk/linetracking/install/line_tracking/share/line_tracking/local_setup.zsh
[35.823s] -- Up-to-date: /home/luuk/linetracking/install/line_tracking/share/line_tracking/local_setup.dsv
[35.824s] -- Installing: /home/luuk/linetracking/install/line_tracking/share/line_tracking/package.dsv
[35.824s] -- Up-to-date: /home/luuk/linetracking/install/line_tracking/share/ament_index/resource_index/packages/line_tracking
[35.824s] -- Up-to-date: /home/luuk/linetracking/install/line_tracking/share/line_tracking/cmake/line_trackingConfig.cmake
[35.824s] -- Up-to-date: /home/luuk/linetracking/install/line_tracking/share/line_tracking/cmake/line_trackingConfig-version.cmake
[35.825s] -- Up-to-date: /home/luuk/linetracking/install/line_tracking/share/line_tracking/package.xml
[35.833s] Invoked command in '/home/luuk/linetracking/build/line_tracking' returned '0': CMAKE_PREFIX_PATH=${CMAKE_PREFIX_PATH}:/opt/ros/humble /usr/bin/cmake --install /home/luuk/linetracking/build/line_tracking
