[0.045s] Invoking command in '/home/luuk/linetracking/build/line_tracking': CMAKE_PREFIX_PATH=/opt/ros/humble /usr/bin/cmake --build /home/luuk/linetracking/build/line_tracking -- -j8 -l8
[0.112s] -- Found ament_cmake: 1.3.5 (/opt/ros/humble/share/ament_cmake/cmake)
[0.490s] -- Found rclcpp: 16.0.5 (/opt/ros/humble/share/rclcpp/cmake)
[0.566s] -- Found rosidl_generator_c: 3.1.5 (/opt/ros/humble/share/rosidl_generator_c/cmake)
[0.574s] -- Found rosidl_adapter: 3.1.5 (/opt/ros/humble/share/rosidl_adapter/cmake)
[0.590s] -- Found rosidl_generator_cpp: 3.1.5 (/opt/ros/humble/share/rosidl_generator_cpp/cmake)
[0.618s] -- Using all available rosidl_typesupport_c: rosidl_typesupport_fastrtps_c;rosidl_typesupport_introspection_c
[0.660s] -- Using all available rosidl_typesupport_cpp: rosidl_typesupport_fastrtps_cpp;rosidl_typesupport_introspection_cpp
[0.814s] -- Found rmw_implementation_cmake: 6.1.1 (/opt/ros/humble/share/rmw_implementation_cmake/cmake)
[0.817s] -- Found rmw_fastrtps_cpp: 6.2.3 (/opt/ros/humble/share/rmw_fastrtps_cpp/cmake)
[1.126s] -- Using RMW implementation 'rmw_fastrtps_cpp' as default
[1.551s] -- Found sensor_msgs: 4.2.3 (/opt/ros/humble/share/sensor_msgs/cmake)
[1.873s] -- Found cv_bridge: 3.2.1 (/opt/ros/humble/share/cv_bridge/cmake)
[1.909s] -- Found rosidl_default_generators: 1.2.0 (/opt/ros/humble/share/rosidl_default_generators/cmake)
[2.711s] -- Found ament_cmake_ros: 0.10.0 (/opt/ros/humble/share/ament_cmake_ros/cmake)
[3.813s] -- Using all available rosidl_typesupport_c: rosidl_typesupport_fastrtps_c;rosidl_typesupport_introspection_c
[4.247s] -- Using all available rosidl_typesupport_cpp: rosidl_typesupport_fastrtps_cpp;rosidl_typesupport_introspection_cpp
[4.308s] -- Found python_cmake_module: 0.10.0 (/opt/ros/humble/share/python_cmake_module/cmake)
[4.368s] -- Using PYTHON_EXECUTABLE: /usr/bin/python3
[4.368s] -- Using PYTHON_INCLUDE_DIRS: /usr/include/python3.10
[4.368s] -- Using PYTHON_LIBRARIES: /usr/lib/x86_64-linux-gnu/libpython3.10.so
[4.493s] -- Configuring done
[4.624s] -- Generating done
[4.637s] -- Build files have been written to: /home/luuk/linetracking/build/line_tracking
[4.726s] [35m[1mConsolidate compiler generated dependencies of target line_tracking__rosidl_generator_c[0m
[4.727s] [35m[1mConsolidate compiler generated dependencies of target compressed_viewer[0m
[4.729s] [35m[1mConsolidate compiler generated dependencies of target line_detection[0m
[4.850s] [  8%] Built target line_tracking__rosidl_generator_c
[4.868s] [ 11%] [32mBuilding CXX object CMakeFiles/line_detection.dir/src/line_detection/line_detection.cpp.o[0m
[4.868s] [ 13%] [32mBuilding CXX object CMakeFiles/line_detection.dir/src/line_detection/vision_process.cpp.o[0m
[4.882s] [ 15%] Built target line_tracking__cpp
[4.938s] [ 15%] Built target ament_cmake_python_copy_line_tracking
[4.945s] [35m[1mConsolidate compiler generated dependencies of target line_tracking__rosidl_typesupport_cpp[0m
[4.959s] [35m[1mConsolidate compiler generated dependencies of target line_tracking__rosidl_typesupport_fastrtps_c[0m
[4.967s] [ 20%] Built target compressed_viewer
[4.977s] [35m[1mConsolidate compiler generated dependencies of target line_tracking__rosidl_typesupport_introspection_c[0m
[5.109s] [35m[1mConsolidate compiler generated dependencies of target line_tracking__rosidl_typesupport_introspection_cpp[0m
[5.139s] [35m[1mConsolidate compiler generated dependencies of target line_tracking__rosidl_typesupport_fastrtps_cpp[0m
[5.145s] [35m[1mConsolidate compiler generated dependencies of target line_tracking__rosidl_typesupport_c[0m
[5.173s] [ 28%] Built target line_tracking__rosidl_typesupport_fastrtps_c
[5.181s] [ 37%] Built target line_tracking__rosidl_typesupport_cpp
[5.181s] [ 46%] Built target line_tracking__rosidl_typesupport_introspection_c
[5.192s] [ 55%] Built target line_tracking__rosidl_typesupport_fastrtps_cpp
[5.201s] [ 64%] Built target line_tracking__rosidl_typesupport_c
[5.302s] [ 73%] Built target line_tracking__rosidl_typesupport_introspection_cpp
[5.553s] [ 73%] Built target line_tracking
[5.792s] [ 75%] [34m[1mGenerating Python code for ROS interfaces[0m
[6.314s] In file included from [01m[K/home/luuk/linetracking/src/line_detection/vision_process.cpp:1[m[K:
[6.321s] [01m[K/home/luuk/linetracking/src/line_detection/include/vision_process.hpp:9:10:[m[K [01;31m[Kfatal error: [m[Kline_tracking/msg/point_blob.hpp: No such file or directory
[6.321s]     9 | #include [01;31m[K<line_tracking/msg/point_blob.hpp>[m[K
[6.321s]       |          [01;31m[K^~~~~~~~~~~~~~~~~~~~~~~~~~~~~~~~~~[m[K
[6.331s] compilation terminated.
[6.351s] gmake[2]: *** [CMakeFiles/line_detection.dir/build.make:104: CMakeFiles/line_detection.dir/src/line_detection/vision_process.cpp.o] Error 1
[6.351s] gmake[2]: *** Waiting for unfinished jobs....
[6.627s] running egg_info
[6.627s] writing line_tracking.egg-info/PKG-INFO
[6.628s] writing dependency_links to line_tracking.egg-info/dependency_links.txt
[6.628s] writing top-level names to line_tracking.egg-info/top_level.txt
[6.633s] reading manifest file 'line_tracking.egg-info/SOURCES.txt'
[6.634s] writing manifest file 'line_tracking.egg-info/SOURCES.txt'
[6.690s] [ 75%] Built target ament_cmake_python_build_line_tracking_egg
[6.750s] [01m[K/home/luuk/linetracking/src/line_detection/line_detection.cpp:6:10:[m[K [01;31m[Kfatal error: [m[Kline_tracking/msg/point_blob.hpp: No such file or directory
[6.751s]     6 | #include [01;31m[K<line_tracking/msg/point_blob.hpp>[m[K
[6.751s]       |          [01;31m[K^~~~~~~~~~~~~~~~~~~~~~~~~~~~~~~~~~[m[K
[6.751s] compilation terminated.
[6.756s] gmake[2]: *** [CMakeFiles/line_detection.dir/build.make:76: CMakeFiles/line_detection.dir/src/line_detection/line_detection.cpp.o] Error 1
[6.756s] gmake[1]: *** [CMakeFiles/Makefile2:620: CMakeFiles/line_detection.dir/all] Error 2
[6.756s] gmake[1]: *** Waiting for unfinished jobs....
[7.069s] [ 75%] Built target line_tracking__py
[7.072s] gmake: *** [Makefile:146: all] Error 2
[7.076s] Invoked command in '/home/luuk/linetracking/build/line_tracking' returned '2': CMAKE_PREFIX_PATH=/opt/ros/humble /usr/bin/cmake --build /home/luuk/linetracking/build/line_tracking -- -j8 -l8
