[0.048s] Invoking command in '/home/luuk/turtle3_control/build/turtle3_control': CMAKE_PREFIX_PATH=${CMAKE_PREFIX_PATH}:/opt/ros/humble /usr/bin/cmake --build /home/luuk/turtle3_control/build/turtle3_control -- -j8 -l8
[0.166s] [35m[1mConsolidate compiler generated dependencies of target diff_node[0m
[0.217s] [ 50%] [32mBuilding CXX object CMakeFiles/diff_node.dir/src/diff_node.cpp.o[0m
[22.164s] [100%] [32m[1mLinking CXX executable diff_node[0m
[23.395s] [100%] Built target diff_node
[23.442s] Invoked command in '/home/luuk/turtle3_control/build/turtle3_control' returned '0': CMAKE_PREFIX_PATH=${CMAKE_PREFIX_PATH}:/opt/ros/humble /usr/bin/cmake --build /home/luuk/turtle3_control/build/turtle3_control -- -j8 -l8
[23.689s] Invoking command in '/home/luuk/turtle3_control/build/turtle3_control': CMAKE_PREFIX_PATH=${CMAKE_PREFIX_PATH}:/opt/ros/humble /usr/bin/cmake --install /home/luuk/turtle3_control/build/turtle3_control
[23.708s] -- Install configuration: ""
[23.709s] -- Installing: /home/luuk/turtle3_control/install/turtle3_control/lib/turtle3_control/diff_node
[23.741s] -- Set runtime path of "/home/luuk/turtle3_control/install/turtle3_control/lib/turtle3_control/diff_node" to ""
[23.742s] -- Up-to-date: /home/luuk/turtle3_control/install/turtle3_control/share/ament_index/resource_index/package_run_dependencies/turtle3_control
[23.742s] -- Up-to-date: /home/luuk/turtle3_control/install/turtle3_control/share/ament_index/resource_index/parent_prefix_path/turtle3_control
[23.743s] -- Up-to-date: /home/luuk/turtle3_control/install/turtle3_control/share/turtle3_control/environment/ament_prefix_path.sh
[23.743s] -- Up-to-date: /home/luuk/turtle3_control/install/turtle3_control/share/turtle3_control/environment/ament_prefix_path.dsv
[23.743s] -- Up-to-date: /home/luuk/turtle3_control/install/turtle3_control/share/turtle3_control/environment/path.sh
[23.746s] -- Up-to-date: /home/luuk/turtle3_control/install/turtle3_control/share/turtle3_control/environment/path.dsv
[23.746s] -- Up-to-date: /home/luuk/turtle3_control/install/turtle3_control/share/turtle3_control/local_setup.bash
[23.747s] -- Up-to-date: /home/luuk/turtle3_control/install/turtle3_control/share/turtle3_control/local_setup.sh
[23.747s] -- Up-to-date: /home/luuk/turtle3_control/install/turtle3_control/share/turtle3_control/local_setup.zsh
[23.751s] -- Up-to-date: /home/luuk/turtle3_control/install/turtle3_control/share/turtle3_control/local_setup.dsv
[23.752s] -- Installing: /home/luuk/turtle3_control/install/turtle3_control/share/turtle3_control/package.dsv
[23.752s] -- Up-to-date: /home/luuk/turtle3_control/install/turtle3_control/share/ament_index/resource_index/packages/turtle3_control
[23.752s] -- Up-to-date: /home/luuk/turtle3_control/install/turtle3_control/share/turtle3_control/cmake/turtle3_controlConfig.cmake
[23.755s] -- Up-to-date: /home/luuk/turtle3_control/install/turtle3_control/share/turtle3_control/cmake/turtle3_controlConfig-version.cmake
[23.756s] -- Up-to-date: /home/luuk/turtle3_control/install/turtle3_control/share/turtle3_control/package.xml
[23.756s] Invoked command in '/home/luuk/turtle3_control/build/turtle3_control' returned '0': CMAKE_PREFIX_PATH=${CMAKE_PREFIX_PATH}:/opt/ros/humble /usr/bin/cmake --install /home/luuk/turtle3_control/build/turtle3_control
