-- Found ament_cmake: 1.3.5 (/opt/ros/humble/share/ament_cmake/cmake)
-- Found rclcpp: 16.0.5 (/opt/ros/humble/share/rclcpp/cmake)
-- Found rosidl_generator_c: 3.1.5 (/opt/ros/humble/share/rosidl_generator_c/cmake)
-- Found rosidl_adapter: 3.1.5 (/opt/ros/humble/share/rosidl_adapter/cmake)
-- Found rosidl_generator_cpp: 3.1.5 (/opt/ros/humble/share/rosidl_generator_cpp/cmake)
-- Using all available rosidl_typesupport_c: rosidl_typesupport_fastrtps_c;rosidl_typesupport_introspection_c
-- Using all available rosidl_typesupport_cpp: rosidl_typesupport_fastrtps_cpp;rosidl_typesupport_introspection_cpp
-- Found rmw_implementation_cmake: 6.1.1 (/opt/ros/humble/share/rmw_implementation_cmake/cmake)
-- Found rmw_fastrtps_cpp: 6.2.3 (/opt/ros/humble/share/rmw_fastrtps_cpp/cmake)
-- Using RMW implementation 'rmw_fastrtps_cpp' as default
-- Found sensor_msgs: 4.2.3 (/opt/ros/humble/share/sensor_msgs/cmake)
-- Found cv_bridge: 3.2.1 (/opt/ros/humble/share/cv_bridge/cmake)
-- Found rosidl_default_generators: 1.2.0 (/opt/ros/humble/share/rosidl_default_generators/cmake)
-- Found ament_cmake_ros: 0.10.0 (/opt/ros/humble/share/ament_cmake_ros/cmake)
-- Using all available rosidl_typesupport_c: rosidl_typesupport_fastrtps_c;rosidl_typesupport_introspection_c
-- Using all available rosidl_typesupport_cpp: rosidl_typesupport_fastrtps_cpp;rosidl_typesupport_introspection_cpp
-- Found python_cmake_module: 0.10.0 (/opt/ros/humble/share/python_cmake_module/cmake)
-- Using PYTHON_EXECUTABLE: /usr/bin/python3
-- Using PYTHON_INCLUDE_DIRS: /usr/include/python3.10
-- Using PYTHON_LIBRARIES: /usr/lib/x86_64-linux-gnu/libpython3.10.so
-- Configuring done
-- Generating done
-- Build files have been written to: /home/luuk/linetracking/build/line_tracking
[35m[1mConsolidate compiler generated dependencies of target line_detection[0m
[35m[1mConsolidate compiler generated dependencies of target line_tracking__rosidl_generator_c[0m
[35m[1mConsolidate compiler generated dependencies of target compressed_viewer[0m
[  2%] Built target line_tracking__cpp
[ 11%] Built target line_tracking__rosidl_generator_c
[ 13%] [32mBuilding CXX object CMakeFiles/line_detection.dir/src/line_detection/vision_process.cpp.o[0m
[ 15%] [32mBuilding CXX object CMakeFiles/line_detection.dir/src/line_detection/line_detection.cpp.o[0m
[35m[1mConsolidate compiler generated dependencies of target line_tracking__rosidl_typesupport_cpp[0m
[ 15%] Built target ament_cmake_python_copy_line_tracking
[ 20%] Built target compressed_viewer
[35m[1mConsolidate compiler generated dependencies of target line_tracking__rosidl_typesupport_fastrtps_cpp[0m
[35m[1mConsolidate compiler generated dependencies of target line_tracking__rosidl_typesupport_fastrtps_c[0m
[35m[1mConsolidate compiler generated dependencies of target line_tracking__rosidl_typesupport_introspection_cpp[0m
[35m[1mConsolidate compiler generated dependencies of target line_tracking__rosidl_typesupport_introspection_c[0m
[ 28%] Built target line_tracking__rosidl_typesupport_cpp
[35m[1mConsolidate compiler generated dependencies of target line_tracking__rosidl_typesupport_c[0m
[ 37%] Built target line_tracking__rosidl_typesupport_fastrtps_c
[ 46%] Built target line_tracking__rosidl_typesupport_c
[ 55%] Built target line_tracking__rosidl_typesupport_fastrtps_cpp
[ 64%] Built target line_tracking__rosidl_typesupport_introspection_c
[ 73%] Built target line_tracking__rosidl_typesupport_introspection_cpp
[ 73%] Built target line_tracking
[ 75%] Built target line_tracking__py
[35m[1mConsolidate compiler generated dependencies of target line_tracking__rosidl_generator_py[0m
[ 82%] Built target line_tracking__rosidl_generator_py
[ 84%] [32mBuilding C object CMakeFiles/line_tracking__rosidl_typesupport_c__pyext.dir/rosidl_generator_py/line_tracking/_line_tracking_s.ep.rosidl_typesupport_c.c.o[0m
[ 86%] [32mBuilding C object CMakeFiles/line_tracking__rosidl_typesupport_introspection_c__pyext.dir/rosidl_generator_py/line_tracking/_line_tracking_s.ep.rosidl_typesupport_introspection_c.c.o[0m
[ 88%] [32mBuilding C object CMakeFiles/line_tracking__rosidl_typesupport_fastrtps_c__pyext.dir/rosidl_generator_py/line_tracking/_line_tracking_s.ep.rosidl_typesupport_fastrtps_c.c.o[0m
running egg_info
writing line_tracking.egg-info/PKG-INFO
writing dependency_links to line_tracking.egg-info/dependency_links.txt
writing top-level names to line_tracking.egg-info/top_level.txt
reading manifest file 'line_tracking.egg-info/SOURCES.txt'
writing manifest file 'line_tracking.egg-info/SOURCES.txt'
[ 91%] [32m[1mLinking C shared library rosidl_generator_py/line_tracking/line_tracking_s__rosidl_typesupport_fastrtps_c.cpython-310-x86_64-linux-gnu.so[0m
[ 93%] [32m[1mLinking C shared library rosidl_generator_py/line_tracking/line_tracking_s__rosidl_typesupport_introspection_c.cpython-310-x86_64-linux-gnu.so[0m
[ 93%] Built target ament_cmake_python_build_line_tracking_egg
[ 95%] [32m[1mLinking C shared library rosidl_generator_py/line_tracking/line_tracking_s__rosidl_typesupport_c.cpython-310-x86_64-linux-gnu.so[0m
[ 95%] Built target line_tracking__rosidl_typesupport_fastrtps_c__pyext
[ 95%] Built target line_tracking__rosidl_typesupport_introspection_c__pyext
[ 95%] Built target line_tracking__rosidl_typesupport_c__pyext
