[0.103s] Invoking command in '/home/luuk/linetracking/build/line_tracking': CMAKE_PREFIX_PATH=${CMAKE_PREFIX_PATH}:/opt/ros/humble /usr/bin/cmake --build /home/luuk/linetracking/build/line_tracking -- -j8 -l8
[0.302s] -- Found ament_cmake: 1.3.5 (/opt/ros/humble/share/ament_cmake/cmake)
[1.109s] -- Found rclcpp: 16.0.5 (/opt/ros/humble/share/rclcpp/cmake)
[1.356s] -- Found rosidl_generator_c: 3.1.5 (/opt/ros/humble/share/rosidl_generator_c/cmake)
[1.382s] -- Found rosidl_adapter: 3.1.5 (/opt/ros/humble/share/rosidl_adapter/cmake)
[1.433s] -- Found rosidl_generator_cpp: 3.1.5 (/opt/ros/humble/share/rosidl_generator_cpp/cmake)
[1.515s] -- Using all available rosidl_typesupport_c: rosidl_typesupport_fastrtps_c;rosidl_typesupport_introspection_c
[1.598s] -- Using all available rosidl_typesupport_cpp: rosidl_typesupport_fastrtps_cpp;rosidl_typesupport_introspection_cpp
[1.931s] -- Found rmw_implementation_cmake: 6.1.1 (/opt/ros/humble/share/rmw_implementation_cmake/cmake)
[1.939s] -- Found rmw_fastrtps_cpp: 6.2.3 (/opt/ros/humble/share/rmw_fastrtps_cpp/cmake)
[2.489s] -- Using RMW implementation 'rmw_fastrtps_cpp' as default
[3.259s] -- Found sensor_msgs: 4.2.3 (/opt/ros/humble/share/sensor_msgs/cmake)
[3.820s] -- Found cv_bridge: 3.2.1 (/opt/ros/humble/share/cv_bridge/cmake)
[4.165s] -- Configuring done
[4.361s] -- Generating done
[4.376s] -- Build files have been written to: /home/luuk/linetracking/build/line_tracking
[4.541s] [35m[1mConsolidate compiler generated dependencies of target compressed_viewer[0m
[4.541s] [35m[1mConsolidate compiler generated dependencies of target line_detection[0m
[4.660s] [ 16%] [32mBuilding CXX object CMakeFiles/line_detection.dir/src/line_detection/vision_process.cpp.o[0m
[4.706s] [ 50%] Built target compressed_viewer
[10.157s] [01m[K/home/luuk/linetracking/src/line_detection/vision_process.cpp:[m[K In member function ‘[01m[Kstd::vector<float> VisionProcess::Decode(cv_bridge::CvImagePtr)[m[K’:
[10.157s] [01m[K/home/luuk/linetracking/src/line_detection/vision_process.cpp:30:1:[m[K [01;35m[Kwarning: [m[Kno return statement in function returning non-void [[01;35m[K]8;;https://gcc.gnu.org/onlinedocs/gcc/Warning-Options.html#index-Wreturn-type-Wreturn-type]8;;[m[K]
[10.158s]    30 | [01;35m[K}[m[K
[10.158s]       | [01;35m[K^[m[K
[12.484s] [ 66%] [32m[1mLinking CXX executable line_detection[0m
[16.768s] /usr/bin/ld: CMakeFiles/line_detection.dir/src/line_detection/line_detection.cpp.o: in function `LineDetection::LineDetection()':
[16.769s] line_detection.cpp:(.text._ZN13LineDetectionC2Ev[_ZN13LineDetectionC5Ev]+0x9cd): undefined reference to `VisionProcess::VisionProcess(NodeConfig*)'
[17.285s] collect2: error: ld returned 1 exit status
[17.294s] gmake[2]: *** [CMakeFiles/line_detection.dir/build.make:214: line_detection] Error 1
[17.299s] gmake[1]: *** [CMakeFiles/Makefile2:165: CMakeFiles/line_detection.dir/all] Error 2
[17.300s] gmake: *** [Makefile:146: all] Error 2
[17.302s] Invoked command in '/home/luuk/linetracking/build/line_tracking' returned '2': CMAKE_PREFIX_PATH=${CMAKE_PREFIX_PATH}:/opt/ros/humble /usr/bin/cmake --build /home/luuk/linetracking/build/line_tracking -- -j8 -l8
