[0.073s] Invoking command in '/home/luuk/linetracking/build/line_tracking': CMAKE_PREFIX_PATH=/opt/ros/humble /usr/bin/cmake --build /home/luuk/linetracking/build/line_tracking -- -j8 -l8
[0.431s] -- Found ament_cmake: 1.3.5 (/opt/ros/humble/share/ament_cmake/cmake)
[1.134s] -- Found rclcpp: 16.0.5 (/opt/ros/humble/share/rclcpp/cmake)
[1.402s] -- Found rosidl_generator_c: 3.1.5 (/opt/ros/humble/share/rosidl_generator_c/cmake)
[1.420s] -- Found rosidl_adapter: 3.1.5 (/opt/ros/humble/share/rosidl_adapter/cmake)
[1.461s] -- Found rosidl_generator_cpp: 3.1.5 (/opt/ros/humble/share/rosidl_generator_cpp/cmake)
[1.530s] -- Using all available rosidl_typesupport_c: rosidl_typesupport_fastrtps_c;rosidl_typesupport_introspection_c
[1.616s] -- Using all available rosidl_typesupport_cpp: rosidl_typesupport_fastrtps_cpp;rosidl_typesupport_introspection_cpp
[1.912s] -- Found rmw_implementation_cmake: 6.1.1 (/opt/ros/humble/share/rmw_implementation_cmake/cmake)
[1.937s] -- Found rmw_fastrtps_cpp: 6.2.3 (/opt/ros/humble/share/rmw_fastrtps_cpp/cmake)
[2.426s] -- Using RMW implementation 'rmw_fastrtps_cpp' as default
[3.001s] -- Found sensor_msgs: 4.2.3 (/opt/ros/humble/share/sensor_msgs/cmake)
[3.469s] -- Found cv_bridge: 3.2.1 (/opt/ros/humble/share/cv_bridge/cmake)
[3.827s] -- Configuring done
[4.022s] -- Generating done
[4.037s] -- Build files have been written to: /home/luuk/linetracking/build/line_tracking
[4.147s] [35m[1mConsolidate compiler generated dependencies of target compressed_viewer[0m
[4.162s] [35m[1mConsolidate compiler generated dependencies of target line_detection[0m
[4.274s] [ 16%] [32mBuilding CXX object CMakeFiles/line_detection.dir/src/line_detection/line_detection.cpp.o[0m
[4.275s] [ 50%] Built target compressed_viewer
[4.280s] [ 66%] [32mBuilding CXX object CMakeFiles/line_detection.dir/src/line_detection/vision_process.cpp.o[0m
[12.319s] In file included from [01m[K/usr/include/c++/11/vector:66[m[K,
[12.320s]                  from [01m[K/home/luuk/linetracking/src/line_detection/include/vision_process.hpp:5[m[K,
[12.321s]                  from [01m[K/home/luuk/linetracking/src/line_detection/vision_process.cpp:1[m[K:
[12.321s] /usr/include/c++/11/bits/stl_uninitialized.h: In instantiation of ‘[01m[K_ForwardIterator std::uninitialized_copy(_InputIterator, _InputIterator, _ForwardIterator) [with _InputIterator = __gnu_cxx::__normal_iterator<cv::Point_<int>*, std::vector<cv::Point_<int> > >; _ForwardIterator = std::vector<cv::Point_<int> >*][m[K’:
[12.322s] [01m[K/usr/include/c++/11/bits/stl_uninitialized.h:333:37:[m[K   required from ‘[01m[K_ForwardIterator std::__uninitialized_copy_a(_InputIterator, _InputIterator, _ForwardIterator, std::allocator<_Tp>&) [with _InputIterator = __gnu_cxx::__normal_iterator<cv::Point_<int>*, std::vector<cv::Point_<int> > >; _ForwardIterator = std::vector<cv::Point_<int> >*; _Tp = std::vector<cv::Point_<int> >][m[K’
[12.323s] [01m[K/usr/include/c++/11/bits/vector.tcc:751:34:[m[K   required from ‘[01m[Kvoid std::vector<_Tp, _Alloc>::_M_range_insert(std::vector<_Tp, _Alloc>::iterator, _ForwardIterator, _ForwardIterator, std::forward_iterator_tag) [with _ForwardIterator = __gnu_cxx::__normal_iterator<cv::Point_<int>*, std::vector<cv::Point_<int> > >; _Tp = std::vector<cv::Point_<int> >; _Alloc = std::allocator<std::vector<cv::Point_<int> > >; std::vector<_Tp, _Alloc>::iterator = std::vector<std::vector<cv::Point_<int> > >::iterator][m[K’
[12.323s] [01m[K/usr/include/c++/11/bits/stl_vector.h:1665:19:[m[K   required from ‘[01m[Kvoid std::vector<_Tp, _Alloc>::_M_insert_dispatch(std::vector<_Tp, _Alloc>::iterator, _InputIterator, _InputIterator, std::__false_type) [with _InputIterator = __gnu_cxx::__normal_iterator<cv::Point_<int>*, std::vector<cv::Point_<int> > >; _Tp = std::vector<cv::Point_<int> >; _Alloc = std::allocator<std::vector<cv::Point_<int> > >; std::vector<_Tp, _Alloc>::iterator = std::vector<std::vector<cv::Point_<int> > >::iterator][m[K’
[12.323s] [01m[K/usr/include/c++/11/bits/stl_vector.h:1383:22:[m[K   required from ‘[01m[Kstd::vector<_Tp, _Alloc>::iterator std::vector<_Tp, _Alloc>::insert(std::vector<_Tp, _Alloc>::const_iterator, _InputIterator, _InputIterator) [with _InputIterator = __gnu_cxx::__normal_iterator<cv::Point_<int>*, std::vector<cv::Point_<int> > >; <template-parameter-2-2> = void; _Tp = std::vector<cv::Point_<int> >; _Alloc = std::allocator<std::vector<cv::Point_<int> > >; std::vector<_Tp, _Alloc>::iterator = std::vector<std::vector<cv::Point_<int> > >::iterator; std::vector<_Tp, _Alloc>::const_iterator = std::vector<std::vector<cv::Point_<int> > >::const_iterator][m[K’
[12.323s] [01m[K/home/luuk/linetracking/src/line_detection/vision_process.cpp:84:26:[m[K   required from here
[12.324s] [01m[K/usr/include/c++/11/bits/stl_uninitialized.h:138:72:[m[K [01;31m[Kerror: [m[Kstatic assertion failed: result type must be constructible from value type of input range
[12.324s]   138 |       static_assert(is_constructible<_ValueType2, decltype(*__first)>::[01;31m[Kvalue[m[K,
[12.324s]       |                                                                        [01;31m[K^~~~~[m[K
[12.325s] [01m[K/usr/include/c++/11/bits/stl_uninitialized.h:138:72:[m[K [01;36m[Knote: [m[K‘[01m[Kstd::integral_constant<bool, false>::value[m[K’ evaluates to false
[12.549s] In file included from [01m[K/usr/include/c++/11/bits/char_traits.h:39[m[K,
[12.550s]                  from [01m[K/usr/include/c++/11/string:40[m[K,
[12.550s]                  from [01m[K/home/luuk/linetracking/src/line_detection/include/vision_process.hpp:4[m[K,
[12.550s]                  from [01m[K/home/luuk/linetracking/src/line_detection/vision_process.cpp:1[m[K:
[12.551s] /usr/include/c++/11/bits/stl_algobase.h: In instantiation of ‘[01m[Kstatic _OI std::__copy_move<false, false, std::random_access_iterator_tag>::__copy_m(_II, _II, _OI) [with _II = cv::Point_<int>*; _OI = std::vector<cv::Point_<int> >*][m[K’:
[12.551s] [01m[K/usr/include/c++/11/bits/stl_algobase.h:495:30:[m[K   required from ‘[01m[K_OI std::__copy_move_a2(_II, _II, _OI) [with bool _IsMove = false; _II = cv::Point_<int>*; _OI = std::vector<cv::Point_<int> >*][m[K’
[12.551s] [01m[K/usr/include/c++/11/bits/stl_algobase.h:522:42:[m[K   required from ‘[01m[K_OI std::__copy_move_a1(_II, _II, _OI) [with bool _IsMove = false; _II = cv::Point_<int>*; _OI = std::vector<cv::Point_<int> >*][m[K’
[12.552s] [01m[K/usr/include/c++/11/bits/stl_algobase.h:530:31:[m[K   required from ‘[01m[K_OI std::__copy_move_a(_II, _II, _OI) [with bool _IsMove = false; _II = __gnu_cxx::__normal_iterator<cv::Point_<int>*, std::vector<cv::Point_<int> > >; _OI = __gnu_cxx::__normal_iterator<std::vector<cv::Point_<int> >*, std::vector<std::vector<cv::Point_<int> > > >][m[K’
[12.552s] [01m[K/usr/include/c++/11/bits/stl_algobase.h:620:7:[m[K   required from ‘[01m[K_OI std::copy(_II, _II, _OI) [with _II = __gnu_cxx::__normal_iterator<cv::Point_<int>*, std::vector<cv::Point_<int> > >; _OI = __gnu_cxx::__normal_iterator<std::vector<cv::Point_<int> >*, std::vector<std::vector<cv::Point_<int> > > >][m[K’
[12.552s] [01m[K/usr/include/c++/11/bits/vector.tcc:744:16:[m[K   required from ‘[01m[Kvoid std::vector<_Tp, _Alloc>::_M_range_insert(std::vector<_Tp, _Alloc>::iterator, _ForwardIterator, _ForwardIterator, std::forward_iterator_tag) [with _ForwardIterator = __gnu_cxx::__normal_iterator<cv::Point_<int>*, std::vector<cv::Point_<int> > >; _Tp = std::vector<cv::Point_<int> >; _Alloc = std::allocator<std::vector<cv::Point_<int> > >; std::vector<_Tp, _Alloc>::iterator = std::vector<std::vector<cv::Point_<int> > >::iterator][m[K’
[12.552s] [01m[K/usr/include/c++/11/bits/stl_vector.h:1665:19:[m[K   required from ‘[01m[Kvoid std::vector<_Tp, _Alloc>::_M_insert_dispatch(std::vector<_Tp, _Alloc>::iterator, _InputIterator, _InputIterator, std::__false_type) [with _InputIterator = __gnu_cxx::__normal_iterator<cv::Point_<int>*, std::vector<cv::Point_<int> > >; _Tp = std::vector<cv::Point_<int> >; _Alloc = std::allocator<std::vector<cv::Point_<int> > >; std::vector<_Tp, _Alloc>::iterator = std::vector<std::vector<cv::Point_<int> > >::iterator][m[K’
[12.553s] [01m[K/usr/include/c++/11/bits/stl_vector.h:1383:22:[m[K   required from ‘[01m[Kstd::vector<_Tp, _Alloc>::iterator std::vector<_Tp, _Alloc>::insert(std::vector<_Tp, _Alloc>::const_iterator, _InputIterator, _InputIterator) [with _InputIterator = __gnu_cxx::__normal_iterator<cv::Point_<int>*, std::vector<cv::Point_<int> > >; <template-parameter-2-2> = void; _Tp = std::vector<cv::Point_<int> >; _Alloc = std::allocator<std::vector<cv::Point_<int> > >; std::vector<_Tp, _Alloc>::iterator = std::vector<std::vector<cv::Point_<int> > >::iterator; std::vector<_Tp, _Alloc>::const_iterator = std::vector<std::vector<cv::Point_<int> > >::const_iterator][m[K’
[12.553s] [01m[K/home/luuk/linetracking/src/line_detection/vision_process.cpp:84:26:[m[K   required from here
[12.553s] [01m[K/usr/include/c++/11/bits/stl_algobase.h:385:25:[m[K [01;31m[Kerror: [m[Kno match for ‘[01m[Koperator=[m[K’ (operand types are ‘[01m[Kstd::vector<cv::Point_<int> >[m[K’ and ‘[01m[Kcv::Point_<int>[m[K’)
[12.553s]   385 |               [01;31m[K*__result = *__first[m[K;
[12.554s]       |               [01;31m[K~~~~~~~~~~^~~~~~~~~~[m[K
[12.554s] In file included from [01m[K/usr/include/c++/11/vector:72[m[K,
[12.555s]                  from [01m[K/home/luuk/linetracking/src/line_detection/include/vision_process.hpp:5[m[K,
[12.555s]                  from [01m[K/home/luuk/linetracking/src/line_detection/vision_process.cpp:1[m[K:
[12.555s] [01m[K/usr/include/c++/11/bits/vector.tcc:198:5:[m[K [01;36m[Knote: [m[Kcandidate: ‘[01m[Kstd::vector<_Tp, _Alloc>& std::vector<_Tp, _Alloc>::operator=(const std::vector<_Tp, _Alloc>&) [with _Tp = cv::Point_<int>; _Alloc = std::allocator<cv::Point_<int> >][m[K’
[12.556s]   198 |     [01;36m[Kvector<_Tp, _Alloc>[m[K::
[12.556s]       |     [01;36m[K^~~~~~~~~~~~~~~~~~~[m[K
[12.556s] [01m[K/usr/include/c++/11/bits/vector.tcc:199:42:[m[K [01;36m[Knote: [m[K  no known conversion for argument 1 from ‘[01m[Kcv::Point_<int>[m[K’ to ‘[01m[Kconst std::vector<cv::Point_<int> >&[m[K’
[12.557s]   199 |     operator=([01;36m[Kconst vector<_Tp, _Alloc>& __x[m[K)
[12.557s]       |               [01;36m[K~~~~~~~~~~~~~~~~~~~~~~~~~~~^~~[m[K
[12.557s] In file included from [01m[K/usr/include/c++/11/vector:67[m[K,
[12.557s]                  from [01m[K/home/luuk/linetracking/src/line_detection/include/vision_process.hpp:5[m[K,
[12.558s]                  from [01m[K/home/luuk/linetracking/src/line_detection/vision_process.cpp:1[m[K:
[12.558s] [01m[K/usr/include/c++/11/bits/stl_vector.h:709:7:[m[K [01;36m[Knote: [m[Kcandidate: ‘[01m[Kstd::vector<_Tp, _Alloc>& std::vector<_Tp, _Alloc>::operator=(std::vector<_Tp, _Alloc>&&) [with _Tp = cv::Point_<int>; _Alloc = std::allocator<cv::Point_<int> >][m[K’
[12.558s]   709 |       [01;36m[Koperator[m[K=(vector&& __x) noexcept(_Alloc_traits::_S_nothrow_move())
[12.558s]       |       [01;36m[K^~~~~~~~[m[K
[12.559s] [01m[K/usr/include/c++/11/bits/stl_vector.h:709:26:[m[K [01;36m[Knote: [m[K  no known conversion for argument 1 from ‘[01m[Kcv::Point_<int>[m[K’ to ‘[01m[Kstd::vector<cv::Point_<int> >&&[m[K’
[12.559s]   709 |       operator=([01;36m[Kvector&& __x[m[K) noexcept(_Alloc_traits::_S_nothrow_move())
[12.559s]       |                 [01;36m[K~~~~~~~~~^~~[m[K
[12.559s] [01m[K/usr/include/c++/11/bits/stl_vector.h:730:7:[m[K [01;36m[Knote: [m[Kcandidate: ‘[01m[Kstd::vector<_Tp, _Alloc>& std::vector<_Tp, _Alloc>::operator=(std::initializer_list<_Tp>) [with _Tp = cv::Point_<int>; _Alloc = std::allocator<cv::Point_<int> >][m[K’
[12.560s]   730 |       [01;36m[Koperator[m[K=(initializer_list<value_type> __l)
[12.560s]       |       [01;36m[K^~~~~~~~[m[K
[12.560s] [01m[K/usr/include/c++/11/bits/stl_vector.h:730:46:[m[K [01;36m[Knote: [m[K  no known conversion for argument 1 from ‘[01m[Kcv::Point_<int>[m[K’ to ‘[01m[Kstd::initializer_list<cv::Point_<int> >[m[K’
[12.560s]   730 |       operator=([01;36m[Kinitializer_list<value_type> __l[m[K)
[12.560s]       |                 [01;36m[K~~~~~~~~~~~~~~~~~~~~~~~~~~~~~^~~[m[K
[12.815s] gmake[2]: *** [CMakeFiles/line_detection.dir/build.make:104: CMakeFiles/line_detection.dir/src/line_detection/vision_process.cpp.o] Interrupt
[12.815s] gmake[2]: *** wait: No child processes.  Stop.
[12.816s] gmake[2]: *** Waiting for unfinished jobs....
[12.816s] gmake[2]: *** wait: No child processes.  Stop.
[12.834s] gmake[1]: *** [CMakeFiles/Makefile2:165: CMakeFiles/line_detection.dir/all] Error 2
[12.835s] gmake: *** [Makefile:146: all] Interrupt
[12.859s] Invoked command in '/home/luuk/linetracking/build/line_tracking' returned '-2': CMAKE_PREFIX_PATH=/opt/ros/humble /usr/bin/cmake --build /home/luuk/linetracking/build/line_tracking -- -j8 -l8
