[01m[K/home/luuk/linetracking/src/line_detection/line_detection.cpp:[m[K In member function ‘[01m[Kvoid LineDetection::imageCompressedCallback(sensor_msgs::msg::CompressedImage_<std::allocator<void> >::SharedPtr)[m[K’:
[01m[K/home/luuk/linetracking/src/line_detection/line_detection.cpp:37:13:[m[K [01;31m[Kerror: [m[K‘[01m[Kcv_bridge[m[K’ has not been declared
   37 |             [01;31m[Kcv_bridge[m[K::CvImagePtr cv_ptr = cv_bridge::toCvCopy(msg, sensor_msgs::image_encodings::BGR8);
      |             [01;31m[K^~~~~~~~~[m[K
[01m[K/home/luuk/linetracking/src/line_detection/line_detection.cpp:39:18:[m[K [01;31m[Kerror: [m[K‘[01m[Kcv_bridge[m[K’ does not name a type
   39 |         } catch ([01;31m[Kcv_bridge[m[K::Exception& e) {
      |                  [01;31m[K^~~~~~~~~[m[K
[01m[K/home/luuk/linetracking/src/line_detection/line_detection.cpp:39:38:[m[K [01;31m[Kerror: [m[Kexpected unqualified-id before ‘[01m[K&[m[K’ token
   39 |         } catch (cv_bridge::Exception[01;31m[K&[m[K e) {
      |                                      [01;31m[K^[m[K
[01m[K/home/luuk/linetracking/src/line_detection/line_detection.cpp:39:38:[m[K [01;31m[Kerror: [m[Kexpected ‘[01m[K)[m[K’ before ‘[01m[K&[m[K’ token
[01m[K/home/luuk/linetracking/src/line_detection/line_detection.cpp:39:17:[m[K [01;36m[Knote: [m[Kto match this ‘[01m[K([m[K’
   39 |         } catch [01;36m[K([m[Kcv_bridge::Exception& e) {
      |                 [01;36m[K^[m[K
[01m[K/home/luuk/linetracking/src/line_detection/line_detection.cpp:39:38:[m[K [01;31m[Kerror: [m[Kexpected ‘[01m[K{[m[K’ before ‘[01m[K&[m[K’ token
   39 |         } catch (cv_bridge::Exception[01;31m[K&[m[K e) {
      |                                      [01;31m[K^[m[K
[01m[K/home/luuk/linetracking/src/line_detection/line_detection.cpp:39:40:[m[K [01;31m[Kerror: [m[K‘[01m[Ke[m[K’ was not declared in this scope
   39 |         } catch (cv_bridge::Exception& [01;31m[Ke[m[K) {
      |                                        [01;31m[K^[m[K
[01m[K/home/luuk/linetracking/src/line_detection/line_detection.cpp:35:85:[m[K [01;35m[Kwarning: [m[Kunused parameter ‘[01m[Kmsg[m[K’ [[01;35m[K]8;;https://gcc.gnu.org/onlinedocs/gcc/Warning-Options.html#index-Wunused-parameter-Wunused-parameter]8;;[m[K]
   35 |     void imageCompressedCallback([01;35m[Kconst sensor_msgs::msg::CompressedImage::SharedPtr msg[m[K) {
      |                                  [01;35m[K~~~~~~~~~~~~~~~~~~~~~~~~~~~~~~~~~~~~~~~~~~~~~~~~~~~^~~[m[K
[01m[K/home/luuk/linetracking/src/line_detection/line_detection.cpp:[m[K In member function ‘[01m[Kvoid LineDetection::imageRawCallback(sensor_msgs::msg::Image_<std::allocator<void> >::SharedPtr)[m[K’:
[01m[K/home/luuk/linetracking/src/line_detection/line_detection.cpp:47:13:[m[K [01;31m[Kerror: [m[K‘[01m[Kcv_bridge[m[K’ has not been declared
   47 |             [01;31m[Kcv_bridge[m[K::CvImagePtr cv_ptr = cv_bridge::toCvCopy(msg, sensor_msgs::image_encodings::BGR8);
      |             [01;31m[K^~~~~~~~~[m[K
[01m[K/home/luuk/linetracking/src/line_detection/line_detection.cpp:49:18:[m[K [01;31m[Kerror: [m[K‘[01m[Kcv_bridge[m[K’ does not name a type
   49 |         } catch ([01;31m[Kcv_bridge[m[K::Exception& e) {
      |                  [01;31m[K^~~~~~~~~[m[K
[01m[K/home/luuk/linetracking/src/line_detection/line_detection.cpp:49:38:[m[K [01;31m[Kerror: [m[Kexpected unqualified-id before ‘[01m[K&[m[K’ token
   49 |         } catch (cv_bridge::Exception[01;31m[K&[m[K e) {
      |                                      [01;31m[K^[m[K
[01m[K/home/luuk/linetracking/src/line_detection/line_detection.cpp:49:38:[m[K [01;31m[Kerror: [m[Kexpected ‘[01m[K)[m[K’ before ‘[01m[K&[m[K’ token
[01m[K/home/luuk/linetracking/src/line_detection/line_detection.cpp:49:17:[m[K [01;36m[Knote: [m[Kto match this ‘[01m[K([m[K’
   49 |         } catch [01;36m[K([m[Kcv_bridge::Exception& e) {
      |                 [01;36m[K^[m[K
[01m[K/home/luuk/linetracking/src/line_detection/line_detection.cpp:49:38:[m[K [01;31m[Kerror: [m[Kexpected ‘[01m[K{[m[K’ before ‘[01m[K&[m[K’ token
   49 |         } catch (cv_bridge::Exception[01;31m[K&[m[K e) {
      |                                      [01;31m[K^[m[K
[01m[K/home/luuk/linetracking/src/line_detection/line_detection.cpp:49:40:[m[K [01;31m[Kerror: [m[K‘[01m[Ke[m[K’ was not declared in this scope
   49 |         } catch (cv_bridge::Exception& [01;31m[Ke[m[K) {
      |                                        [01;31m[K^[m[K
[01m[K/home/luuk/linetracking/src/line_detection/line_detection.cpp:45:68:[m[K [01;35m[Kwarning: [m[Kunused parameter ‘[01m[Kmsg[m[K’ [[01;35m[K]8;;https://gcc.gnu.org/onlinedocs/gcc/Warning-Options.html#index-Wunused-parameter-Wunused-parameter]8;;[m[K]
   45 |     void imageRawCallback([01;35m[Kconst sensor_msgs::msg::Image::SharedPtr msg[m[K) {
      |                           [01;35m[K~~~~~~~~~~~~~~~~~~~~~~~~~~~~~~~~~~~~~~~~~^~~[m[K
gmake[2]: *** [CMakeFiles/line_detection.dir/build.make:76: CMakeFiles/line_detection.dir/src/line_detection/line_detection.cpp.o] Error 1
gmake[1]: *** [CMakeFiles/Makefile2:165: CMakeFiles/line_detection.dir/all] Error 2
gmake: *** [Makefile:146: all] Error 2
