[0.056s] Invoking command in '/home/luuk/linetracking/build/line_tracking': CMAKE_PREFIX_PATH=/opt/ros/humble /usr/bin/cmake /home/luuk/linetracking -DCMAKE_INSTALL_PREFIX=/home/luuk/linetracking/install/line_tracking
[0.087s] -- Found ament_cmake: 1.3.5 (/opt/ros/humble/share/ament_cmake/cmake)
[0.483s] -- Found rclcpp: 16.0.5 (/opt/ros/humble/share/rclcpp/cmake)
[0.551s] -- Found rosidl_generator_c: 3.1.5 (/opt/ros/humble/share/rosidl_generator_c/cmake)
[0.556s] -- Found rosidl_adapter: 3.1.5 (/opt/ros/humble/share/rosidl_adapter/cmake)
[0.570s] -- Found rosidl_generator_cpp: 3.1.5 (/opt/ros/humble/share/rosidl_generator_cpp/cmake)
[0.595s] -- Using all available rosidl_typesupport_c: rosidl_typesupport_fastrtps_c;rosidl_typesupport_introspection_c
[0.638s] -- Using all available rosidl_typesupport_cpp: rosidl_typesupport_fastrtps_cpp;rosidl_typesupport_introspection_cpp
[0.858s] -- Found rmw_implementation_cmake: 6.1.1 (/opt/ros/humble/share/rmw_implementation_cmake/cmake)
[0.859s] -- Found rmw_fastrtps_cpp: 6.2.3 (/opt/ros/humble/share/rmw_fastrtps_cpp/cmake)
[1.215s] -- Using RMW implementation 'rmw_fastrtps_cpp' as default
[1.684s] -- Found sensor_msgs: 4.2.3 (/opt/ros/humble/share/sensor_msgs/cmake)
[2.034s] -- Found cv_bridge: 3.2.1 (/opt/ros/humble/share/cv_bridge/cmake)
[2.307s] -- Configuring done
[2.376s] -- Generating done
[2.379s] -- Build files have been written to: /home/luuk/linetracking/build/line_tracking
[2.400s] Invoked command in '/home/luuk/linetracking/build/line_tracking' returned '0': CMAKE_PREFIX_PATH=/opt/ros/humble /usr/bin/cmake /home/luuk/linetracking -DCMAKE_INSTALL_PREFIX=/home/luuk/linetracking/install/line_tracking
[2.409s] Invoking command in '/home/luuk/linetracking/build/line_tracking': CMAKE_PREFIX_PATH=/opt/ros/humble /usr/bin/cmake --build /home/luuk/linetracking/build/line_tracking -- -j8 -l8
[2.625s] [ 25%] [32mBuilding CXX object CMakeFiles/compressed_viewer.dir/src/compressed_viewer.cpp.o[0m
[2.640s] [ 50%] [32mBuilding CXX object CMakeFiles/line_detection.dir/src/line_detection.cpp.o[0m
[34.293s] [ 75%] [32m[1mLinking CXX executable line_detection[0m
[34.312s] [100%] [32m[1mLinking CXX executable compressed_viewer[0m
[37.604s] [100%] Built target line_detection
[37.613s] [100%] Built target compressed_viewer
[37.642s] Invoked command in '/home/luuk/linetracking/build/line_tracking' returned '0': CMAKE_PREFIX_PATH=/opt/ros/humble /usr/bin/cmake --build /home/luuk/linetracking/build/line_tracking -- -j8 -l8
[37.811s] Invoking command in '/home/luuk/linetracking/build/line_tracking': CMAKE_PREFIX_PATH=/opt/ros/humble /usr/bin/cmake --install /home/luuk/linetracking/build/line_tracking
[37.841s] -- Install configuration: ""
[37.842s] -- Installing: /home/luuk/linetracking/install/line_tracking/lib/line_tracking/compressed_viewer
[37.853s] -- Set runtime path of "/home/luuk/linetracking/install/line_tracking/lib/line_tracking/compressed_viewer" to ""
[37.853s] -- Installing: /home/luuk/linetracking/install/line_tracking/lib/line_tracking/line_detection
[37.870s] -- Set runtime path of "/home/luuk/linetracking/install/line_tracking/lib/line_tracking/line_detection" to ""
[37.870s] -- Installing: /home/luuk/linetracking/install/line_tracking/share/ament_index/resource_index/package_run_dependencies/line_tracking
[37.870s] -- Installing: /home/luuk/linetracking/install/line_tracking/share/ament_index/resource_index/parent_prefix_path/line_tracking
[37.873s] -- Installing: /home/luuk/linetracking/install/line_tracking/share/line_tracking/environment/ament_prefix_path.sh
[37.873s] -- Installing: /home/luuk/linetracking/install/line_tracking/share/line_tracking/environment/ament_prefix_path.dsv
[37.874s] -- Installing: /home/luuk/linetracking/install/line_tracking/share/line_tracking/environment/path.sh
[37.874s] -- Installing: /home/luuk/linetracking/install/line_tracking/share/line_tracking/environment/path.dsv
[37.874s] -- Installing: /home/luuk/linetracking/install/line_tracking/share/line_tracking/local_setup.bash
[37.874s] -- Installing: /home/luuk/linetracking/install/line_tracking/share/line_tracking/local_setup.sh
[37.875s] -- Installing: /home/luuk/linetracking/install/line_tracking/share/line_tracking/local_setup.zsh
[37.875s] -- Installing: /home/luuk/linetracking/install/line_tracking/share/line_tracking/local_setup.dsv
[37.876s] -- Installing: /home/luuk/linetracking/install/line_tracking/share/line_tracking/package.dsv
[37.877s] -- Installing: /home/luuk/linetracking/install/line_tracking/share/ament_index/resource_index/packages/line_tracking
[37.878s] -- Installing: /home/luuk/linetracking/install/line_tracking/share/line_tracking/cmake/line_trackingConfig.cmake
[37.878s] -- Installing: /home/luuk/linetracking/install/line_tracking/share/line_tracking/cmake/line_trackingConfig-version.cmake
[37.878s] -- Installing: /home/luuk/linetracking/install/line_tracking/share/line_tracking/package.xml
[37.888s] Invoked command in '/home/luuk/linetracking/build/line_tracking' returned '0': CMAKE_PREFIX_PATH=/opt/ros/humble /usr/bin/cmake --install /home/luuk/linetracking/build/line_tracking
