[0.753s] DEBUG:colcon:Command line arguments: ['/usr/bin/colcon', 'build']
[0.753s] DEBUG:colcon:Parsed command line arguments: Namespace(log_base=None, log_level=None, verb_name='build', build_base='build', install_base='install', merge_install=False, symlink_install=False, test_result_base=None, continue_on_error=False, executor='parallel', parallel_workers=8, event_handlers=None, ignore_user_meta=False, metas=['./colcon.meta'], base_paths=['.'], packages_ignore=None, packages_ignore_regex=None, paths=None, packages_up_to=None, packages_up_to_regex=None, packages_above=None, packages_above_and_dependencies=None, packages_above_depth=None, packages_select_by_dep=None, packages_skip_by_dep=None, packages_skip_up_to=None, packages_select_build_failed=False, packages_skip_build_finished=False, packages_select_test_failures=False, packages_skip_test_passed=False, packages_select=None, packages_skip=None, packages_select_regex=None, packages_skip_regex=None, packages_start=None, packages_end=None, allow_overriding=[], cmake_args=None, cmake_target=None, cmake_target_skip_unavailable=False, cmake_clean_cache=False, cmake_clean_first=False, cmake_force_configure=False, ament_cmake_args=None, catkin_cmake_args=None, catkin_skip_building_tests=False, verb_parser=<colcon_defaults.argument_parser.defaults.DefaultArgumentsDecorator object at 0x7f56852e3220>, verb_extension=<colcon_core.verb.build.BuildVerb object at 0x7f5685b356c0>, main=<bound method BuildVerb.main of <colcon_core.verb.build.BuildVerb object at 0x7f5685b356c0>>)
[0.813s] Level 1:colcon.colcon_core.package_discovery:discover_packages(colcon_meta) check parameters
[0.814s] Level 1:colcon.colcon_core.package_discovery:discover_packages(recursive) check parameters
[0.814s] Level 1:colcon.colcon_core.package_discovery:discover_packages(ignore) check parameters
[0.814s] Level 1:colcon.colcon_core.package_discovery:discover_packages(path) check parameters
[0.814s] Level 1:colcon.colcon_core.package_discovery:discover_packages(colcon_meta) discover
[0.814s] Level 1:colcon.colcon_core.package_discovery:discover_packages(recursive) discover
[0.814s] INFO:colcon.colcon_core.package_discovery:Crawling recursively for packages in '/home/luuk/linetracking'
[0.814s] Level 1:colcon.colcon_core.package_identification:_identify(.) by extensions ['ignore', 'ignore_ament_install']
[0.815s] Level 1:colcon.colcon_core.package_identification:_identify(.) by extension 'ignore'
[0.815s] Level 1:colcon.colcon_core.package_identification:_identify(.) by extension 'ignore_ament_install'
[0.815s] Level 1:colcon.colcon_core.package_identification:_identify(.) by extensions ['colcon_pkg']
[0.815s] Level 1:colcon.colcon_core.package_identification:_identify(.) by extension 'colcon_pkg'
[0.815s] Level 1:colcon.colcon_core.package_identification:_identify(.) by extensions ['colcon_meta']
[0.815s] Level 1:colcon.colcon_core.package_identification:_identify(.) by extension 'colcon_meta'
[0.815s] Level 1:colcon.colcon_core.package_identification:_identify(.) by extensions ['ros']
[0.815s] Level 1:colcon.colcon_core.package_identification:_identify(.) by extension 'ros'
[0.849s] DEBUG:colcon.colcon_core.package_identification:Package '.' with type 'ros.ament_cmake' and name 'line_tracking'
[0.849s] Level 1:colcon.colcon_core.package_discovery:discover_packages(recursive) using defaults
[0.849s] Level 1:colcon.colcon_core.package_discovery:discover_packages(ignore) discover
[0.849s] Level 1:colcon.colcon_core.package_discovery:discover_packages(ignore) using defaults
[0.849s] Level 1:colcon.colcon_core.package_discovery:discover_packages(path) discover
[0.849s] Level 1:colcon.colcon_core.package_discovery:discover_packages(path) using defaults
[0.892s] Level 1:colcon.colcon_core.package_discovery:discover_packages(prefix_path) check parameters
[0.892s] Level 1:colcon.colcon_core.package_discovery:discover_packages(prefix_path) discover
[0.897s] DEBUG:colcon.colcon_installed_package_information.package_discovery:Found 2 installed packages in /home/luuk/linetracking/install
[0.907s] DEBUG:colcon.colcon_installed_package_information.package_discovery:Found 399 installed packages in /opt/ros/humble
[0.911s] Level 1:colcon.colcon_core.package_discovery:discover_packages(prefix_path) using defaults
[1.078s] Level 5:colcon.colcon_core.verb:set package 'line_tracking' build argument 'cmake_args' from command line to 'None'
[1.079s] Level 5:colcon.colcon_core.verb:set package 'line_tracking' build argument 'cmake_target' from command line to 'None'
[1.079s] Level 5:colcon.colcon_core.verb:set package 'line_tracking' build argument 'cmake_target_skip_unavailable' from command line to 'False'
[1.079s] Level 5:colcon.colcon_core.verb:set package 'line_tracking' build argument 'cmake_clean_cache' from command line to 'False'
[1.079s] Level 5:colcon.colcon_core.verb:set package 'line_tracking' build argument 'cmake_clean_first' from command line to 'False'
[1.079s] Level 5:colcon.colcon_core.verb:set package 'line_tracking' build argument 'cmake_force_configure' from command line to 'False'
[1.079s] Level 5:colcon.colcon_core.verb:set package 'line_tracking' build argument 'ament_cmake_args' from command line to 'None'
[1.079s] Level 5:colcon.colcon_core.verb:set package 'line_tracking' build argument 'catkin_cmake_args' from command line to 'None'
[1.079s] Level 5:colcon.colcon_core.verb:set package 'line_tracking' build argument 'catkin_skip_building_tests' from command line to 'False'
[1.080s] DEBUG:colcon.colcon_core.verb:Building package 'line_tracking' with the following arguments: {'ament_cmake_args': None, 'build_base': '/home/luuk/linetracking/build/line_tracking', 'catkin_cmake_args': None, 'catkin_skip_building_tests': False, 'cmake_args': None, 'cmake_clean_cache': False, 'cmake_clean_first': False, 'cmake_force_configure': False, 'cmake_target': None, 'cmake_target_skip_unavailable': False, 'install_base': '/home/luuk/linetracking/install/line_tracking', 'merge_install': False, 'path': '/home/luuk/linetracking', 'symlink_install': False, 'test_result_base': None}
[1.081s] INFO:colcon.colcon_core.executor:Executing jobs using 'parallel' executor
[1.090s] DEBUG:colcon.colcon_parallel_executor.executor.parallel:run_until_complete
[1.090s] INFO:colcon.colcon_ros.task.ament_cmake.build:Building ROS package in '/home/luuk/linetracking' with build type 'ament_cmake'
[1.090s] INFO:colcon.colcon_cmake.task.cmake.build:Building CMake package in '/home/luuk/linetracking'
[1.102s] INFO:colcon.colcon_core.plugin_system:Skipping extension 'colcon_core.shell.bat': Not used on non-Windows systems
[1.103s] INFO:colcon.colcon_core.shell:Skip shell extension 'powershell' for command environment: Not usable outside of PowerShell
[1.103s] DEBUG:colcon.colcon_core.shell:Skip shell extension 'dsv' for command environment
[1.158s] DEBUG:colcon.colcon_core.event_handler.log_command:Invoking command in '/home/luuk/linetracking/build/line_tracking': CMAKE_PREFIX_PATH=${CMAKE_PREFIX_PATH}:/opt/ros/humble /usr/bin/cmake --build /home/luuk/linetracking/build/line_tracking -- -j8 -l8
[3.697s] DEBUG:colcon.colcon_core.event_handler.log_command:Invoked command in '/home/luuk/linetracking/build/line_tracking' returned '2': CMAKE_PREFIX_PATH=${CMAKE_PREFIX_PATH}:/opt/ros/humble /usr/bin/cmake --build /home/luuk/linetracking/build/line_tracking -- -j8 -l8
[3.872s] Level 1:colcon.colcon_core.environment:create_environment_scripts_only(line_tracking)
[3.885s] Level 1:colcon.colcon_core.environment:checking '/home/luuk/linetracking/install/line_tracking' for CMake module files
[3.887s] Level 1:colcon.colcon_core.environment:checking '/home/luuk/linetracking/install/line_tracking' for CMake config files
[3.887s] Level 1:colcon.colcon_core.shell:create_environment_hook('line_tracking', 'cmake_prefix_path')
[3.890s] INFO:colcon.colcon_core.shell:Creating environment hook '/home/luuk/linetracking/install/line_tracking/share/line_tracking/hook/cmake_prefix_path.ps1'
[3.892s] INFO:colcon.colcon_core.shell:Creating environment descriptor '/home/luuk/linetracking/install/line_tracking/share/line_tracking/hook/cmake_prefix_path.dsv'
[3.893s] INFO:colcon.colcon_core.shell:Creating environment hook '/home/luuk/linetracking/install/line_tracking/share/line_tracking/hook/cmake_prefix_path.sh'
[3.896s] Level 1:colcon.colcon_core.environment:checking '/home/luuk/linetracking/install/line_tracking/lib'
[3.897s] Level 1:colcon.colcon_core.environment:checking '/home/luuk/linetracking/install/line_tracking/bin'
[3.897s] Level 1:colcon.colcon_core.environment:checking '/home/luuk/linetracking/install/line_tracking/lib/pkgconfig/line_tracking.pc'
[3.898s] Level 1:colcon.colcon_core.environment:checking '/home/luuk/linetracking/install/line_tracking/lib/python3.10/site-packages'
[3.898s] Level 1:colcon.colcon_core.environment:checking '/home/luuk/linetracking/install/line_tracking/bin'
[3.902s] INFO:colcon.colcon_core.shell:Creating package script '/home/luuk/linetracking/install/line_tracking/share/line_tracking/package.ps1'
[3.905s] INFO:colcon.colcon_core.shell:Creating package descriptor '/home/luuk/linetracking/install/line_tracking/share/line_tracking/package.dsv'
[3.907s] INFO:colcon.colcon_core.shell:Creating package script '/home/luuk/linetracking/install/line_tracking/share/line_tracking/package.sh'
[3.909s] INFO:colcon.colcon_core.shell:Creating package script '/home/luuk/linetracking/install/line_tracking/share/line_tracking/package.bash'
[3.911s] INFO:colcon.colcon_core.shell:Creating package script '/home/luuk/linetracking/install/line_tracking/share/line_tracking/package.zsh'
[3.914s] Level 1:colcon.colcon_core.environment:create_file_with_runtime_dependencies(/home/luuk/linetracking/install/line_tracking/share/colcon-core/packages/line_tracking)
[3.928s] DEBUG:colcon.colcon_parallel_executor.executor.parallel:closing loop
[3.929s] DEBUG:colcon.colcon_parallel_executor.executor.parallel:loop closed
[3.929s] DEBUG:colcon.colcon_parallel_executor.executor.parallel:run_until_complete finished with '2'
[3.930s] DEBUG:colcon.colcon_core.event_reactor:joining thread
[3.942s] INFO:colcon.colcon_core.plugin_system:Skipping extension 'colcon_notification.desktop_notification.terminal_notifier': Not used on non-Darwin systems
[3.942s] INFO:colcon.colcon_core.plugin_system:Skipping extension 'colcon_notification.desktop_notification.win32': Not used on non-Windows systems
[3.942s] INFO:colcon.colcon_notification.desktop_notification:Sending desktop notification using 'notify2'
[3.995s] DEBUG:colcon.colcon_core.event_reactor:joined thread
[4.000s] INFO:colcon.colcon_core.shell:Creating prefix script '/home/luuk/linetracking/install/local_setup.ps1'
[4.003s] INFO:colcon.colcon_core.shell:Creating prefix util module '/home/luuk/linetracking/install/_local_setup_util_ps1.py'
[4.006s] INFO:colcon.colcon_core.shell:Creating prefix chain script '/home/luuk/linetracking/install/setup.ps1'
[4.010s] INFO:colcon.colcon_core.shell:Creating prefix script '/home/luuk/linetracking/install/local_setup.sh'
[4.012s] INFO:colcon.colcon_core.shell:Creating prefix util module '/home/luuk/linetracking/install/_local_setup_util_sh.py'
[4.014s] INFO:colcon.colcon_core.shell:Creating prefix chain script '/home/luuk/linetracking/install/setup.sh'
[4.018s] INFO:colcon.colcon_core.shell:Creating prefix script '/home/luuk/linetracking/install/local_setup.bash'
[4.020s] INFO:colcon.colcon_core.shell:Creating prefix chain script '/home/luuk/linetracking/install/setup.bash'
[4.027s] INFO:colcon.colcon_core.shell:Creating prefix script '/home/luuk/linetracking/install/local_setup.zsh'
[4.028s] INFO:colcon.colcon_core.shell:Creating prefix chain script '/home/luuk/linetracking/install/setup.zsh'
