[0.038s] Invoking command in '/home/luuk/linetracking/build/line_tracking': CMAKE_PREFIX_PATH=${CMAKE_PREFIX_PATH}:/opt/ros/humble /usr/bin/cmake --build /home/luuk/linetracking/build/line_tracking -- -j8 -l8
[0.129s] -- Found ament_cmake: 1.3.5 (/opt/ros/humble/share/ament_cmake/cmake)
[0.553s] -- Found rclcpp: 16.0.5 (/opt/ros/humble/share/rclcpp/cmake)
[0.636s] -- Found rosidl_generator_c: 3.1.5 (/opt/ros/humble/share/rosidl_generator_c/cmake)
[0.646s] -- Found rosidl_adapter: 3.1.5 (/opt/ros/humble/share/rosidl_adapter/cmake)
[0.668s] -- Found rosidl_generator_cpp: 3.1.5 (/opt/ros/humble/share/rosidl_generator_cpp/cmake)
[0.707s] -- Using all available rosidl_typesupport_c: rosidl_typesupport_fastrtps_c;rosidl_typesupport_introspection_c
[0.760s] -- Using all available rosidl_typesupport_cpp: rosidl_typesupport_fastrtps_cpp;rosidl_typesupport_introspection_cpp
[0.935s] -- Found rmw_implementation_cmake: 6.1.1 (/opt/ros/humble/share/rmw_implementation_cmake/cmake)
[0.937s] -- Found rmw_fastrtps_cpp: 6.2.3 (/opt/ros/humble/share/rmw_fastrtps_cpp/cmake)
[1.306s] -- Using RMW implementation 'rmw_fastrtps_cpp' as default
[1.793s] -- Found sensor_msgs: 4.2.3 (/opt/ros/humble/share/sensor_msgs/cmake)
[2.171s] -- Found cv_bridge: 3.2.1 (/opt/ros/humble/share/cv_bridge/cmake)
[2.388s] -- Configuring done
[2.448s] -- Generating done
[2.457s] -- Build files have been written to: /home/luuk/linetracking/build/line_tracking
[2.544s] [35m[1mConsolidate compiler generated dependencies of target compressed_viewer[0m
[2.545s] [35m[1mConsolidate compiler generated dependencies of target line_detection[0m
[2.603s] [ 16%] [32mBuilding CXX object CMakeFiles/line_detection.dir/src/line_detection/param_parser.cpp.o[0m
[2.604s] [ 33%] [32mBuilding CXX object CMakeFiles/line_detection.dir/src/line_detection/vision_process.cpp.o[0m
[2.615s] [ 66%] Built target compressed_viewer
[2.645s] [01m[K/home/luuk/linetracking/src/line_detection/param_parser.cpp:1:10:[m[K [01;31m[Kfatal error: [m[Kparam_parser.hpp: No such file or directory
[2.645s]     1 | #include [01;31m[K<param_parser.hpp>[m[K
[2.645s]       |          [01;31m[K^~~~~~~~~~~~~~~~~~[m[K
[2.645s] compilation terminated.
[2.645s] gmake[2]: *** [CMakeFiles/line_detection.dir/build.make:90: CMakeFiles/line_detection.dir/src/line_detection/param_parser.cpp.o] Error 1
[2.645s] gmake[2]: *** Waiting for unfinished jobs....
[6.790s] [01m[K/home/luuk/linetracking/src/line_detection/vision_process.cpp:[m[K In member function ‘[01m[Kstd::vector<float> VisionProcess::Decode(cv_bridge::CvImagePtr)[m[K’:
[6.791s] [01m[K/home/luuk/linetracking/src/line_detection/vision_process.cpp:28:1:[m[K [01;35m[Kwarning: [m[Kno return statement in function returning non-void [[01;35m[K]8;;https://gcc.gnu.org/onlinedocs/gcc/Warning-Options.html#index-Wreturn-type-Wreturn-type]8;;[m[K]
[6.791s]    28 | [01;35m[K}[m[K
[6.791s]       | [01;35m[K^[m[K
[8.197s] gmake[1]: *** [CMakeFiles/Makefile2:165: CMakeFiles/line_detection.dir/all] Error 2
[8.200s] gmake: *** [Makefile:146: all] Error 2
[8.202s] Invoked command in '/home/luuk/linetracking/build/line_tracking' returned '2': CMAKE_PREFIX_PATH=${CMAKE_PREFIX_PATH}:/opt/ros/humble /usr/bin/cmake --build /home/luuk/linetracking/build/line_tracking -- -j8 -l8
