[0.073s] Invoking command in '/home/luuk/turtle3_control/build/turtle3_control': CMAKE_PREFIX_PATH=${CMAKE_PREFIX_PATH}:/opt/ros/humble /usr/bin/cmake --build /home/luuk/turtle3_control/build/turtle3_control -- -j8 -l8
[0.247s] [35m[1mConsolidate compiler generated dependencies of target diff_node[0m
[0.307s] [ 50%] [32mBuilding CXX object CMakeFiles/diff_node.dir/src/diff_node.cpp.o[0m
[22.922s] [100%] [32m[1mLinking CXX executable diff_node[0m
[24.001s] [100%] Built target diff_node
[24.029s] Invoked command in '/home/luuk/turtle3_control/build/turtle3_control' returned '0': CMAKE_PREFIX_PATH=${CMAKE_PREFIX_PATH}:/opt/ros/humble /usr/bin/cmake --build /home/luuk/turtle3_control/build/turtle3_control -- -j8 -l8
[24.164s] Invoking command in '/home/luuk/turtle3_control/build/turtle3_control': CMAKE_PREFIX_PATH=${CMAKE_PREFIX_PATH}:/opt/ros/humble /usr/bin/cmake --install /home/luuk/turtle3_control/build/turtle3_control
[24.187s] -- Install configuration: ""
[24.189s] -- Installing: /home/luuk/turtle3_control/install/turtle3_control/lib/turtle3_control/diff_node
[24.247s] -- Set runtime path of "/home/luuk/turtle3_control/install/turtle3_control/lib/turtle3_control/diff_node" to ""
[24.247s] -- Up-to-date: /home/luuk/turtle3_control/install/turtle3_control/share/ament_index/resource_index/package_run_dependencies/turtle3_control
[24.247s] -- Up-to-date: /home/luuk/turtle3_control/install/turtle3_control/share/ament_index/resource_index/parent_prefix_path/turtle3_control
[24.247s] -- Up-to-date: /home/luuk/turtle3_control/install/turtle3_control/share/turtle3_control/environment/ament_prefix_path.sh
[24.248s] -- Up-to-date: /home/luuk/turtle3_control/install/turtle3_control/share/turtle3_control/environment/ament_prefix_path.dsv
[24.248s] -- Up-to-date: /home/luuk/turtle3_control/install/turtle3_control/share/turtle3_control/environment/path.sh
[24.248s] -- Up-to-date: /home/luuk/turtle3_control/install/turtle3_control/share/turtle3_control/environment/path.dsv
[24.248s] -- Up-to-date: /home/luuk/turtle3_control/install/turtle3_control/share/turtle3_control/local_setup.bash
[24.248s] -- Up-to-date: /home/luuk/turtle3_control/install/turtle3_control/share/turtle3_control/local_setup.sh
[24.248s] -- Up-to-date: /home/luuk/turtle3_control/install/turtle3_control/share/turtle3_control/local_setup.zsh
[24.249s] -- Up-to-date: /home/luuk/turtle3_control/install/turtle3_control/share/turtle3_control/local_setup.dsv
[24.249s] -- Installing: /home/luuk/turtle3_control/install/turtle3_control/share/turtle3_control/package.dsv
[24.380s] -- Up-to-date: /home/luuk/turtle3_control/install/turtle3_control/share/ament_index/resource_index/packages/turtle3_control
[24.380s] -- Up-to-date: /home/luuk/turtle3_control/install/turtle3_control/share/turtle3_control/cmake/turtle3_controlConfig.cmake
[24.381s] -- Up-to-date: /home/luuk/turtle3_control/install/turtle3_control/share/turtle3_control/cmake/turtle3_controlConfig-version.cmake
[24.381s] -- Up-to-date: /home/luuk/turtle3_control/install/turtle3_control/share/turtle3_control/package.xml
[24.410s] Invoked command in '/home/luuk/turtle3_control/build/turtle3_control' returned '0': CMAKE_PREFIX_PATH=${CMAKE_PREFIX_PATH}:/opt/ros/humble /usr/bin/cmake --install /home/luuk/turtle3_control/build/turtle3_control
