[0.998s] DEBUG:colcon:Command line arguments: ['/usr/bin/colcon', 'build']
[0.998s] DEBUG:colcon:Parsed command line arguments: Namespace(log_base=None, log_level=None, verb_name='build', build_base='build', install_base='install', merge_install=False, symlink_install=False, test_result_base=None, continue_on_error=False, executor='parallel', parallel_workers=8, event_handlers=None, ignore_user_meta=False, metas=['./colcon.meta'], base_paths=['.'], packages_ignore=None, packages_ignore_regex=None, paths=None, packages_up_to=None, packages_up_to_regex=None, packages_above=None, packages_above_and_dependencies=None, packages_above_depth=None, packages_select_by_dep=None, packages_skip_by_dep=None, packages_skip_up_to=None, packages_select_build_failed=False, packages_skip_build_finished=False, packages_select_test_failures=False, packages_skip_test_passed=False, packages_select=None, packages_skip=None, packages_select_regex=None, packages_skip_regex=None, packages_start=None, packages_end=None, allow_overriding=[], cmake_args=None, cmake_target=None, cmake_target_skip_unavailable=False, cmake_clean_cache=False, cmake_clean_first=False, cmake_force_configure=False, ament_cmake_args=None, catkin_cmake_args=None, catkin_skip_building_tests=False, verb_parser=<colcon_defaults.argument_parser.defaults.DefaultArgumentsDecorator object at 0x7f78ae7e7280>, verb_extension=<colcon_core.verb.build.BuildVerb object at 0x7f78af059780>, main=<bound method BuildVerb.main of <colcon_core.verb.build.BuildVerb object at 0x7f78af059780>>)
[1.089s] Level 1:colcon.colcon_core.package_discovery:discover_packages(colcon_meta) check parameters
[1.089s] Level 1:colcon.colcon_core.package_discovery:discover_packages(recursive) check parameters
[1.089s] Level 1:colcon.colcon_core.package_discovery:discover_packages(ignore) check parameters
[1.089s] Level 1:colcon.colcon_core.package_discovery:discover_packages(path) check parameters
[1.089s] Level 1:colcon.colcon_core.package_discovery:discover_packages(colcon_meta) discover
[1.089s] Level 1:colcon.colcon_core.package_discovery:discover_packages(recursive) discover
[1.089s] INFO:colcon.colcon_core.package_discovery:Crawling recursively for packages in '/home/luuk/turtle3_control'
[1.089s] Level 1:colcon.colcon_core.package_identification:_identify(.) by extensions ['ignore', 'ignore_ament_install']
[1.090s] Level 1:colcon.colcon_core.package_identification:_identify(.) by extension 'ignore'
[1.090s] Level 1:colcon.colcon_core.package_identification:_identify(.) by extension 'ignore_ament_install'
[1.090s] Level 1:colcon.colcon_core.package_identification:_identify(.) by extensions ['colcon_pkg']
[1.091s] Level 1:colcon.colcon_core.package_identification:_identify(.) by extension 'colcon_pkg'
[1.091s] Level 1:colcon.colcon_core.package_identification:_identify(.) by extensions ['colcon_meta']
[1.091s] Level 1:colcon.colcon_core.package_identification:_identify(.) by extension 'colcon_meta'
[1.091s] Level 1:colcon.colcon_core.package_identification:_identify(.) by extensions ['ros']
[1.091s] Level 1:colcon.colcon_core.package_identification:_identify(.) by extension 'ros'
[1.141s] DEBUG:colcon.colcon_core.package_identification:Package '.' with type 'ros.ament_cmake' and name 'turtle3_control'
[1.141s] Level 1:colcon.colcon_core.package_discovery:discover_packages(recursive) using defaults
[1.141s] Level 1:colcon.colcon_core.package_discovery:discover_packages(ignore) discover
[1.141s] Level 1:colcon.colcon_core.package_discovery:discover_packages(ignore) using defaults
[1.141s] Level 1:colcon.colcon_core.package_discovery:discover_packages(path) discover
[1.142s] Level 1:colcon.colcon_core.package_discovery:discover_packages(path) using defaults
[1.214s] Level 1:colcon.colcon_core.package_discovery:discover_packages(prefix_path) check parameters
[1.214s] Level 1:colcon.colcon_core.package_discovery:discover_packages(prefix_path) discover
[1.235s] DEBUG:colcon.colcon_installed_package_information.package_discovery:Found 399 installed packages in /opt/ros/humble
[1.241s] Level 1:colcon.colcon_core.package_discovery:discover_packages(prefix_path) using defaults
[1.623s] Level 5:colcon.colcon_core.verb:set package 'turtle3_control' build argument 'cmake_args' from command line to 'None'
[1.624s] Level 5:colcon.colcon_core.verb:set package 'turtle3_control' build argument 'cmake_target' from command line to 'None'
[1.624s] Level 5:colcon.colcon_core.verb:set package 'turtle3_control' build argument 'cmake_target_skip_unavailable' from command line to 'False'
[1.624s] Level 5:colcon.colcon_core.verb:set package 'turtle3_control' build argument 'cmake_clean_cache' from command line to 'False'
[1.624s] Level 5:colcon.colcon_core.verb:set package 'turtle3_control' build argument 'cmake_clean_first' from command line to 'False'
[1.624s] Level 5:colcon.colcon_core.verb:set package 'turtle3_control' build argument 'cmake_force_configure' from command line to 'False'
[1.624s] Level 5:colcon.colcon_core.verb:set package 'turtle3_control' build argument 'ament_cmake_args' from command line to 'None'
[1.624s] Level 5:colcon.colcon_core.verb:set package 'turtle3_control' build argument 'catkin_cmake_args' from command line to 'None'
[1.624s] Level 5:colcon.colcon_core.verb:set package 'turtle3_control' build argument 'catkin_skip_building_tests' from command line to 'False'
[1.624s] DEBUG:colcon.colcon_core.verb:Building package 'turtle3_control' with the following arguments: {'ament_cmake_args': None, 'build_base': '/home/luuk/turtle3_control/build/turtle3_control', 'catkin_cmake_args': None, 'catkin_skip_building_tests': False, 'cmake_args': None, 'cmake_clean_cache': False, 'cmake_clean_first': False, 'cmake_force_configure': False, 'cmake_target': None, 'cmake_target_skip_unavailable': False, 'install_base': '/home/luuk/turtle3_control/install/turtle3_control', 'merge_install': False, 'path': '/home/luuk/turtle3_control', 'symlink_install': False, 'test_result_base': None}
[1.625s] INFO:colcon.colcon_core.executor:Executing jobs using 'parallel' executor
[1.639s] DEBUG:colcon.colcon_parallel_executor.executor.parallel:run_until_complete
[1.642s] INFO:colcon.colcon_ros.task.ament_cmake.build:Building ROS package in '/home/luuk/turtle3_control' with build type 'ament_cmake'
[1.642s] INFO:colcon.colcon_cmake.task.cmake.build:Building CMake package in '/home/luuk/turtle3_control'
[1.679s] INFO:colcon.colcon_core.plugin_system:Skipping extension 'colcon_core.shell.bat': Not used on non-Windows systems
[1.680s] INFO:colcon.colcon_core.shell:Skip shell extension 'powershell' for command environment: Not usable outside of PowerShell
[1.680s] DEBUG:colcon.colcon_core.shell:Skip shell extension 'dsv' for command environment
[1.725s] DEBUG:colcon.colcon_core.event_handler.log_command:Invoking command in '/home/luuk/turtle3_control/build/turtle3_control': CMAKE_PREFIX_PATH=/opt/ros/humble /usr/bin/cmake --build /home/luuk/turtle3_control/build/turtle3_control -- -j8 -l8
[3.820s] DEBUG:colcon.colcon_core.event_handler.log_command:Invoked command in '/home/luuk/turtle3_control/build/turtle3_control' returned '2': CMAKE_PREFIX_PATH=/opt/ros/humble /usr/bin/cmake --build /home/luuk/turtle3_control/build/turtle3_control -- -j8 -l8
[3.919s] Level 1:colcon.colcon_core.environment:create_environment_scripts_only(turtle3_control)
[3.942s] Level 1:colcon.colcon_core.environment:checking '/home/luuk/turtle3_control/install/turtle3_control' for CMake module files
[3.945s] Level 1:colcon.colcon_core.environment:checking '/home/luuk/turtle3_control/install/turtle3_control' for CMake config files
[3.946s] Level 1:colcon.colcon_core.shell:create_environment_hook('turtle3_control', 'cmake_prefix_path')
[3.949s] INFO:colcon.colcon_core.shell:Creating environment hook '/home/luuk/turtle3_control/install/turtle3_control/share/turtle3_control/hook/cmake_prefix_path.ps1'
[3.952s] INFO:colcon.colcon_core.shell:Creating environment descriptor '/home/luuk/turtle3_control/install/turtle3_control/share/turtle3_control/hook/cmake_prefix_path.dsv'
[3.954s] INFO:colcon.colcon_core.shell:Creating environment hook '/home/luuk/turtle3_control/install/turtle3_control/share/turtle3_control/hook/cmake_prefix_path.sh'
[3.957s] Level 1:colcon.colcon_core.environment:checking '/home/luuk/turtle3_control/install/turtle3_control/lib'
[3.958s] Level 1:colcon.colcon_core.environment:checking '/home/luuk/turtle3_control/install/turtle3_control/bin'
[3.958s] Level 1:colcon.colcon_core.environment:checking '/home/luuk/turtle3_control/install/turtle3_control/lib/pkgconfig/turtle3_control.pc'
[3.959s] Level 1:colcon.colcon_core.environment:checking '/home/luuk/turtle3_control/install/turtle3_control/lib/python3.10/site-packages'
[3.959s] Level 1:colcon.colcon_core.environment:checking '/home/luuk/turtle3_control/install/turtle3_control/bin'
[3.961s] INFO:colcon.colcon_core.shell:Creating package script '/home/luuk/turtle3_control/install/turtle3_control/share/turtle3_control/package.ps1'
[3.964s] INFO:colcon.colcon_core.shell:Creating package descriptor '/home/luuk/turtle3_control/install/turtle3_control/share/turtle3_control/package.dsv'
[3.966s] INFO:colcon.colcon_core.shell:Creating package script '/home/luuk/turtle3_control/install/turtle3_control/share/turtle3_control/package.sh'
[3.969s] INFO:colcon.colcon_core.shell:Creating package script '/home/luuk/turtle3_control/install/turtle3_control/share/turtle3_control/package.bash'
[3.972s] INFO:colcon.colcon_core.shell:Creating package script '/home/luuk/turtle3_control/install/turtle3_control/share/turtle3_control/package.zsh'
[3.975s] Level 1:colcon.colcon_core.environment:create_file_with_runtime_dependencies(/home/luuk/turtle3_control/install/turtle3_control/share/colcon-core/packages/turtle3_control)
[3.986s] DEBUG:colcon.colcon_parallel_executor.executor.parallel:closing loop
[3.987s] DEBUG:colcon.colcon_parallel_executor.executor.parallel:loop closed
[3.987s] DEBUG:colcon.colcon_parallel_executor.executor.parallel:run_until_complete finished with '2'
[3.988s] DEBUG:colcon.colcon_core.event_reactor:joining thread
[4.035s] INFO:colcon.colcon_core.plugin_system:Skipping extension 'colcon_notification.desktop_notification.terminal_notifier': Not used on non-Darwin systems
[4.035s] INFO:colcon.colcon_core.plugin_system:Skipping extension 'colcon_notification.desktop_notification.win32': Not used on non-Windows systems
[4.035s] INFO:colcon.colcon_notification.desktop_notification:Sending desktop notification using 'notify2'
[4.372s] DEBUG:colcon.colcon_core.event_reactor:joined thread
[4.375s] INFO:colcon.colcon_core.shell:Creating prefix script '/home/luuk/turtle3_control/install/local_setup.ps1'
[4.380s] INFO:colcon.colcon_core.shell:Creating prefix util module '/home/luuk/turtle3_control/install/_local_setup_util_ps1.py'
[4.385s] INFO:colcon.colcon_core.shell:Creating prefix chain script '/home/luuk/turtle3_control/install/setup.ps1'
[4.390s] INFO:colcon.colcon_core.shell:Creating prefix script '/home/luuk/turtle3_control/install/local_setup.sh'
[4.394s] INFO:colcon.colcon_core.shell:Creating prefix util module '/home/luuk/turtle3_control/install/_local_setup_util_sh.py'
[4.397s] INFO:colcon.colcon_core.shell:Creating prefix chain script '/home/luuk/turtle3_control/install/setup.sh'
[4.402s] INFO:colcon.colcon_core.shell:Creating prefix script '/home/luuk/turtle3_control/install/local_setup.bash'
[4.405s] INFO:colcon.colcon_core.shell:Creating prefix chain script '/home/luuk/turtle3_control/install/setup.bash'
[4.409s] INFO:colcon.colcon_core.shell:Creating prefix script '/home/luuk/turtle3_control/install/local_setup.zsh'
[4.411s] INFO:colcon.colcon_core.shell:Creating prefix chain script '/home/luuk/turtle3_control/install/setup.zsh'
