[0.090s] Invoking command in '/home/luuk/linetracking/build/line_tracking': CMAKE_PREFIX_PATH=${CMAKE_PREFIX_PATH}:/opt/ros/humble /usr/bin/cmake --build /home/luuk/linetracking/build/line_tracking -- -j8 -l8
[0.246s] -- Found ament_cmake: 1.3.5 (/opt/ros/humble/share/ament_cmake/cmake)
[0.943s] -- Found rclcpp: 16.0.5 (/opt/ros/humble/share/rclcpp/cmake)
[1.219s] -- Found rosidl_generator_c: 3.1.5 (/opt/ros/humble/share/rosidl_generator_c/cmake)
[1.238s] -- Found rosidl_adapter: 3.1.5 (/opt/ros/humble/share/rosidl_adapter/cmake)
[1.295s] -- Found rosidl_generator_cpp: 3.1.5 (/opt/ros/humble/share/rosidl_generator_cpp/cmake)
[1.370s] -- Using all available rosidl_typesupport_c: rosidl_typesupport_fastrtps_c;rosidl_typesupport_introspection_c
[1.447s] -- Using all available rosidl_typesupport_cpp: rosidl_typesupport_fastrtps_cpp;rosidl_typesupport_introspection_cpp
[1.737s] -- Found rmw_implementation_cmake: 6.1.1 (/opt/ros/humble/share/rmw_implementation_cmake/cmake)
[1.751s] -- Found rmw_fastrtps_cpp: 6.2.3 (/opt/ros/humble/share/rmw_fastrtps_cpp/cmake)
[2.202s] -- Using RMW implementation 'rmw_fastrtps_cpp' as default
[2.831s] -- Found sensor_msgs: 4.2.3 (/opt/ros/humble/share/sensor_msgs/cmake)
[3.293s] -- Found cv_bridge: 3.2.1 (/opt/ros/humble/share/cv_bridge/cmake)
[3.374s] -- Found rosidl_default_generators: 1.2.0 (/opt/ros/humble/share/rosidl_default_generators/cmake)
[4.394s] -- Found ament_cmake_ros: 0.10.0 (/opt/ros/humble/share/ament_cmake_ros/cmake)
[5.811s] -- Using all available rosidl_typesupport_c: rosidl_typesupport_fastrtps_c;rosidl_typesupport_introspection_c
[6.355s] -- Using all available rosidl_typesupport_cpp: rosidl_typesupport_fastrtps_cpp;rosidl_typesupport_introspection_cpp
[6.446s] -- Found python_cmake_module: 0.10.0 (/opt/ros/humble/share/python_cmake_module/cmake)
[6.536s] -- Using PYTHON_EXECUTABLE: /usr/bin/python3
[6.536s] -- Using PYTHON_INCLUDE_DIRS: /usr/include/python3.10
[6.537s] -- Using PYTHON_LIBRARIES: /usr/lib/x86_64-linux-gnu/libpython3.10.so
[6.739s] -- Configuring done
[7.043s] -- Generating done
[7.077s] -- Build files have been written to: /home/luuk/linetracking/build/line_tracking
[7.197s] [35m[1mConsolidate compiler generated dependencies of target compressed_viewer[0m
[7.210s] [35m[1mConsolidate compiler generated dependencies of target line_tracking__rosidl_generator_c[0m
[7.270s] [  2%] [32mBuilding C object CMakeFiles/line_tracking__rosidl_generator_c.dir/rosidl_generator_c/line_tracking/msg/detail/point_array__functions.c.o[0m
[7.280s] [  4%] [32mBuilding C object CMakeFiles/line_tracking__rosidl_generator_c.dir/rosidl_generator_c/line_tracking/msg/detail/point_blob__functions.c.o[0m
[7.306s] [  4%] Built target ament_cmake_python_copy_line_tracking
[7.316s] [  6%] [32mBuilding CXX object CMakeFiles/compressed_viewer.dir/src/compress_viewer/compressed_viewer.cpp.o[0m
[7.349s] [  8%] Built target line_tracking__cpp
[7.437s] [35m[1mConsolidate compiler generated dependencies of target line_tracking__rosidl_typesupport_cpp[0m
[7.463s] [35m[1mConsolidate compiler generated dependencies of target line_tracking__rosidl_typesupport_introspection_cpp[0m
[7.483s] [35m[1mConsolidate compiler generated dependencies of target line_tracking__rosidl_typesupport_fastrtps_cpp[0m
[7.536s] [ 10%] [32mBuilding CXX object CMakeFiles/line_tracking__rosidl_typesupport_cpp.dir/rosidl_typesupport_cpp/line_tracking/msg/point_blob__type_support.cpp.o[0m
[7.571s] [ 12%] [32mBuilding CXX object CMakeFiles/line_tracking__rosidl_typesupport_introspection_cpp.dir/rosidl_typesupport_introspection_cpp/line_tracking/msg/detail/point_blob__type_support.cpp.o[0m
[7.614s] [ 14%] [32mBuilding CXX object CMakeFiles/line_tracking__rosidl_typesupport_cpp.dir/rosidl_typesupport_cpp/line_tracking/msg/point_array__type_support.cpp.o[0m
[7.645s] [ 16%] [32mBuilding CXX object CMakeFiles/line_tracking__rosidl_typesupport_fastrtps_cpp.dir/rosidl_typesupport_fastrtps_cpp/line_tracking/msg/detail/dds_fastrtps/point_blob__type_support.cpp.o[0m
[8.616s] [ 18%] [32mBuilding CXX object CMakeFiles/line_tracking__rosidl_typesupport_fastrtps_cpp.dir/rosidl_typesupport_fastrtps_cpp/line_tracking/msg/detail/dds_fastrtps/point_array__type_support.cpp.o[0m
[8.696s] [ 20%] [32m[1mLinking C shared library libline_tracking__rosidl_generator_c.so[0m
[8.765s] running egg_info
[8.765s] writing line_tracking.egg-info/PKG-INFO
[8.765s] writing dependency_links to line_tracking.egg-info/dependency_links.txt
[8.766s] writing top-level names to line_tracking.egg-info/top_level.txt
[8.766s] reading manifest file 'line_tracking.egg-info/SOURCES.txt'
[8.766s] writing manifest file 'line_tracking.egg-info/SOURCES.txt'
[8.914s] [ 20%] Built target ament_cmake_python_build_line_tracking_egg
[9.113s] [ 22%] Built target line_tracking__rosidl_generator_c
[9.222s] [ 25%] [32mBuilding CXX object CMakeFiles/line_tracking__rosidl_typesupport_introspection_cpp.dir/rosidl_typesupport_introspection_cpp/line_tracking/msg/detail/point_array__type_support.cpp.o[0m
[9.222s] [ 27%] [32m[1mLinking CXX shared library libline_tracking__rosidl_typesupport_cpp.so[0m
[9.301s] [35m[1mConsolidate compiler generated dependencies of target line_tracking__rosidl_typesupport_fastrtps_c[0m
[9.324s] [35m[1mConsolidate compiler generated dependencies of target line_tracking__rosidl_typesupport_introspection_c[0m
[9.472s] [ 31%] [32mBuilding CXX object CMakeFiles/line_tracking__rosidl_typesupport_fastrtps_c.dir/rosidl_typesupport_fastrtps_c/line_tracking/msg/detail/point_blob__type_support_c.cpp.o[0m
[9.473s] [ 29%] [32mBuilding C object CMakeFiles/line_tracking__rosidl_typesupport_introspection_c.dir/rosidl_typesupport_introspection_c/line_tracking/msg/detail/point_blob__type_support.c.o[0m
[9.592s] [ 33%] Built target line_tracking__rosidl_typesupport_cpp
[9.725s] [35m[1mConsolidate compiler generated dependencies of target line_tracking__rosidl_typesupport_c[0m
[9.886s] [ 35%] [32mBuilding CXX object CMakeFiles/line_tracking__rosidl_typesupport_c.dir/rosidl_typesupport_c/line_tracking/msg/point_blob__type_support.cpp.o[0m
[9.938s] [ 37%] [32mBuilding C object CMakeFiles/line_tracking__rosidl_typesupport_introspection_c.dir/rosidl_typesupport_introspection_c/line_tracking/msg/detail/point_array__type_support.c.o[0m
[10.221s] [ 39%] [32mBuilding CXX object CMakeFiles/line_tracking__rosidl_typesupport_c.dir/rosidl_typesupport_c/line_tracking/msg/point_array__type_support.cpp.o[0m
[10.353s] [ 41%] [32mBuilding CXX object CMakeFiles/line_tracking__rosidl_typesupport_fastrtps_c.dir/rosidl_typesupport_fastrtps_c/line_tracking/msg/detail/point_array__type_support_c.cpp.o[0m
[10.479s] [ 43%] [32m[1mLinking C shared library libline_tracking__rosidl_typesupport_introspection_c.so[0m
[10.683s] [35m[1mConsolidate compiler generated dependencies of target line_detection[0m
[10.742s] [ 45%] [32m[1mLinking CXX shared library libline_tracking__rosidl_typesupport_c.so[0m
[10.832s] [ 47%] Built target line_tracking__rosidl_typesupport_introspection_c
[11.051s] [ 50%] [32mBuilding CXX object CMakeFiles/line_detection.dir/src/line_detection/line_detection.cpp.o[0m
[11.089s] [ 52%] [32m[1mLinking CXX shared library libline_tracking__rosidl_typesupport_fastrtps_cpp.so[0m
[11.155s] [ 54%] [32mBuilding CXX object CMakeFiles/lane_follower.dir/src/lane_follower/lane_follower.cpp.o[0m
[11.186s] [ 56%] Built target line_tracking__rosidl_typesupport_c
[11.256s] [ 58%] [32mBuilding CXX object CMakeFiles/line_detection.dir/src/line_detection/param_parser.cpp.o[0m
[11.586s] [ 60%] [32mBuilding CXX object CMakeFiles/line_detection.dir/src/line_detection/vision_process.cpp.o[0m
[11.586s] [ 62%] [32m[1mLinking CXX shared library libline_tracking__rosidl_typesupport_introspection_cpp.so[0m
[11.711s] [ 64%] Built target line_tracking__rosidl_typesupport_fastrtps_cpp
[11.919s] [ 66%] [32mBuilding CXX object CMakeFiles/lane_follower.dir/src/lane_follower/lane_math.cpp.o[0m
[12.469s] [ 68%] Built target line_tracking__rosidl_typesupport_introspection_cpp
[12.470s] [ 70%] [32m[1mLinking CXX shared library libline_tracking__rosidl_typesupport_fastrtps_c.so[0m
[12.955s] [ 72%] Built target line_tracking__rosidl_typesupport_fastrtps_c
[13.279s] [ 72%] Built target line_tracking
[13.528s] [ 75%] Built target line_tracking__py
[13.762s] [35m[1mConsolidate compiler generated dependencies of target line_tracking__rosidl_generator_py[0m
[13.939s] [ 77%] [32mBuilding C object CMakeFiles/line_tracking__rosidl_generator_py.dir/rosidl_generator_py/line_tracking/msg/_point_array_s.c.o[0m
[14.017s] [ 79%] [32mBuilding C object CMakeFiles/line_tracking__rosidl_generator_py.dir/rosidl_generator_py/line_tracking/msg/_point_blob_s.c.o[0m
[17.232s] [ 81%] [32m[1mLinking C shared library rosidl_generator_py/line_tracking/libline_tracking__rosidl_generator_py.so[0m
[17.598s] [ 81%] Built target line_tracking__rosidl_generator_py
[17.776s] [35m[1mConsolidate compiler generated dependencies of target line_tracking__rosidl_typesupport_fastrtps_c__pyext[0m
[17.868s] [35m[1mConsolidate compiler generated dependencies of target line_tracking__rosidl_typesupport_introspection_c__pyext[0m
[17.898s] [35m[1mConsolidate compiler generated dependencies of target line_tracking__rosidl_typesupport_c__pyext[0m
[18.035s] [ 83%] [32mBuilding C object CMakeFiles/line_tracking__rosidl_typesupport_fastrtps_c__pyext.dir/rosidl_generator_py/line_tracking/_line_tracking_s.ep.rosidl_typesupport_fastrtps_c.c.o[0m
[18.159s] [ 85%] [32mBuilding C object CMakeFiles/line_tracking__rosidl_typesupport_introspection_c__pyext.dir/rosidl_generator_py/line_tracking/_line_tracking_s.ep.rosidl_typesupport_introspection_c.c.o[0m
[18.287s] [ 87%] [32mBuilding C object CMakeFiles/line_tracking__rosidl_typesupport_c__pyext.dir/rosidl_generator_py/line_tracking/_line_tracking_s.ep.rosidl_typesupport_c.c.o[0m
[18.563s] [ 89%] [32m[1mLinking C shared library rosidl_generator_py/line_tracking/line_tracking_s__rosidl_typesupport_fastrtps_c.cpython-310-x86_64-linux-gnu.so[0m
[18.851s] [ 91%] [32m[1mLinking C shared library rosidl_generator_py/line_tracking/line_tracking_s__rosidl_typesupport_c.cpython-310-x86_64-linux-gnu.so[0m
[19.045s] [ 93%] [32m[1mLinking C shared library rosidl_generator_py/line_tracking/line_tracking_s__rosidl_typesupport_introspection_c.cpython-310-x86_64-linux-gnu.so[0m
[19.112s] [ 93%] Built target line_tracking__rosidl_typesupport_fastrtps_c__pyext
[19.324s] [ 93%] Built target line_tracking__rosidl_typesupport_c__pyext
[19.470s] [ 93%] Built target line_tracking__rosidl_typesupport_introspection_c__pyext
[22.585s] In file included from [01m[K/opt/ros/humble/include/rclcpp/rclcpp/logging.hpp:24[m[K,
[22.585s]                  from [01m[K/opt/ros/humble/include/rclcpp/rclcpp/client.hpp:40[m[K,
[22.585s]                  from [01m[K/opt/ros/humble/include/rclcpp/rclcpp/callback_group.hpp:24[m[K,
[22.586s]                  from [01m[K/opt/ros/humble/include/rclcpp/rclcpp/any_executable.hpp:20[m[K,
[22.586s]                  from [01m[K/opt/ros/humble/include/rclcpp/rclcpp/memory_strategy.hpp:25[m[K,
[22.586s]                  from [01m[K/opt/ros/humble/include/rclcpp/rclcpp/memory_strategies.hpp:18[m[K,
[22.586s]                  from [01m[K/opt/ros/humble/include/rclcpp/rclcpp/executor_options.hpp:20[m[K,
[22.586s]                  from [01m[K/opt/ros/humble/include/rclcpp/rclcpp/executor.hpp:37[m[K,
[22.586s]                  from [01m[K/opt/ros/humble/include/rclcpp/rclcpp/executors/multi_threaded_executor.hpp:25[m[K,
[22.587s]                  from [01m[K/opt/ros/humble/include/rclcpp/rclcpp/executors.hpp:21[m[K,
[22.587s]                  from [01m[K/opt/ros/humble/include/rclcpp/rclcpp/rclcpp.hpp:155[m[K,
[22.587s]                  from [01m[K/home/luuk/linetracking/src/lane_follower/lane_follower.cpp:1[m[K:
[22.587s] [01m[K/home/luuk/linetracking/src/lane_follower/lane_follower.cpp:[m[K In member function ‘[01m[Kvoid LaneFollower::calculateInstruction(std::vector<std::shared_ptr<LaneElement> >)[m[K’:
[22.587s] [01m[K/home/luuk/linetracking/src/lane_follower/lane_follower.cpp:51:45:[m[K [01;35m[Kwarning: [m[Kformat ‘[01m[K%d[m[K’ expects argument of type ‘[01m[Kint[m[K’, but argument 5 has type ‘[01m[Kdouble[m[K’ [[01;35m[K]8;;https://gcc.gnu.org/onlinedocs/gcc/Warning-Options.html#index-Wformat=-Wformat=]8;;[m[K]
[22.587s]    51 |             RCLCPP_INFO(this->get_logger(), [01;35m[K"%d"[m[K, [32m[Kangle[m[K);
[22.587s]       |                                             [01;35m[K^~~~[m[K  [32m[K~~~~~[m[K
[22.588s]       |                                                   [32m[K|[m[K
[22.588s]       |                                                   [32m[Kdouble[m[K
[22.588s] [01m[K/home/luuk/linetracking/src/lane_follower/lane_follower.cpp:51:47:[m[K [01;36m[Knote: [m[Kformat string is defined here
[22.588s]    51 |             RCLCPP_INFO(this->get_logger(), "[01;36m[K%d[m[K", angle);
[22.588s]       |                                              [01;36m[K~^[m[K
[22.588s]       |                                               [01;36m[K|[m[K
[22.589s]       |                                               [01;36m[Kint[m[K
[22.589s]       |                                              [32m[K%f[m[K
[40.436s] [ 95%] [32m[1mLinking CXX executable lane_follower[0m
[40.600s] [ 97%] [32m[1mLinking CXX executable compressed_viewer[0m
[41.558s] [ 97%] Built target lane_follower
[42.450s] [ 97%] Built target compressed_viewer
[48.638s] [100%] [32m[1mLinking CXX executable line_detection[0m
[51.340s] [100%] Built target line_detection
[51.381s] Invoked command in '/home/luuk/linetracking/build/line_tracking' returned '0': CMAKE_PREFIX_PATH=${CMAKE_PREFIX_PATH}:/opt/ros/humble /usr/bin/cmake --build /home/luuk/linetracking/build/line_tracking -- -j8 -l8
[52.119s] Invoking command in '/home/luuk/linetracking/build/line_tracking': CMAKE_PREFIX_PATH=${CMAKE_PREFIX_PATH}:/opt/ros/humble /usr/bin/cmake --install /home/luuk/linetracking/build/line_tracking
[52.147s] -- Install configuration: ""
[52.147s] -- Up-to-date: /home/luuk/linetracking/install/line_tracking/share/ament_index/resource_index/rosidl_interfaces/line_tracking
[52.148s] -- Up-to-date: /home/luuk/linetracking/install/line_tracking/include/line_tracking/line_tracking
[52.148s] -- Up-to-date: /home/luuk/linetracking/install/line_tracking/include/line_tracking/line_tracking/msg
[52.148s] -- Up-to-date: /home/luuk/linetracking/install/line_tracking/include/line_tracking/line_tracking/msg/detail
[52.151s] -- Up-to-date: /home/luuk/linetracking/install/line_tracking/include/line_tracking/line_tracking/msg/detail/point_blob__type_support.h
[52.152s] -- Up-to-date: /home/luuk/linetracking/install/line_tracking/include/line_tracking/line_tracking/msg/detail/point_blob__struct.h
[52.152s] -- Up-to-date: /home/luuk/linetracking/install/line_tracking/include/line_tracking/line_tracking/msg/detail/point_blob__functions.c
[52.153s] -- Up-to-date: /home/luuk/linetracking/install/line_tracking/include/line_tracking/line_tracking/msg/detail/point_array__struct.h
[52.153s] -- Up-to-date: /home/luuk/linetracking/install/line_tracking/include/line_tracking/line_tracking/msg/detail/point_array__functions.c
[52.154s] -- Up-to-date: /home/luuk/linetracking/install/line_tracking/include/line_tracking/line_tracking/msg/detail/point_blob__functions.h
[52.154s] -- Up-to-date: /home/luuk/linetracking/install/line_tracking/include/line_tracking/line_tracking/msg/detail/point_array__type_support.h
[52.155s] -- Up-to-date: /home/luuk/linetracking/install/line_tracking/include/line_tracking/line_tracking/msg/detail/point_array__functions.h
[52.155s] -- Up-to-date: /home/luuk/linetracking/install/line_tracking/include/line_tracking/line_tracking/msg/rosidl_generator_c__visibility_control.h
[52.156s] -- Up-to-date: /home/luuk/linetracking/install/line_tracking/include/line_tracking/line_tracking/msg/point_blob.h
[52.156s] -- Up-to-date: /home/luuk/linetracking/install/line_tracking/include/line_tracking/line_tracking/msg/point_array.h
[52.157s] -- Up-to-date: /home/luuk/linetracking/install/line_tracking/share/line_tracking/environment/library_path.sh
[52.157s] -- Installing: /home/luuk/linetracking/install/line_tracking/share/line_tracking/environment/library_path.dsv
[52.157s] -- Installing: /home/luuk/linetracking/install/line_tracking/lib/libline_tracking__rosidl_generator_c.so
[52.158s] -- Set runtime path of "/home/luuk/linetracking/install/line_tracking/lib/libline_tracking__rosidl_generator_c.so" to ""
[52.159s] -- Up-to-date: /home/luuk/linetracking/install/line_tracking/include/line_tracking/line_tracking
[52.159s] -- Up-to-date: /home/luuk/linetracking/install/line_tracking/include/line_tracking/line_tracking/msg
[52.159s] -- Up-to-date: /home/luuk/linetracking/install/line_tracking/include/line_tracking/line_tracking/msg/detail
[52.159s] -- Up-to-date: /home/luuk/linetracking/install/line_tracking/include/line_tracking/line_tracking/msg/detail/point_blob__rosidl_typesupport_fastrtps_c.h
[52.159s] -- Up-to-date: /home/luuk/linetracking/install/line_tracking/include/line_tracking/line_tracking/msg/detail/point_array__rosidl_typesupport_fastrtps_c.h
[52.160s] -- Up-to-date: /home/luuk/linetracking/install/line_tracking/include/line_tracking/line_tracking/msg/rosidl_typesupport_fastrtps_c__visibility_control.h
[52.160s] -- Installing: /home/luuk/linetracking/install/line_tracking/lib/libline_tracking__rosidl_typesupport_fastrtps_c.so
[52.160s] -- Set runtime path of "/home/luuk/linetracking/install/line_tracking/lib/libline_tracking__rosidl_typesupport_fastrtps_c.so" to ""
[52.160s] -- Up-to-date: /home/luuk/linetracking/install/line_tracking/include/line_tracking/line_tracking
[52.161s] -- Up-to-date: /home/luuk/linetracking/install/line_tracking/include/line_tracking/line_tracking/msg
[52.161s] -- Up-to-date: /home/luuk/linetracking/install/line_tracking/include/line_tracking/line_tracking/msg/detail
[52.161s] -- Up-to-date: /home/luuk/linetracking/install/line_tracking/include/line_tracking/line_tracking/msg/detail/point_array__builder.hpp
[52.161s] -- Up-to-date: /home/luuk/linetracking/install/line_tracking/include/line_tracking/line_tracking/msg/detail/point_array__traits.hpp
[52.162s] -- Up-to-date: /home/luuk/linetracking/install/line_tracking/include/line_tracking/line_tracking/msg/detail/point_blob__builder.hpp
[52.162s] -- Up-to-date: /home/luuk/linetracking/install/line_tracking/include/line_tracking/line_tracking/msg/detail/point_blob__struct.hpp
[52.163s] -- Up-to-date: /home/luuk/linetracking/install/line_tracking/include/line_tracking/line_tracking/msg/detail/point_array__struct.hpp
[52.164s] -- Up-to-date: /home/luuk/linetracking/install/line_tracking/include/line_tracking/line_tracking/msg/detail/point_blob__traits.hpp
[52.164s] -- Up-to-date: /home/luuk/linetracking/install/line_tracking/include/line_tracking/line_tracking/msg/point_blob.hpp
[52.164s] -- Up-to-date: /home/luuk/linetracking/install/line_tracking/include/line_tracking/line_tracking/msg/point_array.hpp
[52.164s] -- Up-to-date: /home/luuk/linetracking/install/line_tracking/include/line_tracking/line_tracking
[52.164s] -- Up-to-date: /home/luuk/linetracking/install/line_tracking/include/line_tracking/line_tracking/msg
[52.165s] -- Up-to-date: /home/luuk/linetracking/install/line_tracking/include/line_tracking/line_tracking/msg/detail
[52.165s] -- Up-to-date: /home/luuk/linetracking/install/line_tracking/include/line_tracking/line_tracking/msg/detail/point_array__rosidl_typesupport_fastrtps_cpp.hpp
[52.165s] -- Up-to-date: /home/luuk/linetracking/install/line_tracking/include/line_tracking/line_tracking/msg/detail/point_blob__rosidl_typesupport_fastrtps_cpp.hpp
[52.165s] -- Up-to-date: /home/luuk/linetracking/install/line_tracking/include/line_tracking/line_tracking/msg/detail/dds_fastrtps
[52.166s] -- Up-to-date: /home/luuk/linetracking/install/line_tracking/include/line_tracking/line_tracking/msg/rosidl_typesupport_fastrtps_cpp__visibility_control.h
[52.166s] -- Installing: /home/luuk/linetracking/install/line_tracking/lib/libline_tracking__rosidl_typesupport_fastrtps_cpp.so
[52.167s] -- Set runtime path of "/home/luuk/linetracking/install/line_tracking/lib/libline_tracking__rosidl_typesupport_fastrtps_cpp.so" to ""
[52.167s] -- Up-to-date: /home/luuk/linetracking/install/line_tracking/include/line_tracking/line_tracking
[52.167s] -- Up-to-date: /home/luuk/linetracking/install/line_tracking/include/line_tracking/line_tracking/msg
[52.167s] -- Up-to-date: /home/luuk/linetracking/install/line_tracking/include/line_tracking/line_tracking/msg/detail
[52.168s] -- Up-to-date: /home/luuk/linetracking/install/line_tracking/include/line_tracking/line_tracking/msg/detail/point_blob__rosidl_typesupport_introspection_c.h
[52.168s] -- Up-to-date: /home/luuk/linetracking/install/line_tracking/include/line_tracking/line_tracking/msg/detail/point_array__type_support.c
[52.168s] -- Up-to-date: /home/luuk/linetracking/install/line_tracking/include/line_tracking/line_tracking/msg/detail/point_array__rosidl_typesupport_introspection_c.h
[52.168s] -- Up-to-date: /home/luuk/linetracking/install/line_tracking/include/line_tracking/line_tracking/msg/detail/point_blob__type_support.c
[52.169s] -- Up-to-date: /home/luuk/linetracking/install/line_tracking/include/line_tracking/line_tracking/msg/rosidl_typesupport_introspection_c__visibility_control.h
[52.169s] -- Installing: /home/luuk/linetracking/install/line_tracking/lib/libline_tracking__rosidl_typesupport_introspection_c.so
[52.169s] -- Set runtime path of "/home/luuk/linetracking/install/line_tracking/lib/libline_tracking__rosidl_typesupport_introspection_c.so" to ""
[52.170s] -- Installing: /home/luuk/linetracking/install/line_tracking/lib/libline_tracking__rosidl_typesupport_c.so
[52.173s] -- Set runtime path of "/home/luuk/linetracking/install/line_tracking/lib/libline_tracking__rosidl_typesupport_c.so" to ""
[52.173s] -- Up-to-date: /home/luuk/linetracking/install/line_tracking/include/line_tracking/line_tracking
[52.173s] -- Up-to-date: /home/luuk/linetracking/install/line_tracking/include/line_tracking/line_tracking/msg
[52.174s] -- Up-to-date: /home/luuk/linetracking/install/line_tracking/include/line_tracking/line_tracking/msg/detail
[52.174s] -- Up-to-date: /home/luuk/linetracking/install/line_tracking/include/line_tracking/line_tracking/msg/detail/point_array__rosidl_typesupport_introspection_cpp.hpp
[52.174s] -- Up-to-date: /home/luuk/linetracking/install/line_tracking/include/line_tracking/line_tracking/msg/detail/point_array__type_support.cpp
[52.174s] -- Up-to-date: /home/luuk/linetracking/install/line_tracking/include/line_tracking/line_tracking/msg/detail/point_blob__type_support.cpp
[52.174s] -- Up-to-date: /home/luuk/linetracking/install/line_tracking/include/line_tracking/line_tracking/msg/detail/point_blob__rosidl_typesupport_introspection_cpp.hpp
[52.176s] -- Installing: /home/luuk/linetracking/install/line_tracking/lib/libline_tracking__rosidl_typesupport_introspection_cpp.so
[52.177s] -- Set runtime path of "/home/luuk/linetracking/install/line_tracking/lib/libline_tracking__rosidl_typesupport_introspection_cpp.so" to ""
[52.179s] -- Installing: /home/luuk/linetracking/install/line_tracking/lib/libline_tracking__rosidl_typesupport_cpp.so
[52.182s] -- Set runtime path of "/home/luuk/linetracking/install/line_tracking/lib/libline_tracking__rosidl_typesupport_cpp.so" to ""
[52.183s] -- Up-to-date: /home/luuk/linetracking/install/line_tracking/share/line_tracking/environment/pythonpath.sh
[52.183s] -- Installing: /home/luuk/linetracking/install/line_tracking/share/line_tracking/environment/pythonpath.dsv
[52.183s] -- Up-to-date: /home/luuk/linetracking/install/line_tracking/local/lib/python3.10/dist-packages/line_tracking-0.0.0-py3.10.egg-info
[52.183s] -- Installing: /home/luuk/linetracking/install/line_tracking/local/lib/python3.10/dist-packages/line_tracking-0.0.0-py3.10.egg-info/dependency_links.txt
[52.183s] -- Installing: /home/luuk/linetracking/install/line_tracking/local/lib/python3.10/dist-packages/line_tracking-0.0.0-py3.10.egg-info/PKG-INFO
[52.184s] -- Installing: /home/luuk/linetracking/install/line_tracking/local/lib/python3.10/dist-packages/line_tracking-0.0.0-py3.10.egg-info/SOURCES.txt
[52.184s] -- Installing: /home/luuk/linetracking/install/line_tracking/local/lib/python3.10/dist-packages/line_tracking-0.0.0-py3.10.egg-info/top_level.txt
[52.185s] -- Up-to-date: /home/luuk/linetracking/install/line_tracking/local/lib/python3.10/dist-packages/line_tracking
[52.185s] -- Installing: /home/luuk/linetracking/install/line_tracking/local/lib/python3.10/dist-packages/line_tracking/line_tracking_s__rosidl_typesupport_introspection_c.cpython-310-x86_64-linux-gnu.so
[52.186s] -- Installing: /home/luuk/linetracking/install/line_tracking/local/lib/python3.10/dist-packages/line_tracking/line_tracking_s__rosidl_typesupport_fastrtps_c.cpython-310-x86_64-linux-gnu.so
[52.186s] -- Installing: /home/luuk/linetracking/install/line_tracking/local/lib/python3.10/dist-packages/line_tracking/__init__.py
[52.187s] -- Installing: /home/luuk/linetracking/install/line_tracking/local/lib/python3.10/dist-packages/line_tracking/line_tracking_s__rosidl_typesupport_c.cpython-310-x86_64-linux-gnu.so
[52.187s] -- Up-to-date: /home/luuk/linetracking/install/line_tracking/local/lib/python3.10/dist-packages/line_tracking/_line_tracking_s.ep.rosidl_typesupport_fastrtps_c.c
[52.187s] -- Up-to-date: /home/luuk/linetracking/install/line_tracking/local/lib/python3.10/dist-packages/line_tracking/_line_tracking_s.ep.rosidl_typesupport_c.c
[52.188s] -- Installing: /home/luuk/linetracking/install/line_tracking/local/lib/python3.10/dist-packages/line_tracking/libline_tracking__rosidl_generator_py.so
[52.190s] -- Up-to-date: /home/luuk/linetracking/install/line_tracking/local/lib/python3.10/dist-packages/line_tracking/_line_tracking_s.ep.rosidl_typesupport_introspection_c.c
[52.190s] -- Up-to-date: /home/luuk/linetracking/install/line_tracking/local/lib/python3.10/dist-packages/line_tracking/msg
[52.190s] -- Up-to-date: /home/luuk/linetracking/install/line_tracking/local/lib/python3.10/dist-packages/line_tracking/msg/__init__.py
[52.190s] -- Up-to-date: /home/luuk/linetracking/install/line_tracking/local/lib/python3.10/dist-packages/line_tracking/msg/_point_array.py
[52.191s] -- Up-to-date: /home/luuk/linetracking/install/line_tracking/local/lib/python3.10/dist-packages/line_tracking/msg/_point_array_s.c
[52.191s] -- Up-to-date: /home/luuk/linetracking/install/line_tracking/local/lib/python3.10/dist-packages/line_tracking/msg/_point_blob_s.c
[52.191s] -- Up-to-date: /home/luuk/linetracking/install/line_tracking/local/lib/python3.10/dist-packages/line_tracking/msg/_point_blob.py
[52.326s] Listing '/home/luuk/linetracking/install/line_tracking/local/lib/python3.10/dist-packages/line_tracking'...
[52.326s] Compiling '/home/luuk/linetracking/install/line_tracking/local/lib/python3.10/dist-packages/line_tracking/__init__.py'...
[52.327s] Listing '/home/luuk/linetracking/install/line_tracking/local/lib/python3.10/dist-packages/line_tracking/msg'...
[52.337s] -- Installing: /home/luuk/linetracking/install/line_tracking/local/lib/python3.10/dist-packages/line_tracking/line_tracking_s__rosidl_typesupport_fastrtps_c.cpython-310-x86_64-linux-gnu.so
[52.339s] -- Set runtime path of "/home/luuk/linetracking/install/line_tracking/local/lib/python3.10/dist-packages/line_tracking/line_tracking_s__rosidl_typesupport_fastrtps_c.cpython-310-x86_64-linux-gnu.so" to ""
[52.339s] -- Installing: /home/luuk/linetracking/install/line_tracking/local/lib/python3.10/dist-packages/line_tracking/line_tracking_s__rosidl_typesupport_introspection_c.cpython-310-x86_64-linux-gnu.so
[52.344s] -- Set runtime path of "/home/luuk/linetracking/install/line_tracking/local/lib/python3.10/dist-packages/line_tracking/line_tracking_s__rosidl_typesupport_introspection_c.cpython-310-x86_64-linux-gnu.so" to ""
[52.345s] -- Installing: /home/luuk/linetracking/install/line_tracking/local/lib/python3.10/dist-packages/line_tracking/line_tracking_s__rosidl_typesupport_c.cpython-310-x86_64-linux-gnu.so
[52.345s] -- Set runtime path of "/home/luuk/linetracking/install/line_tracking/local/lib/python3.10/dist-packages/line_tracking/line_tracking_s__rosidl_typesupport_c.cpython-310-x86_64-linux-gnu.so" to ""
[52.345s] -- Installing: /home/luuk/linetracking/install/line_tracking/lib/libline_tracking__rosidl_generator_py.so
[52.345s] -- Set runtime path of "/home/luuk/linetracking/install/line_tracking/lib/libline_tracking__rosidl_generator_py.so" to ""
[52.345s] -- Up-to-date: /home/luuk/linetracking/install/line_tracking/share/line_tracking/msg/PointBlob.idl
[52.345s] -- Up-to-date: /home/luuk/linetracking/install/line_tracking/share/line_tracking/msg/PointArray.idl
[52.346s] -- Up-to-date: /home/luuk/linetracking/install/line_tracking/share/line_tracking/msg/PointBlob.msg
[52.346s] -- Up-to-date: /home/luuk/linetracking/install/line_tracking/share/line_tracking/msg/PointArray.msg
[52.348s] -- Installing: /home/luuk/linetracking/install/line_tracking/lib/line_tracking/compressed_viewer
[52.395s] -- Set runtime path of "/home/luuk/linetracking/install/line_tracking/lib/line_tracking/compressed_viewer" to ""
[52.396s] -- Installing: /home/luuk/linetracking/install/line_tracking/lib/line_tracking/line_detection
[52.430s] -- Set runtime path of "/home/luuk/linetracking/install/line_tracking/lib/line_tracking/line_detection" to ""
[52.430s] -- Installing: /home/luuk/linetracking/install/line_tracking/lib/line_tracking/lane_follower
[52.446s] -- Set runtime path of "/home/luuk/linetracking/install/line_tracking/lib/line_tracking/lane_follower" to ""
[52.446s] -- Up-to-date: /home/luuk/linetracking/install/line_tracking/share/ament_index/resource_index/package_run_dependencies/line_tracking
[52.446s] -- Up-to-date: /home/luuk/linetracking/install/line_tracking/share/ament_index/resource_index/parent_prefix_path/line_tracking
[52.446s] -- Up-to-date: /home/luuk/linetracking/install/line_tracking/share/line_tracking/environment/ament_prefix_path.sh
[52.447s] -- Installing: /home/luuk/linetracking/install/line_tracking/share/line_tracking/environment/ament_prefix_path.dsv
[52.448s] -- Up-to-date: /home/luuk/linetracking/install/line_tracking/share/line_tracking/environment/path.sh
[52.448s] -- Installing: /home/luuk/linetracking/install/line_tracking/share/line_tracking/environment/path.dsv
[52.448s] -- Up-to-date: /home/luuk/linetracking/install/line_tracking/share/line_tracking/local_setup.bash
[52.449s] -- Up-to-date: /home/luuk/linetracking/install/line_tracking/share/line_tracking/local_setup.sh
[52.449s] -- Up-to-date: /home/luuk/linetracking/install/line_tracking/share/line_tracking/local_setup.zsh
[52.449s] -- Installing: /home/luuk/linetracking/install/line_tracking/share/line_tracking/local_setup.dsv
[52.450s] -- Installing: /home/luuk/linetracking/install/line_tracking/share/line_tracking/package.dsv
[52.451s] -- Up-to-date: /home/luuk/linetracking/install/line_tracking/share/ament_index/resource_index/packages/line_tracking
[52.451s] -- Up-to-date: /home/luuk/linetracking/install/line_tracking/share/line_tracking/cmake/export_line_tracking__rosidl_generator_cExport.cmake
[52.451s] -- Up-to-date: /home/luuk/linetracking/install/line_tracking/share/line_tracking/cmake/export_line_tracking__rosidl_generator_cExport-noconfig.cmake
[52.451s] -- Up-to-date: /home/luuk/linetracking/install/line_tracking/share/line_tracking/cmake/export_line_tracking__rosidl_typesupport_fastrtps_cExport.cmake
[52.452s] -- Up-to-date: /home/luuk/linetracking/install/line_tracking/share/line_tracking/cmake/export_line_tracking__rosidl_typesupport_fastrtps_cExport-noconfig.cmake
[52.452s] -- Up-to-date: /home/luuk/linetracking/install/line_tracking/share/line_tracking/cmake/export_line_tracking__rosidl_generator_cppExport.cmake
[52.453s] -- Up-to-date: /home/luuk/linetracking/install/line_tracking/share/line_tracking/cmake/export_line_tracking__rosidl_typesupport_fastrtps_cppExport.cmake
[52.453s] -- Up-to-date: /home/luuk/linetracking/install/line_tracking/share/line_tracking/cmake/export_line_tracking__rosidl_typesupport_fastrtps_cppExport-noconfig.cmake
[52.453s] -- Up-to-date: /home/luuk/linetracking/install/line_tracking/share/line_tracking/cmake/line_tracking__rosidl_typesupport_introspection_cExport.cmake
[52.453s] -- Up-to-date: /home/luuk/linetracking/install/line_tracking/share/line_tracking/cmake/line_tracking__rosidl_typesupport_introspection_cExport-noconfig.cmake
[52.454s] -- Up-to-date: /home/luuk/linetracking/install/line_tracking/share/line_tracking/cmake/line_tracking__rosidl_typesupport_cExport.cmake
[52.454s] -- Up-to-date: /home/luuk/linetracking/install/line_tracking/share/line_tracking/cmake/line_tracking__rosidl_typesupport_cExport-noconfig.cmake
[52.454s] -- Up-to-date: /home/luuk/linetracking/install/line_tracking/share/line_tracking/cmake/line_tracking__rosidl_typesupport_introspection_cppExport.cmake
[52.454s] -- Up-to-date: /home/luuk/linetracking/install/line_tracking/share/line_tracking/cmake/line_tracking__rosidl_typesupport_introspection_cppExport-noconfig.cmake
[52.454s] -- Up-to-date: /home/luuk/linetracking/install/line_tracking/share/line_tracking/cmake/line_tracking__rosidl_typesupport_cppExport.cmake
[52.455s] -- Up-to-date: /home/luuk/linetracking/install/line_tracking/share/line_tracking/cmake/line_tracking__rosidl_typesupport_cppExport-noconfig.cmake
[52.456s] -- Up-to-date: /home/luuk/linetracking/install/line_tracking/share/line_tracking/cmake/export_line_tracking__rosidl_generator_pyExport.cmake
[52.456s] -- Up-to-date: /home/luuk/linetracking/install/line_tracking/share/line_tracking/cmake/export_line_tracking__rosidl_generator_pyExport-noconfig.cmake
[52.456s] -- Up-to-date: /home/luuk/linetracking/install/line_tracking/share/line_tracking/cmake/rosidl_cmake-extras.cmake
[52.456s] -- Up-to-date: /home/luuk/linetracking/install/line_tracking/share/line_tracking/cmake/ament_cmake_export_dependencies-extras.cmake
[52.457s] -- Up-to-date: /home/luuk/linetracking/install/line_tracking/share/line_tracking/cmake/ament_cmake_export_include_directories-extras.cmake
[52.457s] -- Up-to-date: /home/luuk/linetracking/install/line_tracking/share/line_tracking/cmake/ament_cmake_export_libraries-extras.cmake
[52.457s] -- Up-to-date: /home/luuk/linetracking/install/line_tracking/share/line_tracking/cmake/ament_cmake_export_targets-extras.cmake
[52.457s] -- Up-to-date: /home/luuk/linetracking/install/line_tracking/share/line_tracking/cmake/rosidl_cmake_export_typesupport_targets-extras.cmake
[52.457s] -- Up-to-date: /home/luuk/linetracking/install/line_tracking/share/line_tracking/cmake/rosidl_cmake_export_typesupport_libraries-extras.cmake
[52.458s] -- Up-to-date: /home/luuk/linetracking/install/line_tracking/share/line_tracking/cmake/line_trackingConfig.cmake
[52.458s] -- Up-to-date: /home/luuk/linetracking/install/line_tracking/share/line_tracking/cmake/line_trackingConfig-version.cmake
[52.459s] -- Up-to-date: /home/luuk/linetracking/install/line_tracking/share/line_tracking/package.xml
[52.463s] Invoked command in '/home/luuk/linetracking/build/line_tracking' returned '0': CMAKE_PREFIX_PATH=${CMAKE_PREFIX_PATH}:/opt/ros/humble /usr/bin/cmake --install /home/luuk/linetracking/build/line_tracking
