[0.046s] Invoking command in '/home/luuk/turtle3_control/build/turtle3_control': CMAKE_PREFIX_PATH=/opt/ros/humble /usr/bin/cmake --build /home/luuk/turtle3_control/build/turtle3_control -- -j8 -l8
[0.103s] -- Found ament_cmake: 1.3.5 (/opt/ros/humble/share/ament_cmake/cmake)
[0.473s] -- Found rclcpp: 16.0.5 (/opt/ros/humble/share/rclcpp/cmake)
[0.554s] -- Found rosidl_generator_c: 3.1.5 (/opt/ros/humble/share/rosidl_generator_c/cmake)
[0.562s] -- Found rosidl_adapter: 3.1.5 (/opt/ros/humble/share/rosidl_adapter/cmake)
[0.579s] -- Found rosidl_generator_cpp: 3.1.5 (/opt/ros/humble/share/rosidl_generator_cpp/cmake)
[0.613s] -- Using all available rosidl_typesupport_c: rosidl_typesupport_fastrtps_c;rosidl_typesupport_introspection_c
[0.665s] -- Using all available rosidl_typesupport_cpp: rosidl_typesupport_fastrtps_cpp;rosidl_typesupport_introspection_cpp
[0.820s] -- Found rmw_implementation_cmake: 6.1.1 (/opt/ros/humble/share/rmw_implementation_cmake/cmake)
[0.824s] -- Found rmw_fastrtps_cpp: 6.2.3 (/opt/ros/humble/share/rmw_fastrtps_cpp/cmake)
[1.132s] -- Using RMW implementation 'rmw_fastrtps_cpp' as default
[1.549s] -- Found sensor_msgs: 4.2.3 (/opt/ros/humble/share/sensor_msgs/cmake)
[1.938s] -- Found cv_bridge: 3.2.1 (/opt/ros/humble/share/cv_bridge/cmake)
[1.970s] [31mCMake Error at /opt/ros/humble/share/ament_cmake_target_dependencies/cmake/ament_target_dependencies.cmake:77 (message):
[1.970s]   ament_target_dependencies() the passed package name 'test' was not found
[1.971s]   before
[1.971s] Call Stack (most recent call first):
[1.971s]   CMakeLists.txt:21 (ament_target_dependencies)
[1.971s] 
[1.971s] [0m
[1.972s] [31mCMake Error at CMakeLists.txt:19 (add_executable):
[1.972s]   The target name "test" is reserved when CTest testing is enabled.
[1.972s] 
[1.972s] [0m
[1.972s] -- Configuring incomplete, errors occurred!
[1.973s] See also "/home/luuk/turtle3_control/build/turtle3_control/CMakeFiles/CMakeOutput.log".
[1.984s] gmake: *** [Makefile:267: cmake_check_build_system] Error 1
[1.988s] Invoked command in '/home/luuk/turtle3_control/build/turtle3_control' returned '2': CMAKE_PREFIX_PATH=/opt/ros/humble /usr/bin/cmake --build /home/luuk/turtle3_control/build/turtle3_control -- -j8 -l8
