[0.970s] DEBUG:colcon:Command line arguments: ['/usr/bin/colcon', 'build']
[0.970s] DEBUG:colcon:Parsed command line arguments: Namespace(log_base=None, log_level=None, verb_name='build', build_base='build', install_base='install', merge_install=False, symlink_install=False, test_result_base=None, continue_on_error=False, executor='parallel', parallel_workers=8, event_handlers=None, ignore_user_meta=False, metas=['./colcon.meta'], base_paths=['.'], packages_ignore=None, packages_ignore_regex=None, paths=None, packages_up_to=None, packages_up_to_regex=None, packages_above=None, packages_above_and_dependencies=None, packages_above_depth=None, packages_select_by_dep=None, packages_skip_by_dep=None, packages_skip_up_to=None, packages_select_build_failed=False, packages_skip_build_finished=False, packages_select_test_failures=False, packages_skip_test_passed=False, packages_select=None, packages_skip=None, packages_select_regex=None, packages_skip_regex=None, packages_start=None, packages_end=None, allow_overriding=[], cmake_args=None, cmake_target=None, cmake_target_skip_unavailable=False, cmake_clean_cache=False, cmake_clean_first=False, cmake_force_configure=False, ament_cmake_args=None, catkin_cmake_args=None, catkin_skip_building_tests=False, verb_parser=<colcon_defaults.argument_parser.defaults.DefaultArgumentsDecorator object at 0x7fcda70d3850>, verb_extension=<colcon_core.verb.build.BuildVerb object at 0x7fcda78b5c30>, main=<bound method BuildVerb.main of <colcon_core.verb.build.BuildVerb object at 0x7fcda78b5c30>>)
[1.079s] Level 1:colcon.colcon_core.package_discovery:discover_packages(colcon_meta) check parameters
[1.080s] Level 1:colcon.colcon_core.package_discovery:discover_packages(recursive) check parameters
[1.080s] Level 1:colcon.colcon_core.package_discovery:discover_packages(ignore) check parameters
[1.080s] Level 1:colcon.colcon_core.package_discovery:discover_packages(path) check parameters
[1.080s] Level 1:colcon.colcon_core.package_discovery:discover_packages(colcon_meta) discover
[1.080s] Level 1:colcon.colcon_core.package_discovery:discover_packages(recursive) discover
[1.080s] INFO:colcon.colcon_core.package_discovery:Crawling recursively for packages in '/home/luuk/linetracking'
[1.081s] Level 1:colcon.colcon_core.package_identification:_identify(.) by extensions ['ignore', 'ignore_ament_install']
[1.081s] Level 1:colcon.colcon_core.package_identification:_identify(.) by extension 'ignore'
[1.081s] Level 1:colcon.colcon_core.package_identification:_identify(.) by extension 'ignore_ament_install'
[1.082s] Level 1:colcon.colcon_core.package_identification:_identify(.) by extensions ['colcon_pkg']
[1.082s] Level 1:colcon.colcon_core.package_identification:_identify(.) by extension 'colcon_pkg'
[1.082s] Level 1:colcon.colcon_core.package_identification:_identify(.) by extensions ['colcon_meta']
[1.082s] Level 1:colcon.colcon_core.package_identification:_identify(.) by extension 'colcon_meta'
[1.082s] Level 1:colcon.colcon_core.package_identification:_identify(.) by extensions ['ros']
[1.082s] Level 1:colcon.colcon_core.package_identification:_identify(.) by extension 'ros'
[1.132s] DEBUG:colcon.colcon_core.package_identification:Package '.' with type 'ros.ament_cmake' and name 'line_tracking'
[1.132s] Level 1:colcon.colcon_core.package_discovery:discover_packages(recursive) using defaults
[1.133s] Level 1:colcon.colcon_core.package_discovery:discover_packages(ignore) discover
[1.133s] Level 1:colcon.colcon_core.package_discovery:discover_packages(ignore) using defaults
[1.133s] Level 1:colcon.colcon_core.package_discovery:discover_packages(path) discover
[1.133s] Level 1:colcon.colcon_core.package_discovery:discover_packages(path) using defaults
[1.207s] Level 1:colcon.colcon_core.package_discovery:discover_packages(prefix_path) check parameters
[1.208s] Level 1:colcon.colcon_core.package_discovery:discover_packages(prefix_path) discover
[1.217s] DEBUG:colcon.colcon_installed_package_information.package_discovery:Found 1 installed packages in /home/luuk/linetracking/install
[1.228s] DEBUG:colcon.colcon_installed_package_information.package_discovery:Found 399 installed packages in /opt/ros/humble
[1.235s] Level 1:colcon.colcon_core.package_discovery:discover_packages(prefix_path) using defaults
[1.526s] Level 5:colcon.colcon_core.verb:set package 'line_tracking' build argument 'cmake_args' from command line to 'None'
[1.526s] Level 5:colcon.colcon_core.verb:set package 'line_tracking' build argument 'cmake_target' from command line to 'None'
[1.526s] Level 5:colcon.colcon_core.verb:set package 'line_tracking' build argument 'cmake_target_skip_unavailable' from command line to 'False'
[1.526s] Level 5:colcon.colcon_core.verb:set package 'line_tracking' build argument 'cmake_clean_cache' from command line to 'False'
[1.526s] Level 5:colcon.colcon_core.verb:set package 'line_tracking' build argument 'cmake_clean_first' from command line to 'False'
[1.526s] Level 5:colcon.colcon_core.verb:set package 'line_tracking' build argument 'cmake_force_configure' from command line to 'False'
[1.526s] Level 5:colcon.colcon_core.verb:set package 'line_tracking' build argument 'ament_cmake_args' from command line to 'None'
[1.527s] Level 5:colcon.colcon_core.verb:set package 'line_tracking' build argument 'catkin_cmake_args' from command line to 'None'
[1.527s] Level 5:colcon.colcon_core.verb:set package 'line_tracking' build argument 'catkin_skip_building_tests' from command line to 'False'
[1.527s] DEBUG:colcon.colcon_core.verb:Building package 'line_tracking' with the following arguments: {'ament_cmake_args': None, 'build_base': '/home/luuk/linetracking/build/line_tracking', 'catkin_cmake_args': None, 'catkin_skip_building_tests': False, 'cmake_args': None, 'cmake_clean_cache': False, 'cmake_clean_first': False, 'cmake_force_configure': False, 'cmake_target': None, 'cmake_target_skip_unavailable': False, 'install_base': '/home/luuk/linetracking/install/line_tracking', 'merge_install': False, 'path': '/home/luuk/linetracking', 'symlink_install': False, 'test_result_base': None}
[1.530s] INFO:colcon.colcon_core.executor:Executing jobs using 'parallel' executor
[1.542s] DEBUG:colcon.colcon_parallel_executor.executor.parallel:run_until_complete
[1.542s] INFO:colcon.colcon_ros.task.ament_cmake.build:Building ROS package in '/home/luuk/linetracking' with build type 'ament_cmake'
[1.543s] INFO:colcon.colcon_cmake.task.cmake.build:Building CMake package in '/home/luuk/linetracking'
[1.560s] INFO:colcon.colcon_core.plugin_system:Skipping extension 'colcon_core.shell.bat': Not used on non-Windows systems
[1.561s] INFO:colcon.colcon_core.shell:Skip shell extension 'powershell' for command environment: Not usable outside of PowerShell
[1.562s] DEBUG:colcon.colcon_core.shell:Skip shell extension 'dsv' for command environment
[1.664s] DEBUG:colcon.colcon_core.event_handler.log_command:Invoking command in '/home/luuk/linetracking/build/line_tracking': CMAKE_PREFIX_PATH=${CMAKE_PREFIX_PATH}:/opt/ros/humble /usr/bin/cmake --build /home/luuk/linetracking/build/line_tracking -- -j8 -l8
[27.711s] DEBUG:colcon.colcon_core.event_handler.log_command:Invoked command in '/home/luuk/linetracking/build/line_tracking' returned '0': CMAKE_PREFIX_PATH=${CMAKE_PREFIX_PATH}:/opt/ros/humble /usr/bin/cmake --build /home/luuk/linetracking/build/line_tracking -- -j8 -l8
[28.508s] DEBUG:colcon.colcon_core.event_handler.log_command:Invoking command in '/home/luuk/linetracking/build/line_tracking': CMAKE_PREFIX_PATH=${CMAKE_PREFIX_PATH}:/opt/ros/humble /usr/bin/cmake --install /home/luuk/linetracking/build/line_tracking
[28.723s] Level 1:colcon.colcon_core.environment:create_environment_scripts_only(line_tracking)
[28.726s] DEBUG:colcon.colcon_core.event_handler.log_command:Invoked command in '/home/luuk/linetracking/build/line_tracking' returned '0': CMAKE_PREFIX_PATH=${CMAKE_PREFIX_PATH}:/opt/ros/humble /usr/bin/cmake --install /home/luuk/linetracking/build/line_tracking
[28.736s] Level 1:colcon.colcon_core.environment:checking '/home/luuk/linetracking/install/line_tracking' for CMake module files
[28.739s] Level 1:colcon.colcon_core.environment:checking '/home/luuk/linetracking/install/line_tracking' for CMake config files
[28.742s] Level 1:colcon.colcon_core.shell:create_environment_hook('line_tracking', 'cmake_prefix_path')
[28.746s] INFO:colcon.colcon_core.shell:Creating environment hook '/home/luuk/linetracking/install/line_tracking/share/line_tracking/hook/cmake_prefix_path.ps1'
[28.750s] INFO:colcon.colcon_core.shell:Creating environment descriptor '/home/luuk/linetracking/install/line_tracking/share/line_tracking/hook/cmake_prefix_path.dsv'
[28.753s] INFO:colcon.colcon_core.shell:Creating environment hook '/home/luuk/linetracking/install/line_tracking/share/line_tracking/hook/cmake_prefix_path.sh'
[28.756s] Level 1:colcon.colcon_core.environment:checking '/home/luuk/linetracking/install/line_tracking/lib'
[28.757s] Level 1:colcon.colcon_core.shell:create_environment_hook('line_tracking', 'ld_library_path_lib')
[28.761s] INFO:colcon.colcon_core.shell:Creating environment hook '/home/luuk/linetracking/install/line_tracking/share/line_tracking/hook/ld_library_path_lib.ps1'
[28.764s] INFO:colcon.colcon_core.shell:Creating environment descriptor '/home/luuk/linetracking/install/line_tracking/share/line_tracking/hook/ld_library_path_lib.dsv'
[28.765s] INFO:colcon.colcon_core.shell:Creating environment hook '/home/luuk/linetracking/install/line_tracking/share/line_tracking/hook/ld_library_path_lib.sh'
[28.767s] Level 1:colcon.colcon_core.environment:checking '/home/luuk/linetracking/install/line_tracking/bin'
[28.767s] Level 1:colcon.colcon_core.environment:checking '/home/luuk/linetracking/install/line_tracking/lib/pkgconfig/line_tracking.pc'
[28.768s] Level 1:colcon.colcon_core.environment:checking '/home/luuk/linetracking/install/line_tracking/lib/python3.10/site-packages'
[28.769s] Level 1:colcon.colcon_core.environment:checking '/home/luuk/linetracking/install/line_tracking/bin'
[28.772s] INFO:colcon.colcon_core.shell:Creating package script '/home/luuk/linetracking/install/line_tracking/share/line_tracking/package.ps1'
[28.775s] INFO:colcon.colcon_core.shell:Creating package descriptor '/home/luuk/linetracking/install/line_tracking/share/line_tracking/package.dsv'
[28.778s] INFO:colcon.colcon_core.shell:Creating package script '/home/luuk/linetracking/install/line_tracking/share/line_tracking/package.sh'
[28.781s] INFO:colcon.colcon_core.shell:Creating package script '/home/luuk/linetracking/install/line_tracking/share/line_tracking/package.bash'
[28.783s] INFO:colcon.colcon_core.shell:Creating package script '/home/luuk/linetracking/install/line_tracking/share/line_tracking/package.zsh'
[28.786s] Level 1:colcon.colcon_core.environment:create_file_with_runtime_dependencies(/home/luuk/linetracking/install/line_tracking/share/colcon-core/packages/line_tracking)
[29.529s] Level 1:colcon.colcon_core.environment:create_environment_scripts_only(line_tracking)
[29.534s] Level 1:colcon.colcon_core.environment:checking '/home/luuk/linetracking/install/line_tracking' for CMake module files
[29.537s] Level 1:colcon.colcon_core.environment:checking '/home/luuk/linetracking/install/line_tracking' for CMake config files
[29.539s] Level 1:colcon.colcon_core.shell:create_environment_hook('line_tracking', 'cmake_prefix_path')
[29.543s] INFO:colcon.colcon_core.shell:Creating environment hook '/home/luuk/linetracking/install/line_tracking/share/line_tracking/hook/cmake_prefix_path.ps1'
[29.545s] INFO:colcon.colcon_core.shell:Creating environment descriptor '/home/luuk/linetracking/install/line_tracking/share/line_tracking/hook/cmake_prefix_path.dsv'
[29.546s] INFO:colcon.colcon_core.shell:Creating environment hook '/home/luuk/linetracking/install/line_tracking/share/line_tracking/hook/cmake_prefix_path.sh'
[29.548s] Level 1:colcon.colcon_core.environment:checking '/home/luuk/linetracking/install/line_tracking/lib'
[29.550s] Level 1:colcon.colcon_core.shell:create_environment_hook('line_tracking', 'ld_library_path_lib')
[29.553s] INFO:colcon.colcon_core.shell:Creating environment hook '/home/luuk/linetracking/install/line_tracking/share/line_tracking/hook/ld_library_path_lib.ps1'
[29.554s] INFO:colcon.colcon_core.shell:Creating environment descriptor '/home/luuk/linetracking/install/line_tracking/share/line_tracking/hook/ld_library_path_lib.dsv'
[29.556s] INFO:colcon.colcon_core.shell:Creating environment hook '/home/luuk/linetracking/install/line_tracking/share/line_tracking/hook/ld_library_path_lib.sh'
[29.557s] Level 1:colcon.colcon_core.environment:checking '/home/luuk/linetracking/install/line_tracking/bin'
[29.557s] Level 1:colcon.colcon_core.environment:checking '/home/luuk/linetracking/install/line_tracking/lib/pkgconfig/line_tracking.pc'
[29.558s] Level 1:colcon.colcon_core.environment:checking '/home/luuk/linetracking/install/line_tracking/lib/python3.10/site-packages'
[29.559s] Level 1:colcon.colcon_core.environment:checking '/home/luuk/linetracking/install/line_tracking/bin'
[29.563s] INFO:colcon.colcon_core.shell:Creating package script '/home/luuk/linetracking/install/line_tracking/share/line_tracking/package.ps1'
[29.565s] INFO:colcon.colcon_core.shell:Creating package descriptor '/home/luuk/linetracking/install/line_tracking/share/line_tracking/package.dsv'
[29.568s] INFO:colcon.colcon_core.shell:Creating package script '/home/luuk/linetracking/install/line_tracking/share/line_tracking/package.sh'
[29.570s] INFO:colcon.colcon_core.shell:Creating package script '/home/luuk/linetracking/install/line_tracking/share/line_tracking/package.bash'
[29.573s] INFO:colcon.colcon_core.shell:Creating package script '/home/luuk/linetracking/install/line_tracking/share/line_tracking/package.zsh'
[29.574s] Level 1:colcon.colcon_core.environment:create_file_with_runtime_dependencies(/home/luuk/linetracking/install/line_tracking/share/colcon-core/packages/line_tracking)
[29.575s] DEBUG:colcon.colcon_parallel_executor.executor.parallel:closing loop
[29.577s] DEBUG:colcon.colcon_parallel_executor.executor.parallel:loop closed
[29.579s] DEBUG:colcon.colcon_parallel_executor.executor.parallel:run_until_complete finished with '0'
[29.579s] DEBUG:colcon.colcon_core.event_reactor:joining thread
[29.595s] INFO:colcon.colcon_core.plugin_system:Skipping extension 'colcon_notification.desktop_notification.terminal_notifier': Not used on non-Darwin systems
[29.595s] INFO:colcon.colcon_core.plugin_system:Skipping extension 'colcon_notification.desktop_notification.win32': Not used on non-Windows systems
[29.595s] INFO:colcon.colcon_notification.desktop_notification:Sending desktop notification using 'notify2'
[29.653s] DEBUG:colcon.colcon_core.event_reactor:joined thread
[29.656s] INFO:colcon.colcon_core.shell:Creating prefix script '/home/luuk/linetracking/install/local_setup.ps1'
[29.661s] INFO:colcon.colcon_core.shell:Creating prefix util module '/home/luuk/linetracking/install/_local_setup_util_ps1.py'
[29.667s] INFO:colcon.colcon_core.shell:Creating prefix chain script '/home/luuk/linetracking/install/setup.ps1'
[29.672s] INFO:colcon.colcon_core.shell:Creating prefix script '/home/luuk/linetracking/install/local_setup.sh'
[29.675s] INFO:colcon.colcon_core.shell:Creating prefix util module '/home/luuk/linetracking/install/_local_setup_util_sh.py'
[29.678s] INFO:colcon.colcon_core.shell:Creating prefix chain script '/home/luuk/linetracking/install/setup.sh'
[29.684s] INFO:colcon.colcon_core.shell:Creating prefix script '/home/luuk/linetracking/install/local_setup.bash'
[29.686s] INFO:colcon.colcon_core.shell:Creating prefix chain script '/home/luuk/linetracking/install/setup.bash'
[29.692s] INFO:colcon.colcon_core.shell:Creating prefix script '/home/luuk/linetracking/install/local_setup.zsh'
[29.695s] INFO:colcon.colcon_core.shell:Creating prefix chain script '/home/luuk/linetracking/install/setup.zsh'
