[0.032s] Invoking command in '/home/luuk/linetracking/build/line_tracking': CMAKE_PREFIX_PATH=/opt/ros/humble /usr/bin/cmake --build /home/luuk/linetracking/build/line_tracking -- -j8 -l8
[0.123s] -- Found ament_cmake: 1.3.5 (/opt/ros/humble/share/ament_cmake/cmake)
[0.587s] -- Found rclcpp: 16.0.5 (/opt/ros/humble/share/rclcpp/cmake)
[0.686s] -- Found rosidl_generator_c: 3.1.5 (/opt/ros/humble/share/rosidl_generator_c/cmake)
[0.687s] -- Found rosidl_adapter: 3.1.5 (/opt/ros/humble/share/rosidl_adapter/cmake)
[0.700s] -- Found rosidl_generator_cpp: 3.1.5 (/opt/ros/humble/share/rosidl_generator_cpp/cmake)
[0.748s] -- Using all available rosidl_typesupport_c: rosidl_typesupport_fastrtps_c;rosidl_typesupport_introspection_c
[0.783s] -- Using all available rosidl_typesupport_cpp: rosidl_typesupport_fastrtps_cpp;rosidl_typesupport_introspection_cpp
[0.964s] -- Found rmw_implementation_cmake: 6.1.1 (/opt/ros/humble/share/rmw_implementation_cmake/cmake)
[0.968s] -- Found rmw_fastrtps_cpp: 6.2.3 (/opt/ros/humble/share/rmw_fastrtps_cpp/cmake)
[1.316s] -- Using RMW implementation 'rmw_fastrtps_cpp' as default
[1.827s] -- Found sensor_msgs: 4.2.3 (/opt/ros/humble/share/sensor_msgs/cmake)
[2.233s] -- Found cv_bridge: 3.2.1 (/opt/ros/humble/share/cv_bridge/cmake)
[2.308s] -- Found rosidl_default_generators: 1.2.0 (/opt/ros/humble/share/rosidl_default_generators/cmake)
[2.828s] [31mCMake Error at /opt/ros/humble/share/rosidl_adapter/cmake/rosidl_adapt_interfaces.cmake:59 (message):
[2.828s]   execute_process(/usr/bin/python3.10 -m rosidl_adapter --package-name
[2.828s]   line_tracking --arguments-file
[2.828s]   /home/luuk/linetracking/build/line_tracking/rosidl_adapter__arguments__line_tracking.json
[2.829s]   --output-dir
[2.829s]   /home/luuk/linetracking/build/line_tracking/rosidl_adapter/line_tracking
[2.829s]   --output-file
[2.829s]   /home/luuk/linetracking/build/line_tracking/rosidl_adapter/line_tracking.idls)
[2.829s]   returned error code 1:
[2.830s] 
[2.830s]   Error processing 'geometry_msgs/Point[][] lines' of
[2.830s]   'line_tracking/PointMatrixWithEnum': ''Point[]' is an invalid message name.
[2.830s]   It should have the pattern '^[A-Z][A-Za-z0-9]*$''
[2.831s] 
[2.831s]   Traceback (most recent call last):
[2.831s] 
[2.831s]     File "/usr/lib/python3.10/runpy.py", line 196, in _run_module_as_main
[2.832s]       return _run_code(code, main_globals, None,
[2.832s]     File "/usr/lib/python3.10/runpy.py", line 86, in _run_code
[2.832s]       exec(code, run_globals)
[2.832s]     File "/opt/ros/humble/local/lib/python3.10/dist-packages/rosidl_adapter/__main__.py", line 19, in <module>
[2.832s]       sys.exit(main())
[2.833s]     File "/opt/ros/humble/local/lib/python3.10/dist-packages/rosidl_adapter/main.py", line 53, in main
[2.833s]       abs_idl_file = convert_to_idl(
[2.833s]     File "/opt/ros/humble/local/lib/python3.10/dist-packages/rosidl_adapter/__init__.py", line 19, in convert_to_idl
[2.833s]       return convert_msg_to_idl(
[2.833s]     File "/opt/ros/humble/local/lib/python3.10/dist-packages/rosidl_adapter/msg/__init__.py", line 28, in convert_msg_to_idl
[2.834s]       msg = parse_message_string(package_name, input_file.stem, content)
[2.834s]     File "/opt/ros/humble/local/lib/python3.10/dist-packages/rosidl_adapter/parser.py", line 520, in parse_message_string
[2.834s]       Type(type_string, context_package_name=pkg_name),
[2.834s]     File "/opt/ros/humble/local/lib/python3.10/dist-packages/rosidl_adapter/parser.py", line 277, in __init__
[2.834s]       super(Type, self).__init__(
[2.835s]     File "/opt/ros/humble/local/lib/python3.10/dist-packages/rosidl_adapter/parser.py", line 205, in __init__
[2.835s]       raise InvalidResourceName(
[2.835s] 
[2.835s]   rosidl_adapter.parser.InvalidResourceName: 'Point[]' is an invalid message
[2.836s]   name.  It should have the pattern '^[A-Z][A-Za-z0-9]*$'
[2.836s] 
[2.836s] Call Stack (most recent call first):
[2.836s]   /opt/ros/humble/share/rosidl_cmake/cmake/rosidl_generate_interfaces.cmake:130 (rosidl_adapt_interfaces)
[2.837s]   CMakeLists.txt:22 (rosidl_generate_interfaces)
[2.837s] 
[2.837s] [0m
[2.837s] -- Configuring incomplete, errors occurred!
[2.838s] See also "/home/luuk/linetracking/build/line_tracking/CMakeFiles/CMakeOutput.log".
[2.851s] gmake: *** [Makefile:362: cmake_check_build_system] Error 1
[2.860s] Invoked command in '/home/luuk/linetracking/build/line_tracking' returned '2': CMAKE_PREFIX_PATH=/opt/ros/humble /usr/bin/cmake --build /home/luuk/linetracking/build/line_tracking -- -j8 -l8
