In file included from [01m[K/home/luuk/linetracking/build/line_tracking/rosidl_generator_c/line_tracking/msg/detail/point_matrix_with_enum__functions.h:19[m[K,
                 from [01m[K/home/luuk/linetracking/build/line_tracking/rosidl_generator_c/line_tracking/msg/detail/point_matrix_with_enum__functions.c:4[m[K:
[01m[K/home/luuk/linetracking/build/line_tracking/rosidl_generator_c/line_tracking/msg/detail/point_matrix_with_enum__struct.h:22:10:[m[K [01;31m[Kfatal error: [m[Kline_tracking/msg/detail/point_array__struct.h: No such file or directory
   22 | #include [01;31m[K"line_tracking/msg/detail/point_array__struct.h"[m[K
      |          [01;31m[K^~~~~~~~~~~~~~~~~~~~~~~~~~~~~~~~~~~~~~~~~~~~~~~~[m[K
compilation terminated.
gmake[2]: *** [CMakeFiles/line_tracking__rosidl_generator_c.dir/build.make:166: CMakeFiles/line_tracking__rosidl_generator_c.dir/rosidl_generator_c/line_tracking/msg/detail/point_matrix_with_enum__functions.c.o] Error 1
gmake[1]: *** [CMakeFiles/Makefile2:217: CMakeFiles/line_tracking__rosidl_generator_c.dir/all] Error 2
gmake[1]: *** Waiting for unfinished jobs....
In file included from [01m[K/home/luuk/linetracking/build/line_tracking/rosidl_typesupport_cpp/line_tracking/msg/point_matrix_with_enum__type_support.cpp:7[m[K:
[01m[K/home/luuk/linetracking/build/line_tracking/rosidl_generator_cpp/line_tracking/msg/detail/point_matrix_with_enum__struct.hpp:20:10:[m[K [01;31m[Kfatal error: [m[Kline_tracking/msg/detail/point_array__struct.hpp: No such file or directory
   20 | #include [01;31m[K"line_tracking/msg/detail/point_array__struct.hpp"[m[K
      |          [01;31m[K^~~~~~~~~~~~~~~~~~~~~~~~~~~~~~~~~~~~~~~~~~~~~~~~~~[m[K
compilation terminated.
gmake[2]: *** [CMakeFiles/line_tracking__rosidl_typesupport_cpp.dir/build.make:147: CMakeFiles/line_tracking__rosidl_typesupport_cpp.dir/rosidl_typesupport_cpp/line_tracking/msg/point_matrix_with_enum__type_support.cpp.o] Error 1
gmake[1]: *** [CMakeFiles/Makefile2:399: CMakeFiles/line_tracking__rosidl_typesupport_cpp.dir/all] Error 2
In file included from [01m[K/home/luuk/linetracking/build/line_tracking/rosidl_typesupport_fastrtps_cpp/line_tracking/msg/detail/point_matrix_with_enum__rosidl_typesupport_fastrtps_cpp.hpp:11[m[K,
                 from [01m[K/home/luuk/linetracking/build/line_tracking/rosidl_typesupport_fastrtps_cpp/line_tracking/msg/detail/dds_fastrtps/point_matrix_with_enum__type_support.cpp:4[m[K:
[01m[K/home/luuk/linetracking/build/line_tracking/rosidl_generator_cpp/line_tracking/msg/detail/point_matrix_with_enum__struct.hpp:20:10:[m[K [01;31m[Kfatal error: [m[Kline_tracking/msg/detail/point_array__struct.hpp: No such file or directory
   20 | #include [01;31m[K"line_tracking/msg/detail/point_array__struct.hpp"[m[K
      |          [01;31m[K^~~~~~~~~~~~~~~~~~~~~~~~~~~~~~~~~~~~~~~~~~~~~~~~~~[m[K
compilation terminated.
gmake[2]: *** [CMakeFiles/line_tracking__rosidl_typesupport_fastrtps_cpp.dir/build.make:152: CMakeFiles/line_tracking__rosidl_typesupport_fastrtps_cpp.dir/rosidl_typesupport_fastrtps_cpp/line_tracking/msg/detail/dds_fastrtps/point_matrix_with_enum__type_support.cpp.o] Error 1
gmake[1]: *** [CMakeFiles/Makefile2:295: CMakeFiles/line_tracking__rosidl_typesupport_fastrtps_cpp.dir/all] Error 2
In file included from [01m[K/home/luuk/linetracking/build/line_tracking/rosidl_typesupport_introspection_cpp/line_tracking/msg/detail/point_matrix_with_enum__type_support.cpp:12[m[K:
[01m[K/home/luuk/linetracking/build/line_tracking/rosidl_generator_cpp/line_tracking/msg/detail/point_matrix_with_enum__struct.hpp:20:10:[m[K [01;31m[Kfatal error: [m[Kline_tracking/msg/detail/point_array__struct.hpp: No such file or directory
   20 | #include [01;31m[K"line_tracking/msg/detail/point_array__struct.hpp"[m[K
      |          [01;31m[K^~~~~~~~~~~~~~~~~~~~~~~~~~~~~~~~~~~~~~~~~~~~~~~~~~[m[K
compilation terminated.
gmake[2]: *** [CMakeFiles/line_tracking__rosidl_typesupport_introspection_cpp.dir/build.make:152: CMakeFiles/line_tracking__rosidl_typesupport_introspection_cpp.dir/rosidl_typesupport_introspection_cpp/line_tracking/msg/detail/point_matrix_with_enum__type_support.cpp.o] Error 1
gmake[1]: *** [CMakeFiles/Makefile2:373: CMakeFiles/line_tracking__rosidl_typesupport_introspection_cpp.dir/all] Error 2
gmake: *** [Makefile:146: all] Error 2
